<?xml version="1.0" encoding="UTF-8"?>
<testsuite name="ru.stqa.pft.addressbook.tests.GroupDeletionTests" tests="1" skipped="0" failures="0" errors="0" timestamp="2022-06-30T14:50:36" hostname="ASUS-VIVOBOOKPR" time="0.37">
  <properties/>
  <testcase name="testGroupDeletion" classname="ru.stqa.pft.addressbook.tests.GroupDeletionTests" time="0.37"/>
  <system-out><![CDATA[17:50:36.195 [Test worker] DEBUG o.h.e.t.internal.TransactionImpl - On TransactionImpl creation, JpaCompliance#isJpaTransactionComplianceEnabled == false
17:50:36.195 [Test worker] DEBUG o.h.e.t.internal.TransactionImpl - begin
17:50:36.196 [Test worker] DEBUG org.hibernate.SQL - select groupdata0_.group_id as group_id1_2_, groupdata0_.group_footer as group_fo2_2_, groupdata0_.group_header as group_he3_2_, groupdata0_.group_name as group_na4_2_ from group_list groupdata0_
Hibernate: select groupdata0_.group_id as group_id1_2_, groupdata0_.group_footer as group_fo2_2_, groupdata0_.group_header as group_he3_2_, groupdata0_.group_name as group_na4_2_ from group_list groupdata0_
17:50:36.197 [Test worker] DEBUG org.hibernate.loader.Loader - Result set row: 0
17:50:36.197 [Test worker] DEBUG org.hibernate.loader.Loader - Result row: EntityKey[ru.stqa.pft.addressbook.model.GroupData#119]
17:50:36.197 [Test worker] DEBUG org.hibernate.loader.Loader - Result set row: 1
17:50:36.197 [Test worker] DEBUG org.hibernate.loader.Loader - Result row: EntityKey[ru.stqa.pft.addressbook.model.GroupData#120]
17:50:36.197 [Test worker] DEBUG org.hibernate.loader.Loader - Result set row: 2
17:50:36.197 [Test worker] DEBUG org.hibernate.loader.Loader - Result row: EntityKey[ru.stqa.pft.addressbook.model.GroupData#123]
17:50:36.197 [Test worker] DEBUG org.hibernate.loader.Loader - Result set row: 3
17:50:36.197 [Test worker] DEBUG org.hibernate.loader.Loader - Result row: EntityKey[ru.stqa.pft.addressbook.model.GroupData#124]
17:50:36.197 [Test worker] DEBUG org.hibernate.loader.Loader - Result set row: 4
17:50:36.197 [Test worker] DEBUG org.hibernate.loader.Loader - Result row: EntityKey[ru.stqa.pft.addressbook.model.GroupData#125]
17:50:36.197 [Test worker] DEBUG org.hibernate.loader.Loader - Result set row: 5
17:50:36.197 [Test worker] DEBUG org.hibernate.loader.Loader - Result row: EntityKey[ru.stqa.pft.addressbook.model.GroupData#126]
17:50:36.197 [Test worker] DEBUG org.hibernate.loader.Loader - Result set row: 6
17:50:36.198 [Test worker] DEBUG org.hibernate.loader.Loader - Result row: EntityKey[ru.stqa.pft.addressbook.model.GroupData#127]
17:50:36.198 [Test worker] DEBUG org.hibernate.loader.Loader - Result set row: 7
17:50:36.198 [Test worker] DEBUG org.hibernate.loader.Loader - Result row: EntityKey[ru.stqa.pft.addressbook.model.GroupData#128]
17:50:36.198 [Test worker] DEBUG org.hibernate.loader.Loader - Result set row: 8
17:50:36.198 [Test worker] DEBUG org.hibernate.loader.Loader - Result row: EntityKey[ru.stqa.pft.addressbook.model.GroupData#129]
17:50:36.198 [Test worker] DEBUG o.h.engine.internal.TwoPhaseLoad - Resolving attributes for [ru.stqa.pft.addressbook.model.GroupData#119]
17:50:36.198 [Test worker] DEBUG o.h.engine.internal.TwoPhaseLoad - Processing attribute `contacts` : value = NOT NULL COLLECTION
17:50:36.198 [Test worker] DEBUG o.h.engine.internal.TwoPhaseLoad - Attribute (`contacts`)  - enhanced for lazy-loading? - false
17:50:36.198 [Test worker] DEBUG o.h.engine.internal.TwoPhaseLoad - Processing attribute `footer` : value = new3
17:50:36.198 [Test worker] DEBUG o.h.engine.internal.TwoPhaseLoad - Attribute (`footer`)  - enhanced for lazy-loading? - false
17:50:36.198 [Test worker] DEBUG o.h.engine.internal.TwoPhaseLoad - Processing attribute `header` : value = new2
17:50:36.198 [Test worker] DEBUG o.h.engine.internal.TwoPhaseLoad - Attribute (`header`)  - enhanced for lazy-loading? - false
17:50:36.198 [Test worker] DEBUG o.h.engine.internal.TwoPhaseLoad - Processing attribute `name` : value = HsGyE4c
17:50:36.198 [Test worker] DEBUG o.h.engine.internal.TwoPhaseLoad - Attribute (`name`)  - enhanced for lazy-loading? - false
17:50:36.198 [Test worker] DEBUG o.h.engine.internal.TwoPhaseLoad - Done materializing entity [ru.stqa.pft.addressbook.model.GroupData#119]
17:50:36.198 [Test worker] DEBUG o.h.engine.internal.TwoPhaseLoad - Resolving attributes for [ru.stqa.pft.addressbook.model.GroupData#120]
17:50:36.198 [Test worker] DEBUG o.h.engine.internal.TwoPhaseLoad - Processing attribute `contacts` : value = NOT NULL COLLECTION
17:50:36.198 [Test worker] DEBUG o.h.engine.internal.TwoPhaseLoad - Attribute (`contacts`)  - enhanced for lazy-loading? - false
17:50:36.198 [Test worker] DEBUG o.h.engine.internal.TwoPhaseLoad - Processing attribute `footer` : value = new3
17:50:36.198 [Test worker] DEBUG o.h.engine.internal.TwoPhaseLoad - Attribute (`footer`)  - enhanced for lazy-loading? - false
17:50:36.198 [Test worker] DEBUG o.h.engine.internal.TwoPhaseLoad - Processing attribute `header` : value = new2
17:50:36.198 [Test worker] DEBUG o.h.engine.internal.TwoPhaseLoad - Attribute (`header`)  - enhanced for lazy-loading? - false
17:50:36.198 [Test worker] DEBUG o.h.engine.internal.TwoPhaseLoad - Processing attribute `name` : value = UyvfTeY
17:50:36.198 [Test worker] DEBUG o.h.engine.internal.TwoPhaseLoad - Attribute (`name`)  - enhanced for lazy-loading? - false
17:50:36.198 [Test worker] DEBUG o.h.engine.internal.TwoPhaseLoad - Done materializing entity [ru.stqa.pft.addressbook.model.GroupData#120]
17:50:36.198 [Test worker] DEBUG o.h.engine.internal.TwoPhaseLoad - Resolving attributes for [ru.stqa.pft.addressbook.model.GroupData#123]
17:50:36.198 [Test worker] DEBUG o.h.engine.internal.TwoPhaseLoad - Processing attribute `contacts` : value = NOT NULL COLLECTION
17:50:36.198 [Test worker] DEBUG o.h.engine.internal.TwoPhaseLoad - Attribute (`contacts`)  - enhanced for lazy-loading? - false
17:50:36.198 [Test worker] DEBUG o.h.engine.internal.TwoPhaseLoad - Processing attribute `footer` : value = test3
17:50:36.198 [Test worker] DEBUG o.h.engine.internal.TwoPhaseLoad - Attribute (`footer`)  - enhanced for lazy-loading? - false
17:50:36.198 [Test worker] DEBUG o.h.engine.internal.TwoPhaseLoad - Processing attribute `header` : value = test2
17:50:36.198 [Test worker] DEBUG o.h.engine.internal.TwoPhaseLoad - Attribute (`header`)  - enhanced for lazy-loading? - false
17:50:36.198 [Test worker] DEBUG o.h.engine.internal.TwoPhaseLoad - Processing attribute `name` : value = test1
17:50:36.198 [Test worker] DEBUG o.h.engine.internal.TwoPhaseLoad - Attribute (`name`)  - enhanced for lazy-loading? - false
17:50:36.198 [Test worker] DEBUG o.h.engine.internal.TwoPhaseLoad - Done materializing entity [ru.stqa.pft.addressbook.model.GroupData#123]
17:50:36.198 [Test worker] DEBUG o.h.engine.internal.TwoPhaseLoad - Resolving attributes for [ru.stqa.pft.addressbook.model.GroupData#124]
17:50:36.198 [Test worker] DEBUG o.h.engine.internal.TwoPhaseLoad - Processing attribute `contacts` : value = NOT NULL COLLECTION
17:50:36.198 [Test worker] DEBUG o.h.engine.internal.TwoPhaseLoad - Attribute (`contacts`)  - enhanced for lazy-loading? - false
17:50:36.198 [Test worker] DEBUG o.h.engine.internal.TwoPhaseLoad - Processing attribute `footer` : value = test footer 0
17:50:36.198 [Test worker] DEBUG o.h.engine.internal.TwoPhaseLoad - Attribute (`footer`)  - enhanced for lazy-loading? - false
17:50:36.199 [Test worker] DEBUG o.h.engine.internal.TwoPhaseLoad - Processing attribute `header` : value = test header 0
17:50:36.199 [Test worker] DEBUG o.h.engine.internal.TwoPhaseLoad - Attribute (`header`)  - enhanced for lazy-loading? - false
17:50:36.199 [Test worker] DEBUG o.h.engine.internal.TwoPhaseLoad - Processing attribute `name` : value = test name 0
17:50:36.199 [Test worker] DEBUG o.h.engine.internal.TwoPhaseLoad - Attribute (`name`)  - enhanced for lazy-loading? - false
17:50:36.199 [Test worker] DEBUG o.h.engine.internal.TwoPhaseLoad - Done materializing entity [ru.stqa.pft.addressbook.model.GroupData#124]
17:50:36.199 [Test worker] DEBUG o.h.engine.internal.TwoPhaseLoad - Resolving attributes for [ru.stqa.pft.addressbook.model.GroupData#125]
17:50:36.199 [Test worker] DEBUG o.h.engine.internal.TwoPhaseLoad - Processing attribute `contacts` : value = NOT NULL COLLECTION
17:50:36.199 [Test worker] DEBUG o.h.engine.internal.TwoPhaseLoad - Attribute (`contacts`)  - enhanced for lazy-loading? - false
17:50:36.199 [Test worker] DEBUG o.h.engine.internal.TwoPhaseLoad - Processing attribute `footer` : value = test footer 1
17:50:36.199 [Test worker] DEBUG o.h.engine.internal.TwoPhaseLoad - Attribute (`footer`)  - enhanced for lazy-loading? - false
17:50:36.199 [Test worker] DEBUG o.h.engine.internal.TwoPhaseLoad - Processing attribute `header` : value = test header 1
17:50:36.199 [Test worker] DEBUG o.h.engine.internal.TwoPhaseLoad - Attribute (`header`)  - enhanced for lazy-loading? - false
17:50:36.199 [Test worker] DEBUG o.h.engine.internal.TwoPhaseLoad - Processing attribute `name` : value = test name 1
17:50:36.199 [Test worker] DEBUG o.h.engine.internal.TwoPhaseLoad - Attribute (`name`)  - enhanced for lazy-loading? - false
17:50:36.199 [Test worker] DEBUG o.h.engine.internal.TwoPhaseLoad - Done materializing entity [ru.stqa.pft.addressbook.model.GroupData#125]
17:50:36.199 [Test worker] DEBUG o.h.engine.internal.TwoPhaseLoad - Resolving attributes for [ru.stqa.pft.addressbook.model.GroupData#126]
17:50:36.199 [Test worker] DEBUG o.h.engine.internal.TwoPhaseLoad - Processing attribute `contacts` : value = NOT NULL COLLECTION
17:50:36.199 [Test worker] DEBUG o.h.engine.internal.TwoPhaseLoad - Attribute (`contacts`)  - enhanced for lazy-loading? - false
17:50:36.199 [Test worker] DEBUG o.h.engine.internal.TwoPhaseLoad - Processing attribute `footer` : value = test footer 2
17:50:36.199 [Test worker] DEBUG o.h.engine.internal.TwoPhaseLoad - Attribute (`footer`)  - enhanced for lazy-loading? - false
17:50:36.199 [Test worker] DEBUG o.h.engine.internal.TwoPhaseLoad - Processing attribute `header` : value = test header 2
17:50:36.199 [Test worker] DEBUG o.h.engine.internal.TwoPhaseLoad - Attribute (`header`)  - enhanced for lazy-loading? - false
17:50:36.199 [Test worker] DEBUG o.h.engine.internal.TwoPhaseLoad - Processing attribute `name` : value = test name 2
17:50:36.199 [Test worker] DEBUG o.h.engine.internal.TwoPhaseLoad - Attribute (`name`)  - enhanced for lazy-loading? - false
17:50:36.199 [Test worker] DEBUG o.h.engine.internal.TwoPhaseLoad - Done materializing entity [ru.stqa.pft.addressbook.model.GroupData#126]
17:50:36.199 [Test worker] DEBUG o.h.engine.internal.TwoPhaseLoad - Resolving attributes for [ru.stqa.pft.addressbook.model.GroupData#127]
17:50:36.199 [Test worker] DEBUG o.h.engine.internal.TwoPhaseLoad - Processing attribute `contacts` : value = NOT NULL COLLECTION
17:50:36.199 [Test worker] DEBUG o.h.engine.internal.TwoPhaseLoad - Attribute (`contacts`)  - enhanced for lazy-loading? - false
17:50:36.199 [Test worker] DEBUG o.h.engine.internal.TwoPhaseLoad - Processing attribute `footer` : value = test footer 0
17:50:36.199 [Test worker] DEBUG o.h.engine.internal.TwoPhaseLoad - Attribute (`footer`)  - enhanced for lazy-loading? - false
17:50:36.199 [Test worker] DEBUG o.h.engine.internal.TwoPhaseLoad - Processing attribute `header` : value = test header 0
17:50:36.199 [Test worker] DEBUG o.h.engine.internal.TwoPhaseLoad - Attribute (`header`)  - enhanced for lazy-loading? - false
17:50:36.199 [Test worker] DEBUG o.h.engine.internal.TwoPhaseLoad - Processing attribute `name` : value = test name 0
17:50:36.199 [Test worker] DEBUG o.h.engine.internal.TwoPhaseLoad - Attribute (`name`)  - enhanced for lazy-loading? - false
17:50:36.199 [Test worker] DEBUG o.h.engine.internal.TwoPhaseLoad - Done materializing entity [ru.stqa.pft.addressbook.model.GroupData#127]
17:50:36.199 [Test worker] DEBUG o.h.engine.internal.TwoPhaseLoad - Resolving attributes for [ru.stqa.pft.addressbook.model.GroupData#128]
17:50:36.199 [Test worker] DEBUG o.h.engine.internal.TwoPhaseLoad - Processing attribute `contacts` : value = NOT NULL COLLECTION
17:50:36.199 [Test worker] DEBUG o.h.engine.internal.TwoPhaseLoad - Attribute (`contacts`)  - enhanced for lazy-loading? - false
17:50:36.199 [Test worker] DEBUG o.h.engine.internal.TwoPhaseLoad - Processing attribute `footer` : value = test footer 1
17:50:36.199 [Test worker] DEBUG o.h.engine.internal.TwoPhaseLoad - Attribute (`footer`)  - enhanced for lazy-loading? - false
17:50:36.199 [Test worker] DEBUG o.h.engine.internal.TwoPhaseLoad - Processing attribute `header` : value = test header 1
17:50:36.199 [Test worker] DEBUG o.h.engine.internal.TwoPhaseLoad - Attribute (`header`)  - enhanced for lazy-loading? - false
17:50:36.199 [Test worker] DEBUG o.h.engine.internal.TwoPhaseLoad - Processing attribute `name` : value = test name 1
17:50:36.199 [Test worker] DEBUG o.h.engine.internal.TwoPhaseLoad - Attribute (`name`)  - enhanced for lazy-loading? - false
17:50:36.199 [Test worker] DEBUG o.h.engine.internal.TwoPhaseLoad - Done materializing entity [ru.stqa.pft.addressbook.model.GroupData#128]
17:50:36.199 [Test worker] DEBUG o.h.engine.internal.TwoPhaseLoad - Resolving attributes for [ru.stqa.pft.addressbook.model.GroupData#129]
17:50:36.199 [Test worker] DEBUG o.h.engine.internal.TwoPhaseLoad - Processing attribute `contacts` : value = NOT NULL COLLECTION
17:50:36.199 [Test worker] DEBUG o.h.engine.internal.TwoPhaseLoad - Attribute (`contacts`)  - enhanced for lazy-loading? - false
17:50:36.199 [Test worker] DEBUG o.h.engine.internal.TwoPhaseLoad - Processing attribute `footer` : value = test footer 2
17:50:36.199 [Test worker] DEBUG o.h.engine.internal.TwoPhaseLoad - Attribute (`footer`)  - enhanced for lazy-loading? - false
17:50:36.200 [Test worker] DEBUG o.h.engine.internal.TwoPhaseLoad - Processing attribute `header` : value = test header 2
17:50:36.200 [Test worker] DEBUG o.h.engine.internal.TwoPhaseLoad - Attribute (`header`)  - enhanced for lazy-loading? - false
17:50:36.200 [Test worker] DEBUG o.h.engine.internal.TwoPhaseLoad - Processing attribute `name` : value = test name 2
17:50:36.200 [Test worker] DEBUG o.h.engine.internal.TwoPhaseLoad - Attribute (`name`)  - enhanced for lazy-loading? - false
17:50:36.200 [Test worker] DEBUG o.h.engine.internal.TwoPhaseLoad - Done materializing entity [ru.stqa.pft.addressbook.model.GroupData#129]
17:50:36.200 [Test worker] DEBUG o.h.e.t.internal.TransactionImpl - committing
17:50:36.200 [Test worker] DEBUG o.h.e.i.AbstractFlushingEventListener - Processing flush-time cascades
17:50:36.200 [Test worker] DEBUG o.h.e.i.AbstractFlushingEventListener - Dirty checking collections
17:50:36.200 [Test worker] DEBUG o.h.engine.internal.Collections - Collection found: [ru.stqa.pft.addressbook.model.GroupData.contacts#119], was: [ru.stqa.pft.addressbook.model.GroupData.contacts#119] (uninitialized)
17:50:36.200 [Test worker] DEBUG o.h.engine.internal.Collections - Collection found: [ru.stqa.pft.addressbook.model.GroupData.contacts#120], was: [ru.stqa.pft.addressbook.model.GroupData.contacts#120] (uninitialized)
17:50:36.200 [Test worker] DEBUG o.h.engine.internal.Collections - Collection found: [ru.stqa.pft.addressbook.model.GroupData.contacts#123], was: [ru.stqa.pft.addressbook.model.GroupData.contacts#123] (uninitialized)
17:50:36.200 [Test worker] DEBUG o.h.engine.internal.Collections - Collection found: [ru.stqa.pft.addressbook.model.GroupData.contacts#124], was: [ru.stqa.pft.addressbook.model.GroupData.contacts#124] (uninitialized)
17:50:36.200 [Test worker] DEBUG o.h.engine.internal.Collections - Collection found: [ru.stqa.pft.addressbook.model.GroupData.contacts#125], was: [ru.stqa.pft.addressbook.model.GroupData.contacts#125] (uninitialized)
17:50:36.201 [Test worker] DEBUG o.h.engine.internal.Collections - Collection found: [ru.stqa.pft.addressbook.model.GroupData.contacts#126], was: [ru.stqa.pft.addressbook.model.GroupData.contacts#126] (uninitialized)
17:50:36.201 [Test worker] DEBUG o.h.engine.internal.Collections - Collection found: [ru.stqa.pft.addressbook.model.GroupData.contacts#127], was: [ru.stqa.pft.addressbook.model.GroupData.contacts#127] (uninitialized)
17:50:36.201 [Test worker] DEBUG o.h.engine.internal.Collections - Collection found: [ru.stqa.pft.addressbook.model.GroupData.contacts#128], was: [ru.stqa.pft.addressbook.model.GroupData.contacts#128] (uninitialized)
17:50:36.201 [Test worker] DEBUG o.h.engine.internal.Collections - Collection found: [ru.stqa.pft.addressbook.model.GroupData.contacts#129], was: [ru.stqa.pft.addressbook.model.GroupData.contacts#129] (uninitialized)
17:50:36.201 [Test worker] DEBUG o.h.e.i.AbstractFlushingEventListener - Flushed: 0 insertions, 0 updates, 0 deletions to 9 objects
17:50:36.201 [Test worker] DEBUG o.h.e.i.AbstractFlushingEventListener - Flushed: 0 (re)creations, 0 updates, 0 removals to 9 collections
17:50:36.201 [Test worker] DEBUG o.h.internal.util.EntityPrinter - Listing entities:
17:50:36.201 [Test worker] DEBUG o.h.internal.util.EntityPrinter - ru.stqa.pft.addressbook.model.GroupData{footer=test footer 1, name=test name 1, header=test header 1, id=128, contacts=<uninitialized>}
17:50:36.201 [Test worker] DEBUG o.h.internal.util.EntityPrinter - ru.stqa.pft.addressbook.model.GroupData{footer=test footer 2, name=test name 2, header=test header 2, id=129, contacts=<uninitialized>}
17:50:36.201 [Test worker] DEBUG o.h.internal.util.EntityPrinter - ru.stqa.pft.addressbook.model.GroupData{footer=test footer 2, name=test name 2, header=test header 2, id=126, contacts=<uninitialized>}
17:50:36.201 [Test worker] DEBUG o.h.internal.util.EntityPrinter - ru.stqa.pft.addressbook.model.GroupData{footer=test footer 0, name=test name 0, header=test header 0, id=127, contacts=<uninitialized>}
17:50:36.201 [Test worker] DEBUG o.h.internal.util.EntityPrinter - ru.stqa.pft.addressbook.model.GroupData{footer=test footer 0, name=test name 0, header=test header 0, id=124, contacts=<uninitialized>}
17:50:36.201 [Test worker] DEBUG o.h.internal.util.EntityPrinter - ru.stqa.pft.addressbook.model.GroupData{footer=test footer 1, name=test name 1, header=test header 1, id=125, contacts=<uninitialized>}
17:50:36.201 [Test worker] DEBUG o.h.internal.util.EntityPrinter - ru.stqa.pft.addressbook.model.GroupData{footer=test3, name=test1, header=test2, id=123, contacts=<uninitialized>}
17:50:36.201 [Test worker] DEBUG o.h.internal.util.EntityPrinter - ru.stqa.pft.addressbook.model.GroupData{footer=new3, name=UyvfTeY, header=new2, id=120, contacts=<uninitialized>}
17:50:36.201 [Test worker] DEBUG o.h.internal.util.EntityPrinter - ru.stqa.pft.addressbook.model.GroupData{footer=new3, name=HsGyE4c, header=new2, id=119, contacts=<uninitialized>}
17:50:36.201 [Test worker] DEBUG o.h.r.j.i.LogicalConnectionManagedImpl - Initiating JDBC connection release from afterTransaction
17:50:36.202 [Test worker] DEBUG o.h.r.j.i.LogicalConnectionManagedImpl - Initiating JDBC connection release from afterTransaction
17:50:36.203 [Forwarding findElement on session 20e1da3cc20c301f2af667479c34ad67 to remote] DEBUG o.a.netty.request.NettyRequestSender - Using pooled Channel '[id: 0xbcc140e1, L:/127.0.0.1:54831 - R:localhost/127.0.0.1:57100]' for 'POST' to 'http://localhost:57100/session/20e1da3cc20c301f2af667479c34ad67/element'
17:50:36.203 [Forwarding findElement on session 20e1da3cc20c301f2af667479c34ad67 to remote] DEBUG o.a.netty.request.NettyRequestSender - Using open Channel [id: 0xbcc140e1, L:/127.0.0.1:54831 - R:localhost/127.0.0.1:57100] for POST '/session/20e1da3cc20c301f2af667479c34ad67/element'
17:50:36.214 [AsyncHttpClient-1-2] DEBUG o.a.netty.handler.HttpHandler - 

Request DefaultHttpRequest(decodeResult: success, version: HTTP/1.1)
POST /session/20e1da3cc20c301f2af667479c34ad67/element HTTP/1.1
User-Agent: selenium/4.1.4 (java windows)
Content-Length: 62
Content-Type: application/json; charset=utf-8
host: localhost:57100
accept: */*

Response DefaultHttpResponse(decodeResult: success, version: HTTP/1.1)
HTTP/1.1 200 OK
Content-Type: application/json; charset=utf-8
cache-control: no-cache
content-length: 88

17:50:36.214 [AsyncHttpClient-1-2] DEBUG o.a.netty.channel.ChannelManager - Adding key: http://localhost:57100 for channel [id: 0xbcc140e1, L:/127.0.0.1:54831 - R:localhost/127.0.0.1:57100]
17:50:36.215 [Forwarding clickElement on session 20e1da3cc20c301f2af667479c34ad67 to remote] DEBUG o.a.netty.request.NettyRequestSender - Using pooled Channel '[id: 0xbcc140e1, L:/127.0.0.1:54831 - R:localhost/127.0.0.1:57100]' for 'POST' to 'http://localhost:57100/session/20e1da3cc20c301f2af667479c34ad67/element/3df77d7f-591a-4820-a338-6ecbfa3d3b3c/click'
17:50:36.215 [Forwarding clickElement on session 20e1da3cc20c301f2af667479c34ad67 to remote] DEBUG o.a.netty.request.NettyRequestSender - Using open Channel [id: 0xbcc140e1, L:/127.0.0.1:54831 - R:localhost/127.0.0.1:57100] for POST '/session/20e1da3cc20c301f2af667479c34ad67/element/3df77d7f-591a-4820-a338-6ecbfa3d3b3c/click'
17:50:36.256 [AsyncHttpClient-1-2] DEBUG o.a.netty.handler.HttpHandler - 

Request DefaultHttpRequest(decodeResult: success, version: HTTP/1.1)
POST /session/20e1da3cc20c301f2af667479c34ad67/element/3df77d7f-591a-4820-a338-6ecbfa3d3b3c/click HTTP/1.1
User-Agent: selenium/4.1.4 (java windows)
Content-Length: 50
Content-Type: application/json; charset=utf-8
host: localhost:57100
accept: */*

Response DefaultHttpResponse(decodeResult: success, version: HTTP/1.1)
HTTP/1.1 200 OK
Content-Type: application/json; charset=utf-8
cache-control: no-cache
content-length: 14

17:50:36.256 [AsyncHttpClient-1-2] DEBUG o.a.netty.channel.ChannelManager - Adding key: http://localhost:57100 for channel [id: 0xbcc140e1, L:/127.0.0.1:54831 - R:localhost/127.0.0.1:57100]
17:50:36.257 [Forwarding findElement on session 20e1da3cc20c301f2af667479c34ad67 to remote] DEBUG o.a.netty.request.NettyRequestSender - Using pooled Channel '[id: 0xbcc140e1, L:/127.0.0.1:54831 - R:localhost/127.0.0.1:57100]' for 'POST' to 'http://localhost:57100/session/20e1da3cc20c301f2af667479c34ad67/element'
17:50:36.257 [Forwarding findElement on session 20e1da3cc20c301f2af667479c34ad67 to remote] DEBUG o.a.netty.request.NettyRequestSender - Using open Channel [id: 0xbcc140e1, L:/127.0.0.1:54831 - R:localhost/127.0.0.1:57100] for POST '/session/20e1da3cc20c301f2af667479c34ad67/element'
17:50:36.268 [AsyncHttpClient-1-2] DEBUG o.a.netty.handler.HttpHandler - 

Request DefaultHttpRequest(decodeResult: success, version: HTTP/1.1)
POST /session/20e1da3cc20c301f2af667479c34ad67/element HTTP/1.1
User-Agent: selenium/4.1.4 (java windows)
Content-Length: 91
Content-Type: application/json; charset=utf-8
host: localhost:57100
accept: */*

Response DefaultHttpResponse(decodeResult: success, version: HTTP/1.1)
HTTP/1.1 200 OK
Content-Type: application/json; charset=utf-8
cache-control: no-cache
content-length: 88

17:50:36.268 [AsyncHttpClient-1-2] DEBUG o.a.netty.channel.ChannelManager - Adding key: http://localhost:57100 for channel [id: 0xbcc140e1, L:/127.0.0.1:54831 - R:localhost/127.0.0.1:57100]
17:50:36.269 [Forwarding clickElement on session 20e1da3cc20c301f2af667479c34ad67 to remote] DEBUG o.a.netty.request.NettyRequestSender - Using pooled Channel '[id: 0xbcc140e1, L:/127.0.0.1:54831 - R:localhost/127.0.0.1:57100]' for 'POST' to 'http://localhost:57100/session/20e1da3cc20c301f2af667479c34ad67/element/4855d090-631d-408f-b0ff-20a0e8e8ab6b/click'
17:50:36.269 [Forwarding clickElement on session 20e1da3cc20c301f2af667479c34ad67 to remote] DEBUG o.a.netty.request.NettyRequestSender - Using open Channel [id: 0xbcc140e1, L:/127.0.0.1:54831 - R:localhost/127.0.0.1:57100] for POST '/session/20e1da3cc20c301f2af667479c34ad67/element/4855d090-631d-408f-b0ff-20a0e8e8ab6b/click'
17:50:36.394 [AsyncHttpClient-1-2] DEBUG o.a.netty.handler.HttpHandler - 

Request DefaultHttpRequest(decodeResult: success, version: HTTP/1.1)
POST /session/20e1da3cc20c301f2af667479c34ad67/element/4855d090-631d-408f-b0ff-20a0e8e8ab6b/click HTTP/1.1
User-Agent: selenium/4.1.4 (java windows)
Content-Length: 50
Content-Type: application/json; charset=utf-8
host: localhost:57100
accept: */*

Response DefaultHttpResponse(decodeResult: success, version: HTTP/1.1)
HTTP/1.1 200 OK
Content-Type: application/json; charset=utf-8
cache-control: no-cache
content-length: 14

17:50:36.394 [AsyncHttpClient-1-2] DEBUG o.a.netty.channel.ChannelManager - Adding key: http://localhost:57100 for channel [id: 0xbcc140e1, L:/127.0.0.1:54831 - R:localhost/127.0.0.1:57100]
17:50:36.395 [Forwarding findElement on session 20e1da3cc20c301f2af667479c34ad67 to remote] DEBUG o.a.netty.request.NettyRequestSender - Using pooled Channel '[id: 0xbcc140e1, L:/127.0.0.1:54831 - R:localhost/127.0.0.1:57100]' for 'POST' to 'http://localhost:57100/session/20e1da3cc20c301f2af667479c34ad67/element'
17:50:36.395 [Forwarding findElement on session 20e1da3cc20c301f2af667479c34ad67 to remote] DEBUG o.a.netty.request.NettyRequestSender - Using open Channel [id: 0xbcc140e1, L:/127.0.0.1:54831 - R:localhost/127.0.0.1:57100] for POST '/session/20e1da3cc20c301f2af667479c34ad67/element'
17:50:36.402 [AsyncHttpClient-1-2] DEBUG o.a.netty.handler.HttpHandler - 

Request DefaultHttpRequest(decodeResult: success, version: HTTP/1.1)
POST /session/20e1da3cc20c301f2af667479c34ad67/element HTTP/1.1
User-Agent: selenium/4.1.4 (java windows)
Content-Length: 47
Content-Type: application/json; charset=utf-8
host: localhost:57100
accept: */*

Response DefaultHttpResponse(decodeResult: success, version: HTTP/1.1)
HTTP/1.1 200 OK
Content-Type: application/json; charset=utf-8
cache-control: no-cache
content-length: 88

17:50:36.402 [AsyncHttpClient-1-2] DEBUG o.a.netty.channel.ChannelManager - Adding key: http://localhost:57100 for channel [id: 0xbcc140e1, L:/127.0.0.1:54831 - R:localhost/127.0.0.1:57100]
17:50:36.403 [Forwarding clickElement on session 20e1da3cc20c301f2af667479c34ad67 to remote] DEBUG o.a.netty.request.NettyRequestSender - Using pooled Channel '[id: 0xbcc140e1, L:/127.0.0.1:54831 - R:localhost/127.0.0.1:57100]' for 'POST' to 'http://localhost:57100/session/20e1da3cc20c301f2af667479c34ad67/element/f52f32b6-e55e-4039-8a58-8732712a3061/click'
17:50:36.403 [Forwarding clickElement on session 20e1da3cc20c301f2af667479c34ad67 to remote] DEBUG o.a.netty.request.NettyRequestSender - Using open Channel [id: 0xbcc140e1, L:/127.0.0.1:54831 - R:localhost/127.0.0.1:57100] for POST '/session/20e1da3cc20c301f2af667479c34ad67/element/f52f32b6-e55e-4039-8a58-8732712a3061/click'
17:50:36.539 [AsyncHttpClient-1-2] DEBUG o.a.netty.handler.HttpHandler - 

Request DefaultHttpRequest(decodeResult: success, version: HTTP/1.1)
POST /session/20e1da3cc20c301f2af667479c34ad67/element/f52f32b6-e55e-4039-8a58-8732712a3061/click HTTP/1.1
User-Agent: selenium/4.1.4 (java windows)
Content-Length: 50
Content-Type: application/json; charset=utf-8
host: localhost:57100
accept: */*

Response DefaultHttpResponse(decodeResult: success, version: HTTP/1.1)
HTTP/1.1 200 OK
Content-Type: application/json; charset=utf-8
cache-control: no-cache
content-length: 14

17:50:36.539 [AsyncHttpClient-1-2] DEBUG o.a.netty.channel.ChannelManager - Adding key: http://localhost:57100 for channel [id: 0xbcc140e1, L:/127.0.0.1:54831 - R:localhost/127.0.0.1:57100]
17:50:36.543 [Forwarding findElements on session 20e1da3cc20c301f2af667479c34ad67 to remote] DEBUG o.a.netty.request.NettyRequestSender - Using pooled Channel '[id: 0xbcc140e1, L:/127.0.0.1:54831 - R:localhost/127.0.0.1:57100]' for 'POST' to 'http://localhost:57100/session/20e1da3cc20c301f2af667479c34ad67/elements'
17:50:36.543 [Forwarding findElements on session 20e1da3cc20c301f2af667479c34ad67 to remote] DEBUG o.a.netty.request.NettyRequestSender - Using open Channel [id: 0xbcc140e1, L:/127.0.0.1:54831 - R:localhost/127.0.0.1:57100] for POST '/session/20e1da3cc20c301f2af667479c34ad67/elements'
17:50:36.552 [AsyncHttpClient-1-2] DEBUG o.a.netty.handler.HttpHandler - 

Request DefaultHttpRequest(decodeResult: success, version: HTTP/1.1)
POST /session/20e1da3cc20c301f2af667479c34ad67/elements HTTP/1.1
User-Agent: selenium/4.1.4 (java windows)
Content-Length: 64
Content-Type: application/json; charset=utf-8
host: localhost:57100
accept: */*

Response DefaultHttpResponse(decodeResult: success, version: HTTP/1.1)
HTTP/1.1 200 OK
Content-Type: application/json; charset=utf-8
cache-control: no-cache
content-length: 643

17:50:36.553 [AsyncHttpClient-1-2] DEBUG o.a.netty.channel.ChannelManager - Adding key: http://localhost:57100 for channel [id: 0xbcc140e1, L:/127.0.0.1:54831 - R:localhost/127.0.0.1:57100]
17:50:36.553 [Test worker] DEBUG o.h.e.t.internal.TransactionImpl - On TransactionImpl creation, JpaCompliance#isJpaTransactionComplianceEnabled == false
17:50:36.553 [Test worker] DEBUG o.h.e.t.internal.TransactionImpl - begin
17:50:36.554 [Test worker] DEBUG org.hibernate.SQL - select groupdata0_.group_id as group_id1_2_, groupdata0_.group_footer as group_fo2_2_, groupdata0_.group_header as group_he3_2_, groupdata0_.group_name as group_na4_2_ from group_list groupdata0_
Hibernate: select groupdata0_.group_id as group_id1_2_, groupdata0_.group_footer as group_fo2_2_, groupdata0_.group_header as group_he3_2_, groupdata0_.group_name as group_na4_2_ from group_list groupdata0_
17:50:36.555 [Test worker] DEBUG org.hibernate.loader.Loader - Result set row: 0
17:50:36.555 [Test worker] DEBUG org.hibernate.loader.Loader - Result row: EntityKey[ru.stqa.pft.addressbook.model.GroupData#119]
17:50:36.555 [Test worker] DEBUG org.hibernate.loader.Loader - Result set row: 1
17:50:36.555 [Test worker] DEBUG org.hibernate.loader.Loader - Result row: EntityKey[ru.stqa.pft.addressbook.model.GroupData#120]
17:50:36.556 [Test worker] DEBUG org.hibernate.loader.Loader - Result set row: 2
17:50:36.556 [Test worker] DEBUG org.hibernate.loader.Loader - Result row: EntityKey[ru.stqa.pft.addressbook.model.GroupData#124]
17:50:36.556 [Test worker] DEBUG org.hibernate.loader.Loader - Result set row: 3
17:50:36.556 [Test worker] DEBUG org.hibernate.loader.Loader - Result row: EntityKey[ru.stqa.pft.addressbook.model.GroupData#125]
17:50:36.556 [Test worker] DEBUG org.hibernate.loader.Loader - Result set row: 4
17:50:36.556 [Test worker] DEBUG org.hibernate.loader.Loader - Result row: EntityKey[ru.stqa.pft.addressbook.model.GroupData#126]
17:50:36.556 [Test worker] DEBUG org.hibernate.loader.Loader - Result set row: 5
17:50:36.556 [Test worker] DEBUG org.hibernate.loader.Loader - Result row: EntityKey[ru.stqa.pft.addressbook.model.GroupData#127]
17:50:36.556 [Test worker] DEBUG org.hibernate.loader.Loader - Result set row: 6
17:50:36.556 [Test worker] DEBUG org.hibernate.loader.Loader - Result row: EntityKey[ru.stqa.pft.addressbook.model.GroupData#128]
17:50:36.556 [Test worker] DEBUG org.hibernate.loader.Loader - Result set row: 7
17:50:36.557 [Test worker] DEBUG org.hibernate.loader.Loader - Result row: EntityKey[ru.stqa.pft.addressbook.model.GroupData#129]
17:50:36.558 [Test worker] DEBUG o.h.engine.internal.TwoPhaseLoad - Resolving attributes for [ru.stqa.pft.addressbook.model.GroupData#119]
17:50:36.558 [Test worker] DEBUG o.h.engine.internal.TwoPhaseLoad - Processing attribute `contacts` : value = NOT NULL COLLECTION
17:50:36.558 [Test worker] DEBUG o.h.engine.internal.TwoPhaseLoad - Attribute (`contacts`)  - enhanced for lazy-loading? - false
17:50:36.558 [Test worker] DEBUG o.h.engine.internal.TwoPhaseLoad - Processing attribute `footer` : value = new3
17:50:36.558 [Test worker] DEBUG o.h.engine.internal.TwoPhaseLoad - Attribute (`footer`)  - enhanced for lazy-loading? - false
17:50:36.558 [Test worker] DEBUG o.h.engine.internal.TwoPhaseLoad - Processing attribute `header` : value = new2
17:50:36.558 [Test worker] DEBUG o.h.engine.internal.TwoPhaseLoad - Attribute (`header`)  - enhanced for lazy-loading? - false
17:50:36.558 [Test worker] DEBUG o.h.engine.internal.TwoPhaseLoad - Processing attribute `name` : value = HsGyE4c
17:50:36.558 [Test worker] DEBUG o.h.engine.internal.TwoPhaseLoad - Attribute (`name`)  - enhanced for lazy-loading? - false
17:50:36.558 [Test worker] DEBUG o.h.engine.internal.TwoPhaseLoad - Done materializing entity [ru.stqa.pft.addressbook.model.GroupData#119]
17:50:36.558 [Test worker] DEBUG o.h.engine.internal.TwoPhaseLoad - Resolving attributes for [ru.stqa.pft.addressbook.model.GroupData#120]
17:50:36.558 [Test worker] DEBUG o.h.engine.internal.TwoPhaseLoad - Processing attribute `contacts` : value = NOT NULL COLLECTION
17:50:36.558 [Test worker] DEBUG o.h.engine.internal.TwoPhaseLoad - Attribute (`contacts`)  - enhanced for lazy-loading? - false
17:50:36.558 [Test worker] DEBUG o.h.engine.internal.TwoPhaseLoad - Processing attribute `footer` : value = new3
17:50:36.558 [Test worker] DEBUG o.h.engine.internal.TwoPhaseLoad - Attribute (`footer`)  - enhanced for lazy-loading? - false
17:50:36.558 [Test worker] DEBUG o.h.engine.internal.TwoPhaseLoad - Processing attribute `header` : value = new2
17:50:36.558 [Test worker] DEBUG o.h.engine.internal.TwoPhaseLoad - Attribute (`header`)  - enhanced for lazy-loading? - false
17:50:36.558 [Test worker] DEBUG o.h.engine.internal.TwoPhaseLoad - Processing attribute `name` : value = UyvfTeY
17:50:36.558 [Test worker] DEBUG o.h.engine.internal.TwoPhaseLoad - Attribute (`name`)  - enhanced for lazy-loading? - false
17:50:36.558 [Test worker] DEBUG o.h.engine.internal.TwoPhaseLoad - Done materializing entity [ru.stqa.pft.addressbook.model.GroupData#120]
17:50:36.558 [Test worker] DEBUG o.h.engine.internal.TwoPhaseLoad - Resolving attributes for [ru.stqa.pft.addressbook.model.GroupData#124]
17:50:36.558 [Test worker] DEBUG o.h.engine.internal.TwoPhaseLoad - Processing attribute `contacts` : value = NOT NULL COLLECTION
17:50:36.558 [Test worker] DEBUG o.h.engine.internal.TwoPhaseLoad - Attribute (`contacts`)  - enhanced for lazy-loading? - false
17:50:36.558 [Test worker] DEBUG o.h.engine.internal.TwoPhaseLoad - Processing attribute `footer` : value = test footer 0
17:50:36.558 [Test worker] DEBUG o.h.engine.internal.TwoPhaseLoad - Attribute (`footer`)  - enhanced for lazy-loading? - false
17:50:36.558 [Test worker] DEBUG o.h.engine.internal.TwoPhaseLoad - Processing attribute `header` : value = test header 0
17:50:36.558 [Test worker] DEBUG o.h.engine.internal.TwoPhaseLoad - Attribute (`header`)  - enhanced for lazy-loading? - false
17:50:36.558 [Test worker] DEBUG o.h.engine.internal.TwoPhaseLoad - Processing attribute `name` : value = test name 0
17:50:36.558 [Test worker] DEBUG o.h.engine.internal.TwoPhaseLoad - Attribute (`name`)  - enhanced for lazy-loading? - false
17:50:36.558 [Test worker] DEBUG o.h.engine.internal.TwoPhaseLoad - Done materializing entity [ru.stqa.pft.addressbook.model.GroupData#124]
17:50:36.558 [Test worker] DEBUG o.h.engine.internal.TwoPhaseLoad - Resolving attributes for [ru.stqa.pft.addressbook.model.GroupData#125]
17:50:36.558 [Test worker] DEBUG o.h.engine.internal.TwoPhaseLoad - Processing attribute `contacts` : value = NOT NULL COLLECTION
17:50:36.558 [Test worker] DEBUG o.h.engine.internal.TwoPhaseLoad - Attribute (`contacts`)  - enhanced for lazy-loading? - false
17:50:36.558 [Test worker] DEBUG o.h.engine.internal.TwoPhaseLoad - Processing attribute `footer` : value = test footer 1
17:50:36.558 [Test worker] DEBUG o.h.engine.internal.TwoPhaseLoad - Attribute (`footer`)  - enhanced for lazy-loading? - false
17:50:36.558 [Test worker] DEBUG o.h.engine.internal.TwoPhaseLoad - Processing attribute `header` : value = test header 1
17:50:36.558 [Test worker] DEBUG o.h.engine.internal.TwoPhaseLoad - Attribute (`header`)  - enhanced for lazy-loading? - false
17:50:36.558 [Test worker] DEBUG o.h.engine.internal.TwoPhaseLoad - Processing attribute `name` : value = test name 1
17:50:36.559 [Test worker] DEBUG o.h.engine.internal.TwoPhaseLoad - Attribute (`name`)  - enhanced for lazy-loading? - false
17:50:36.559 [Test worker] DEBUG o.h.engine.internal.TwoPhaseLoad - Done materializing entity [ru.stqa.pft.addressbook.model.GroupData#125]
17:50:36.559 [Test worker] DEBUG o.h.engine.internal.TwoPhaseLoad - Resolving attributes for [ru.stqa.pft.addressbook.model.GroupData#126]
17:50:36.559 [Test worker] DEBUG o.h.engine.internal.TwoPhaseLoad - Processing attribute `contacts` : value = NOT NULL COLLECTION
17:50:36.559 [Test worker] DEBUG o.h.engine.internal.TwoPhaseLoad - Attribute (`contacts`)  - enhanced for lazy-loading? - false
17:50:36.559 [Test worker] DEBUG o.h.engine.internal.TwoPhaseLoad - Processing attribute `footer` : value = test footer 2
17:50:36.559 [Test worker] DEBUG o.h.engine.internal.TwoPhaseLoad - Attribute (`footer`)  - enhanced for lazy-loading? - false
17:50:36.559 [Test worker] DEBUG o.h.engine.internal.TwoPhaseLoad - Processing attribute `header` : value = test header 2
17:50:36.559 [Test worker] DEBUG o.h.engine.internal.TwoPhaseLoad - Attribute (`header`)  - enhanced for lazy-loading? - false
17:50:36.559 [Test worker] DEBUG o.h.engine.internal.TwoPhaseLoad - Processing attribute `name` : value = test name 2
17:50:36.559 [Test worker] DEBUG o.h.engine.internal.TwoPhaseLoad - Attribute (`name`)  - enhanced for lazy-loading? - false
17:50:36.559 [Test worker] DEBUG o.h.engine.internal.TwoPhaseLoad - Done materializing entity [ru.stqa.pft.addressbook.model.GroupData#126]
17:50:36.559 [Test worker] DEBUG o.h.engine.internal.TwoPhaseLoad - Resolving attributes for [ru.stqa.pft.addressbook.model.GroupData#127]
17:50:36.559 [Test worker] DEBUG o.h.engine.internal.TwoPhaseLoad - Processing attribute `contacts` : value = NOT NULL COLLECTION
17:50:36.559 [Test worker] DEBUG o.h.engine.internal.TwoPhaseLoad - Attribute (`contacts`)  - enhanced for lazy-loading? - false
17:50:36.559 [Test worker] DEBUG o.h.engine.internal.TwoPhaseLoad - Processing attribute `footer` : value = test footer 0
17:50:36.559 [Test worker] DEBUG o.h.engine.internal.TwoPhaseLoad - Attribute (`footer`)  - enhanced for lazy-loading? - false
17:50:36.559 [Test worker] DEBUG o.h.engine.internal.TwoPhaseLoad - Processing attribute `header` : value = test header 0
17:50:36.559 [Test worker] DEBUG o.h.engine.internal.TwoPhaseLoad - Attribute (`header`)  - enhanced for lazy-loading? - false
17:50:36.559 [Test worker] DEBUG o.h.engine.internal.TwoPhaseLoad - Processing attribute `name` : value = test name 0
17:50:36.559 [Test worker] DEBUG o.h.engine.internal.TwoPhaseLoad - Attribute (`name`)  - enhanced for lazy-loading? - false
17:50:36.559 [Test worker] DEBUG o.h.engine.internal.TwoPhaseLoad - Done materializing entity [ru.stqa.pft.addressbook.model.GroupData#127]
17:50:36.559 [Test worker] DEBUG o.h.engine.internal.TwoPhaseLoad - Resolving attributes for [ru.stqa.pft.addressbook.model.GroupData#128]
17:50:36.559 [Test worker] DEBUG o.h.engine.internal.TwoPhaseLoad - Processing attribute `contacts` : value = NOT NULL COLLECTION
17:50:36.559 [Test worker] DEBUG o.h.engine.internal.TwoPhaseLoad - Attribute (`contacts`)  - enhanced for lazy-loading? - false
17:50:36.559 [Test worker] DEBUG o.h.engine.internal.TwoPhaseLoad - Processing attribute `footer` : value = test footer 1
17:50:36.559 [Test worker] DEBUG o.h.engine.internal.TwoPhaseLoad - Attribute (`footer`)  - enhanced for lazy-loading? - false
17:50:36.559 [Test worker] DEBUG o.h.engine.internal.TwoPhaseLoad - Processing attribute `header` : value = test header 1
17:50:36.559 [Test worker] DEBUG o.h.engine.internal.TwoPhaseLoad - Attribute (`header`)  - enhanced for lazy-loading? - false
17:50:36.559 [Test worker] DEBUG o.h.engine.internal.TwoPhaseLoad - Processing attribute `name` : value = test name 1
17:50:36.559 [Test worker] DEBUG o.h.engine.internal.TwoPhaseLoad - Attribute (`name`)  - enhanced for lazy-loading? - false
17:50:36.559 [Test worker] DEBUG o.h.engine.internal.TwoPhaseLoad - Done materializing entity [ru.stqa.pft.addressbook.model.GroupData#128]
17:50:36.559 [Test worker] DEBUG o.h.engine.internal.TwoPhaseLoad - Resolving attributes for [ru.stqa.pft.addressbook.model.GroupData#129]
17:50:36.559 [Test worker] DEBUG o.h.engine.internal.TwoPhaseLoad - Processing attribute `contacts` : value = NOT NULL COLLECTION
17:50:36.559 [Test worker] DEBUG o.h.engine.internal.TwoPhaseLoad - Attribute (`contacts`)  - enhanced for lazy-loading? - false
17:50:36.559 [Test worker] DEBUG o.h.engine.internal.TwoPhaseLoad - Processing attribute `footer` : value = test footer 2
17:50:36.559 [Test worker] DEBUG o.h.engine.internal.TwoPhaseLoad - Attribute (`footer`)  - enhanced for lazy-loading? - false
17:50:36.559 [Test worker] DEBUG o.h.engine.internal.TwoPhaseLoad - Processing attribute `header` : value = test header 2
17:50:36.559 [Test worker] DEBUG o.h.engine.internal.TwoPhaseLoad - Attribute (`header`)  - enhanced for lazy-loading? - false
17:50:36.559 [Test worker] DEBUG o.h.engine.internal.TwoPhaseLoad - Processing attribute `name` : value = test name 2
17:50:36.559 [Test worker] DEBUG o.h.engine.internal.TwoPhaseLoad - Attribute (`name`)  - enhanced for lazy-loading? - false
17:50:36.559 [Test worker] DEBUG o.h.engine.internal.TwoPhaseLoad - Done materializing entity [ru.stqa.pft.addressbook.model.GroupData#129]
17:50:36.560 [Test worker] DEBUG o.h.e.t.internal.TransactionImpl - committing
17:50:36.560 [Test worker] DEBUG o.h.e.i.AbstractFlushingEventListener - Processing flush-time cascades
17:50:36.560 [Test worker] DEBUG o.h.e.i.AbstractFlushingEventListener - Dirty checking collections
17:50:36.560 [Test worker] DEBUG o.h.engine.internal.Collections - Collection found: [ru.stqa.pft.addressbook.model.GroupData.contacts#119], was: [ru.stqa.pft.addressbook.model.GroupData.contacts#119] (uninitialized)
17:50:36.561 [Test worker] DEBUG o.h.engine.internal.Collections - Collection found: [ru.stqa.pft.addressbook.model.GroupData.contacts#120], was: [ru.stqa.pft.addressbook.model.GroupData.contacts#120] (uninitialized)
17:50:36.561 [Test worker] DEBUG o.h.engine.internal.Collections - Collection found: [ru.stqa.pft.addressbook.model.GroupData.contacts#124], was: [ru.stqa.pft.addressbook.model.GroupData.contacts#124] (uninitialized)
17:50:36.561 [Test worker] DEBUG o.h.engine.internal.Collections - Collection found: [ru.stqa.pft.addressbook.model.GroupData.contacts#125], was: [ru.stqa.pft.addressbook.model.GroupData.contacts#125] (uninitialized)
17:50:36.561 [Test worker] DEBUG o.h.engine.internal.Collections - Collection found: [ru.stqa.pft.addressbook.model.GroupData.contacts#126], was: [ru.stqa.pft.addressbook.model.GroupData.contacts#126] (uninitialized)
17:50:36.562 [Test worker] DEBUG o.h.engine.internal.Collections - Collection found: [ru.stqa.pft.addressbook.model.GroupData.contacts#127], was: [ru.stqa.pft.addressbook.model.GroupData.contacts#127] (uninitialized)
17:50:36.562 [Test worker] DEBUG o.h.engine.internal.Collections - Collection found: [ru.stqa.pft.addressbook.model.GroupData.contacts#128], was: [ru.stqa.pft.addressbook.model.GroupData.contacts#128] (uninitialized)
17:50:36.563 [Test worker] DEBUG o.h.engine.internal.Collections - Collection found: [ru.stqa.pft.addressbook.model.GroupData.contacts#129], was: [ru.stqa.pft.addressbook.model.GroupData.contacts#129] (uninitialized)
17:50:36.563 [Test worker] DEBUG o.h.e.i.AbstractFlushingEventListener - Flushed: 0 insertions, 0 updates, 0 deletions to 8 objects
17:50:36.563 [Test worker] DEBUG o.h.e.i.AbstractFlushingEventListener - Flushed: 0 (re)creations, 0 updates, 0 removals to 8 collections
17:50:36.563 [Test worker] DEBUG o.h.internal.util.EntityPrinter - Listing entities:
17:50:36.563 [Test worker] DEBUG o.h.internal.util.EntityPrinter - ru.stqa.pft.addressbook.model.GroupData{footer=test footer 1, name=test name 1, header=test header 1, id=128, contacts=<uninitialized>}
17:50:36.563 [Test worker] DEBUG o.h.internal.util.EntityPrinter - ru.stqa.pft.addressbook.model.GroupData{footer=test footer 2, name=test name 2, header=test header 2, id=129, contacts=<uninitialized>}
17:50:36.563 [Test worker] DEBUG o.h.internal.util.EntityPrinter - ru.stqa.pft.addressbook.model.GroupData{footer=test footer 2, name=test name 2, header=test header 2, id=126, contacts=<uninitialized>}
17:50:36.563 [Test worker] DEBUG o.h.internal.util.EntityPrinter - ru.stqa.pft.addressbook.model.GroupData{footer=test footer 0, name=test name 0, header=test header 0, id=127, contacts=<uninitialized>}
17:50:36.563 [Test worker] DEBUG o.h.internal.util.EntityPrinter - ru.stqa.pft.addressbook.model.GroupData{footer=test footer 0, name=test name 0, header=test header 0, id=124, contacts=<uninitialized>}
17:50:36.563 [Test worker] DEBUG o.h.internal.util.EntityPrinter - ru.stqa.pft.addressbook.model.GroupData{footer=test footer 1, name=test name 1, header=test header 1, id=125, contacts=<uninitialized>}
17:50:36.563 [Test worker] DEBUG o.h.internal.util.EntityPrinter - ru.stqa.pft.addressbook.model.GroupData{footer=new3, name=UyvfTeY, header=new2, id=120, contacts=<uninitialized>}
17:50:36.563 [Test worker] DEBUG o.h.internal.util.EntityPrinter - ru.stqa.pft.addressbook.model.GroupData{footer=new3, name=HsGyE4c, header=new2, id=119, contacts=<uninitialized>}
17:50:36.564 [Test worker] DEBUG o.h.r.j.i.LogicalConnectionManagedImpl - Initiating JDBC connection release from afterTransaction
17:50:36.564 [Test worker] DEBUG o.h.r.j.i.LogicalConnectionManagedImpl - Initiating JDBC connection release from afterTransaction
]]></system-out>
  <system-err><![CDATA[]]></system-err>
</testsuite>
