<?xml version="1.0" encoding="UTF-8"?>
<testsuite name="ru.stqa.pft.addressbook.tests.ContactInfoTests" tests="1" skipped="0" failures="0" errors="0" timestamp="2022-06-27T17:07:59" hostname="ASUS-VIVOBOOKPR" time="0.807">
  <properties/>
  <testcase name="testContactInfo" classname="ru.stqa.pft.addressbook.tests.ContactInfoTests" time="0.807"/>
  <system-out><![CDATA[20:07:59.621 [Forwarding findElement on session 335235c0d12ef8d11a67a6a8efe4f74a to remote] DEBUG o.a.netty.request.NettyRequestSender - Using pooled Channel '[id: 0x4ab95111, L:/127.0.0.1:53689 - R:localhost/127.0.0.1:49214]' for 'POST' to 'http://localhost:49214/session/335235c0d12ef8d11a67a6a8efe4f74a/element'
20:07:59.621 [Forwarding findElement on session 335235c0d12ef8d11a67a6a8efe4f74a to remote] DEBUG o.a.netty.request.NettyRequestSender - Using open Channel [id: 0x4ab95111, L:/127.0.0.1:53689 - R:localhost/127.0.0.1:49214] for POST '/session/335235c0d12ef8d11a67a6a8efe4f74a/element'
20:07:59.627 [AsyncHttpClient-1-2] DEBUG o.a.netty.handler.HttpHandler - 

Request DefaultHttpRequest(decodeResult: success, version: HTTP/1.1)
POST /session/335235c0d12ef8d11a67a6a8efe4f74a/element HTTP/1.1
User-Agent: selenium/4.1.4 (java windows)
Content-Length: 54
Content-Type: application/json; charset=utf-8
host: localhost:49214
accept: */*

Response DefaultHttpResponse(decodeResult: success, version: HTTP/1.1)
HTTP/1.1 200 OK
Content-Type: application/json; charset=utf-8
cache-control: no-cache
content-length: 88

20:07:59.628 [AsyncHttpClient-1-2] DEBUG o.a.netty.channel.ChannelManager - Adding key: http://localhost:49214 for channel [id: 0x4ab95111, L:/127.0.0.1:53689 - R:localhost/127.0.0.1:49214]
20:07:59.628 [Test worker] DEBUG o.h.e.t.internal.TransactionImpl - On TransactionImpl creation, JpaCompliance#isJpaTransactionComplianceEnabled == false
20:07:59.628 [Test worker] DEBUG o.h.e.t.internal.TransactionImpl - begin
20:07:59.629 [Test worker] DEBUG org.hibernate.SQL - select contactdat0_.id as id1_1_, contactdat0_.address as address2_1_, contactdat0_.address2 as address3_1_, contactdat0_.email as email4_1_, contactdat0_.email2 as email5_1_, contactdat0_.email3 as email6_1_, contactdat0_.firstname as firstnam7_1_, contactdat0_.home as home8_1_, contactdat0_.lastname as lastname9_1_, contactdat0_.mobile as mobile10_1_, contactdat0_.photo as photo11_1_, contactdat0_.work as work12_1_ from addressbook contactdat0_ where deprecated='0000-00-00'
Hibernate: select contactdat0_.id as id1_1_, contactdat0_.address as address2_1_, contactdat0_.address2 as address3_1_, contactdat0_.email as email4_1_, contactdat0_.email2 as email5_1_, contactdat0_.email3 as email6_1_, contactdat0_.firstname as firstnam7_1_, contactdat0_.home as home8_1_, contactdat0_.lastname as lastname9_1_, contactdat0_.mobile as mobile10_1_, contactdat0_.photo as photo11_1_, contactdat0_.work as work12_1_ from addressbook contactdat0_ where deprecated='0000-00-00'
20:07:59.629 [Test worker] DEBUG org.hibernate.loader.Loader - Result set row: 0
20:07:59.630 [Test worker] DEBUG org.hibernate.loader.Loader - Result row: EntityKey[ru.stqa.pft.addressbook.model.ContactData#55]
20:07:59.630 [Test worker] DEBUG o.h.engine.internal.TwoPhaseLoad - Resolving attributes for [ru.stqa.pft.addressbook.model.ContactData#55]
20:07:59.630 [Test worker] DEBUG o.h.engine.internal.TwoPhaseLoad - Processing attribute `address` : value = Matrosova 0
20:07:59.630 [Test worker] DEBUG o.h.engine.internal.TwoPhaseLoad - Attribute (`address`)  - enhanced for lazy-loading? - false
20:07:59.630 [Test worker] DEBUG o.h.engine.internal.TwoPhaseLoad - Processing attribute `address2` : value = 
20:07:59.630 [Test worker] DEBUG o.h.engine.internal.TwoPhaseLoad - Attribute (`address2`)  - enhanced for lazy-loading? - false
20:07:59.630 [Test worker] DEBUG o.h.engine.internal.TwoPhaseLoad - Processing attribute `email` : value = 0@ya.ru
20:07:59.630 [Test worker] DEBUG o.h.engine.internal.TwoPhaseLoad - Attribute (`email`)  - enhanced for lazy-loading? - false
20:07:59.630 [Test worker] DEBUG o.h.engine.internal.TwoPhaseLoad - Processing attribute `email2` : value = 
20:07:59.630 [Test worker] DEBUG o.h.engine.internal.TwoPhaseLoad - Attribute (`email2`)  - enhanced for lazy-loading? - false
20:07:59.630 [Test worker] DEBUG o.h.engine.internal.TwoPhaseLoad - Processing attribute `email3` : value = 
20:07:59.630 [Test worker] DEBUG o.h.engine.internal.TwoPhaseLoad - Attribute (`email3`)  - enhanced for lazy-loading? - false
20:07:59.630 [Test worker] DEBUG o.h.engine.internal.TwoPhaseLoad - Processing attribute `firstName` : value = Firstname 0
20:07:59.630 [Test worker] DEBUG o.h.engine.internal.TwoPhaseLoad - Attribute (`firstName`)  - enhanced for lazy-loading? - false
20:07:59.630 [Test worker] DEBUG o.h.engine.internal.TwoPhaseLoad - Processing attribute `groups` : value = NOT NULL COLLECTION
20:07:59.630 [Test worker] DEBUG o.h.engine.internal.TwoPhaseLoad - Attribute (`groups`)  - enhanced for lazy-loading? - false
20:07:59.630 [Test worker] DEBUG o.h.engine.internal.TwoPhaseLoad - Processing attribute `homePhone` : value = +7525685280
20:07:59.630 [Test worker] DEBUG o.h.engine.internal.TwoPhaseLoad - Attribute (`homePhone`)  - enhanced for lazy-loading? - false
20:07:59.630 [Test worker] DEBUG o.h.engine.internal.TwoPhaseLoad - Processing attribute `lastName` : value = Lastname 0
20:07:59.630 [Test worker] DEBUG o.h.engine.internal.TwoPhaseLoad - Attribute (`lastName`)  - enhanced for lazy-loading? - false
20:07:59.630 [Test worker] DEBUG o.h.engine.internal.TwoPhaseLoad - Processing attribute `mobilePhone` : value = 
20:07:59.631 [Test worker] DEBUG o.h.engine.internal.TwoPhaseLoad - Attribute (`mobilePhone`)  - enhanced for lazy-loading? - false
20:07:59.631 [Test worker] DEBUG o.h.engine.internal.TwoPhaseLoad - Processing attribute `photo` : value = PHOTO;ENCODING=BASE64;TYPE=JPEG:/9j/4AAQSkZJRgABAQEAYABgAAD//gA7Q1JFQVRPUjogZ2QtanBlZyB2MS4wICh1c2luZyBJSkcgSlBFRyB2OTApLCBxdWFsaXR5ID0gNzUK/9sAQwAIBgYHBgUIBwcHCQkICgwUDQwLCwwZEhMPFB0aHx4dGhwcICQuJyAiLCMcHCg3KSwwMTQ0NB8nOT04MjwuMzQy/9sAQwEJCQkMCwwYDQ0YMiEcITIyMjIyMjIyMjIyMjIyMjIyMjIyMjIyMjIyMjIyMjIyMjIyMjIyMjIyMjIyMjIyMjIy/8AAEQgAlgCWAwEiAAIRAQMRAf/EAB8AAAEFAQEBAQEBAAAAAAAAAAABAgMEBQYHCAkKC//EALUQAAIBAwMCBAMFBQQEAAABfQECAwAEEQUSITFBBhNRYQcicRQygZGhCCNCscEVUtHwJDNicoIJChYXGBkaJSYnKCkqNDU2Nzg5OkNERUZHSElKU1RVVldYWVpjZGVmZ2hpanN0dXZ3eHl6g4SFhoeIiYqSk5SVlpeYmZqio6Slpqeoqaqys7S1tre4ubrCw8TFxsfIycrS09TV1tfY2drh4uPk5ebn6Onq8fLz9PX29/j5+v/EAB8BAAMBAQEBAQEBAQEAAAAAAAABAgMEBQYHCAkKC//EALURAAIBAgQEAwQHBQQEAAECdwABAgMRBAUhMQYSQVEHYXETIjKBCBRCkaGxwQkjM1LwFWJy0QoWJDThJfEXGBkaJicoKSo1Njc4OTpDREVGR0hJSlNUVVZXWFlaY2RlZmdoaWpzdHV2d3h5eoKDhIWGh4iJipKTlJWWl5iZmqKjpKWmp6ipqrKztLW2t7i5usLDxMXGx8jJytLT1NXW19jZ2uLj5OXm5+jp6vLz9PX29/j5+v/aAAwDAQACEQMRAD8A9/ooooAKKKKACiiigAoopGZUUszBVUZJJwAKAForD1DxfoGnMY5tZ01ZgQGie8jVlyM8gnPp+dcVqPxms7M4g0+C6+UH5L4dc9OFNRKpGO7LUJPZHqNFeSWnxxhuJgkuixwqWA3NfDAB7/cFdxo/jbQtWtkf+1dOinIJaD7YjMoBxzyD6du9EakZbMJU5R3R0VFFFWQFFFFABRRRQAUUUUALRRRQAUUUUAFFFZHiHxHpnhewjvdVuRbwPKIlcxs+WIJAwoJ6KaTdtWNK+iNevJPiX8Rp9NZdO0qW4t5mM8ErNDGyswwo654yTXFal8XvEeonD2WmBCoBKxyDoc93rh5p/tN9c3T4Es8jSOF6BiSTj25rlqV01aJ006FneQ68uLjU7l7rUJBNcSY3uAFzgYHAAHQCoxGo6Clorkep0iFFPUU+2lnsJmns3EUrLtLEZyPTnPoKbRQtAPefhp8R5deK6Zq0lxcajNO/lSiKNEVBGGwduOeG7dxXqFfHdnfS6VqEWo26o00IIVZASpyCOcY9fWvqfwhqsWq+GNMlV1M32KBplVSArFBkDPvn1ruoVOZWZx1qfK7o3aKKK6DAKKKKACiiigAooooAKKKKAErwT4z6ncT6ncaYzy/Z4biJ1BkJXPldl6D7xr3yvBvjRZiK9mvMDMlzEucnP+q/+tWNe/JobUPjPNtPsJdV1GLT7cP5kuceWhY8AnoOvSvXNQ+HVrfeF7AQ+TaXlvZfvSloPMmk2L1wQd2QeuTk1h/CfSLe52608YNxb3EkavuIIBjHbp/Ea9bClmJHrXnnelofN2p+H9V0i6eGWwvWhUgLcNbsquSM4HGPXv2rNDqejD86+mdQ0uz1OERX8PnRhgwAYrzgjPBHYmuM1H4W6NN/yC7KKA7RjzLiU8557ntQDieNZHrRketelS/B7VWbMM+nKuTgGWTp2/hqE/B7WwcG503/AL+yf/EUE3POXAZCK92+Ct9JdWOowuzlYI7ZVBfIAw44HbpXj3ibQ7jwzqMdjdPE8kkIlBhJIwSR3A5+U17F8FbI2tjqMp24njtmGCfRzz+dbYe/OjKv8B6pRRRXoHCFFFFABRRRQAUUUUAFFFFABXBfEXwvb+KbBLN3n3JcJKREyqeEYdWBH8Vd7XPakWGoS9ccfyFYYiTjDQ6MNFSnqct4U8KWnhSxe1tZLh0aYykzMrHJUL2A44rA8baV4q1C4t30fTIbmKN5C7NKi4Uldp5cehrvs1neIIbu40G/jsrieG4NrKIzDnduKnGMEHOelcCet2eg1pocN4S0bxjZ6tLPqOkwQ2zQFVdZUOW3LxgOfQ16NdiQ2riBQ8nGAe/Ncj4Dsda0+0jfWNQ1C4JidSl5vGG35B+YnnH6Guwt5hKN4AwDjrmh2uKN7HkWpeHvHj6reyQ6JbtFNO5hYzx/MpY4P+s44IrvPBlnrVhpUEOs2cdtMqPuVHDYJckdGPbmsDXdJ8SSeLdMntdV1YWYvi8kcXmeWI/MU4OGxtxn2xXoMYZYgruZGHVj1NN2sKKdzivFfw7sfEt8l9JJeCaOFYlWKRFUgMT3U8/Me9eieFdNt9K0W1s4HkYw28UTByCRtXHYCqOcd61dFz+/znHy4z+NbYeb57GWJgnC5rUUUV3nnBRSUtABRSUUALRRRQAUUUUAFVLuxjuPm2jeSMkk1boqZRUlZlRk4u6Oeu7M23Py9M8E+tVgcYNbmqR7rKRxnIA/mKwh0rz60FCdkelQm5wuyO6JaMZ9ao2VysS+UQeSTwPar0s6QjLtjnHSoftkA53/AKGsWbFtXJQEHgikJxSI6yKGU5BGaGyeBTA0YNNMqFjt646mtW3t47dMIuCQN3JOcU+NBGuBnrnmn16VOlGGvU8qpVlPS+gUUUVqZBRRRQAUUUUAFFFFABRRRQAUUUUARzRiaJoz0PqM1zk8bQ3EispA3kKSMZ57V09UNStomtnmZcmJGbqfTP8ASuevT51dbo6MPV5JWezMCSJZRhgDznkZqP7JH/dX/vmnxTrKAVB/GpSMV556Q1VCKAAAAKuadbGedtynZtyGK5B5FUklja6hhZSfMcJ+uK6e3t0t4giLjHuT3rooU+eV+iOfEVeSNluyakpaK9A80KKKKAEpaKKAEopaKAEooooAWiiigAoprukUbSSMqIoLMzHAAHUk1zmt+NtI0m3Vor2xupt4VoVu0DKCCcnqfT86qMJSdooic4wV5Ox0tc7qHivRUuG0tr3F3M7W6x+U/L524zjHU9eleUa78RtU8RSBbGO80vKBP3F2xwQSc8Beo4qtonnSeINKkup5LiVrqIl5SS27eMnJ7k16VHLHOLlUdlZ/kzyq+bxhOMKau21+aPTZ9NCuSd+7uMiofsB7hsfUV0c4gCAzyRxDP3nwMn05rJt73S5Z1RdWs2J7CZTnj6187LCVL+4ro+njjKdvfaT9RkFvFYKb6VmWG3AmlY87VXknA5PAPStrSPEuk642zT7vzn2lyPLdeAcZ+YDuao62sf8AwjWo7NrIbOX5l6MNhrxLzdQtkD6dqF1aMeP9HdkOO4+UjjODXs5flqqUZNP3k/0PCzPNfY14KS91r9T6Sorxvw78Vp7TFnfWMk292f7RPeH5Rt6cqe49e9enab4k0nU4IGh1KyM0ioTClyjMrMPu4BznPFZ1cPUpvVG1HFUqq91mtRRRWB0BRRRQAUUUUAJRRVHVdUt9JsJrm4kCBInkGVJHyjJ6U0m3ZCbSV2X653xH4y07wwSL2G6k/diT9yqngtt7sO4ryvxR8SL7WJWtLaKzewR1kilEbq7Hbg5y3qT27Vwqxhema9Kjl7etT7jysRmaj7tP7zt9e+JesajJNHpl7LDZymRTHLBFkxt0GcHtnvXGTO9zO00zbpW+83TPbtSVa05wlyxY4Gz+or06VGEbRirHjV8RUmnKTuX7W0W3XLAb85BBPStPSW265pz/AN25jP8A48KqVZ0z/kMWP/Xwn/oQrvmkqckuz/Jnm0pOVaLfdfmjt/GWoahHp8csU4WJp1CrtGR8re1cBFJJbyiWFtsi9D1rvfF0/wBn0SB+ObgDkf7LV5bYX0iXsbMqADPY+hryssrRjh2mu/zPazehKWKTUu3yPXReXZ8HTfaZQ4l087doHH7s9ePcV5qnC8V6PO2/weH/AL1gT/5DrzhelXlLvGo/73+Znnas6S/u/wCRn31mu0yxgBVABBJznNV7DULzSZxPYTeTKGVw20N8ynIPINbBYINx6CsKY7riU9i5/nXXXhH7zgw1WW3Y9F8PfFmezI/4SCW6uxsI/cQRD5t3B/h7ZFeq6PrFvrdo9zbJKiK5jIkAByAD2J9a+YqdbStaXSXMQBdM4DdOQR/WvLrYGE9Y6M9qhmVSGk9UfVdFeS+D/ibNLLb6bqotIEDQwW5jikLOPunJyRn7vp1r1aGaO4iWWJtyN0OMV5VWjOk7SPao14Vo3gSUUUVkbCV498WdbmmnsbS2meJEaeKZY5jiQZQYYD8eD6mvYa8E8ZWF3feILvEse1LqbaG4wC/sPau3AxTqXfQ4MxlJUrR6nEzyfZ4gwXPOMDinxv5ik4xzirt7oF60CgSwfe9T7+1Pg0C8EZ/ewdfU/wCFev7Rc1rng+ylyXsUaAxQ5GfwrS/sG8/56w/mf8KQ6Def89YfzP8AhVc8e5Ps5di+GDcjGParWmf8hix/6+E/9CFR2Ok3bQNukiJ3ep9vatHTtJuU1eyYvFgToeCf7w9q7J1YSpt36P8AJnDTozjWirdV+aNn4iy+X4YtsHn7WvQ/7L15cGKfMOCPSvT/AB/ZXF1pkcCOgC3Ct83+43t71wL6DebT+9h/M/4V4+BajRSfdnu5knLEXXZHqasH8CW5zk/2YM/9+hXna9K9BsbWdvB5hZ0JSwCD0/1ePSuNXR7kj/WRfmf8K3yqUYxqJvr/AJnPnUZTdJpfZ/yMm9k2Wjj+LjHPPWsfOST61v6jo940oRZYQCo6k+v0ql/YN5/z1h/M/wCFdVarFy3OKhRnGG25m1DPP5P8OeM9a2P7BvP+esP5n/Cqt54fvW6SwdPU+v0rCU0lozohSk5WaKyOyrHOhKSLh1ZTgqeoIPrXu/wz1h77wxZWs8jS3CJI7SPLuY/vTjOeehFeMpoF55CDzYfujufT6V6R8K7e4tdQeGWRGRbV8BfUyKfSuXGcs6V+x2YByhWt0Z6rRRRXin0IlFFFAC0UUUAFFFFABSUUUALRRRQAlLRRQAUUUUAFFFFABRRRQAUUUUAf/9k=
20:07:59.631 [Test worker] DEBUG o.h.engine.internal.TwoPhaseLoad - Attribute (`photo`)  - enhanced for lazy-loading? - false
20:07:59.631 [Test worker] DEBUG o.h.engine.internal.TwoPhaseLoad - Processing attribute `workPhone` : value = 
20:07:59.631 [Test worker] DEBUG o.h.engine.internal.TwoPhaseLoad - Attribute (`workPhone`)  - enhanced for lazy-loading? - false
20:07:59.631 [Test worker] DEBUG o.h.engine.internal.TwoPhaseLoad - Done materializing entity [ru.stqa.pft.addressbook.model.ContactData#55]
20:07:59.631 [Test worker] DEBUG o.h.l.c.p.AbstractLoadPlanBasedCollectionInitializer - Loading collection: [ru.stqa.pft.addressbook.model.ContactData.groups#55]
20:07:59.631 [Test worker] DEBUG org.hibernate.SQL - select groups0_.id as id1_0_0_, groups0_.group_id as group_id2_0_0_, groupdata1_.group_id as group_id1_2_1_, groupdata1_.group_footer as group_fo2_2_1_, groupdata1_.group_header as group_he3_2_1_, groupdata1_.group_name as group_na4_2_1_ from address_in_groups groups0_ inner join group_list groupdata1_ on groups0_.group_id=groupdata1_.group_id where groups0_.id=?
Hibernate: select groups0_.id as id1_0_0_, groups0_.group_id as group_id2_0_0_, groupdata1_.group_id as group_id1_2_1_, groupdata1_.group_footer as group_fo2_2_1_, groupdata1_.group_header as group_he3_2_1_, groupdata1_.group_name as group_na4_2_1_ from address_in_groups groups0_ inner join group_list groupdata1_ on groups0_.group_id=groupdata1_.group_id where groups0_.id=?
20:07:59.633 [Test worker] DEBUG o.h.l.p.e.p.i.ResultSetProcessorImpl - Preparing collection initializer : [ru.stqa.pft.addressbook.model.ContactData.groups#55]
20:07:59.633 [Test worker] DEBUG o.h.e.l.i.CollectionLoadContext - 1 collections were found in result set for role: ru.stqa.pft.addressbook.model.ContactData.groups
20:07:59.633 [Test worker] DEBUG o.h.e.l.i.CollectionLoadContext - Collection fully initialized: [ru.stqa.pft.addressbook.model.ContactData.groups#55]
20:07:59.633 [Test worker] DEBUG o.h.e.l.i.CollectionLoadContext - 1 collections initialized for role: ru.stqa.pft.addressbook.model.ContactData.groups
20:07:59.633 [Test worker] DEBUG o.h.l.c.p.AbstractLoadPlanBasedCollectionInitializer - Done loading collection
20:07:59.633 [Test worker] DEBUG o.h.e.t.internal.TransactionImpl - committing
20:07:59.633 [Test worker] DEBUG o.h.e.i.AbstractFlushingEventListener - Processing flush-time cascades
20:07:59.633 [Test worker] DEBUG o.h.e.i.AbstractFlushingEventListener - Dirty checking collections
20:07:59.633 [Test worker] DEBUG o.h.engine.internal.Collections - Collection found: [ru.stqa.pft.addressbook.model.ContactData.groups#55], was: [ru.stqa.pft.addressbook.model.ContactData.groups#55] (initialized)
20:07:59.634 [Test worker] DEBUG o.h.e.i.AbstractFlushingEventListener - Flushed: 0 insertions, 0 updates, 0 deletions to 1 objects
20:07:59.634 [Test worker] DEBUG o.h.e.i.AbstractFlushingEventListener - Flushed: 0 (re)creations, 0 updates, 0 removals to 1 collections
20:07:59.634 [Test worker] DEBUG o.h.internal.util.EntityPrinter - Listing entities:
20:07:59.634 [Test worker] DEBUG o.h.internal.util.EntityPrinter - ru.stqa.pft.addressbook.model.ContactData{lastName=Lastname 0, address=Matrosova 0, address2=, homePhone=+7525685280, groups=[], photo=PHOTO;ENCODING=BASE64;TYPE=JPEG:/9j/4AAQSkZJRgABAQEAYABgAAD//gA7Q1JFQVRPUjogZ2QtanBlZyB2MS4wICh1c2luZyBJSkcgSlBFRyB2OTApLCBxdWFsaXR5ID0gNzUK/9sAQwAIBgYHBgUIBwcHCQkICgwUDQwLCwwZEhMPFB0aHx4dGhwcICQuJyAiLCMcHCg3KSwwMTQ0NB8nOT04MjwuMzQy/9sAQwEJCQkMCwwYDQ0YMiEcITIyMjIyMjIyMjIyMjIyMjIyMjIyMjIyMjIyMjIyMjIyMjIyMjIyMjIyMjIyMjIyMjIy/8AAEQgAlgCWAwEiAAIRAQMRAf/EAB8AAAEFAQEBAQEBAAAAAAAAAAABAgMEBQYHCAkKC//EALUQAAIBAwMCBAMFBQQEAAABfQECAwAEEQUSITFBBhNRYQcicRQygZGhCCNCscEVUtHwJDNicoIJChYXGBkaJSYnKCkqNDU2Nzg5OkNERUZHSElKU1RVVldYWVpjZGVmZ2hpanN0dXZ3eHl6g4SFhoeIiYqSk5SVlpeYmZqio6Slpqeoqaqys7S1tre4ubrCw8TFxsfIycrS09TV1tfY2drh4uPk5ebn6Onq8fLz9PX29/j5+v/EAB8BAAMBAQEBAQEBAQEAAAAAAAABAgMEBQYHCAkKC//EALURAAIBAgQEAwQHBQQEAAECdwABAgMRBAUhMQYSQVEHYXETIjKBCBRCkaGxwQkjM1LwFWJy0QoWJDThJfEXGBkaJicoKSo1Njc4OTpDREVGR0hJSlNUVVZXWFlaY2RlZmdoaWpzdHV2d3h5eoKDhIWGh4iJipKTlJWWl5iZmqKjpKWmp6ipqrKztLW2t7i5usLDxMXGx8jJytLT1NXW19jZ2uLj5OXm5+jp6vLz9PX29/j5+v/aAAwDAQACEQMRAD8A9/ooooAKKKKACiiigAoopGZUUszBVUZJJwAKAForD1DxfoGnMY5tZ01ZgQGie8jVlyM8gnPp+dcVqPxms7M4g0+C6+UH5L4dc9OFNRKpGO7LUJPZHqNFeSWnxxhuJgkuixwqWA3NfDAB7/cFdxo/jbQtWtkf+1dOinIJaD7YjMoBxzyD6du9EakZbMJU5R3R0VFFFWQFFFFABRRRQAUUUUALRRRQAUUUUAFFFZHiHxHpnhewjvdVuRbwPKIlcxs+WIJAwoJ6KaTdtWNK+iNevJPiX8Rp9NZdO0qW4t5mM8ErNDGyswwo654yTXFal8XvEeonD2WmBCoBKxyDoc93rh5p/tN9c3T4Es8jSOF6BiSTj25rlqV01aJ006FneQ68uLjU7l7rUJBNcSY3uAFzgYHAAHQCoxGo6Clorkep0iFFPUU+2lnsJmns3EUrLtLEZyPTnPoKbRQtAPefhp8R5deK6Zq0lxcajNO/lSiKNEVBGGwduOeG7dxXqFfHdnfS6VqEWo26o00IIVZASpyCOcY9fWvqfwhqsWq+GNMlV1M32KBplVSArFBkDPvn1ruoVOZWZx1qfK7o3aKKK6DAKKKKACiiigAooooAKKKKAErwT4z6ncT6ncaYzy/Z4biJ1BkJXPldl6D7xr3yvBvjRZiK9mvMDMlzEucnP+q/+tWNe/JobUPjPNtPsJdV1GLT7cP5kuceWhY8AnoOvSvXNQ+HVrfeF7AQ+TaXlvZfvSloPMmk2L1wQd2QeuTk1h/CfSLe52608YNxb3EkavuIIBjHbp/Ea9bClmJHrXnnelofN2p+H9V0i6eGWwvWhUgLcNbsquSM4HGPXv2rNDqejD86+mdQ0uz1OERX8PnRhgwAYrzgjPBHYmuM1H4W6NN/yC7KKA7RjzLiU8557ntQDieNZHrRketelS/B7VWbMM+nKuTgGWTp2/hqE/B7WwcG503/AL+yf/EUE3POXAZCK92+Ct9JdWOowuzlYI7ZVBfIAw44HbpXj3ibQ7jwzqMdjdPE8kkIlBhJIwSR3A5+U17F8FbI2tjqMp24njtmGCfRzz+dbYe/OjKv8B6pRRRXoHCFFFFABRRRQAUUUUAFFFFABXBfEXwvb+KbBLN3n3JcJKREyqeEYdWBH8Vd7XPakWGoS9ccfyFYYiTjDQ6MNFSnqct4U8KWnhSxe1tZLh0aYykzMrHJUL2A44rA8baV4q1C4t30fTIbmKN5C7NKi4Uldp5cehrvs1neIIbu40G/jsrieG4NrKIzDnduKnGMEHOelcCet2eg1pocN4S0bxjZ6tLPqOkwQ2zQFVdZUOW3LxgOfQ16NdiQ2riBQ8nGAe/Ncj4Dsda0+0jfWNQ1C4JidSl5vGG35B+YnnH6Guwt5hKN4AwDjrmh2uKN7HkWpeHvHj6reyQ6JbtFNO5hYzx/MpY4P+s44IrvPBlnrVhpUEOs2cdtMqPuVHDYJckdGPbmsDXdJ8SSeLdMntdV1YWYvi8kcXmeWI/MU4OGxtxn2xXoMYZYgruZGHVj1NN2sKKdzivFfw7sfEt8l9JJeCaOFYlWKRFUgMT3U8/Me9eieFdNt9K0W1s4HkYw28UTByCRtXHYCqOcd61dFz+/znHy4z+NbYeb57GWJgnC5rUUUV3nnBRSUtABRSUUALRRRQAUUUUAFVLuxjuPm2jeSMkk1boqZRUlZlRk4u6Oeu7M23Py9M8E+tVgcYNbmqR7rKRxnIA/mKwh0rz60FCdkelQm5wuyO6JaMZ9ao2VysS+UQeSTwPar0s6QjLtjnHSoftkA53/AKGsWbFtXJQEHgikJxSI6yKGU5BGaGyeBTA0YNNMqFjt646mtW3t47dMIuCQN3JOcU+NBGuBnrnmn16VOlGGvU8qpVlPS+gUUUVqZBRRRQAUUUUAFFFFABRRRQAUUUUARzRiaJoz0PqM1zk8bQ3EispA3kKSMZ57V09UNStomtnmZcmJGbqfTP8ASuevT51dbo6MPV5JWezMCSJZRhgDznkZqP7JH/dX/vmnxTrKAVB/GpSMV556Q1VCKAAAAKuadbGedtynZtyGK5B5FUklja6hhZSfMcJ+uK6e3t0t4giLjHuT3rooU+eV+iOfEVeSNluyakpaK9A80KKKKAEpaKKAEopaKAEooooAWiiigAoprukUbSSMqIoLMzHAAHUk1zmt+NtI0m3Vor2xupt4VoVu0DKCCcnqfT86qMJSdooic4wV5Ox0tc7qHivRUuG0tr3F3M7W6x+U/L524zjHU9eleUa78RtU8RSBbGO80vKBP3F2xwQSc8Beo4qtonnSeINKkup5LiVrqIl5SS27eMnJ7k16VHLHOLlUdlZ/kzyq+bxhOMKau21+aPTZ9NCuSd+7uMiofsB7hsfUV0c4gCAzyRxDP3nwMn05rJt73S5Z1RdWs2J7CZTnj6187LCVL+4ro+njjKdvfaT9RkFvFYKb6VmWG3AmlY87VXknA5PAPStrSPEuk642zT7vzn2lyPLdeAcZ+YDuao62sf8AwjWo7NrIbOX5l6MNhrxLzdQtkD6dqF1aMeP9HdkOO4+UjjODXs5flqqUZNP3k/0PCzPNfY14KS91r9T6Sorxvw78Vp7TFnfWMk292f7RPeH5Rt6cqe49e9enab4k0nU4IGh1KyM0ioTClyjMrMPu4BznPFZ1cPUpvVG1HFUqq91mtRRRWB0BRRRQAUUUUAJRRVHVdUt9JsJrm4kCBInkGVJHyjJ6U0m3ZCbSV2X653xH4y07wwSL2G6k/diT9yqngtt7sO4ryvxR8SL7WJWtLaKzewR1kilEbq7Hbg5y3qT27Vwqxhema9Kjl7etT7jysRmaj7tP7zt9e+JesajJNHpl7LDZymRTHLBFkxt0GcHtnvXGTO9zO00zbpW+83TPbtSVa05wlyxY4Gz+or06VGEbRirHjV8RUmnKTuX7W0W3XLAb85BBPStPSW265pz/AN25jP8A48KqVZ0z/kMWP/Xwn/oQrvmkqckuz/Jnm0pOVaLfdfmjt/GWoahHp8csU4WJp1CrtGR8re1cBFJJbyiWFtsi9D1rvfF0/wBn0SB+ObgDkf7LV5bYX0iXsbMqADPY+hryssrRjh2mu/zPazehKWKTUu3yPXReXZ8HTfaZQ4l087doHH7s9ePcV5qnC8V6PO2/weH/AL1gT/5DrzhelXlLvGo/73+Znnas6S/u/wCRn31mu0yxgBVABBJznNV7DULzSZxPYTeTKGVw20N8ynIPINbBYINx6CsKY7riU9i5/nXXXhH7zgw1WW3Y9F8PfFmezI/4SCW6uxsI/cQRD5t3B/h7ZFeq6PrFvrdo9zbJKiK5jIkAByAD2J9a+YqdbStaXSXMQBdM4DdOQR/WvLrYGE9Y6M9qhmVSGk9UfVdFeS+D/ibNLLb6bqotIEDQwW5jikLOPunJyRn7vp1r1aGaO4iWWJtyN0OMV5VWjOk7SPao14Vo3gSUUUVkbCV498WdbmmnsbS2meJEaeKZY5jiQZQYYD8eD6mvYa8E8ZWF3feILvEse1LqbaG4wC/sPau3AxTqXfQ4MxlJUrR6nEzyfZ4gwXPOMDinxv5ik4xzirt7oF60CgSwfe9T7+1Pg0C8EZ/ewdfU/wCFev7Rc1rng+ylyXsUaAxQ5GfwrS/sG8/56w/mf8KQ6Def89YfzP8AhVc8e5Ps5di+GDcjGParWmf8hix/6+E/9CFR2Ok3bQNukiJ3ep9vatHTtJuU1eyYvFgToeCf7w9q7J1YSpt36P8AJnDTozjWirdV+aNn4iy+X4YtsHn7WvQ/7L15cGKfMOCPSvT/AB/ZXF1pkcCOgC3Ct83+43t71wL6DebT+9h/M/4V4+BajRSfdnu5knLEXXZHqasH8CW5zk/2YM/9+hXna9K9BsbWdvB5hZ0JSwCD0/1ePSuNXR7kj/WRfmf8K3yqUYxqJvr/AJnPnUZTdJpfZ/yMm9k2Wjj+LjHPPWsfOST61v6jo940oRZYQCo6k+v0ql/YN5/z1h/M/wCFdVarFy3OKhRnGG25m1DPP5P8OeM9a2P7BvP+esP5n/Cqt54fvW6SwdPU+v0rCU0lozohSk5WaKyOyrHOhKSLh1ZTgqeoIPrXu/wz1h77wxZWs8jS3CJI7SPLuY/vTjOeehFeMpoF55CDzYfujufT6V6R8K7e4tdQeGWRGRbV8BfUyKfSuXGcs6V+x2YByhWt0Z6rRRRXin0IlFFFAC0UUUAFFFFABSUUUALRRRQAlLRRQAUUUUAFFFFABRRRQAUUUUAf/9k=, email3=, email2=, firstName=Firstname 0, mobilePhone=, workPhone=, id=55, email=0@ya.ru}
20:07:59.635 [Test worker] DEBUG o.h.r.j.i.LogicalConnectionManagedImpl - Initiating JDBC connection release from afterTransaction
20:07:59.636 [Test worker] DEBUG o.h.r.j.i.LogicalConnectionManagedImpl - Initiating JDBC connection release from afterTransaction
20:07:59.638 [Forwarding findElements on session 335235c0d12ef8d11a67a6a8efe4f74a to remote] DEBUG o.a.netty.request.NettyRequestSender - Using pooled Channel '[id: 0x4ab95111, L:/127.0.0.1:53689 - R:localhost/127.0.0.1:49214]' for 'POST' to 'http://localhost:49214/session/335235c0d12ef8d11a67a6a8efe4f74a/elements'
20:07:59.638 [Forwarding findElements on session 335235c0d12ef8d11a67a6a8efe4f74a to remote] DEBUG o.a.netty.request.NettyRequestSender - Using open Channel [id: 0x4ab95111, L:/127.0.0.1:53689 - R:localhost/127.0.0.1:49214] for POST '/session/335235c0d12ef8d11a67a6a8efe4f74a/elements'
20:07:59.646 [AsyncHttpClient-1-2] DEBUG o.a.netty.handler.HttpHandler - 

Request DefaultHttpRequest(decodeResult: success, version: HTTP/1.1)
POST /session/335235c0d12ef8d11a67a6a8efe4f74a/elements HTTP/1.1
User-Agent: selenium/4.1.4 (java windows)
Content-Length: 59
Content-Type: application/json; charset=utf-8
host: localhost:49214
accept: */*

Response DefaultHttpResponse(decodeResult: success, version: HTTP/1.1)
HTTP/1.1 200 OK
Content-Type: application/json; charset=utf-8
cache-control: no-cache
content-length: 90

20:07:59.647 [AsyncHttpClient-1-2] DEBUG o.a.netty.channel.ChannelManager - Adding key: http://localhost:49214 for channel [id: 0x4ab95111, L:/127.0.0.1:53689 - R:localhost/127.0.0.1:49214]
20:07:59.650 [Forwarding findChildElement on session 335235c0d12ef8d11a67a6a8efe4f74a to remote] DEBUG o.a.netty.request.NettyRequestSender - Using pooled Channel '[id: 0x4ab95111, L:/127.0.0.1:53689 - R:localhost/127.0.0.1:49214]' for 'POST' to 'http://localhost:49214/session/335235c0d12ef8d11a67a6a8efe4f74a/element/3f595538-8618-4a86-82f9-4ca852e940bb/element'
20:07:59.650 [Forwarding findChildElement on session 335235c0d12ef8d11a67a6a8efe4f74a to remote] DEBUG o.a.netty.request.NettyRequestSender - Using open Channel [id: 0x4ab95111, L:/127.0.0.1:53689 - R:localhost/127.0.0.1:49214] for POST '/session/335235c0d12ef8d11a67a6a8efe4f74a/element/3f595538-8618-4a86-82f9-4ca852e940bb/element'
20:07:59.660 [AsyncHttpClient-1-2] DEBUG o.a.netty.handler.HttpHandler - 

Request DefaultHttpRequest(decodeResult: success, version: HTTP/1.1)
POST /session/335235c0d12ef8d11a67a6a8efe4f74a/element/3f595538-8618-4a86-82f9-4ca852e940bb/element HTTP/1.1
User-Agent: selenium/4.1.4 (java windows)
Content-Length: 103
Content-Type: application/json; charset=utf-8
host: localhost:49214
accept: */*

Response DefaultHttpResponse(decodeResult: success, version: HTTP/1.1)
HTTP/1.1 200 OK
Content-Type: application/json; charset=utf-8
cache-control: no-cache
content-length: 88

20:07:59.660 [AsyncHttpClient-1-2] DEBUG o.a.netty.channel.ChannelManager - Adding key: http://localhost:49214 for channel [id: 0x4ab95111, L:/127.0.0.1:53689 - R:localhost/127.0.0.1:49214]
20:07:59.661 [Forwarding getElementText on session 335235c0d12ef8d11a67a6a8efe4f74a to remote] DEBUG o.a.netty.request.NettyRequestSender - Using pooled Channel '[id: 0x4ab95111, L:/127.0.0.1:53689 - R:localhost/127.0.0.1:49214]' for 'GET' to 'http://localhost:49214/session/335235c0d12ef8d11a67a6a8efe4f74a/element/e1541232-3c3f-47d9-a80c-169c942979b9/text'
20:07:59.661 [Forwarding getElementText on session 335235c0d12ef8d11a67a6a8efe4f74a to remote] DEBUG o.a.netty.request.NettyRequestSender - Using open Channel [id: 0x4ab95111, L:/127.0.0.1:53689 - R:localhost/127.0.0.1:49214] for GET '/session/335235c0d12ef8d11a67a6a8efe4f74a/element/e1541232-3c3f-47d9-a80c-169c942979b9/text'
20:07:59.676 [AsyncHttpClient-1-2] DEBUG o.a.netty.handler.HttpHandler - 

Request DefaultFullHttpRequest(decodeResult: success, version: HTTP/1.1, content: EmptyByteBufBE)
GET /session/335235c0d12ef8d11a67a6a8efe4f74a/element/e1541232-3c3f-47d9-a80c-169c942979b9/text HTTP/1.1
User-Agent: selenium/4.1.4 (java windows)
Cache-Control: no-cache
Content-Type: application/json; charset=utf-8
host: localhost:49214
accept: */*

Response DefaultHttpResponse(decodeResult: success, version: HTTP/1.1)
HTTP/1.1 200 OK
Content-Type: application/json; charset=utf-8
cache-control: no-cache
content-length: 23

20:07:59.677 [AsyncHttpClient-1-2] DEBUG o.a.netty.channel.ChannelManager - Adding key: http://localhost:49214 for channel [id: 0x4ab95111, L:/127.0.0.1:53689 - R:localhost/127.0.0.1:49214]
20:07:59.678 [Forwarding findChildElement on session 335235c0d12ef8d11a67a6a8efe4f74a to remote] DEBUG o.a.netty.request.NettyRequestSender - Using pooled Channel '[id: 0x4ab95111, L:/127.0.0.1:53689 - R:localhost/127.0.0.1:49214]' for 'POST' to 'http://localhost:49214/session/335235c0d12ef8d11a67a6a8efe4f74a/element/3f595538-8618-4a86-82f9-4ca852e940bb/element'
20:07:59.678 [Forwarding findChildElement on session 335235c0d12ef8d11a67a6a8efe4f74a to remote] DEBUG o.a.netty.request.NettyRequestSender - Using open Channel [id: 0x4ab95111, L:/127.0.0.1:53689 - R:localhost/127.0.0.1:49214] for POST '/session/335235c0d12ef8d11a67a6a8efe4f74a/element/3f595538-8618-4a86-82f9-4ca852e940bb/element'
20:07:59.689 [AsyncHttpClient-1-2] DEBUG o.a.netty.handler.HttpHandler - 

Request DefaultHttpRequest(decodeResult: success, version: HTTP/1.1)
POST /session/335235c0d12ef8d11a67a6a8efe4f74a/element/3f595538-8618-4a86-82f9-4ca852e940bb/element HTTP/1.1
User-Agent: selenium/4.1.4 (java windows)
Content-Length: 103
Content-Type: application/json; charset=utf-8
host: localhost:49214
accept: */*

Response DefaultHttpResponse(decodeResult: success, version: HTTP/1.1)
HTTP/1.1 200 OK
Content-Type: application/json; charset=utf-8
cache-control: no-cache
content-length: 88

20:07:59.689 [AsyncHttpClient-1-2] DEBUG o.a.netty.channel.ChannelManager - Adding key: http://localhost:49214 for channel [id: 0x4ab95111, L:/127.0.0.1:53689 - R:localhost/127.0.0.1:49214]
20:07:59.690 [Forwarding getElementText on session 335235c0d12ef8d11a67a6a8efe4f74a to remote] DEBUG o.a.netty.request.NettyRequestSender - Using pooled Channel '[id: 0x4ab95111, L:/127.0.0.1:53689 - R:localhost/127.0.0.1:49214]' for 'GET' to 'http://localhost:49214/session/335235c0d12ef8d11a67a6a8efe4f74a/element/aad9645a-55b1-4ee3-8381-bf0e6f7fcb46/text'
20:07:59.690 [Forwarding getElementText on session 335235c0d12ef8d11a67a6a8efe4f74a to remote] DEBUG o.a.netty.request.NettyRequestSender - Using open Channel [id: 0x4ab95111, L:/127.0.0.1:53689 - R:localhost/127.0.0.1:49214] for GET '/session/335235c0d12ef8d11a67a6a8efe4f74a/element/aad9645a-55b1-4ee3-8381-bf0e6f7fcb46/text'
20:07:59.702 [AsyncHttpClient-1-2] DEBUG o.a.netty.handler.HttpHandler - 

Request DefaultFullHttpRequest(decodeResult: success, version: HTTP/1.1, content: EmptyByteBufBE)
GET /session/335235c0d12ef8d11a67a6a8efe4f74a/element/aad9645a-55b1-4ee3-8381-bf0e6f7fcb46/text HTTP/1.1
User-Agent: selenium/4.1.4 (java windows)
Cache-Control: no-cache
Content-Type: application/json; charset=utf-8
host: localhost:49214
accept: */*

Response DefaultHttpResponse(decodeResult: success, version: HTTP/1.1)
HTTP/1.1 200 OK
Content-Type: application/json; charset=utf-8
cache-control: no-cache
content-length: 22

20:07:59.702 [AsyncHttpClient-1-2] DEBUG o.a.netty.channel.ChannelManager - Adding key: http://localhost:49214 for channel [id: 0x4ab95111, L:/127.0.0.1:53689 - R:localhost/127.0.0.1:49214]
20:07:59.703 [Forwarding findChildElement on session 335235c0d12ef8d11a67a6a8efe4f74a to remote] DEBUG o.a.netty.request.NettyRequestSender - Using pooled Channel '[id: 0x4ab95111, L:/127.0.0.1:53689 - R:localhost/127.0.0.1:49214]' for 'POST' to 'http://localhost:49214/session/335235c0d12ef8d11a67a6a8efe4f74a/element/3f595538-8618-4a86-82f9-4ca852e940bb/element'
20:07:59.704 [Forwarding findChildElement on session 335235c0d12ef8d11a67a6a8efe4f74a to remote] DEBUG o.a.netty.request.NettyRequestSender - Using open Channel [id: 0x4ab95111, L:/127.0.0.1:53689 - R:localhost/127.0.0.1:49214] for POST '/session/335235c0d12ef8d11a67a6a8efe4f74a/element/3f595538-8618-4a86-82f9-4ca852e940bb/element'
20:07:59.712 [AsyncHttpClient-1-2] DEBUG o.a.netty.handler.HttpHandler - 

Request DefaultHttpRequest(decodeResult: success, version: HTTP/1.1)
POST /session/335235c0d12ef8d11a67a6a8efe4f74a/element/3f595538-8618-4a86-82f9-4ca852e940bb/element HTTP/1.1
User-Agent: selenium/4.1.4 (java windows)
Content-Length: 103
Content-Type: application/json; charset=utf-8
host: localhost:49214
accept: */*

Response DefaultHttpResponse(decodeResult: success, version: HTTP/1.1)
HTTP/1.1 200 OK
Content-Type: application/json; charset=utf-8
cache-control: no-cache
content-length: 88

20:07:59.713 [AsyncHttpClient-1-2] DEBUG o.a.netty.channel.ChannelManager - Adding key: http://localhost:49214 for channel [id: 0x4ab95111, L:/127.0.0.1:53689 - R:localhost/127.0.0.1:49214]
20:07:59.714 [Forwarding getElementText on session 335235c0d12ef8d11a67a6a8efe4f74a to remote] DEBUG o.a.netty.request.NettyRequestSender - Using pooled Channel '[id: 0x4ab95111, L:/127.0.0.1:53689 - R:localhost/127.0.0.1:49214]' for 'GET' to 'http://localhost:49214/session/335235c0d12ef8d11a67a6a8efe4f74a/element/7de6322d-fd02-44c6-850e-844677b4e8d1/text'
20:07:59.714 [Forwarding getElementText on session 335235c0d12ef8d11a67a6a8efe4f74a to remote] DEBUG o.a.netty.request.NettyRequestSender - Using open Channel [id: 0x4ab95111, L:/127.0.0.1:53689 - R:localhost/127.0.0.1:49214] for GET '/session/335235c0d12ef8d11a67a6a8efe4f74a/element/7de6322d-fd02-44c6-850e-844677b4e8d1/text'
20:07:59.723 [AsyncHttpClient-1-2] DEBUG o.a.netty.handler.HttpHandler - 

Request DefaultFullHttpRequest(decodeResult: success, version: HTTP/1.1, content: EmptyByteBufBE)
GET /session/335235c0d12ef8d11a67a6a8efe4f74a/element/7de6322d-fd02-44c6-850e-844677b4e8d1/text HTTP/1.1
User-Agent: selenium/4.1.4 (java windows)
Cache-Control: no-cache
Content-Type: application/json; charset=utf-8
host: localhost:49214
accept: */*

Response DefaultHttpResponse(decodeResult: success, version: HTTP/1.1)
HTTP/1.1 200 OK
Content-Type: application/json; charset=utf-8
cache-control: no-cache
content-length: 23

20:07:59.723 [AsyncHttpClient-1-2] DEBUG o.a.netty.channel.ChannelManager - Adding key: http://localhost:49214 for channel [id: 0x4ab95111, L:/127.0.0.1:53689 - R:localhost/127.0.0.1:49214]
20:07:59.724 [Forwarding findChildElement on session 335235c0d12ef8d11a67a6a8efe4f74a to remote] DEBUG o.a.netty.request.NettyRequestSender - Using pooled Channel '[id: 0x4ab95111, L:/127.0.0.1:53689 - R:localhost/127.0.0.1:49214]' for 'POST' to 'http://localhost:49214/session/335235c0d12ef8d11a67a6a8efe4f74a/element/3f595538-8618-4a86-82f9-4ca852e940bb/element'
20:07:59.724 [Forwarding findChildElement on session 335235c0d12ef8d11a67a6a8efe4f74a to remote] DEBUG o.a.netty.request.NettyRequestSender - Using open Channel [id: 0x4ab95111, L:/127.0.0.1:53689 - R:localhost/127.0.0.1:49214] for POST '/session/335235c0d12ef8d11a67a6a8efe4f74a/element/3f595538-8618-4a86-82f9-4ca852e940bb/element'
20:07:59.731 [AsyncHttpClient-1-2] DEBUG o.a.netty.handler.HttpHandler - 

Request DefaultHttpRequest(decodeResult: success, version: HTTP/1.1)
POST /session/335235c0d12ef8d11a67a6a8efe4f74a/element/3f595538-8618-4a86-82f9-4ca852e940bb/element HTTP/1.1
User-Agent: selenium/4.1.4 (java windows)
Content-Length: 103
Content-Type: application/json; charset=utf-8
host: localhost:49214
accept: */*

Response DefaultHttpResponse(decodeResult: success, version: HTTP/1.1)
HTTP/1.1 200 OK
Content-Type: application/json; charset=utf-8
cache-control: no-cache
content-length: 88

20:07:59.732 [AsyncHttpClient-1-2] DEBUG o.a.netty.channel.ChannelManager - Adding key: http://localhost:49214 for channel [id: 0x4ab95111, L:/127.0.0.1:53689 - R:localhost/127.0.0.1:49214]
20:07:59.732 [Forwarding getElementText on session 335235c0d12ef8d11a67a6a8efe4f74a to remote] DEBUG o.a.netty.request.NettyRequestSender - Using pooled Channel '[id: 0x4ab95111, L:/127.0.0.1:53689 - R:localhost/127.0.0.1:49214]' for 'GET' to 'http://localhost:49214/session/335235c0d12ef8d11a67a6a8efe4f74a/element/87941141-0b2d-479d-be30-c409c6145c12/text'
20:07:59.733 [Forwarding getElementText on session 335235c0d12ef8d11a67a6a8efe4f74a to remote] DEBUG o.a.netty.request.NettyRequestSender - Using open Channel [id: 0x4ab95111, L:/127.0.0.1:53689 - R:localhost/127.0.0.1:49214] for GET '/session/335235c0d12ef8d11a67a6a8efe4f74a/element/87941141-0b2d-479d-be30-c409c6145c12/text'
20:07:59.741 [AsyncHttpClient-1-2] DEBUG o.a.netty.handler.HttpHandler - 

Request DefaultFullHttpRequest(decodeResult: success, version: HTTP/1.1, content: EmptyByteBufBE)
GET /session/335235c0d12ef8d11a67a6a8efe4f74a/element/87941141-0b2d-479d-be30-c409c6145c12/text HTTP/1.1
User-Agent: selenium/4.1.4 (java windows)
Cache-Control: no-cache
Content-Type: application/json; charset=utf-8
host: localhost:49214
accept: */*

Response DefaultHttpResponse(decodeResult: success, version: HTTP/1.1)
HTTP/1.1 200 OK
Content-Type: application/json; charset=utf-8
cache-control: no-cache
content-length: 19

20:07:59.741 [AsyncHttpClient-1-2] DEBUG o.a.netty.channel.ChannelManager - Adding key: http://localhost:49214 for channel [id: 0x4ab95111, L:/127.0.0.1:53689 - R:localhost/127.0.0.1:49214]
20:07:59.742 [Forwarding findChildElement on session 335235c0d12ef8d11a67a6a8efe4f74a to remote] DEBUG o.a.netty.request.NettyRequestSender - Using pooled Channel '[id: 0x4ab95111, L:/127.0.0.1:53689 - R:localhost/127.0.0.1:49214]' for 'POST' to 'http://localhost:49214/session/335235c0d12ef8d11a67a6a8efe4f74a/element/3f595538-8618-4a86-82f9-4ca852e940bb/element'
20:07:59.742 [Forwarding findChildElement on session 335235c0d12ef8d11a67a6a8efe4f74a to remote] DEBUG o.a.netty.request.NettyRequestSender - Using open Channel [id: 0x4ab95111, L:/127.0.0.1:53689 - R:localhost/127.0.0.1:49214] for POST '/session/335235c0d12ef8d11a67a6a8efe4f74a/element/3f595538-8618-4a86-82f9-4ca852e940bb/element'
20:07:59.751 [AsyncHttpClient-1-2] DEBUG o.a.netty.handler.HttpHandler - 

Request DefaultHttpRequest(decodeResult: success, version: HTTP/1.1)
POST /session/335235c0d12ef8d11a67a6a8efe4f74a/element/3f595538-8618-4a86-82f9-4ca852e940bb/element HTTP/1.1
User-Agent: selenium/4.1.4 (java windows)
Content-Length: 103
Content-Type: application/json; charset=utf-8
host: localhost:49214
accept: */*

Response DefaultHttpResponse(decodeResult: success, version: HTTP/1.1)
HTTP/1.1 200 OK
Content-Type: application/json; charset=utf-8
cache-control: no-cache
content-length: 88

20:07:59.751 [AsyncHttpClient-1-2] DEBUG o.a.netty.channel.ChannelManager - Adding key: http://localhost:49214 for channel [id: 0x4ab95111, L:/127.0.0.1:53689 - R:localhost/127.0.0.1:49214]
20:07:59.752 [Forwarding getElementText on session 335235c0d12ef8d11a67a6a8efe4f74a to remote] DEBUG o.a.netty.request.NettyRequestSender - Using pooled Channel '[id: 0x4ab95111, L:/127.0.0.1:53689 - R:localhost/127.0.0.1:49214]' for 'GET' to 'http://localhost:49214/session/335235c0d12ef8d11a67a6a8efe4f74a/element/915559b2-fd2b-44e5-b20d-26ec7c71719e/text'
20:07:59.752 [Forwarding getElementText on session 335235c0d12ef8d11a67a6a8efe4f74a to remote] DEBUG o.a.netty.request.NettyRequestSender - Using open Channel [id: 0x4ab95111, L:/127.0.0.1:53689 - R:localhost/127.0.0.1:49214] for GET '/session/335235c0d12ef8d11a67a6a8efe4f74a/element/915559b2-fd2b-44e5-b20d-26ec7c71719e/text'
20:07:59.762 [AsyncHttpClient-1-2] DEBUG o.a.netty.handler.HttpHandler - 

Request DefaultFullHttpRequest(decodeResult: success, version: HTTP/1.1, content: EmptyByteBufBE)
GET /session/335235c0d12ef8d11a67a6a8efe4f74a/element/915559b2-fd2b-44e5-b20d-26ec7c71719e/text HTTP/1.1
User-Agent: selenium/4.1.4 (java windows)
Cache-Control: no-cache
Content-Type: application/json; charset=utf-8
host: localhost:49214
accept: */*

Response DefaultHttpResponse(decodeResult: success, version: HTTP/1.1)
HTTP/1.1 200 OK
Content-Type: application/json; charset=utf-8
cache-control: no-cache
content-length: 23

20:07:59.762 [AsyncHttpClient-1-2] DEBUG o.a.netty.channel.ChannelManager - Adding key: http://localhost:49214 for channel [id: 0x4ab95111, L:/127.0.0.1:53689 - R:localhost/127.0.0.1:49214]
20:07:59.763 [Forwarding findChildElement on session 335235c0d12ef8d11a67a6a8efe4f74a to remote] DEBUG o.a.netty.request.NettyRequestSender - Using pooled Channel '[id: 0x4ab95111, L:/127.0.0.1:53689 - R:localhost/127.0.0.1:49214]' for 'POST' to 'http://localhost:49214/session/335235c0d12ef8d11a67a6a8efe4f74a/element/3f595538-8618-4a86-82f9-4ca852e940bb/element'
20:07:59.763 [Forwarding findChildElement on session 335235c0d12ef8d11a67a6a8efe4f74a to remote] DEBUG o.a.netty.request.NettyRequestSender - Using open Channel [id: 0x4ab95111, L:/127.0.0.1:53689 - R:localhost/127.0.0.1:49214] for POST '/session/335235c0d12ef8d11a67a6a8efe4f74a/element/3f595538-8618-4a86-82f9-4ca852e940bb/element'
20:07:59.771 [AsyncHttpClient-1-2] DEBUG o.a.netty.handler.HttpHandler - 

Request DefaultHttpRequest(decodeResult: success, version: HTTP/1.1)
POST /session/335235c0d12ef8d11a67a6a8efe4f74a/element/3f595538-8618-4a86-82f9-4ca852e940bb/element HTTP/1.1
User-Agent: selenium/4.1.4 (java windows)
Content-Length: 114
Content-Type: application/json; charset=utf-8
host: localhost:49214
accept: */*

Response DefaultHttpResponse(decodeResult: success, version: HTTP/1.1)
HTTP/1.1 200 OK
Content-Type: application/json; charset=utf-8
cache-control: no-cache
content-length: 88

20:07:59.771 [AsyncHttpClient-1-2] DEBUG o.a.netty.channel.ChannelManager - Adding key: http://localhost:49214 for channel [id: 0x4ab95111, L:/127.0.0.1:53689 - R:localhost/127.0.0.1:49214]
20:07:59.774 [Forwarding getElementAttribute on session 335235c0d12ef8d11a67a6a8efe4f74a to remote] DEBUG o.a.netty.request.NettyRequestSender - Using pooled Channel '[id: 0x4ab95111, L:/127.0.0.1:53689 - R:localhost/127.0.0.1:49214]' for 'POST' to 'http://localhost:49214/session/335235c0d12ef8d11a67a6a8efe4f74a/execute/sync'
20:07:59.774 [Forwarding getElementAttribute on session 335235c0d12ef8d11a67a6a8efe4f74a to remote] DEBUG o.a.netty.request.NettyRequestSender - Using open Channel [id: 0x4ab95111, L:/127.0.0.1:53689 - R:localhost/127.0.0.1:49214] for POST '/session/335235c0d12ef8d11a67a6a8efe4f74a/execute/sync'
20:07:59.782 [AsyncHttpClient-1-2] DEBUG o.a.netty.handler.HttpHandler - 

Request DefaultHttpRequest(decodeResult: success, version: HTTP/1.1)
POST /session/335235c0d12ef8d11a67a6a8efe4f74a/execute/sync HTTP/1.1
User-Agent: selenium/4.1.4 (java windows)
Content-Length: 47337
Content-Type: application/json; charset=utf-8
host: localhost:49214
accept: */*

Response DefaultHttpResponse(decodeResult: success, version: HTTP/1.1)
HTTP/1.1 200 OK
Content-Type: application/json; charset=utf-8
cache-control: no-cache
content-length: 14

20:07:59.782 [AsyncHttpClient-1-2] DEBUG o.a.netty.channel.ChannelManager - Adding key: http://localhost:49214 for channel [id: 0x4ab95111, L:/127.0.0.1:53689 - R:localhost/127.0.0.1:49214]
20:07:59.783 [Forwarding findElement on session 335235c0d12ef8d11a67a6a8efe4f74a to remote] DEBUG o.a.netty.request.NettyRequestSender - Using pooled Channel '[id: 0x4ab95111, L:/127.0.0.1:53689 - R:localhost/127.0.0.1:49214]' for 'POST' to 'http://localhost:49214/session/335235c0d12ef8d11a67a6a8efe4f74a/element'
20:07:59.783 [Forwarding findElement on session 335235c0d12ef8d11a67a6a8efe4f74a to remote] DEBUG o.a.netty.request.NettyRequestSender - Using open Channel [id: 0x4ab95111, L:/127.0.0.1:53689 - R:localhost/127.0.0.1:49214] for POST '/session/335235c0d12ef8d11a67a6a8efe4f74a/element'
20:07:59.790 [AsyncHttpClient-1-2] DEBUG o.a.netty.handler.HttpHandler - 

Request DefaultHttpRequest(decodeResult: success, version: HTTP/1.1)
POST /session/335235c0d12ef8d11a67a6a8efe4f74a/element HTTP/1.1
User-Agent: selenium/4.1.4 (java windows)
Content-Length: 74
Content-Type: application/json; charset=utf-8
host: localhost:49214
accept: */*

Response DefaultHttpResponse(decodeResult: success, version: HTTP/1.1)
HTTP/1.1 200 OK
Content-Type: application/json; charset=utf-8
cache-control: no-cache
content-length: 88

20:07:59.791 [AsyncHttpClient-1-2] DEBUG o.a.netty.channel.ChannelManager - Adding key: http://localhost:49214 for channel [id: 0x4ab95111, L:/127.0.0.1:53689 - R:localhost/127.0.0.1:49214]
20:07:59.792 [Forwarding clickElement on session 335235c0d12ef8d11a67a6a8efe4f74a to remote] DEBUG o.a.netty.request.NettyRequestSender - Using pooled Channel '[id: 0x4ab95111, L:/127.0.0.1:53689 - R:localhost/127.0.0.1:49214]' for 'POST' to 'http://localhost:49214/session/335235c0d12ef8d11a67a6a8efe4f74a/element/3c000763-71e4-4cb1-96f1-6f931725d26d/click'
20:07:59.792 [Forwarding clickElement on session 335235c0d12ef8d11a67a6a8efe4f74a to remote] DEBUG o.a.netty.request.NettyRequestSender - Using open Channel [id: 0x4ab95111, L:/127.0.0.1:53689 - R:localhost/127.0.0.1:49214] for POST '/session/335235c0d12ef8d11a67a6a8efe4f74a/element/3c000763-71e4-4cb1-96f1-6f931725d26d/click'
20:08:00.074 [AsyncHttpClient-1-2] DEBUG o.a.netty.handler.HttpHandler - 

Request DefaultHttpRequest(decodeResult: success, version: HTTP/1.1)
POST /session/335235c0d12ef8d11a67a6a8efe4f74a/element/3c000763-71e4-4cb1-96f1-6f931725d26d/click HTTP/1.1
User-Agent: selenium/4.1.4 (java windows)
Content-Length: 50
Content-Type: application/json; charset=utf-8
host: localhost:49214
accept: */*

Response DefaultHttpResponse(decodeResult: success, version: HTTP/1.1)
HTTP/1.1 200 OK
Content-Type: application/json; charset=utf-8
cache-control: no-cache
content-length: 14

20:08:00.075 [AsyncHttpClient-1-2] DEBUG o.a.netty.channel.ChannelManager - Adding key: http://localhost:49214 for channel [id: 0x4ab95111, L:/127.0.0.1:53689 - R:localhost/127.0.0.1:49214]
20:08:00.076 [Forwarding findElement on session 335235c0d12ef8d11a67a6a8efe4f74a to remote] DEBUG o.a.netty.request.NettyRequestSender - Using pooled Channel '[id: 0x4ab95111, L:/127.0.0.1:53689 - R:localhost/127.0.0.1:49214]' for 'POST' to 'http://localhost:49214/session/335235c0d12ef8d11a67a6a8efe4f74a/element'
20:08:00.076 [Forwarding findElement on session 335235c0d12ef8d11a67a6a8efe4f74a to remote] DEBUG o.a.netty.request.NettyRequestSender - Using open Channel [id: 0x4ab95111, L:/127.0.0.1:53689 - R:localhost/127.0.0.1:49214] for POST '/session/335235c0d12ef8d11a67a6a8efe4f74a/element'
20:08:00.083 [AsyncHttpClient-1-2] DEBUG o.a.netty.handler.HttpHandler - 

Request DefaultHttpRequest(decodeResult: success, version: HTTP/1.1)
POST /session/335235c0d12ef8d11a67a6a8efe4f74a/element HTTP/1.1
User-Agent: selenium/4.1.4 (java windows)
Content-Length: 63
Content-Type: application/json; charset=utf-8
host: localhost:49214
accept: */*

Response DefaultHttpResponse(decodeResult: success, version: HTTP/1.1)
HTTP/1.1 200 OK
Content-Type: application/json; charset=utf-8
cache-control: no-cache
content-length: 88

20:08:00.084 [AsyncHttpClient-1-2] DEBUG o.a.netty.channel.ChannelManager - Adding key: http://localhost:49214 for channel [id: 0x4ab95111, L:/127.0.0.1:53689 - R:localhost/127.0.0.1:49214]
20:08:00.088 [Forwarding getElementAttribute on session 335235c0d12ef8d11a67a6a8efe4f74a to remote] DEBUG o.a.netty.request.NettyRequestSender - Using pooled Channel '[id: 0x4ab95111, L:/127.0.0.1:53689 - R:localhost/127.0.0.1:49214]' for 'POST' to 'http://localhost:49214/session/335235c0d12ef8d11a67a6a8efe4f74a/execute/sync'
20:08:00.088 [Forwarding getElementAttribute on session 335235c0d12ef8d11a67a6a8efe4f74a to remote] DEBUG o.a.netty.request.NettyRequestSender - Using open Channel [id: 0x4ab95111, L:/127.0.0.1:53689 - R:localhost/127.0.0.1:49214] for POST '/session/335235c0d12ef8d11a67a6a8efe4f74a/execute/sync'
20:08:00.101 [AsyncHttpClient-1-2] DEBUG o.a.netty.handler.HttpHandler - 

Request DefaultHttpRequest(decodeResult: success, version: HTTP/1.1)
POST /session/335235c0d12ef8d11a67a6a8efe4f74a/execute/sync HTTP/1.1
User-Agent: selenium/4.1.4 (java windows)
Content-Length: 47340
Content-Type: application/json; charset=utf-8
host: localhost:49214
accept: */*

Response DefaultHttpResponse(decodeResult: success, version: HTTP/1.1)
HTTP/1.1 200 OK
Content-Type: application/json; charset=utf-8
cache-control: no-cache
content-length: 23

20:08:00.101 [AsyncHttpClient-1-2] DEBUG o.a.netty.channel.ChannelManager - Adding key: http://localhost:49214 for channel [id: 0x4ab95111, L:/127.0.0.1:53689 - R:localhost/127.0.0.1:49214]
20:08:00.102 [Forwarding findElement on session 335235c0d12ef8d11a67a6a8efe4f74a to remote] DEBUG o.a.netty.request.NettyRequestSender - Using pooled Channel '[id: 0x4ab95111, L:/127.0.0.1:53689 - R:localhost/127.0.0.1:49214]' for 'POST' to 'http://localhost:49214/session/335235c0d12ef8d11a67a6a8efe4f74a/element'
20:08:00.104 [Forwarding findElement on session 335235c0d12ef8d11a67a6a8efe4f74a to remote] DEBUG o.a.netty.request.NettyRequestSender - Using open Channel [id: 0x4ab95111, L:/127.0.0.1:53689 - R:localhost/127.0.0.1:49214] for POST '/session/335235c0d12ef8d11a67a6a8efe4f74a/element'
20:08:00.108 [AsyncHttpClient-1-2] DEBUG o.a.netty.handler.HttpHandler - 

Request DefaultHttpRequest(decodeResult: success, version: HTTP/1.1)
POST /session/335235c0d12ef8d11a67a6a8efe4f74a/element HTTP/1.1
User-Agent: selenium/4.1.4 (java windows)
Content-Length: 62
Content-Type: application/json; charset=utf-8
host: localhost:49214
accept: */*

Response DefaultHttpResponse(decodeResult: success, version: HTTP/1.1)
HTTP/1.1 200 OK
Content-Type: application/json; charset=utf-8
cache-control: no-cache
content-length: 88

20:08:00.109 [AsyncHttpClient-1-2] DEBUG o.a.netty.channel.ChannelManager - Adding key: http://localhost:49214 for channel [id: 0x4ab95111, L:/127.0.0.1:53689 - R:localhost/127.0.0.1:49214]
20:08:00.112 [Forwarding getElementAttribute on session 335235c0d12ef8d11a67a6a8efe4f74a to remote] DEBUG o.a.netty.request.NettyRequestSender - Using pooled Channel '[id: 0x4ab95111, L:/127.0.0.1:53689 - R:localhost/127.0.0.1:49214]' for 'POST' to 'http://localhost:49214/session/335235c0d12ef8d11a67a6a8efe4f74a/execute/sync'
20:08:00.112 [Forwarding getElementAttribute on session 335235c0d12ef8d11a67a6a8efe4f74a to remote] DEBUG o.a.netty.request.NettyRequestSender - Using open Channel [id: 0x4ab95111, L:/127.0.0.1:53689 - R:localhost/127.0.0.1:49214] for POST '/session/335235c0d12ef8d11a67a6a8efe4f74a/execute/sync'
20:08:00.121 [AsyncHttpClient-1-2] DEBUG o.a.netty.handler.HttpHandler - 

Request DefaultHttpRequest(decodeResult: success, version: HTTP/1.1)
POST /session/335235c0d12ef8d11a67a6a8efe4f74a/execute/sync HTTP/1.1
User-Agent: selenium/4.1.4 (java windows)
Content-Length: 47340
Content-Type: application/json; charset=utf-8
host: localhost:49214
accept: */*

Response DefaultHttpResponse(decodeResult: success, version: HTTP/1.1)
HTTP/1.1 200 OK
Content-Type: application/json; charset=utf-8
cache-control: no-cache
content-length: 22

20:08:00.121 [AsyncHttpClient-1-2] DEBUG o.a.netty.channel.ChannelManager - Adding key: http://localhost:49214 for channel [id: 0x4ab95111, L:/127.0.0.1:53689 - R:localhost/127.0.0.1:49214]
20:08:00.123 [Forwarding findElement on session 335235c0d12ef8d11a67a6a8efe4f74a to remote] DEBUG o.a.netty.request.NettyRequestSender - Using pooled Channel '[id: 0x4ab95111, L:/127.0.0.1:53689 - R:localhost/127.0.0.1:49214]' for 'POST' to 'http://localhost:49214/session/335235c0d12ef8d11a67a6a8efe4f74a/element'
20:08:00.123 [Forwarding findElement on session 335235c0d12ef8d11a67a6a8efe4f74a to remote] DEBUG o.a.netty.request.NettyRequestSender - Using open Channel [id: 0x4ab95111, L:/127.0.0.1:53689 - R:localhost/127.0.0.1:49214] for POST '/session/335235c0d12ef8d11a67a6a8efe4f74a/element'
20:08:00.129 [AsyncHttpClient-1-2] DEBUG o.a.netty.handler.HttpHandler - 

Request DefaultHttpRequest(decodeResult: success, version: HTTP/1.1)
POST /session/335235c0d12ef8d11a67a6a8efe4f74a/element HTTP/1.1
User-Agent: selenium/4.1.4 (java windows)
Content-Length: 58
Content-Type: application/json; charset=utf-8
host: localhost:49214
accept: */*

Response DefaultHttpResponse(decodeResult: success, version: HTTP/1.1)
HTTP/1.1 200 OK
Content-Type: application/json; charset=utf-8
cache-control: no-cache
content-length: 88

20:08:00.130 [AsyncHttpClient-1-2] DEBUG o.a.netty.channel.ChannelManager - Adding key: http://localhost:49214 for channel [id: 0x4ab95111, L:/127.0.0.1:53689 - R:localhost/127.0.0.1:49214]
20:08:00.134 [Forwarding getElementAttribute on session 335235c0d12ef8d11a67a6a8efe4f74a to remote] DEBUG o.a.netty.request.NettyRequestSender - Using pooled Channel '[id: 0x4ab95111, L:/127.0.0.1:53689 - R:localhost/127.0.0.1:49214]' for 'POST' to 'http://localhost:49214/session/335235c0d12ef8d11a67a6a8efe4f74a/execute/sync'
20:08:00.134 [Forwarding getElementAttribute on session 335235c0d12ef8d11a67a6a8efe4f74a to remote] DEBUG o.a.netty.request.NettyRequestSender - Using open Channel [id: 0x4ab95111, L:/127.0.0.1:53689 - R:localhost/127.0.0.1:49214] for POST '/session/335235c0d12ef8d11a67a6a8efe4f74a/execute/sync'
20:08:00.143 [AsyncHttpClient-1-2] DEBUG o.a.netty.handler.HttpHandler - 

Request DefaultHttpRequest(decodeResult: success, version: HTTP/1.1)
POST /session/335235c0d12ef8d11a67a6a8efe4f74a/execute/sync HTTP/1.1
User-Agent: selenium/4.1.4 (java windows)
Content-Length: 47340
Content-Type: application/json; charset=utf-8
host: localhost:49214
accept: */*

Response DefaultHttpResponse(decodeResult: success, version: HTTP/1.1)
HTTP/1.1 200 OK
Content-Type: application/json; charset=utf-8
cache-control: no-cache
content-length: 23

20:08:00.143 [AsyncHttpClient-1-2] DEBUG o.a.netty.channel.ChannelManager - Adding key: http://localhost:49214 for channel [id: 0x4ab95111, L:/127.0.0.1:53689 - R:localhost/127.0.0.1:49214]
20:08:00.145 [Forwarding findElement on session 335235c0d12ef8d11a67a6a8efe4f74a to remote] DEBUG o.a.netty.request.NettyRequestSender - Using pooled Channel '[id: 0x4ab95111, L:/127.0.0.1:53689 - R:localhost/127.0.0.1:49214]' for 'POST' to 'http://localhost:49214/session/335235c0d12ef8d11a67a6a8efe4f74a/element'
20:08:00.145 [Forwarding findElement on session 335235c0d12ef8d11a67a6a8efe4f74a to remote] DEBUG o.a.netty.request.NettyRequestSender - Using open Channel [id: 0x4ab95111, L:/127.0.0.1:53689 - R:localhost/127.0.0.1:49214] for POST '/session/335235c0d12ef8d11a67a6a8efe4f74a/element'
20:08:00.154 [AsyncHttpClient-1-2] DEBUG o.a.netty.handler.HttpHandler - 

Request DefaultHttpRequest(decodeResult: success, version: HTTP/1.1)
POST /session/335235c0d12ef8d11a67a6a8efe4f74a/element HTTP/1.1
User-Agent: selenium/4.1.4 (java windows)
Content-Length: 60
Content-Type: application/json; charset=utf-8
host: localhost:49214
accept: */*

Response DefaultHttpResponse(decodeResult: success, version: HTTP/1.1)
HTTP/1.1 200 OK
Content-Type: application/json; charset=utf-8
cache-control: no-cache
content-length: 88

20:08:00.155 [AsyncHttpClient-1-2] DEBUG o.a.netty.channel.ChannelManager - Adding key: http://localhost:49214 for channel [id: 0x4ab95111, L:/127.0.0.1:53689 - R:localhost/127.0.0.1:49214]
20:08:00.157 [Forwarding getElementAttribute on session 335235c0d12ef8d11a67a6a8efe4f74a to remote] DEBUG o.a.netty.request.NettyRequestSender - Using pooled Channel '[id: 0x4ab95111, L:/127.0.0.1:53689 - R:localhost/127.0.0.1:49214]' for 'POST' to 'http://localhost:49214/session/335235c0d12ef8d11a67a6a8efe4f74a/execute/sync'
20:08:00.157 [Forwarding getElementAttribute on session 335235c0d12ef8d11a67a6a8efe4f74a to remote] DEBUG o.a.netty.request.NettyRequestSender - Using open Channel [id: 0x4ab95111, L:/127.0.0.1:53689 - R:localhost/127.0.0.1:49214] for POST '/session/335235c0d12ef8d11a67a6a8efe4f74a/execute/sync'
20:08:00.165 [AsyncHttpClient-1-2] DEBUG o.a.netty.handler.HttpHandler - 

Request DefaultHttpRequest(decodeResult: success, version: HTTP/1.1)
POST /session/335235c0d12ef8d11a67a6a8efe4f74a/execute/sync HTTP/1.1
User-Agent: selenium/4.1.4 (java windows)
Content-Length: 47340
Content-Type: application/json; charset=utf-8
host: localhost:49214
accept: */*

Response DefaultHttpResponse(decodeResult: success, version: HTTP/1.1)
HTTP/1.1 200 OK
Content-Type: application/json; charset=utf-8
cache-control: no-cache
content-length: 12

20:08:00.165 [AsyncHttpClient-1-2] DEBUG o.a.netty.channel.ChannelManager - Adding key: http://localhost:49214 for channel [id: 0x4ab95111, L:/127.0.0.1:53689 - R:localhost/127.0.0.1:49214]
20:08:00.166 [Forwarding findElement on session 335235c0d12ef8d11a67a6a8efe4f74a to remote] DEBUG o.a.netty.request.NettyRequestSender - Using pooled Channel '[id: 0x4ab95111, L:/127.0.0.1:53689 - R:localhost/127.0.0.1:49214]' for 'POST' to 'http://localhost:49214/session/335235c0d12ef8d11a67a6a8efe4f74a/element'
20:08:00.166 [Forwarding findElement on session 335235c0d12ef8d11a67a6a8efe4f74a to remote] DEBUG o.a.netty.request.NettyRequestSender - Using open Channel [id: 0x4ab95111, L:/127.0.0.1:53689 - R:localhost/127.0.0.1:49214] for POST '/session/335235c0d12ef8d11a67a6a8efe4f74a/element'
20:08:00.174 [AsyncHttpClient-1-2] DEBUG o.a.netty.handler.HttpHandler - 

Request DefaultHttpRequest(decodeResult: success, version: HTTP/1.1)
POST /session/335235c0d12ef8d11a67a6a8efe4f74a/element HTTP/1.1
User-Agent: selenium/4.1.4 (java windows)
Content-Length: 58
Content-Type: application/json; charset=utf-8
host: localhost:49214
accept: */*

Response DefaultHttpResponse(decodeResult: success, version: HTTP/1.1)
HTTP/1.1 200 OK
Content-Type: application/json; charset=utf-8
cache-control: no-cache
content-length: 88

20:08:00.175 [AsyncHttpClient-1-2] DEBUG o.a.netty.channel.ChannelManager - Adding key: http://localhost:49214 for channel [id: 0x4ab95111, L:/127.0.0.1:53689 - R:localhost/127.0.0.1:49214]
20:08:00.178 [Forwarding getElementAttribute on session 335235c0d12ef8d11a67a6a8efe4f74a to remote] DEBUG o.a.netty.request.NettyRequestSender - Using pooled Channel '[id: 0x4ab95111, L:/127.0.0.1:53689 - R:localhost/127.0.0.1:49214]' for 'POST' to 'http://localhost:49214/session/335235c0d12ef8d11a67a6a8efe4f74a/execute/sync'
20:08:00.178 [Forwarding getElementAttribute on session 335235c0d12ef8d11a67a6a8efe4f74a to remote] DEBUG o.a.netty.request.NettyRequestSender - Using open Channel [id: 0x4ab95111, L:/127.0.0.1:53689 - R:localhost/127.0.0.1:49214] for POST '/session/335235c0d12ef8d11a67a6a8efe4f74a/execute/sync'
20:08:00.186 [AsyncHttpClient-1-2] DEBUG o.a.netty.handler.HttpHandler - 

Request DefaultHttpRequest(decodeResult: success, version: HTTP/1.1)
POST /session/335235c0d12ef8d11a67a6a8efe4f74a/execute/sync HTTP/1.1
User-Agent: selenium/4.1.4 (java windows)
Content-Length: 47340
Content-Type: application/json; charset=utf-8
host: localhost:49214
accept: */*

Response DefaultHttpResponse(decodeResult: success, version: HTTP/1.1)
HTTP/1.1 200 OK
Content-Type: application/json; charset=utf-8
cache-control: no-cache
content-length: 12

20:08:00.186 [AsyncHttpClient-1-2] DEBUG o.a.netty.channel.ChannelManager - Adding key: http://localhost:49214 for channel [id: 0x4ab95111, L:/127.0.0.1:53689 - R:localhost/127.0.0.1:49214]
20:08:00.187 [Forwarding findElement on session 335235c0d12ef8d11a67a6a8efe4f74a to remote] DEBUG o.a.netty.request.NettyRequestSender - Using pooled Channel '[id: 0x4ab95111, L:/127.0.0.1:53689 - R:localhost/127.0.0.1:49214]' for 'POST' to 'http://localhost:49214/session/335235c0d12ef8d11a67a6a8efe4f74a/element'
20:08:00.188 [Forwarding findElement on session 335235c0d12ef8d11a67a6a8efe4f74a to remote] DEBUG o.a.netty.request.NettyRequestSender - Using open Channel [id: 0x4ab95111, L:/127.0.0.1:53689 - R:localhost/127.0.0.1:49214] for POST '/session/335235c0d12ef8d11a67a6a8efe4f74a/element'
20:08:00.193 [AsyncHttpClient-1-2] DEBUG o.a.netty.handler.HttpHandler - 

Request DefaultHttpRequest(decodeResult: success, version: HTTP/1.1)
POST /session/335235c0d12ef8d11a67a6a8efe4f74a/element HTTP/1.1
User-Agent: selenium/4.1.4 (java windows)
Content-Length: 59
Content-Type: application/json; charset=utf-8
host: localhost:49214
accept: */*

Response DefaultHttpResponse(decodeResult: success, version: HTTP/1.1)
HTTP/1.1 200 OK
Content-Type: application/json; charset=utf-8
cache-control: no-cache
content-length: 88

20:08:00.193 [AsyncHttpClient-1-2] DEBUG o.a.netty.channel.ChannelManager - Adding key: http://localhost:49214 for channel [id: 0x4ab95111, L:/127.0.0.1:53689 - R:localhost/127.0.0.1:49214]
20:08:00.197 [Forwarding getElementAttribute on session 335235c0d12ef8d11a67a6a8efe4f74a to remote] DEBUG o.a.netty.request.NettyRequestSender - Using pooled Channel '[id: 0x4ab95111, L:/127.0.0.1:53689 - R:localhost/127.0.0.1:49214]' for 'POST' to 'http://localhost:49214/session/335235c0d12ef8d11a67a6a8efe4f74a/execute/sync'
20:08:00.197 [Forwarding getElementAttribute on session 335235c0d12ef8d11a67a6a8efe4f74a to remote] DEBUG o.a.netty.request.NettyRequestSender - Using open Channel [id: 0x4ab95111, L:/127.0.0.1:53689 - R:localhost/127.0.0.1:49214] for POST '/session/335235c0d12ef8d11a67a6a8efe4f74a/execute/sync'
20:08:00.206 [AsyncHttpClient-1-2] DEBUG o.a.netty.handler.HttpHandler - 

Request DefaultHttpRequest(decodeResult: success, version: HTTP/1.1)
POST /session/335235c0d12ef8d11a67a6a8efe4f74a/execute/sync HTTP/1.1
User-Agent: selenium/4.1.4 (java windows)
Content-Length: 47340
Content-Type: application/json; charset=utf-8
host: localhost:49214
accept: */*

Response DefaultHttpResponse(decodeResult: success, version: HTTP/1.1)
HTTP/1.1 200 OK
Content-Type: application/json; charset=utf-8
cache-control: no-cache
content-length: 19

20:08:00.206 [AsyncHttpClient-1-2] DEBUG o.a.netty.channel.ChannelManager - Adding key: http://localhost:49214 for channel [id: 0x4ab95111, L:/127.0.0.1:53689 - R:localhost/127.0.0.1:49214]
20:08:00.207 [Forwarding findElement on session 335235c0d12ef8d11a67a6a8efe4f74a to remote] DEBUG o.a.netty.request.NettyRequestSender - Using pooled Channel '[id: 0x4ab95111, L:/127.0.0.1:53689 - R:localhost/127.0.0.1:49214]' for 'POST' to 'http://localhost:49214/session/335235c0d12ef8d11a67a6a8efe4f74a/element'
20:08:00.207 [Forwarding findElement on session 335235c0d12ef8d11a67a6a8efe4f74a to remote] DEBUG o.a.netty.request.NettyRequestSender - Using open Channel [id: 0x4ab95111, L:/127.0.0.1:53689 - R:localhost/127.0.0.1:49214] for POST '/session/335235c0d12ef8d11a67a6a8efe4f74a/element'
20:08:00.218 [AsyncHttpClient-1-2] DEBUG o.a.netty.handler.HttpHandler - 

Request DefaultHttpRequest(decodeResult: success, version: HTTP/1.1)
POST /session/335235c0d12ef8d11a67a6a8efe4f74a/element HTTP/1.1
User-Agent: selenium/4.1.4 (java windows)
Content-Length: 60
Content-Type: application/json; charset=utf-8
host: localhost:49214
accept: */*

Response DefaultHttpResponse(decodeResult: success, version: HTTP/1.1)
HTTP/1.1 200 OK
Content-Type: application/json; charset=utf-8
cache-control: no-cache
content-length: 88

20:08:00.218 [AsyncHttpClient-1-2] DEBUG o.a.netty.channel.ChannelManager - Adding key: http://localhost:49214 for channel [id: 0x4ab95111, L:/127.0.0.1:53689 - R:localhost/127.0.0.1:49214]
20:08:00.221 [Forwarding getElementAttribute on session 335235c0d12ef8d11a67a6a8efe4f74a to remote] DEBUG o.a.netty.request.NettyRequestSender - Using pooled Channel '[id: 0x4ab95111, L:/127.0.0.1:53689 - R:localhost/127.0.0.1:49214]' for 'POST' to 'http://localhost:49214/session/335235c0d12ef8d11a67a6a8efe4f74a/execute/sync'
20:08:00.221 [Forwarding getElementAttribute on session 335235c0d12ef8d11a67a6a8efe4f74a to remote] DEBUG o.a.netty.request.NettyRequestSender - Using open Channel [id: 0x4ab95111, L:/127.0.0.1:53689 - R:localhost/127.0.0.1:49214] for POST '/session/335235c0d12ef8d11a67a6a8efe4f74a/execute/sync'
20:08:00.231 [AsyncHttpClient-1-2] DEBUG o.a.netty.handler.HttpHandler - 

Request DefaultHttpRequest(decodeResult: success, version: HTTP/1.1)
POST /session/335235c0d12ef8d11a67a6a8efe4f74a/execute/sync HTTP/1.1
User-Agent: selenium/4.1.4 (java windows)
Content-Length: 47340
Content-Type: application/json; charset=utf-8
host: localhost:49214
accept: */*

Response DefaultHttpResponse(decodeResult: success, version: HTTP/1.1)
HTTP/1.1 200 OK
Content-Type: application/json; charset=utf-8
cache-control: no-cache
content-length: 12

20:08:00.231 [AsyncHttpClient-1-2] DEBUG o.a.netty.channel.ChannelManager - Adding key: http://localhost:49214 for channel [id: 0x4ab95111, L:/127.0.0.1:53689 - R:localhost/127.0.0.1:49214]
20:08:00.232 [Forwarding findElement on session 335235c0d12ef8d11a67a6a8efe4f74a to remote] DEBUG o.a.netty.request.NettyRequestSender - Using pooled Channel '[id: 0x4ab95111, L:/127.0.0.1:53689 - R:localhost/127.0.0.1:49214]' for 'POST' to 'http://localhost:49214/session/335235c0d12ef8d11a67a6a8efe4f74a/element'
20:08:00.232 [Forwarding findElement on session 335235c0d12ef8d11a67a6a8efe4f74a to remote] DEBUG o.a.netty.request.NettyRequestSender - Using open Channel [id: 0x4ab95111, L:/127.0.0.1:53689 - R:localhost/127.0.0.1:49214] for POST '/session/335235c0d12ef8d11a67a6a8efe4f74a/element'
20:08:00.242 [AsyncHttpClient-1-2] DEBUG o.a.netty.handler.HttpHandler - 

Request DefaultHttpRequest(decodeResult: success, version: HTTP/1.1)
POST /session/335235c0d12ef8d11a67a6a8efe4f74a/element HTTP/1.1
User-Agent: selenium/4.1.4 (java windows)
Content-Length: 60
Content-Type: application/json; charset=utf-8
host: localhost:49214
accept: */*

Response DefaultHttpResponse(decodeResult: success, version: HTTP/1.1)
HTTP/1.1 200 OK
Content-Type: application/json; charset=utf-8
cache-control: no-cache
content-length: 88

20:08:00.242 [AsyncHttpClient-1-2] DEBUG o.a.netty.channel.ChannelManager - Adding key: http://localhost:49214 for channel [id: 0x4ab95111, L:/127.0.0.1:53689 - R:localhost/127.0.0.1:49214]
20:08:00.245 [Forwarding getElementAttribute on session 335235c0d12ef8d11a67a6a8efe4f74a to remote] DEBUG o.a.netty.request.NettyRequestSender - Using pooled Channel '[id: 0x4ab95111, L:/127.0.0.1:53689 - R:localhost/127.0.0.1:49214]' for 'POST' to 'http://localhost:49214/session/335235c0d12ef8d11a67a6a8efe4f74a/execute/sync'
20:08:00.245 [Forwarding getElementAttribute on session 335235c0d12ef8d11a67a6a8efe4f74a to remote] DEBUG o.a.netty.request.NettyRequestSender - Using open Channel [id: 0x4ab95111, L:/127.0.0.1:53689 - R:localhost/127.0.0.1:49214] for POST '/session/335235c0d12ef8d11a67a6a8efe4f74a/execute/sync'
20:08:00.254 [AsyncHttpClient-1-2] DEBUG o.a.netty.handler.HttpHandler - 

Request DefaultHttpRequest(decodeResult: success, version: HTTP/1.1)
POST /session/335235c0d12ef8d11a67a6a8efe4f74a/execute/sync HTTP/1.1
User-Agent: selenium/4.1.4 (java windows)
Content-Length: 47340
Content-Type: application/json; charset=utf-8
host: localhost:49214
accept: */*

Response DefaultHttpResponse(decodeResult: success, version: HTTP/1.1)
HTTP/1.1 200 OK
Content-Type: application/json; charset=utf-8
cache-control: no-cache
content-length: 12

20:08:00.254 [AsyncHttpClient-1-2] DEBUG o.a.netty.channel.ChannelManager - Adding key: http://localhost:49214 for channel [id: 0x4ab95111, L:/127.0.0.1:53689 - R:localhost/127.0.0.1:49214]
20:08:00.255 [Forwarding findElement on session 335235c0d12ef8d11a67a6a8efe4f74a to remote] DEBUG o.a.netty.request.NettyRequestSender - Using pooled Channel '[id: 0x4ab95111, L:/127.0.0.1:53689 - R:localhost/127.0.0.1:49214]' for 'POST' to 'http://localhost:49214/session/335235c0d12ef8d11a67a6a8efe4f74a/element'
20:08:00.255 [Forwarding findElement on session 335235c0d12ef8d11a67a6a8efe4f74a to remote] DEBUG o.a.netty.request.NettyRequestSender - Using open Channel [id: 0x4ab95111, L:/127.0.0.1:53689 - R:localhost/127.0.0.1:49214] for POST '/session/335235c0d12ef8d11a67a6a8efe4f74a/element'
20:08:00.265 [AsyncHttpClient-1-2] DEBUG o.a.netty.handler.HttpHandler - 

Request DefaultHttpRequest(decodeResult: success, version: HTTP/1.1)
POST /session/335235c0d12ef8d11a67a6a8efe4f74a/element HTTP/1.1
User-Agent: selenium/4.1.4 (java windows)
Content-Length: 61
Content-Type: application/json; charset=utf-8
host: localhost:49214
accept: */*

Response DefaultHttpResponse(decodeResult: success, version: HTTP/1.1)
HTTP/1.1 200 OK
Content-Type: application/json; charset=utf-8
cache-control: no-cache
content-length: 88

20:08:00.266 [AsyncHttpClient-1-2] DEBUG o.a.netty.channel.ChannelManager - Adding key: http://localhost:49214 for channel [id: 0x4ab95111, L:/127.0.0.1:53689 - R:localhost/127.0.0.1:49214]
20:08:00.270 [Forwarding getElementAttribute on session 335235c0d12ef8d11a67a6a8efe4f74a to remote] DEBUG o.a.netty.request.NettyRequestSender - Using pooled Channel '[id: 0x4ab95111, L:/127.0.0.1:53689 - R:localhost/127.0.0.1:49214]' for 'POST' to 'http://localhost:49214/session/335235c0d12ef8d11a67a6a8efe4f74a/execute/sync'
20:08:00.270 [Forwarding getElementAttribute on session 335235c0d12ef8d11a67a6a8efe4f74a to remote] DEBUG o.a.netty.request.NettyRequestSender - Using open Channel [id: 0x4ab95111, L:/127.0.0.1:53689 - R:localhost/127.0.0.1:49214] for POST '/session/335235c0d12ef8d11a67a6a8efe4f74a/execute/sync'
20:08:00.287 [AsyncHttpClient-1-2] DEBUG o.a.netty.handler.HttpHandler - 

Request DefaultHttpRequest(decodeResult: success, version: HTTP/1.1)
POST /session/335235c0d12ef8d11a67a6a8efe4f74a/execute/sync HTTP/1.1
User-Agent: selenium/4.1.4 (java windows)
Content-Length: 47340
Content-Type: application/json; charset=utf-8
host: localhost:49214
accept: */*

Response DefaultHttpResponse(decodeResult: success, version: HTTP/1.1)
HTTP/1.1 200 OK
Content-Type: application/json; charset=utf-8
cache-control: no-cache
content-length: 23

20:08:00.288 [AsyncHttpClient-1-2] DEBUG o.a.netty.channel.ChannelManager - Adding key: http://localhost:49214 for channel [id: 0x4ab95111, L:/127.0.0.1:53689 - R:localhost/127.0.0.1:49214]
20:08:00.289 [Forwarding findElement on session 335235c0d12ef8d11a67a6a8efe4f74a to remote] DEBUG o.a.netty.request.NettyRequestSender - Using pooled Channel '[id: 0x4ab95111, L:/127.0.0.1:53689 - R:localhost/127.0.0.1:49214]' for 'POST' to 'http://localhost:49214/session/335235c0d12ef8d11a67a6a8efe4f74a/element'
20:08:00.289 [Forwarding findElement on session 335235c0d12ef8d11a67a6a8efe4f74a to remote] DEBUG o.a.netty.request.NettyRequestSender - Using open Channel [id: 0x4ab95111, L:/127.0.0.1:53689 - R:localhost/127.0.0.1:49214] for POST '/session/335235c0d12ef8d11a67a6a8efe4f74a/element'
20:08:00.302 [AsyncHttpClient-1-2] DEBUG o.a.netty.handler.HttpHandler - 

Request DefaultHttpRequest(decodeResult: success, version: HTTP/1.1)
POST /session/335235c0d12ef8d11a67a6a8efe4f74a/element HTTP/1.1
User-Agent: selenium/4.1.4 (java windows)
Content-Length: 62
Content-Type: application/json; charset=utf-8
host: localhost:49214
accept: */*

Response DefaultHttpResponse(decodeResult: success, version: HTTP/1.1)
HTTP/1.1 200 OK
Content-Type: application/json; charset=utf-8
cache-control: no-cache
content-length: 88

20:08:00.302 [AsyncHttpClient-1-2] DEBUG o.a.netty.channel.ChannelManager - Adding key: http://localhost:49214 for channel [id: 0x4ab95111, L:/127.0.0.1:53689 - R:localhost/127.0.0.1:49214]
20:08:00.305 [Forwarding getElementAttribute on session 335235c0d12ef8d11a67a6a8efe4f74a to remote] DEBUG o.a.netty.request.NettyRequestSender - Using pooled Channel '[id: 0x4ab95111, L:/127.0.0.1:53689 - R:localhost/127.0.0.1:49214]' for 'POST' to 'http://localhost:49214/session/335235c0d12ef8d11a67a6a8efe4f74a/execute/sync'
20:08:00.305 [Forwarding getElementAttribute on session 335235c0d12ef8d11a67a6a8efe4f74a to remote] DEBUG o.a.netty.request.NettyRequestSender - Using open Channel [id: 0x4ab95111, L:/127.0.0.1:53689 - R:localhost/127.0.0.1:49214] for POST '/session/335235c0d12ef8d11a67a6a8efe4f74a/execute/sync'
20:08:00.319 [AsyncHttpClient-1-2] DEBUG o.a.netty.handler.HttpHandler - 

Request DefaultHttpRequest(decodeResult: success, version: HTTP/1.1)
POST /session/335235c0d12ef8d11a67a6a8efe4f74a/execute/sync HTTP/1.1
User-Agent: selenium/4.1.4 (java windows)
Content-Length: 47340
Content-Type: application/json; charset=utf-8
host: localhost:49214
accept: */*

Response DefaultHttpResponse(decodeResult: success, version: HTTP/1.1)
HTTP/1.1 200 OK
Content-Type: application/json; charset=utf-8
cache-control: no-cache
content-length: 12

20:08:00.319 [AsyncHttpClient-1-2] DEBUG o.a.netty.channel.ChannelManager - Adding key: http://localhost:49214 for channel [id: 0x4ab95111, L:/127.0.0.1:53689 - R:localhost/127.0.0.1:49214]
20:08:00.321 [Forwarding goBack on session 335235c0d12ef8d11a67a6a8efe4f74a to remote] DEBUG o.a.netty.request.NettyRequestSender - Using pooled Channel '[id: 0x4ab95111, L:/127.0.0.1:53689 - R:localhost/127.0.0.1:49214]' for 'POST' to 'http://localhost:49214/session/335235c0d12ef8d11a67a6a8efe4f74a/back'
20:08:00.322 [Forwarding goBack on session 335235c0d12ef8d11a67a6a8efe4f74a to remote] DEBUG o.a.netty.request.NettyRequestSender - Using open Channel [id: 0x4ab95111, L:/127.0.0.1:53689 - R:localhost/127.0.0.1:49214] for POST '/session/335235c0d12ef8d11a67a6a8efe4f74a/back'
20:08:00.426 [AsyncHttpClient-1-2] DEBUG o.a.netty.handler.HttpHandler - 

Request DefaultHttpRequest(decodeResult: success, version: HTTP/1.1)
POST /session/335235c0d12ef8d11a67a6a8efe4f74a/back HTTP/1.1
User-Agent: selenium/4.1.4 (java windows)
Content-Length: 3
Content-Type: application/json; charset=utf-8
host: localhost:49214
accept: */*

Response DefaultHttpResponse(decodeResult: success, version: HTTP/1.1)
HTTP/1.1 200 OK
Content-Type: application/json; charset=utf-8
cache-control: no-cache
content-length: 14

20:08:00.426 [AsyncHttpClient-1-2] DEBUG o.a.netty.channel.ChannelManager - Adding key: http://localhost:49214 for channel [id: 0x4ab95111, L:/127.0.0.1:53689 - R:localhost/127.0.0.1:49214]
]]></system-out>
  <system-err><![CDATA[]]></system-err>
</testsuite>
