<?xml version="1.0" encoding="UTF-8"?>
<testsuite name="ru.stqa.pft.addressbook.tests.GroupDeletionTests" tests="1" skipped="0" failures="0" errors="0" timestamp="2022-06-27T17:08:06" hostname="ASUS-VIVOBOOKPR" time="0.375">
  <properties/>
  <testcase name="testGroupDeletion" classname="ru.stqa.pft.addressbook.tests.GroupDeletionTests" time="0.375"/>
  <system-out><![CDATA[20:08:06.824 [Test worker] DEBUG o.h.e.t.internal.TransactionImpl - On TransactionImpl creation, JpaCompliance#isJpaTransactionComplianceEnabled == false
20:08:06.824 [Test worker] DEBUG o.h.e.t.internal.TransactionImpl - begin
20:08:06.825 [Test worker] DEBUG org.hibernate.SQL - select groupdata0_.group_id as group_id1_2_, groupdata0_.group_footer as group_fo2_2_, groupdata0_.group_header as group_he3_2_, groupdata0_.group_name as group_na4_2_ from group_list groupdata0_
Hibernate: select groupdata0_.group_id as group_id1_2_, groupdata0_.group_footer as group_fo2_2_, groupdata0_.group_header as group_he3_2_, groupdata0_.group_name as group_na4_2_ from group_list groupdata0_
20:08:06.826 [Test worker] DEBUG org.hibernate.loader.Loader - Result set row: 0
20:08:06.826 [Test worker] DEBUG org.hibernate.loader.Loader - Result row: EntityKey[ru.stqa.pft.addressbook.model.GroupData#119]
20:08:06.826 [Test worker] DEBUG org.hibernate.loader.Loader - Result set row: 1
20:08:06.826 [Test worker] DEBUG org.hibernate.loader.Loader - Result row: EntityKey[ru.stqa.pft.addressbook.model.GroupData#120]
20:08:06.826 [Test worker] DEBUG org.hibernate.loader.Loader - Result set row: 2
20:08:06.826 [Test worker] DEBUG org.hibernate.loader.Loader - Result row: EntityKey[ru.stqa.pft.addressbook.model.GroupData#122]
20:08:06.826 [Test worker] DEBUG org.hibernate.loader.Loader - Result set row: 3
20:08:06.826 [Test worker] DEBUG org.hibernate.loader.Loader - Result row: EntityKey[ru.stqa.pft.addressbook.model.GroupData#123]
20:08:06.826 [Test worker] DEBUG org.hibernate.loader.Loader - Result set row: 4
20:08:06.826 [Test worker] DEBUG org.hibernate.loader.Loader - Result row: EntityKey[ru.stqa.pft.addressbook.model.GroupData#124]
20:08:06.826 [Test worker] DEBUG org.hibernate.loader.Loader - Result set row: 5
20:08:06.826 [Test worker] DEBUG org.hibernate.loader.Loader - Result row: EntityKey[ru.stqa.pft.addressbook.model.GroupData#125]
20:08:06.826 [Test worker] DEBUG org.hibernate.loader.Loader - Result set row: 6
20:08:06.826 [Test worker] DEBUG org.hibernate.loader.Loader - Result row: EntityKey[ru.stqa.pft.addressbook.model.GroupData#126]
20:08:06.827 [Test worker] DEBUG o.h.engine.internal.TwoPhaseLoad - Resolving attributes for [ru.stqa.pft.addressbook.model.GroupData#119]
20:08:06.827 [Test worker] DEBUG o.h.engine.internal.TwoPhaseLoad - Processing attribute `contacts` : value = NOT NULL COLLECTION
20:08:06.827 [Test worker] DEBUG o.h.engine.internal.TwoPhaseLoad - Attribute (`contacts`)  - enhanced for lazy-loading? - false
20:08:06.827 [Test worker] DEBUG o.h.engine.internal.TwoPhaseLoad - Processing attribute `footer` : value = new3
20:08:06.827 [Test worker] DEBUG o.h.engine.internal.TwoPhaseLoad - Attribute (`footer`)  - enhanced for lazy-loading? - false
20:08:06.827 [Test worker] DEBUG o.h.engine.internal.TwoPhaseLoad - Processing attribute `header` : value = new2
20:08:06.827 [Test worker] DEBUG o.h.engine.internal.TwoPhaseLoad - Attribute (`header`)  - enhanced for lazy-loading? - false
20:08:06.827 [Test worker] DEBUG o.h.engine.internal.TwoPhaseLoad - Processing attribute `name` : value = HsGyE4c
20:08:06.827 [Test worker] DEBUG o.h.engine.internal.TwoPhaseLoad - Attribute (`name`)  - enhanced for lazy-loading? - false
20:08:06.827 [Test worker] DEBUG o.h.engine.internal.TwoPhaseLoad - Done materializing entity [ru.stqa.pft.addressbook.model.GroupData#119]
20:08:06.827 [Test worker] DEBUG o.h.engine.internal.TwoPhaseLoad - Resolving attributes for [ru.stqa.pft.addressbook.model.GroupData#120]
20:08:06.827 [Test worker] DEBUG o.h.engine.internal.TwoPhaseLoad - Processing attribute `contacts` : value = NOT NULL COLLECTION
20:08:06.827 [Test worker] DEBUG o.h.engine.internal.TwoPhaseLoad - Attribute (`contacts`)  - enhanced for lazy-loading? - false
20:08:06.827 [Test worker] DEBUG o.h.engine.internal.TwoPhaseLoad - Processing attribute `footer` : value = new3
20:08:06.827 [Test worker] DEBUG o.h.engine.internal.TwoPhaseLoad - Attribute (`footer`)  - enhanced for lazy-loading? - false
20:08:06.827 [Test worker] DEBUG o.h.engine.internal.TwoPhaseLoad - Processing attribute `header` : value = new2
20:08:06.827 [Test worker] DEBUG o.h.engine.internal.TwoPhaseLoad - Attribute (`header`)  - enhanced for lazy-loading? - false
20:08:06.827 [Test worker] DEBUG o.h.engine.internal.TwoPhaseLoad - Processing attribute `name` : value = UyvfTeY
20:08:06.827 [Test worker] DEBUG o.h.engine.internal.TwoPhaseLoad - Attribute (`name`)  - enhanced for lazy-loading? - false
20:08:06.827 [Test worker] DEBUG o.h.engine.internal.TwoPhaseLoad - Done materializing entity [ru.stqa.pft.addressbook.model.GroupData#120]
20:08:06.827 [Test worker] DEBUG o.h.engine.internal.TwoPhaseLoad - Resolving attributes for [ru.stqa.pft.addressbook.model.GroupData#122]
20:08:06.827 [Test worker] DEBUG o.h.engine.internal.TwoPhaseLoad - Processing attribute `contacts` : value = NOT NULL COLLECTION
20:08:06.827 [Test worker] DEBUG o.h.engine.internal.TwoPhaseLoad - Attribute (`contacts`)  - enhanced for lazy-loading? - false
20:08:06.827 [Test worker] DEBUG o.h.engine.internal.TwoPhaseLoad - Processing attribute `footer` : value = test3
20:08:06.827 [Test worker] DEBUG o.h.engine.internal.TwoPhaseLoad - Attribute (`footer`)  - enhanced for lazy-loading? - false
20:08:06.827 [Test worker] DEBUG o.h.engine.internal.TwoPhaseLoad - Processing attribute `header` : value = test2
20:08:06.827 [Test worker] DEBUG o.h.engine.internal.TwoPhaseLoad - Attribute (`header`)  - enhanced for lazy-loading? - false
20:08:06.827 [Test worker] DEBUG o.h.engine.internal.TwoPhaseLoad - Processing attribute `name` : value = test1
20:08:06.827 [Test worker] DEBUG o.h.engine.internal.TwoPhaseLoad - Attribute (`name`)  - enhanced for lazy-loading? - false
20:08:06.827 [Test worker] DEBUG o.h.engine.internal.TwoPhaseLoad - Done materializing entity [ru.stqa.pft.addressbook.model.GroupData#122]
20:08:06.827 [Test worker] DEBUG o.h.engine.internal.TwoPhaseLoad - Resolving attributes for [ru.stqa.pft.addressbook.model.GroupData#123]
20:08:06.827 [Test worker] DEBUG o.h.engine.internal.TwoPhaseLoad - Processing attribute `contacts` : value = NOT NULL COLLECTION
20:08:06.827 [Test worker] DEBUG o.h.engine.internal.TwoPhaseLoad - Attribute (`contacts`)  - enhanced for lazy-loading? - false
20:08:06.827 [Test worker] DEBUG o.h.engine.internal.TwoPhaseLoad - Processing attribute `footer` : value = test footer 2
20:08:06.827 [Test worker] DEBUG o.h.engine.internal.TwoPhaseLoad - Attribute (`footer`)  - enhanced for lazy-loading? - false
20:08:06.827 [Test worker] DEBUG o.h.engine.internal.TwoPhaseLoad - Processing attribute `header` : value = test header 2
20:08:06.827 [Test worker] DEBUG o.h.engine.internal.TwoPhaseLoad - Attribute (`header`)  - enhanced for lazy-loading? - false
20:08:06.827 [Test worker] DEBUG o.h.engine.internal.TwoPhaseLoad - Processing attribute `name` : value = test name 2
20:08:06.827 [Test worker] DEBUG o.h.engine.internal.TwoPhaseLoad - Attribute (`name`)  - enhanced for lazy-loading? - false
20:08:06.827 [Test worker] DEBUG o.h.engine.internal.TwoPhaseLoad - Done materializing entity [ru.stqa.pft.addressbook.model.GroupData#123]
20:08:06.827 [Test worker] DEBUG o.h.engine.internal.TwoPhaseLoad - Resolving attributes for [ru.stqa.pft.addressbook.model.GroupData#124]
20:08:06.827 [Test worker] DEBUG o.h.engine.internal.TwoPhaseLoad - Processing attribute `contacts` : value = NOT NULL COLLECTION
20:08:06.827 [Test worker] DEBUG o.h.engine.internal.TwoPhaseLoad - Attribute (`contacts`)  - enhanced for lazy-loading? - false
20:08:06.827 [Test worker] DEBUG o.h.engine.internal.TwoPhaseLoad - Processing attribute `footer` : value = test footer 0
20:08:06.827 [Test worker] DEBUG o.h.engine.internal.TwoPhaseLoad - Attribute (`footer`)  - enhanced for lazy-loading? - false
20:08:06.827 [Test worker] DEBUG o.h.engine.internal.TwoPhaseLoad - Processing attribute `header` : value = test header 0
20:08:06.827 [Test worker] DEBUG o.h.engine.internal.TwoPhaseLoad - Attribute (`header`)  - enhanced for lazy-loading? - false
20:08:06.827 [Test worker] DEBUG o.h.engine.internal.TwoPhaseLoad - Processing attribute `name` : value = test name 0
20:08:06.827 [Test worker] DEBUG o.h.engine.internal.TwoPhaseLoad - Attribute (`name`)  - enhanced for lazy-loading? - false
20:08:06.827 [Test worker] DEBUG o.h.engine.internal.TwoPhaseLoad - Done materializing entity [ru.stqa.pft.addressbook.model.GroupData#124]
20:08:06.827 [Test worker] DEBUG o.h.engine.internal.TwoPhaseLoad - Resolving attributes for [ru.stqa.pft.addressbook.model.GroupData#125]
20:08:06.827 [Test worker] DEBUG o.h.engine.internal.TwoPhaseLoad - Processing attribute `contacts` : value = NOT NULL COLLECTION
20:08:06.827 [Test worker] DEBUG o.h.engine.internal.TwoPhaseLoad - Attribute (`contacts`)  - enhanced for lazy-loading? - false
20:08:06.827 [Test worker] DEBUG o.h.engine.internal.TwoPhaseLoad - Processing attribute `footer` : value = test footer 1
20:08:06.827 [Test worker] DEBUG o.h.engine.internal.TwoPhaseLoad - Attribute (`footer`)  - enhanced for lazy-loading? - false
20:08:06.827 [Test worker] DEBUG o.h.engine.internal.TwoPhaseLoad - Processing attribute `header` : value = test header 1
20:08:06.827 [Test worker] DEBUG o.h.engine.internal.TwoPhaseLoad - Attribute (`header`)  - enhanced for lazy-loading? - false
20:08:06.827 [Test worker] DEBUG o.h.engine.internal.TwoPhaseLoad - Processing attribute `name` : value = test name 1
20:08:06.827 [Test worker] DEBUG o.h.engine.internal.TwoPhaseLoad - Attribute (`name`)  - enhanced for lazy-loading? - false
20:08:06.827 [Test worker] DEBUG o.h.engine.internal.TwoPhaseLoad - Done materializing entity [ru.stqa.pft.addressbook.model.GroupData#125]
20:08:06.827 [Test worker] DEBUG o.h.engine.internal.TwoPhaseLoad - Resolving attributes for [ru.stqa.pft.addressbook.model.GroupData#126]
20:08:06.827 [Test worker] DEBUG o.h.engine.internal.TwoPhaseLoad - Processing attribute `contacts` : value = NOT NULL COLLECTION
20:08:06.827 [Test worker] DEBUG o.h.engine.internal.TwoPhaseLoad - Attribute (`contacts`)  - enhanced for lazy-loading? - false
20:08:06.827 [Test worker] DEBUG o.h.engine.internal.TwoPhaseLoad - Processing attribute `footer` : value = test footer 2
20:08:06.827 [Test worker] DEBUG o.h.engine.internal.TwoPhaseLoad - Attribute (`footer`)  - enhanced for lazy-loading? - false
20:08:06.827 [Test worker] DEBUG o.h.engine.internal.TwoPhaseLoad - Processing attribute `header` : value = test header 2
20:08:06.827 [Test worker] DEBUG o.h.engine.internal.TwoPhaseLoad - Attribute (`header`)  - enhanced for lazy-loading? - false
20:08:06.827 [Test worker] DEBUG o.h.engine.internal.TwoPhaseLoad - Processing attribute `name` : value = test name 2
20:08:06.827 [Test worker] DEBUG o.h.engine.internal.TwoPhaseLoad - Attribute (`name`)  - enhanced for lazy-loading? - false
20:08:06.827 [Test worker] DEBUG o.h.engine.internal.TwoPhaseLoad - Done materializing entity [ru.stqa.pft.addressbook.model.GroupData#126]
20:08:06.828 [Test worker] DEBUG o.h.e.t.internal.TransactionImpl - committing
20:08:06.828 [Test worker] DEBUG o.h.e.i.AbstractFlushingEventListener - Processing flush-time cascades
20:08:06.828 [Test worker] DEBUG o.h.e.i.AbstractFlushingEventListener - Dirty checking collections
20:08:06.828 [Test worker] DEBUG o.h.engine.internal.Collections - Collection found: [ru.stqa.pft.addressbook.model.GroupData.contacts#119], was: [ru.stqa.pft.addressbook.model.GroupData.contacts#119] (uninitialized)
20:08:06.828 [Test worker] DEBUG o.h.engine.internal.Collections - Collection found: [ru.stqa.pft.addressbook.model.GroupData.contacts#120], was: [ru.stqa.pft.addressbook.model.GroupData.contacts#120] (uninitialized)
20:08:06.828 [Test worker] DEBUG o.h.engine.internal.Collections - Collection found: [ru.stqa.pft.addressbook.model.GroupData.contacts#122], was: [ru.stqa.pft.addressbook.model.GroupData.contacts#122] (uninitialized)
20:08:06.828 [Test worker] DEBUG o.h.engine.internal.Collections - Collection found: [ru.stqa.pft.addressbook.model.GroupData.contacts#123], was: [ru.stqa.pft.addressbook.model.GroupData.contacts#123] (uninitialized)
20:08:06.828 [Test worker] DEBUG o.h.engine.internal.Collections - Collection found: [ru.stqa.pft.addressbook.model.GroupData.contacts#124], was: [ru.stqa.pft.addressbook.model.GroupData.contacts#124] (uninitialized)
20:08:06.828 [Test worker] DEBUG o.h.engine.internal.Collections - Collection found: [ru.stqa.pft.addressbook.model.GroupData.contacts#125], was: [ru.stqa.pft.addressbook.model.GroupData.contacts#125] (uninitialized)
20:08:06.828 [Test worker] DEBUG o.h.engine.internal.Collections - Collection found: [ru.stqa.pft.addressbook.model.GroupData.contacts#126], was: [ru.stqa.pft.addressbook.model.GroupData.contacts#126] (uninitialized)
20:08:06.828 [Test worker] DEBUG o.h.e.i.AbstractFlushingEventListener - Flushed: 0 insertions, 0 updates, 0 deletions to 7 objects
20:08:06.828 [Test worker] DEBUG o.h.e.i.AbstractFlushingEventListener - Flushed: 0 (re)creations, 0 updates, 0 removals to 7 collections
20:08:06.828 [Test worker] DEBUG o.h.internal.util.EntityPrinter - Listing entities:
20:08:06.828 [Test worker] DEBUG o.h.internal.util.EntityPrinter - ru.stqa.pft.addressbook.model.GroupData{footer=test footer 2, name=test name 2, header=test header 2, id=126, contacts=<uninitialized>}
20:08:06.828 [Test worker] DEBUG o.h.internal.util.EntityPrinter - ru.stqa.pft.addressbook.model.GroupData{footer=test footer 0, name=test name 0, header=test header 0, id=124, contacts=<uninitialized>}
20:08:06.828 [Test worker] DEBUG o.h.internal.util.EntityPrinter - ru.stqa.pft.addressbook.model.GroupData{footer=test footer 1, name=test name 1, header=test header 1, id=125, contacts=<uninitialized>}
20:08:06.828 [Test worker] DEBUG o.h.internal.util.EntityPrinter - ru.stqa.pft.addressbook.model.GroupData{footer=test3, name=test1, header=test2, id=122, contacts=<uninitialized>}
20:08:06.828 [Test worker] DEBUG o.h.internal.util.EntityPrinter - ru.stqa.pft.addressbook.model.GroupData{footer=test footer 2, name=test name 2, header=test header 2, id=123, contacts=<uninitialized>}
20:08:06.828 [Test worker] DEBUG o.h.internal.util.EntityPrinter - ru.stqa.pft.addressbook.model.GroupData{footer=new3, name=UyvfTeY, header=new2, id=120, contacts=<uninitialized>}
20:08:06.828 [Test worker] DEBUG o.h.internal.util.EntityPrinter - ru.stqa.pft.addressbook.model.GroupData{footer=new3, name=HsGyE4c, header=new2, id=119, contacts=<uninitialized>}
20:08:06.828 [Test worker] DEBUG o.h.r.j.i.LogicalConnectionManagedImpl - Initiating JDBC connection release from afterTransaction
20:08:06.829 [Test worker] DEBUG o.h.r.j.i.LogicalConnectionManagedImpl - Initiating JDBC connection release from afterTransaction
20:08:06.829 [Forwarding findElement on session 335235c0d12ef8d11a67a6a8efe4f74a to remote] DEBUG o.a.netty.request.NettyRequestSender - Using pooled Channel '[id: 0x4ab95111, L:/127.0.0.1:53689 - R:localhost/127.0.0.1:49214]' for 'POST' to 'http://localhost:49214/session/335235c0d12ef8d11a67a6a8efe4f74a/element'
20:08:06.829 [Forwarding findElement on session 335235c0d12ef8d11a67a6a8efe4f74a to remote] DEBUG o.a.netty.request.NettyRequestSender - Using open Channel [id: 0x4ab95111, L:/127.0.0.1:53689 - R:localhost/127.0.0.1:49214] for POST '/session/335235c0d12ef8d11a67a6a8efe4f74a/element'
20:08:06.837 [AsyncHttpClient-1-2] DEBUG o.a.netty.handler.HttpHandler - 

Request DefaultHttpRequest(decodeResult: success, version: HTTP/1.1)
POST /session/335235c0d12ef8d11a67a6a8efe4f74a/element HTTP/1.1
User-Agent: selenium/4.1.4 (java windows)
Content-Length: 62
Content-Type: application/json; charset=utf-8
host: localhost:49214
accept: */*

Response DefaultHttpResponse(decodeResult: success, version: HTTP/1.1)
HTTP/1.1 200 OK
Content-Type: application/json; charset=utf-8
cache-control: no-cache
content-length: 88

20:08:06.837 [AsyncHttpClient-1-2] DEBUG o.a.netty.channel.ChannelManager - Adding key: http://localhost:49214 for channel [id: 0x4ab95111, L:/127.0.0.1:53689 - R:localhost/127.0.0.1:49214]
20:08:06.838 [Forwarding clickElement on session 335235c0d12ef8d11a67a6a8efe4f74a to remote] DEBUG o.a.netty.request.NettyRequestSender - Using pooled Channel '[id: 0x4ab95111, L:/127.0.0.1:53689 - R:localhost/127.0.0.1:49214]' for 'POST' to 'http://localhost:49214/session/335235c0d12ef8d11a67a6a8efe4f74a/element/d6697cae-2e53-4fdf-80f5-86c34f970390/click'
20:08:06.838 [Forwarding clickElement on session 335235c0d12ef8d11a67a6a8efe4f74a to remote] DEBUG o.a.netty.request.NettyRequestSender - Using open Channel [id: 0x4ab95111, L:/127.0.0.1:53689 - R:localhost/127.0.0.1:49214] for POST '/session/335235c0d12ef8d11a67a6a8efe4f74a/element/d6697cae-2e53-4fdf-80f5-86c34f970390/click'
20:08:06.871 [AsyncHttpClient-1-2] DEBUG o.a.netty.handler.HttpHandler - 

Request DefaultHttpRequest(decodeResult: success, version: HTTP/1.1)
POST /session/335235c0d12ef8d11a67a6a8efe4f74a/element/d6697cae-2e53-4fdf-80f5-86c34f970390/click HTTP/1.1
User-Agent: selenium/4.1.4 (java windows)
Content-Length: 50
Content-Type: application/json; charset=utf-8
host: localhost:49214
accept: */*

Response DefaultHttpResponse(decodeResult: success, version: HTTP/1.1)
HTTP/1.1 200 OK
Content-Type: application/json; charset=utf-8
cache-control: no-cache
content-length: 14

20:08:06.871 [AsyncHttpClient-1-2] DEBUG o.a.netty.channel.ChannelManager - Adding key: http://localhost:49214 for channel [id: 0x4ab95111, L:/127.0.0.1:53689 - R:localhost/127.0.0.1:49214]
20:08:06.871 [Forwarding findElement on session 335235c0d12ef8d11a67a6a8efe4f74a to remote] DEBUG o.a.netty.request.NettyRequestSender - Using pooled Channel '[id: 0x4ab95111, L:/127.0.0.1:53689 - R:localhost/127.0.0.1:49214]' for 'POST' to 'http://localhost:49214/session/335235c0d12ef8d11a67a6a8efe4f74a/element'
20:08:06.871 [Forwarding findElement on session 335235c0d12ef8d11a67a6a8efe4f74a to remote] DEBUG o.a.netty.request.NettyRequestSender - Using open Channel [id: 0x4ab95111, L:/127.0.0.1:53689 - R:localhost/127.0.0.1:49214] for POST '/session/335235c0d12ef8d11a67a6a8efe4f74a/element'
20:08:06.881 [AsyncHttpClient-1-2] DEBUG o.a.netty.handler.HttpHandler - 

Request DefaultHttpRequest(decodeResult: success, version: HTTP/1.1)
POST /session/335235c0d12ef8d11a67a6a8efe4f74a/element HTTP/1.1
User-Agent: selenium/4.1.4 (java windows)
Content-Length: 91
Content-Type: application/json; charset=utf-8
host: localhost:49214
accept: */*

Response DefaultHttpResponse(decodeResult: success, version: HTTP/1.1)
HTTP/1.1 200 OK
Content-Type: application/json; charset=utf-8
cache-control: no-cache
content-length: 88

20:08:06.881 [AsyncHttpClient-1-2] DEBUG o.a.netty.channel.ChannelManager - Adding key: http://localhost:49214 for channel [id: 0x4ab95111, L:/127.0.0.1:53689 - R:localhost/127.0.0.1:49214]
20:08:06.882 [Forwarding clickElement on session 335235c0d12ef8d11a67a6a8efe4f74a to remote] DEBUG o.a.netty.request.NettyRequestSender - Using pooled Channel '[id: 0x4ab95111, L:/127.0.0.1:53689 - R:localhost/127.0.0.1:49214]' for 'POST' to 'http://localhost:49214/session/335235c0d12ef8d11a67a6a8efe4f74a/element/7846bba5-ddef-40fc-954f-d193a473d9b8/click'
20:08:06.882 [Forwarding clickElement on session 335235c0d12ef8d11a67a6a8efe4f74a to remote] DEBUG o.a.netty.request.NettyRequestSender - Using open Channel [id: 0x4ab95111, L:/127.0.0.1:53689 - R:localhost/127.0.0.1:49214] for POST '/session/335235c0d12ef8d11a67a6a8efe4f74a/element/7846bba5-ddef-40fc-954f-d193a473d9b8/click'
20:08:07.023 [AsyncHttpClient-1-2] DEBUG o.a.netty.handler.HttpHandler - 

Request DefaultHttpRequest(decodeResult: success, version: HTTP/1.1)
POST /session/335235c0d12ef8d11a67a6a8efe4f74a/element/7846bba5-ddef-40fc-954f-d193a473d9b8/click HTTP/1.1
User-Agent: selenium/4.1.4 (java windows)
Content-Length: 50
Content-Type: application/json; charset=utf-8
host: localhost:49214
accept: */*

Response DefaultHttpResponse(decodeResult: success, version: HTTP/1.1)
HTTP/1.1 200 OK
Content-Type: application/json; charset=utf-8
cache-control: no-cache
content-length: 14

20:08:07.023 [AsyncHttpClient-1-2] DEBUG o.a.netty.channel.ChannelManager - Adding key: http://localhost:49214 for channel [id: 0x4ab95111, L:/127.0.0.1:53689 - R:localhost/127.0.0.1:49214]
20:08:07.024 [Forwarding findElement on session 335235c0d12ef8d11a67a6a8efe4f74a to remote] DEBUG o.a.netty.request.NettyRequestSender - Using pooled Channel '[id: 0x4ab95111, L:/127.0.0.1:53689 - R:localhost/127.0.0.1:49214]' for 'POST' to 'http://localhost:49214/session/335235c0d12ef8d11a67a6a8efe4f74a/element'
20:08:07.024 [Forwarding findElement on session 335235c0d12ef8d11a67a6a8efe4f74a to remote] DEBUG o.a.netty.request.NettyRequestSender - Using open Channel [id: 0x4ab95111, L:/127.0.0.1:53689 - R:localhost/127.0.0.1:49214] for POST '/session/335235c0d12ef8d11a67a6a8efe4f74a/element'
20:08:07.032 [AsyncHttpClient-1-2] DEBUG o.a.netty.handler.HttpHandler - 

Request DefaultHttpRequest(decodeResult: success, version: HTTP/1.1)
POST /session/335235c0d12ef8d11a67a6a8efe4f74a/element HTTP/1.1
User-Agent: selenium/4.1.4 (java windows)
Content-Length: 47
Content-Type: application/json; charset=utf-8
host: localhost:49214
accept: */*

Response DefaultHttpResponse(decodeResult: success, version: HTTP/1.1)
HTTP/1.1 200 OK
Content-Type: application/json; charset=utf-8
cache-control: no-cache
content-length: 88

20:08:07.032 [AsyncHttpClient-1-2] DEBUG o.a.netty.channel.ChannelManager - Adding key: http://localhost:49214 for channel [id: 0x4ab95111, L:/127.0.0.1:53689 - R:localhost/127.0.0.1:49214]
20:08:07.033 [Forwarding clickElement on session 335235c0d12ef8d11a67a6a8efe4f74a to remote] DEBUG o.a.netty.request.NettyRequestSender - Using pooled Channel '[id: 0x4ab95111, L:/127.0.0.1:53689 - R:localhost/127.0.0.1:49214]' for 'POST' to 'http://localhost:49214/session/335235c0d12ef8d11a67a6a8efe4f74a/element/886fe6b0-654a-4926-8dca-0f5ac3dbba22/click'
20:08:07.033 [Forwarding clickElement on session 335235c0d12ef8d11a67a6a8efe4f74a to remote] DEBUG o.a.netty.request.NettyRequestSender - Using open Channel [id: 0x4ab95111, L:/127.0.0.1:53689 - R:localhost/127.0.0.1:49214] for POST '/session/335235c0d12ef8d11a67a6a8efe4f74a/element/886fe6b0-654a-4926-8dca-0f5ac3dbba22/click'
20:08:07.169 [AsyncHttpClient-1-2] DEBUG o.a.netty.handler.HttpHandler - 

Request DefaultHttpRequest(decodeResult: success, version: HTTP/1.1)
POST /session/335235c0d12ef8d11a67a6a8efe4f74a/element/886fe6b0-654a-4926-8dca-0f5ac3dbba22/click HTTP/1.1
User-Agent: selenium/4.1.4 (java windows)
Content-Length: 50
Content-Type: application/json; charset=utf-8
host: localhost:49214
accept: */*

Response DefaultHttpResponse(decodeResult: success, version: HTTP/1.1)
HTTP/1.1 200 OK
Content-Type: application/json; charset=utf-8
cache-control: no-cache
content-length: 14

20:08:07.169 [AsyncHttpClient-1-2] DEBUG o.a.netty.channel.ChannelManager - Adding key: http://localhost:49214 for channel [id: 0x4ab95111, L:/127.0.0.1:53689 - R:localhost/127.0.0.1:49214]
20:08:07.170 [Forwarding findElements on session 335235c0d12ef8d11a67a6a8efe4f74a to remote] DEBUG o.a.netty.request.NettyRequestSender - Using pooled Channel '[id: 0x4ab95111, L:/127.0.0.1:53689 - R:localhost/127.0.0.1:49214]' for 'POST' to 'http://localhost:49214/session/335235c0d12ef8d11a67a6a8efe4f74a/elements'
20:08:07.170 [Forwarding findElements on session 335235c0d12ef8d11a67a6a8efe4f74a to remote] DEBUG o.a.netty.request.NettyRequestSender - Using open Channel [id: 0x4ab95111, L:/127.0.0.1:53689 - R:localhost/127.0.0.1:49214] for POST '/session/335235c0d12ef8d11a67a6a8efe4f74a/elements'
20:08:07.179 [AsyncHttpClient-1-2] DEBUG o.a.netty.handler.HttpHandler - 

Request DefaultHttpRequest(decodeResult: success, version: HTTP/1.1)
POST /session/335235c0d12ef8d11a67a6a8efe4f74a/elements HTTP/1.1
User-Agent: selenium/4.1.4 (java windows)
Content-Length: 64
Content-Type: application/json; charset=utf-8
host: localhost:49214
accept: */*

Response DefaultHttpResponse(decodeResult: success, version: HTTP/1.1)
HTTP/1.1 200 OK
Content-Type: application/json; charset=utf-8
cache-control: no-cache
content-length: 485

20:08:07.179 [AsyncHttpClient-1-2] DEBUG o.a.netty.channel.ChannelManager - Adding key: http://localhost:49214 for channel [id: 0x4ab95111, L:/127.0.0.1:53689 - R:localhost/127.0.0.1:49214]
20:08:07.179 [Test worker] DEBUG o.h.e.t.internal.TransactionImpl - On TransactionImpl creation, JpaCompliance#isJpaTransactionComplianceEnabled == false
20:08:07.180 [Test worker] DEBUG o.h.e.t.internal.TransactionImpl - begin
20:08:07.180 [Test worker] DEBUG org.hibernate.SQL - select groupdata0_.group_id as group_id1_2_, groupdata0_.group_footer as group_fo2_2_, groupdata0_.group_header as group_he3_2_, groupdata0_.group_name as group_na4_2_ from group_list groupdata0_
Hibernate: select groupdata0_.group_id as group_id1_2_, groupdata0_.group_footer as group_fo2_2_, groupdata0_.group_header as group_he3_2_, groupdata0_.group_name as group_na4_2_ from group_list groupdata0_
20:08:07.181 [Test worker] DEBUG org.hibernate.loader.Loader - Result set row: 0
20:08:07.181 [Test worker] DEBUG org.hibernate.loader.Loader - Result row: EntityKey[ru.stqa.pft.addressbook.model.GroupData#119]
20:08:07.181 [Test worker] DEBUG org.hibernate.loader.Loader - Result set row: 1
20:08:07.181 [Test worker] DEBUG org.hibernate.loader.Loader - Result row: EntityKey[ru.stqa.pft.addressbook.model.GroupData#120]
20:08:07.181 [Test worker] DEBUG org.hibernate.loader.Loader - Result set row: 2
20:08:07.181 [Test worker] DEBUG org.hibernate.loader.Loader - Result row: EntityKey[ru.stqa.pft.addressbook.model.GroupData#123]
20:08:07.181 [Test worker] DEBUG org.hibernate.loader.Loader - Result set row: 3
20:08:07.181 [Test worker] DEBUG org.hibernate.loader.Loader - Result row: EntityKey[ru.stqa.pft.addressbook.model.GroupData#124]
20:08:07.181 [Test worker] DEBUG org.hibernate.loader.Loader - Result set row: 4
20:08:07.181 [Test worker] DEBUG org.hibernate.loader.Loader - Result row: EntityKey[ru.stqa.pft.addressbook.model.GroupData#125]
20:08:07.181 [Test worker] DEBUG org.hibernate.loader.Loader - Result set row: 5
20:08:07.181 [Test worker] DEBUG org.hibernate.loader.Loader - Result row: EntityKey[ru.stqa.pft.addressbook.model.GroupData#126]
20:08:07.181 [Test worker] DEBUG o.h.engine.internal.TwoPhaseLoad - Resolving attributes for [ru.stqa.pft.addressbook.model.GroupData#119]
20:08:07.181 [Test worker] DEBUG o.h.engine.internal.TwoPhaseLoad - Processing attribute `contacts` : value = NOT NULL COLLECTION
20:08:07.181 [Test worker] DEBUG o.h.engine.internal.TwoPhaseLoad - Attribute (`contacts`)  - enhanced for lazy-loading? - false
20:08:07.181 [Test worker] DEBUG o.h.engine.internal.TwoPhaseLoad - Processing attribute `footer` : value = new3
20:08:07.181 [Test worker] DEBUG o.h.engine.internal.TwoPhaseLoad - Attribute (`footer`)  - enhanced for lazy-loading? - false
20:08:07.181 [Test worker] DEBUG o.h.engine.internal.TwoPhaseLoad - Processing attribute `header` : value = new2
20:08:07.181 [Test worker] DEBUG o.h.engine.internal.TwoPhaseLoad - Attribute (`header`)  - enhanced for lazy-loading? - false
20:08:07.181 [Test worker] DEBUG o.h.engine.internal.TwoPhaseLoad - Processing attribute `name` : value = HsGyE4c
20:08:07.181 [Test worker] DEBUG o.h.engine.internal.TwoPhaseLoad - Attribute (`name`)  - enhanced for lazy-loading? - false
20:08:07.181 [Test worker] DEBUG o.h.engine.internal.TwoPhaseLoad - Done materializing entity [ru.stqa.pft.addressbook.model.GroupData#119]
20:08:07.181 [Test worker] DEBUG o.h.engine.internal.TwoPhaseLoad - Resolving attributes for [ru.stqa.pft.addressbook.model.GroupData#120]
20:08:07.182 [Test worker] DEBUG o.h.engine.internal.TwoPhaseLoad - Processing attribute `contacts` : value = NOT NULL COLLECTION
20:08:07.182 [Test worker] DEBUG o.h.engine.internal.TwoPhaseLoad - Attribute (`contacts`)  - enhanced for lazy-loading? - false
20:08:07.182 [Test worker] DEBUG o.h.engine.internal.TwoPhaseLoad - Processing attribute `footer` : value = new3
20:08:07.182 [Test worker] DEBUG o.h.engine.internal.TwoPhaseLoad - Attribute (`footer`)  - enhanced for lazy-loading? - false
20:08:07.182 [Test worker] DEBUG o.h.engine.internal.TwoPhaseLoad - Processing attribute `header` : value = new2
20:08:07.182 [Test worker] DEBUG o.h.engine.internal.TwoPhaseLoad - Attribute (`header`)  - enhanced for lazy-loading? - false
20:08:07.182 [Test worker] DEBUG o.h.engine.internal.TwoPhaseLoad - Processing attribute `name` : value = UyvfTeY
20:08:07.182 [Test worker] DEBUG o.h.engine.internal.TwoPhaseLoad - Attribute (`name`)  - enhanced for lazy-loading? - false
20:08:07.182 [Test worker] DEBUG o.h.engine.internal.TwoPhaseLoad - Done materializing entity [ru.stqa.pft.addressbook.model.GroupData#120]
20:08:07.182 [Test worker] DEBUG o.h.engine.internal.TwoPhaseLoad - Resolving attributes for [ru.stqa.pft.addressbook.model.GroupData#123]
20:08:07.182 [Test worker] DEBUG o.h.engine.internal.TwoPhaseLoad - Processing attribute `contacts` : value = NOT NULL COLLECTION
20:08:07.182 [Test worker] DEBUG o.h.engine.internal.TwoPhaseLoad - Attribute (`contacts`)  - enhanced for lazy-loading? - false
20:08:07.182 [Test worker] DEBUG o.h.engine.internal.TwoPhaseLoad - Processing attribute `footer` : value = test footer 2
20:08:07.182 [Test worker] DEBUG o.h.engine.internal.TwoPhaseLoad - Attribute (`footer`)  - enhanced for lazy-loading? - false
20:08:07.182 [Test worker] DEBUG o.h.engine.internal.TwoPhaseLoad - Processing attribute `header` : value = test header 2
20:08:07.182 [Test worker] DEBUG o.h.engine.internal.TwoPhaseLoad - Attribute (`header`)  - enhanced for lazy-loading? - false
20:08:07.182 [Test worker] DEBUG o.h.engine.internal.TwoPhaseLoad - Processing attribute `name` : value = test name 2
20:08:07.182 [Test worker] DEBUG o.h.engine.internal.TwoPhaseLoad - Attribute (`name`)  - enhanced for lazy-loading? - false
20:08:07.182 [Test worker] DEBUG o.h.engine.internal.TwoPhaseLoad - Done materializing entity [ru.stqa.pft.addressbook.model.GroupData#123]
20:08:07.182 [Test worker] DEBUG o.h.engine.internal.TwoPhaseLoad - Resolving attributes for [ru.stqa.pft.addressbook.model.GroupData#124]
20:08:07.182 [Test worker] DEBUG o.h.engine.internal.TwoPhaseLoad - Processing attribute `contacts` : value = NOT NULL COLLECTION
20:08:07.182 [Test worker] DEBUG o.h.engine.internal.TwoPhaseLoad - Attribute (`contacts`)  - enhanced for lazy-loading? - false
20:08:07.182 [Test worker] DEBUG o.h.engine.internal.TwoPhaseLoad - Processing attribute `footer` : value = test footer 0
20:08:07.182 [Test worker] DEBUG o.h.engine.internal.TwoPhaseLoad - Attribute (`footer`)  - enhanced for lazy-loading? - false
20:08:07.182 [Test worker] DEBUG o.h.engine.internal.TwoPhaseLoad - Processing attribute `header` : value = test header 0
20:08:07.182 [Test worker] DEBUG o.h.engine.internal.TwoPhaseLoad - Attribute (`header`)  - enhanced for lazy-loading? - false
20:08:07.182 [Test worker] DEBUG o.h.engine.internal.TwoPhaseLoad - Processing attribute `name` : value = test name 0
20:08:07.182 [Test worker] DEBUG o.h.engine.internal.TwoPhaseLoad - Attribute (`name`)  - enhanced for lazy-loading? - false
20:08:07.182 [Test worker] DEBUG o.h.engine.internal.TwoPhaseLoad - Done materializing entity [ru.stqa.pft.addressbook.model.GroupData#124]
20:08:07.182 [Test worker] DEBUG o.h.engine.internal.TwoPhaseLoad - Resolving attributes for [ru.stqa.pft.addressbook.model.GroupData#125]
20:08:07.182 [Test worker] DEBUG o.h.engine.internal.TwoPhaseLoad - Processing attribute `contacts` : value = NOT NULL COLLECTION
20:08:07.182 [Test worker] DEBUG o.h.engine.internal.TwoPhaseLoad - Attribute (`contacts`)  - enhanced for lazy-loading? - false
20:08:07.182 [Test worker] DEBUG o.h.engine.internal.TwoPhaseLoad - Processing attribute `footer` : value = test footer 1
20:08:07.182 [Test worker] DEBUG o.h.engine.internal.TwoPhaseLoad - Attribute (`footer`)  - enhanced for lazy-loading? - false
20:08:07.182 [Test worker] DEBUG o.h.engine.internal.TwoPhaseLoad - Processing attribute `header` : value = test header 1
20:08:07.182 [Test worker] DEBUG o.h.engine.internal.TwoPhaseLoad - Attribute (`header`)  - enhanced for lazy-loading? - false
20:08:07.182 [Test worker] DEBUG o.h.engine.internal.TwoPhaseLoad - Processing attribute `name` : value = test name 1
20:08:07.182 [Test worker] DEBUG o.h.engine.internal.TwoPhaseLoad - Attribute (`name`)  - enhanced for lazy-loading? - false
20:08:07.182 [Test worker] DEBUG o.h.engine.internal.TwoPhaseLoad - Done materializing entity [ru.stqa.pft.addressbook.model.GroupData#125]
20:08:07.182 [Test worker] DEBUG o.h.engine.internal.TwoPhaseLoad - Resolving attributes for [ru.stqa.pft.addressbook.model.GroupData#126]
20:08:07.182 [Test worker] DEBUG o.h.engine.internal.TwoPhaseLoad - Processing attribute `contacts` : value = NOT NULL COLLECTION
20:08:07.182 [Test worker] DEBUG o.h.engine.internal.TwoPhaseLoad - Attribute (`contacts`)  - enhanced for lazy-loading? - false
20:08:07.182 [Test worker] DEBUG o.h.engine.internal.TwoPhaseLoad - Processing attribute `footer` : value = test footer 2
20:08:07.182 [Test worker] DEBUG o.h.engine.internal.TwoPhaseLoad - Attribute (`footer`)  - enhanced for lazy-loading? - false
20:08:07.182 [Test worker] DEBUG o.h.engine.internal.TwoPhaseLoad - Processing attribute `header` : value = test header 2
20:08:07.182 [Test worker] DEBUG o.h.engine.internal.TwoPhaseLoad - Attribute (`header`)  - enhanced for lazy-loading? - false
20:08:07.182 [Test worker] DEBUG o.h.engine.internal.TwoPhaseLoad - Processing attribute `name` : value = test name 2
20:08:07.182 [Test worker] DEBUG o.h.engine.internal.TwoPhaseLoad - Attribute (`name`)  - enhanced for lazy-loading? - false
20:08:07.182 [Test worker] DEBUG o.h.engine.internal.TwoPhaseLoad - Done materializing entity [ru.stqa.pft.addressbook.model.GroupData#126]
20:08:07.182 [Test worker] DEBUG o.h.e.t.internal.TransactionImpl - committing
20:08:07.182 [Test worker] DEBUG o.h.e.i.AbstractFlushingEventListener - Processing flush-time cascades
20:08:07.182 [Test worker] DEBUG o.h.e.i.AbstractFlushingEventListener - Dirty checking collections
20:08:07.182 [Test worker] DEBUG o.h.engine.internal.Collections - Collection found: [ru.stqa.pft.addressbook.model.GroupData.contacts#119], was: [ru.stqa.pft.addressbook.model.GroupData.contacts#119] (uninitialized)
20:08:07.182 [Test worker] DEBUG o.h.engine.internal.Collections - Collection found: [ru.stqa.pft.addressbook.model.GroupData.contacts#120], was: [ru.stqa.pft.addressbook.model.GroupData.contacts#120] (uninitialized)
20:08:07.183 [Test worker] DEBUG o.h.engine.internal.Collections - Collection found: [ru.stqa.pft.addressbook.model.GroupData.contacts#123], was: [ru.stqa.pft.addressbook.model.GroupData.contacts#123] (uninitialized)
20:08:07.183 [Test worker] DEBUG o.h.engine.internal.Collections - Collection found: [ru.stqa.pft.addressbook.model.GroupData.contacts#124], was: [ru.stqa.pft.addressbook.model.GroupData.contacts#124] (uninitialized)
20:08:07.183 [Test worker] DEBUG o.h.engine.internal.Collections - Collection found: [ru.stqa.pft.addressbook.model.GroupData.contacts#125], was: [ru.stqa.pft.addressbook.model.GroupData.contacts#125] (uninitialized)
20:08:07.183 [Test worker] DEBUG o.h.engine.internal.Collections - Collection found: [ru.stqa.pft.addressbook.model.GroupData.contacts#126], was: [ru.stqa.pft.addressbook.model.GroupData.contacts#126] (uninitialized)
20:08:07.183 [Test worker] DEBUG o.h.e.i.AbstractFlushingEventListener - Flushed: 0 insertions, 0 updates, 0 deletions to 6 objects
20:08:07.183 [Test worker] DEBUG o.h.e.i.AbstractFlushingEventListener - Flushed: 0 (re)creations, 0 updates, 0 removals to 6 collections
20:08:07.190 [Test worker] DEBUG o.h.internal.util.EntityPrinter - Listing entities:
20:08:07.190 [AsyncHttpClient-1-1] DEBUG o.a.netty.channel.DefaultChannelPool - Entry count for : http://localhost:49214 : 1
20:08:07.190 [Test worker] DEBUG o.h.internal.util.EntityPrinter - ru.stqa.pft.addressbook.model.GroupData{footer=new3, name=UyvfTeY, header=new2, id=120, contacts=<uninitialized>}
20:08:07.190 [AsyncHttpClient-1-1] DEBUG o.a.netty.channel.DefaultChannelPool - Entry count for : http://localhost:53690 : 1
20:08:07.193 [Test worker] DEBUG o.h.internal.util.EntityPrinter - ru.stqa.pft.addressbook.model.GroupData{footer=test footer 2, name=test name 2, header=test header 2, id=126, contacts=<uninitialized>}
20:08:07.194 [Test worker] DEBUG o.h.internal.util.EntityPrinter - ru.stqa.pft.addressbook.model.GroupData{footer=new3, name=HsGyE4c, header=new2, id=119, contacts=<uninitialized>}
20:08:07.195 [Test worker] DEBUG o.h.internal.util.EntityPrinter - ru.stqa.pft.addressbook.model.GroupData{footer=test footer 0, name=test name 0, header=test header 0, id=124, contacts=<uninitialized>}
20:08:07.196 [Test worker] DEBUG o.h.internal.util.EntityPrinter - ru.stqa.pft.addressbook.model.GroupData{footer=test footer 1, name=test name 1, header=test header 1, id=125, contacts=<uninitialized>}
20:08:07.196 [Test worker] DEBUG o.h.internal.util.EntityPrinter - ru.stqa.pft.addressbook.model.GroupData{footer=test footer 2, name=test name 2, header=test header 2, id=123, contacts=<uninitialized>}
20:08:07.197 [Test worker] DEBUG o.h.r.j.i.LogicalConnectionManagedImpl - Initiating JDBC connection release from afterTransaction
20:08:07.198 [Test worker] DEBUG o.h.r.j.i.LogicalConnectionManagedImpl - Initiating JDBC connection release from afterTransaction
]]></system-out>
  <system-err><![CDATA[]]></system-err>
</testsuite>
