<?xml version="1.0" encoding="UTF-8"?>
<testsuite name="ru.stqa.pft.addressbook.tests.DbConnectionTest" tests="1" skipped="0" failures="0" errors="0" timestamp="2022-06-27T17:08:02" hostname="ASUS-VIVOBOOKPR" time="0.024">
  <properties/>
  <testcase name="testDbConnection" classname="ru.stqa.pft.addressbook.tests.DbConnectionTest" time="0.024"/>
  <system-out><![CDATA[[GroupData{id='122', name='test1'}, GroupData{id='123', name='test name 2'}, GroupData{id='120', name='UyvfTeY'}, GroupData{id='119', name='HsGyE4c'}]
]]></system-out>
  <system-err><![CDATA[]]></system-err>
</testsuite>
