<?xml version="1.0" encoding="UTF-8"?>
<testsuite name="ru.stqa.pft.addressbook.tests.GroupCreationTests" tests="4" skipped="0" failures="0" errors="0" timestamp="2022-06-27T17:08:02" hostname="ASUS-VIVOBOOKPR" time="4.201">
  <properties/>
  <testcase name="testBadGroupCreation" classname="ru.stqa.pft.addressbook.tests.GroupCreationTests" time="1.304"/>
  <testcase name="testGroupCreation[0](GroupData{id='2147483647', name='test name 0'})" classname="ru.stqa.pft.addressbook.tests.GroupCreationTests" time="1.021"/>
  <testcase name="testGroupCreation[1](GroupData{id='2147483647', name='test name 1'})" classname="ru.stqa.pft.addressbook.tests.GroupCreationTests" time="0.966"/>
  <testcase name="testGroupCreation[2](GroupData{id='2147483647', name='test name 2'})" classname="ru.stqa.pft.addressbook.tests.GroupCreationTests" time="0.906"/>
  <system-out><![CDATA[20:08:02.454 [Forwarding findElement on session 335235c0d12ef8d11a67a6a8efe4f74a to remote] DEBUG o.a.netty.request.NettyRequestSender - Using pooled Channel '[id: 0x4ab95111, L:/127.0.0.1:53689 - R:localhost/127.0.0.1:49214]' for 'POST' to 'http://localhost:49214/session/335235c0d12ef8d11a67a6a8efe4f74a/element'
20:08:02.454 [Forwarding findElement on session 335235c0d12ef8d11a67a6a8efe4f74a to remote] DEBUG o.a.netty.request.NettyRequestSender - Using open Channel [id: 0x4ab95111, L:/127.0.0.1:53689 - R:localhost/127.0.0.1:49214] for POST '/session/335235c0d12ef8d11a67a6a8efe4f74a/element'
20:08:02.468 [AsyncHttpClient-1-2] DEBUG o.a.netty.handler.HttpHandler - 

Request DefaultHttpRequest(decodeResult: success, version: HTTP/1.1)
POST /session/335235c0d12ef8d11a67a6a8efe4f74a/element HTTP/1.1
User-Agent: selenium/4.1.4 (java windows)
Content-Length: 42
Content-Type: application/json; charset=utf-8
host: localhost:49214
accept: */*

Response DefaultHttpResponse(decodeResult: success, version: HTTP/1.1)
HTTP/1.1 200 OK
Content-Type: application/json; charset=utf-8
cache-control: no-cache
content-length: 88

20:08:02.468 [AsyncHttpClient-1-2] DEBUG o.a.netty.channel.ChannelManager - Adding key: http://localhost:49214 for channel [id: 0x4ab95111, L:/127.0.0.1:53689 - R:localhost/127.0.0.1:49214]
20:08:02.469 [Forwarding findElement on session 335235c0d12ef8d11a67a6a8efe4f74a to remote] DEBUG o.a.netty.request.NettyRequestSender - Using pooled Channel '[id: 0x4ab95111, L:/127.0.0.1:53689 - R:localhost/127.0.0.1:49214]' for 'POST' to 'http://localhost:49214/session/335235c0d12ef8d11a67a6a8efe4f74a/element'
20:08:02.469 [Forwarding findElement on session 335235c0d12ef8d11a67a6a8efe4f74a to remote] DEBUG o.a.netty.request.NettyRequestSender - Using open Channel [id: 0x4ab95111, L:/127.0.0.1:53689 - R:localhost/127.0.0.1:49214] for POST '/session/335235c0d12ef8d11a67a6a8efe4f74a/element'
20:08:02.477 [AsyncHttpClient-1-2] DEBUG o.a.netty.handler.HttpHandler - 

Request DefaultHttpRequest(decodeResult: success, version: HTTP/1.1)
POST /session/335235c0d12ef8d11a67a6a8efe4f74a/element HTTP/1.1
User-Agent: selenium/4.1.4 (java windows)
Content-Length: 42
Content-Type: application/json; charset=utf-8
host: localhost:49214
accept: */*

Response DefaultHttpResponse(decodeResult: success, version: HTTP/1.1)
HTTP/1.1 200 OK
Content-Type: application/json; charset=utf-8
cache-control: no-cache
content-length: 88

20:08:02.477 [AsyncHttpClient-1-2] DEBUG o.a.netty.channel.ChannelManager - Adding key: http://localhost:49214 for channel [id: 0x4ab95111, L:/127.0.0.1:53689 - R:localhost/127.0.0.1:49214]
20:08:02.478 [Forwarding getElementText on session 335235c0d12ef8d11a67a6a8efe4f74a to remote] DEBUG o.a.netty.request.NettyRequestSender - Using pooled Channel '[id: 0x4ab95111, L:/127.0.0.1:53689 - R:localhost/127.0.0.1:49214]' for 'GET' to 'http://localhost:49214/session/335235c0d12ef8d11a67a6a8efe4f74a/element/135454e6-2df5-4b5f-be26-8e786073696b/text'
20:08:02.478 [Forwarding getElementText on session 335235c0d12ef8d11a67a6a8efe4f74a to remote] DEBUG o.a.netty.request.NettyRequestSender - Using open Channel [id: 0x4ab95111, L:/127.0.0.1:53689 - R:localhost/127.0.0.1:49214] for GET '/session/335235c0d12ef8d11a67a6a8efe4f74a/element/135454e6-2df5-4b5f-be26-8e786073696b/text'
20:08:02.493 [AsyncHttpClient-1-2] DEBUG o.a.netty.handler.HttpHandler - 

Request DefaultFullHttpRequest(decodeResult: success, version: HTTP/1.1, content: EmptyByteBufBE)
GET /session/335235c0d12ef8d11a67a6a8efe4f74a/element/135454e6-2df5-4b5f-be26-8e786073696b/text HTTP/1.1
User-Agent: selenium/4.1.4 (java windows)
Cache-Control: no-cache
Content-Type: application/json; charset=utf-8
host: localhost:49214
accept: */*

Response DefaultHttpResponse(decodeResult: success, version: HTTP/1.1)
HTTP/1.1 200 OK
Content-Type: application/json; charset=utf-8
cache-control: no-cache
content-length: 12

20:08:02.493 [AsyncHttpClient-1-2] DEBUG o.a.netty.channel.ChannelManager - Adding key: http://localhost:49214 for channel [id: 0x4ab95111, L:/127.0.0.1:53689 - R:localhost/127.0.0.1:49214]
20:08:02.495 [Forwarding findElement on session 335235c0d12ef8d11a67a6a8efe4f74a to remote] DEBUG o.a.netty.request.NettyRequestSender - Using pooled Channel '[id: 0x4ab95111, L:/127.0.0.1:53689 - R:localhost/127.0.0.1:49214]' for 'POST' to 'http://localhost:49214/session/335235c0d12ef8d11a67a6a8efe4f74a/element'
20:08:02.495 [Forwarding findElement on session 335235c0d12ef8d11a67a6a8efe4f74a to remote] DEBUG o.a.netty.request.NettyRequestSender - Using open Channel [id: 0x4ab95111, L:/127.0.0.1:53689 - R:localhost/127.0.0.1:49214] for POST '/session/335235c0d12ef8d11a67a6a8efe4f74a/element'
20:08:02.506 [AsyncHttpClient-1-2] DEBUG o.a.netty.handler.HttpHandler - 

Request DefaultHttpRequest(decodeResult: success, version: HTTP/1.1)
POST /session/335235c0d12ef8d11a67a6a8efe4f74a/element HTTP/1.1
User-Agent: selenium/4.1.4 (java windows)
Content-Length: 47
Content-Type: application/json; charset=utf-8
host: localhost:49214
accept: */*

Response DefaultHttpResponse(decodeResult: success, version: HTTP/1.1)
HTTP/1.1 200 OK
Content-Type: application/json; charset=utf-8
cache-control: no-cache
content-length: 88

20:08:02.507 [AsyncHttpClient-1-2] DEBUG o.a.netty.channel.ChannelManager - Adding key: http://localhost:49214 for channel [id: 0x4ab95111, L:/127.0.0.1:53689 - R:localhost/127.0.0.1:49214]
20:08:02.508 [Forwarding clickElement on session 335235c0d12ef8d11a67a6a8efe4f74a to remote] DEBUG o.a.netty.request.NettyRequestSender - Using pooled Channel '[id: 0x4ab95111, L:/127.0.0.1:53689 - R:localhost/127.0.0.1:49214]' for 'POST' to 'http://localhost:49214/session/335235c0d12ef8d11a67a6a8efe4f74a/element/580e4337-20d0-4b04-aada-1bf8805931e5/click'
20:08:02.508 [Forwarding clickElement on session 335235c0d12ef8d11a67a6a8efe4f74a to remote] DEBUG o.a.netty.request.NettyRequestSender - Using open Channel [id: 0x4ab95111, L:/127.0.0.1:53689 - R:localhost/127.0.0.1:49214] for POST '/session/335235c0d12ef8d11a67a6a8efe4f74a/element/580e4337-20d0-4b04-aada-1bf8805931e5/click'
20:08:02.660 [AsyncHttpClient-1-2] DEBUG o.a.netty.handler.HttpHandler - 

Request DefaultHttpRequest(decodeResult: success, version: HTTP/1.1)
POST /session/335235c0d12ef8d11a67a6a8efe4f74a/element/580e4337-20d0-4b04-aada-1bf8805931e5/click HTTP/1.1
User-Agent: selenium/4.1.4 (java windows)
Content-Length: 50
Content-Type: application/json; charset=utf-8
host: localhost:49214
accept: */*

Response DefaultHttpResponse(decodeResult: success, version: HTTP/1.1)
HTTP/1.1 200 OK
Content-Type: application/json; charset=utf-8
cache-control: no-cache
content-length: 14

20:08:02.660 [AsyncHttpClient-1-2] DEBUG o.a.netty.channel.ChannelManager - Adding key: http://localhost:49214 for channel [id: 0x4ab95111, L:/127.0.0.1:53689 - R:localhost/127.0.0.1:49214]
20:08:02.662 [Forwarding findElements on session 335235c0d12ef8d11a67a6a8efe4f74a to remote] DEBUG o.a.netty.request.NettyRequestSender - Using pooled Channel '[id: 0x4ab95111, L:/127.0.0.1:53689 - R:localhost/127.0.0.1:49214]' for 'POST' to 'http://localhost:49214/session/335235c0d12ef8d11a67a6a8efe4f74a/elements'
20:08:02.662 [Forwarding findElements on session 335235c0d12ef8d11a67a6a8efe4f74a to remote] DEBUG o.a.netty.request.NettyRequestSender - Using open Channel [id: 0x4ab95111, L:/127.0.0.1:53689 - R:localhost/127.0.0.1:49214] for POST '/session/335235c0d12ef8d11a67a6a8efe4f74a/elements'
20:08:02.679 [AsyncHttpClient-1-2] DEBUG o.a.netty.handler.HttpHandler - 

Request DefaultHttpRequest(decodeResult: success, version: HTTP/1.1)
POST /session/335235c0d12ef8d11a67a6a8efe4f74a/elements HTTP/1.1
User-Agent: selenium/4.1.4 (java windows)
Content-Length: 54
Content-Type: application/json; charset=utf-8
host: localhost:49214
accept: */*

Response DefaultHttpResponse(decodeResult: success, version: HTTP/1.1)
HTTP/1.1 200 OK
Content-Type: application/json; charset=utf-8
cache-control: no-cache
content-length: 327

20:08:02.680 [AsyncHttpClient-1-2] DEBUG o.a.netty.channel.ChannelManager - Adding key: http://localhost:49214 for channel [id: 0x4ab95111, L:/127.0.0.1:53689 - R:localhost/127.0.0.1:49214]
20:08:02.681 [Forwarding getElementText on session 335235c0d12ef8d11a67a6a8efe4f74a to remote] DEBUG o.a.netty.request.NettyRequestSender - Using pooled Channel '[id: 0x4ab95111, L:/127.0.0.1:53689 - R:localhost/127.0.0.1:49214]' for 'GET' to 'http://localhost:49214/session/335235c0d12ef8d11a67a6a8efe4f74a/element/3a4eb193-142a-43b3-8e04-7045e72f230c/text'
20:08:02.682 [Forwarding getElementText on session 335235c0d12ef8d11a67a6a8efe4f74a to remote] DEBUG o.a.netty.request.NettyRequestSender - Using open Channel [id: 0x4ab95111, L:/127.0.0.1:53689 - R:localhost/127.0.0.1:49214] for GET '/session/335235c0d12ef8d11a67a6a8efe4f74a/element/3a4eb193-142a-43b3-8e04-7045e72f230c/text'
20:08:02.698 [AsyncHttpClient-1-2] DEBUG o.a.netty.handler.HttpHandler - 

Request DefaultFullHttpRequest(decodeResult: success, version: HTTP/1.1, content: EmptyByteBufBE)
GET /session/335235c0d12ef8d11a67a6a8efe4f74a/element/3a4eb193-142a-43b3-8e04-7045e72f230c/text HTTP/1.1
User-Agent: selenium/4.1.4 (java windows)
Cache-Control: no-cache
Content-Type: application/json; charset=utf-8
host: localhost:49214
accept: */*

Response DefaultHttpResponse(decodeResult: success, version: HTTP/1.1)
HTTP/1.1 200 OK
Content-Type: application/json; charset=utf-8
cache-control: no-cache
content-length: 19

20:08:02.699 [AsyncHttpClient-1-2] DEBUG o.a.netty.channel.ChannelManager - Adding key: http://localhost:49214 for channel [id: 0x4ab95111, L:/127.0.0.1:53689 - R:localhost/127.0.0.1:49214]
20:08:02.700 [Forwarding findChildElement on session 335235c0d12ef8d11a67a6a8efe4f74a to remote] DEBUG o.a.netty.request.NettyRequestSender - Using pooled Channel '[id: 0x4ab95111, L:/127.0.0.1:53689 - R:localhost/127.0.0.1:49214]' for 'POST' to 'http://localhost:49214/session/335235c0d12ef8d11a67a6a8efe4f74a/element/3a4eb193-142a-43b3-8e04-7045e72f230c/element'
20:08:02.700 [Forwarding findChildElement on session 335235c0d12ef8d11a67a6a8efe4f74a to remote] DEBUG o.a.netty.request.NettyRequestSender - Using open Channel [id: 0x4ab95111, L:/127.0.0.1:53689 - R:localhost/127.0.0.1:49214] for POST '/session/335235c0d12ef8d11a67a6a8efe4f74a/element/3a4eb193-142a-43b3-8e04-7045e72f230c/element'
20:08:02.708 [AsyncHttpClient-1-2] DEBUG o.a.netty.handler.HttpHandler - 

Request DefaultHttpRequest(decodeResult: success, version: HTTP/1.1)
POST /session/335235c0d12ef8d11a67a6a8efe4f74a/element/3a4eb193-142a-43b3-8e04-7045e72f230c/element HTTP/1.1
User-Agent: selenium/4.1.4 (java windows)
Content-Length: 93
Content-Type: application/json; charset=utf-8
host: localhost:49214
accept: */*

Response DefaultHttpResponse(decodeResult: success, version: HTTP/1.1)
HTTP/1.1 200 OK
Content-Type: application/json; charset=utf-8
cache-control: no-cache
content-length: 88

20:08:02.708 [AsyncHttpClient-1-2] DEBUG o.a.netty.channel.ChannelManager - Adding key: http://localhost:49214 for channel [id: 0x4ab95111, L:/127.0.0.1:53689 - R:localhost/127.0.0.1:49214]
20:08:02.711 [Forwarding getElementAttribute on session 335235c0d12ef8d11a67a6a8efe4f74a to remote] DEBUG o.a.netty.request.NettyRequestSender - Using pooled Channel '[id: 0x4ab95111, L:/127.0.0.1:53689 - R:localhost/127.0.0.1:49214]' for 'POST' to 'http://localhost:49214/session/335235c0d12ef8d11a67a6a8efe4f74a/execute/sync'
20:08:02.711 [Forwarding getElementAttribute on session 335235c0d12ef8d11a67a6a8efe4f74a to remote] DEBUG o.a.netty.request.NettyRequestSender - Using open Channel [id: 0x4ab95111, L:/127.0.0.1:53689 - R:localhost/127.0.0.1:49214] for POST '/session/335235c0d12ef8d11a67a6a8efe4f74a/execute/sync'
20:08:02.718 [AsyncHttpClient-1-2] DEBUG o.a.netty.handler.HttpHandler - 

Request DefaultHttpRequest(decodeResult: success, version: HTTP/1.1)
POST /session/335235c0d12ef8d11a67a6a8efe4f74a/execute/sync HTTP/1.1
User-Agent: selenium/4.1.4 (java windows)
Content-Length: 47340
Content-Type: application/json; charset=utf-8
host: localhost:49214
accept: */*

Response DefaultHttpResponse(decodeResult: success, version: HTTP/1.1)
HTTP/1.1 200 OK
Content-Type: application/json; charset=utf-8
cache-control: no-cache
content-length: 15

20:08:02.718 [AsyncHttpClient-1-2] DEBUG o.a.netty.channel.ChannelManager - Adding key: http://localhost:49214 for channel [id: 0x4ab95111, L:/127.0.0.1:53689 - R:localhost/127.0.0.1:49214]
20:08:02.719 [Forwarding getElementText on session 335235c0d12ef8d11a67a6a8efe4f74a to remote] DEBUG o.a.netty.request.NettyRequestSender - Using pooled Channel '[id: 0x4ab95111, L:/127.0.0.1:53689 - R:localhost/127.0.0.1:49214]' for 'GET' to 'http://localhost:49214/session/335235c0d12ef8d11a67a6a8efe4f74a/element/9daeee08-cd8f-45ae-8967-e507a76f6179/text'
20:08:02.719 [Forwarding getElementText on session 335235c0d12ef8d11a67a6a8efe4f74a to remote] DEBUG o.a.netty.request.NettyRequestSender - Using open Channel [id: 0x4ab95111, L:/127.0.0.1:53689 - R:localhost/127.0.0.1:49214] for GET '/session/335235c0d12ef8d11a67a6a8efe4f74a/element/9daeee08-cd8f-45ae-8967-e507a76f6179/text'
20:08:02.728 [AsyncHttpClient-1-2] DEBUG o.a.netty.handler.HttpHandler - 

Request DefaultFullHttpRequest(decodeResult: success, version: HTTP/1.1, content: EmptyByteBufBE)
GET /session/335235c0d12ef8d11a67a6a8efe4f74a/element/9daeee08-cd8f-45ae-8967-e507a76f6179/text HTTP/1.1
User-Agent: selenium/4.1.4 (java windows)
Cache-Control: no-cache
Content-Type: application/json; charset=utf-8
host: localhost:49214
accept: */*

Response DefaultHttpResponse(decodeResult: success, version: HTTP/1.1)
HTTP/1.1 200 OK
Content-Type: application/json; charset=utf-8
cache-control: no-cache
content-length: 23

20:08:02.729 [AsyncHttpClient-1-2] DEBUG o.a.netty.channel.ChannelManager - Adding key: http://localhost:49214 for channel [id: 0x4ab95111, L:/127.0.0.1:53689 - R:localhost/127.0.0.1:49214]
20:08:02.730 [Forwarding findChildElement on session 335235c0d12ef8d11a67a6a8efe4f74a to remote] DEBUG o.a.netty.request.NettyRequestSender - Using pooled Channel '[id: 0x4ab95111, L:/127.0.0.1:53689 - R:localhost/127.0.0.1:49214]' for 'POST' to 'http://localhost:49214/session/335235c0d12ef8d11a67a6a8efe4f74a/element/9daeee08-cd8f-45ae-8967-e507a76f6179/element'
20:08:02.730 [Forwarding findChildElement on session 335235c0d12ef8d11a67a6a8efe4f74a to remote] DEBUG o.a.netty.request.NettyRequestSender - Using open Channel [id: 0x4ab95111, L:/127.0.0.1:53689 - R:localhost/127.0.0.1:49214] for POST '/session/335235c0d12ef8d11a67a6a8efe4f74a/element/9daeee08-cd8f-45ae-8967-e507a76f6179/element'
20:08:02.737 [AsyncHttpClient-1-2] DEBUG o.a.netty.handler.HttpHandler - 

Request DefaultHttpRequest(decodeResult: success, version: HTTP/1.1)
POST /session/335235c0d12ef8d11a67a6a8efe4f74a/element/9daeee08-cd8f-45ae-8967-e507a76f6179/element HTTP/1.1
User-Agent: selenium/4.1.4 (java windows)
Content-Length: 93
Content-Type: application/json; charset=utf-8
host: localhost:49214
accept: */*

Response DefaultHttpResponse(decodeResult: success, version: HTTP/1.1)
HTTP/1.1 200 OK
Content-Type: application/json; charset=utf-8
cache-control: no-cache
content-length: 88

20:08:02.737 [AsyncHttpClient-1-2] DEBUG o.a.netty.channel.ChannelManager - Adding key: http://localhost:49214 for channel [id: 0x4ab95111, L:/127.0.0.1:53689 - R:localhost/127.0.0.1:49214]
20:08:02.740 [Forwarding getElementAttribute on session 335235c0d12ef8d11a67a6a8efe4f74a to remote] DEBUG o.a.netty.request.NettyRequestSender - Using pooled Channel '[id: 0x4ab95111, L:/127.0.0.1:53689 - R:localhost/127.0.0.1:49214]' for 'POST' to 'http://localhost:49214/session/335235c0d12ef8d11a67a6a8efe4f74a/execute/sync'
20:08:02.740 [Forwarding getElementAttribute on session 335235c0d12ef8d11a67a6a8efe4f74a to remote] DEBUG o.a.netty.request.NettyRequestSender - Using open Channel [id: 0x4ab95111, L:/127.0.0.1:53689 - R:localhost/127.0.0.1:49214] for POST '/session/335235c0d12ef8d11a67a6a8efe4f74a/execute/sync'
20:08:02.749 [AsyncHttpClient-1-2] DEBUG o.a.netty.handler.HttpHandler - 

Request DefaultHttpRequest(decodeResult: success, version: HTTP/1.1)
POST /session/335235c0d12ef8d11a67a6a8efe4f74a/execute/sync HTTP/1.1
User-Agent: selenium/4.1.4 (java windows)
Content-Length: 47340
Content-Type: application/json; charset=utf-8
host: localhost:49214
accept: */*

Response DefaultHttpResponse(decodeResult: success, version: HTTP/1.1)
HTTP/1.1 200 OK
Content-Type: application/json; charset=utf-8
cache-control: no-cache
content-length: 15

20:08:02.749 [AsyncHttpClient-1-2] DEBUG o.a.netty.channel.ChannelManager - Adding key: http://localhost:49214 for channel [id: 0x4ab95111, L:/127.0.0.1:53689 - R:localhost/127.0.0.1:49214]
20:08:02.749 [Forwarding getElementText on session 335235c0d12ef8d11a67a6a8efe4f74a to remote] DEBUG o.a.netty.request.NettyRequestSender - Using pooled Channel '[id: 0x4ab95111, L:/127.0.0.1:53689 - R:localhost/127.0.0.1:49214]' for 'GET' to 'http://localhost:49214/session/335235c0d12ef8d11a67a6a8efe4f74a/element/ed26b64b-6e3c-4591-afe8-645ec707612e/text'
20:08:02.749 [Forwarding getElementText on session 335235c0d12ef8d11a67a6a8efe4f74a to remote] DEBUG o.a.netty.request.NettyRequestSender - Using open Channel [id: 0x4ab95111, L:/127.0.0.1:53689 - R:localhost/127.0.0.1:49214] for GET '/session/335235c0d12ef8d11a67a6a8efe4f74a/element/ed26b64b-6e3c-4591-afe8-645ec707612e/text'
20:08:02.758 [AsyncHttpClient-1-2] DEBUG o.a.netty.handler.HttpHandler - 

Request DefaultFullHttpRequest(decodeResult: success, version: HTTP/1.1, content: EmptyByteBufBE)
GET /session/335235c0d12ef8d11a67a6a8efe4f74a/element/ed26b64b-6e3c-4591-afe8-645ec707612e/text HTTP/1.1
User-Agent: selenium/4.1.4 (java windows)
Cache-Control: no-cache
Content-Type: application/json; charset=utf-8
host: localhost:49214
accept: */*

Response DefaultHttpResponse(decodeResult: success, version: HTTP/1.1)
HTTP/1.1 200 OK
Content-Type: application/json; charset=utf-8
cache-control: no-cache
content-length: 17

20:08:02.759 [AsyncHttpClient-1-2] DEBUG o.a.netty.channel.ChannelManager - Adding key: http://localhost:49214 for channel [id: 0x4ab95111, L:/127.0.0.1:53689 - R:localhost/127.0.0.1:49214]
20:08:02.759 [Forwarding findChildElement on session 335235c0d12ef8d11a67a6a8efe4f74a to remote] DEBUG o.a.netty.request.NettyRequestSender - Using pooled Channel '[id: 0x4ab95111, L:/127.0.0.1:53689 - R:localhost/127.0.0.1:49214]' for 'POST' to 'http://localhost:49214/session/335235c0d12ef8d11a67a6a8efe4f74a/element/ed26b64b-6e3c-4591-afe8-645ec707612e/element'
20:08:02.759 [Forwarding findChildElement on session 335235c0d12ef8d11a67a6a8efe4f74a to remote] DEBUG o.a.netty.request.NettyRequestSender - Using open Channel [id: 0x4ab95111, L:/127.0.0.1:53689 - R:localhost/127.0.0.1:49214] for POST '/session/335235c0d12ef8d11a67a6a8efe4f74a/element/ed26b64b-6e3c-4591-afe8-645ec707612e/element'
20:08:02.769 [AsyncHttpClient-1-2] DEBUG o.a.netty.handler.HttpHandler - 

Request DefaultHttpRequest(decodeResult: success, version: HTTP/1.1)
POST /session/335235c0d12ef8d11a67a6a8efe4f74a/element/ed26b64b-6e3c-4591-afe8-645ec707612e/element HTTP/1.1
User-Agent: selenium/4.1.4 (java windows)
Content-Length: 93
Content-Type: application/json; charset=utf-8
host: localhost:49214
accept: */*

Response DefaultHttpResponse(decodeResult: success, version: HTTP/1.1)
HTTP/1.1 200 OK
Content-Type: application/json; charset=utf-8
cache-control: no-cache
content-length: 88

20:08:02.769 [AsyncHttpClient-1-2] DEBUG o.a.netty.channel.ChannelManager - Adding key: http://localhost:49214 for channel [id: 0x4ab95111, L:/127.0.0.1:53689 - R:localhost/127.0.0.1:49214]
20:08:02.772 [Forwarding getElementAttribute on session 335235c0d12ef8d11a67a6a8efe4f74a to remote] DEBUG o.a.netty.request.NettyRequestSender - Using pooled Channel '[id: 0x4ab95111, L:/127.0.0.1:53689 - R:localhost/127.0.0.1:49214]' for 'POST' to 'http://localhost:49214/session/335235c0d12ef8d11a67a6a8efe4f74a/execute/sync'
20:08:02.772 [Forwarding getElementAttribute on session 335235c0d12ef8d11a67a6a8efe4f74a to remote] DEBUG o.a.netty.request.NettyRequestSender - Using open Channel [id: 0x4ab95111, L:/127.0.0.1:53689 - R:localhost/127.0.0.1:49214] for POST '/session/335235c0d12ef8d11a67a6a8efe4f74a/execute/sync'
20:08:02.778 [AsyncHttpClient-1-2] DEBUG o.a.netty.handler.HttpHandler - 

Request DefaultHttpRequest(decodeResult: success, version: HTTP/1.1)
POST /session/335235c0d12ef8d11a67a6a8efe4f74a/execute/sync HTTP/1.1
User-Agent: selenium/4.1.4 (java windows)
Content-Length: 47340
Content-Type: application/json; charset=utf-8
host: localhost:49214
accept: */*

Response DefaultHttpResponse(decodeResult: success, version: HTTP/1.1)
HTTP/1.1 200 OK
Content-Type: application/json; charset=utf-8
cache-control: no-cache
content-length: 15

20:08:02.779 [AsyncHttpClient-1-2] DEBUG o.a.netty.channel.ChannelManager - Adding key: http://localhost:49214 for channel [id: 0x4ab95111, L:/127.0.0.1:53689 - R:localhost/127.0.0.1:49214]
20:08:02.780 [Forwarding getElementText on session 335235c0d12ef8d11a67a6a8efe4f74a to remote] DEBUG o.a.netty.request.NettyRequestSender - Using pooled Channel '[id: 0x4ab95111, L:/127.0.0.1:53689 - R:localhost/127.0.0.1:49214]' for 'GET' to 'http://localhost:49214/session/335235c0d12ef8d11a67a6a8efe4f74a/element/4bc22738-da4b-455c-8f3b-9ece88b0b221/text'
20:08:02.780 [Forwarding getElementText on session 335235c0d12ef8d11a67a6a8efe4f74a to remote] DEBUG o.a.netty.request.NettyRequestSender - Using open Channel [id: 0x4ab95111, L:/127.0.0.1:53689 - R:localhost/127.0.0.1:49214] for GET '/session/335235c0d12ef8d11a67a6a8efe4f74a/element/4bc22738-da4b-455c-8f3b-9ece88b0b221/text'
20:08:02.783 [AsyncHttpClient-1-1] DEBUG o.a.netty.channel.DefaultChannelPool - Entry count for : http://localhost:53690 : 1
20:08:02.789 [AsyncHttpClient-1-2] DEBUG o.a.netty.handler.HttpHandler - 

Request DefaultFullHttpRequest(decodeResult: success, version: HTTP/1.1, content: EmptyByteBufBE)
GET /session/335235c0d12ef8d11a67a6a8efe4f74a/element/4bc22738-da4b-455c-8f3b-9ece88b0b221/text HTTP/1.1
User-Agent: selenium/4.1.4 (java windows)
Cache-Control: no-cache
Content-Type: application/json; charset=utf-8
host: localhost:49214
accept: */*

Response DefaultHttpResponse(decodeResult: success, version: HTTP/1.1)
HTTP/1.1 200 OK
Content-Type: application/json; charset=utf-8
cache-control: no-cache
content-length: 19

20:08:02.789 [AsyncHttpClient-1-2] DEBUG o.a.netty.channel.ChannelManager - Adding key: http://localhost:49214 for channel [id: 0x4ab95111, L:/127.0.0.1:53689 - R:localhost/127.0.0.1:49214]
20:08:02.790 [Forwarding findChildElement on session 335235c0d12ef8d11a67a6a8efe4f74a to remote] DEBUG o.a.netty.request.NettyRequestSender - Using pooled Channel '[id: 0x4ab95111, L:/127.0.0.1:53689 - R:localhost/127.0.0.1:49214]' for 'POST' to 'http://localhost:49214/session/335235c0d12ef8d11a67a6a8efe4f74a/element/4bc22738-da4b-455c-8f3b-9ece88b0b221/element'
20:08:02.790 [Forwarding findChildElement on session 335235c0d12ef8d11a67a6a8efe4f74a to remote] DEBUG o.a.netty.request.NettyRequestSender - Using open Channel [id: 0x4ab95111, L:/127.0.0.1:53689 - R:localhost/127.0.0.1:49214] for POST '/session/335235c0d12ef8d11a67a6a8efe4f74a/element/4bc22738-da4b-455c-8f3b-9ece88b0b221/element'
20:08:02.799 [AsyncHttpClient-1-2] DEBUG o.a.netty.handler.HttpHandler - 

Request DefaultHttpRequest(decodeResult: success, version: HTTP/1.1)
POST /session/335235c0d12ef8d11a67a6a8efe4f74a/element/4bc22738-da4b-455c-8f3b-9ece88b0b221/element HTTP/1.1
User-Agent: selenium/4.1.4 (java windows)
Content-Length: 93
Content-Type: application/json; charset=utf-8
host: localhost:49214
accept: */*

Response DefaultHttpResponse(decodeResult: success, version: HTTP/1.1)
HTTP/1.1 200 OK
Content-Type: application/json; charset=utf-8
cache-control: no-cache
content-length: 88

20:08:02.799 [AsyncHttpClient-1-2] DEBUG o.a.netty.channel.ChannelManager - Adding key: http://localhost:49214 for channel [id: 0x4ab95111, L:/127.0.0.1:53689 - R:localhost/127.0.0.1:49214]
20:08:02.801 [Forwarding getElementAttribute on session 335235c0d12ef8d11a67a6a8efe4f74a to remote] DEBUG o.a.netty.request.NettyRequestSender - Using pooled Channel '[id: 0x4ab95111, L:/127.0.0.1:53689 - R:localhost/127.0.0.1:49214]' for 'POST' to 'http://localhost:49214/session/335235c0d12ef8d11a67a6a8efe4f74a/execute/sync'
20:08:02.801 [Forwarding getElementAttribute on session 335235c0d12ef8d11a67a6a8efe4f74a to remote] DEBUG o.a.netty.request.NettyRequestSender - Using open Channel [id: 0x4ab95111, L:/127.0.0.1:53689 - R:localhost/127.0.0.1:49214] for POST '/session/335235c0d12ef8d11a67a6a8efe4f74a/execute/sync'
20:08:02.810 [AsyncHttpClient-1-2] DEBUG o.a.netty.handler.HttpHandler - 

Request DefaultHttpRequest(decodeResult: success, version: HTTP/1.1)
POST /session/335235c0d12ef8d11a67a6a8efe4f74a/execute/sync HTTP/1.1
User-Agent: selenium/4.1.4 (java windows)
Content-Length: 47340
Content-Type: application/json; charset=utf-8
host: localhost:49214
accept: */*

Response DefaultHttpResponse(decodeResult: success, version: HTTP/1.1)
HTTP/1.1 200 OK
Content-Type: application/json; charset=utf-8
cache-control: no-cache
content-length: 15

20:08:02.810 [AsyncHttpClient-1-2] DEBUG o.a.netty.channel.ChannelManager - Adding key: http://localhost:49214 for channel [id: 0x4ab95111, L:/127.0.0.1:53689 - R:localhost/127.0.0.1:49214]
20:08:02.811 [Forwarding findElement on session 335235c0d12ef8d11a67a6a8efe4f74a to remote] DEBUG o.a.netty.request.NettyRequestSender - Using pooled Channel '[id: 0x4ab95111, L:/127.0.0.1:53689 - R:localhost/127.0.0.1:49214]' for 'POST' to 'http://localhost:49214/session/335235c0d12ef8d11a67a6a8efe4f74a/element'
20:08:02.811 [Forwarding findElement on session 335235c0d12ef8d11a67a6a8efe4f74a to remote] DEBUG o.a.netty.request.NettyRequestSender - Using open Channel [id: 0x4ab95111, L:/127.0.0.1:53689 - R:localhost/127.0.0.1:49214] for POST '/session/335235c0d12ef8d11a67a6a8efe4f74a/element'
20:08:02.821 [AsyncHttpClient-1-2] DEBUG o.a.netty.handler.HttpHandler - 

Request DefaultHttpRequest(decodeResult: success, version: HTTP/1.1)
POST /session/335235c0d12ef8d11a67a6a8efe4f74a/element HTTP/1.1
User-Agent: selenium/4.1.4 (java windows)
Content-Length: 57
Content-Type: application/json; charset=utf-8
host: localhost:49214
accept: */*

Response DefaultHttpResponse(decodeResult: success, version: HTTP/1.1)
HTTP/1.1 200 OK
Content-Type: application/json; charset=utf-8
cache-control: no-cache
content-length: 88

20:08:02.821 [AsyncHttpClient-1-2] DEBUG o.a.netty.channel.ChannelManager - Adding key: http://localhost:49214 for channel [id: 0x4ab95111, L:/127.0.0.1:53689 - R:localhost/127.0.0.1:49214]
20:08:02.822 [Forwarding clickElement on session 335235c0d12ef8d11a67a6a8efe4f74a to remote] DEBUG o.a.netty.request.NettyRequestSender - Using pooled Channel '[id: 0x4ab95111, L:/127.0.0.1:53689 - R:localhost/127.0.0.1:49214]' for 'POST' to 'http://localhost:49214/session/335235c0d12ef8d11a67a6a8efe4f74a/element/3abcc475-faeb-49de-b813-ce12acea7776/click'
20:08:02.822 [Forwarding clickElement on session 335235c0d12ef8d11a67a6a8efe4f74a to remote] DEBUG o.a.netty.request.NettyRequestSender - Using open Channel [id: 0x4ab95111, L:/127.0.0.1:53689 - R:localhost/127.0.0.1:49214] for POST '/session/335235c0d12ef8d11a67a6a8efe4f74a/element/3abcc475-faeb-49de-b813-ce12acea7776/click'
20:08:02.974 [AsyncHttpClient-1-2] DEBUG o.a.netty.handler.HttpHandler - 

Request DefaultHttpRequest(decodeResult: success, version: HTTP/1.1)
POST /session/335235c0d12ef8d11a67a6a8efe4f74a/element/3abcc475-faeb-49de-b813-ce12acea7776/click HTTP/1.1
User-Agent: selenium/4.1.4 (java windows)
Content-Length: 50
Content-Type: application/json; charset=utf-8
host: localhost:49214
accept: */*

Response DefaultHttpResponse(decodeResult: success, version: HTTP/1.1)
HTTP/1.1 200 OK
Content-Type: application/json; charset=utf-8
cache-control: no-cache
content-length: 14

20:08:02.975 [AsyncHttpClient-1-2] DEBUG o.a.netty.channel.ChannelManager - Adding key: http://localhost:49214 for channel [id: 0x4ab95111, L:/127.0.0.1:53689 - R:localhost/127.0.0.1:49214]
20:08:02.976 [Forwarding findElement on session 335235c0d12ef8d11a67a6a8efe4f74a to remote] DEBUG o.a.netty.request.NettyRequestSender - Using pooled Channel '[id: 0x4ab95111, L:/127.0.0.1:53689 - R:localhost/127.0.0.1:49214]' for 'POST' to 'http://localhost:49214/session/335235c0d12ef8d11a67a6a8efe4f74a/element'
20:08:02.976 [Forwarding findElement on session 335235c0d12ef8d11a67a6a8efe4f74a to remote] DEBUG o.a.netty.request.NettyRequestSender - Using open Channel [id: 0x4ab95111, L:/127.0.0.1:53689 - R:localhost/127.0.0.1:49214] for POST '/session/335235c0d12ef8d11a67a6a8efe4f74a/element'
20:08:02.996 [AsyncHttpClient-1-2] DEBUG o.a.netty.handler.HttpHandler - 

Request DefaultHttpRequest(decodeResult: success, version: HTTP/1.1)
POST /session/335235c0d12ef8d11a67a6a8efe4f74a/element HTTP/1.1
User-Agent: selenium/4.1.4 (java windows)
Content-Length: 64
Content-Type: application/json; charset=utf-8
host: localhost:49214
accept: */*

Response DefaultHttpResponse(decodeResult: success, version: HTTP/1.1)
HTTP/1.1 200 OK
Content-Type: application/json; charset=utf-8
cache-control: no-cache
content-length: 88

20:08:02.996 [AsyncHttpClient-1-2] DEBUG o.a.netty.channel.ChannelManager - Adding key: http://localhost:49214 for channel [id: 0x4ab95111, L:/127.0.0.1:53689 - R:localhost/127.0.0.1:49214]
20:08:02.999 [Forwarding clickElement on session 335235c0d12ef8d11a67a6a8efe4f74a to remote] DEBUG o.a.netty.request.NettyRequestSender - Using pooled Channel '[id: 0x4ab95111, L:/127.0.0.1:53689 - R:localhost/127.0.0.1:49214]' for 'POST' to 'http://localhost:49214/session/335235c0d12ef8d11a67a6a8efe4f74a/element/80ee3029-9a2b-4e61-bd97-d009d8ec9d39/click'
20:08:02.999 [Forwarding clickElement on session 335235c0d12ef8d11a67a6a8efe4f74a to remote] DEBUG o.a.netty.request.NettyRequestSender - Using open Channel [id: 0x4ab95111, L:/127.0.0.1:53689 - R:localhost/127.0.0.1:49214] for POST '/session/335235c0d12ef8d11a67a6a8efe4f74a/element/80ee3029-9a2b-4e61-bd97-d009d8ec9d39/click'
20:08:03.043 [AsyncHttpClient-1-2] DEBUG o.a.netty.handler.HttpHandler - 

Request DefaultHttpRequest(decodeResult: success, version: HTTP/1.1)
POST /session/335235c0d12ef8d11a67a6a8efe4f74a/element/80ee3029-9a2b-4e61-bd97-d009d8ec9d39/click HTTP/1.1
User-Agent: selenium/4.1.4 (java windows)
Content-Length: 50
Content-Type: application/json; charset=utf-8
host: localhost:49214
accept: */*

Response DefaultHttpResponse(decodeResult: success, version: HTTP/1.1)
HTTP/1.1 200 OK
Content-Type: application/json; charset=utf-8
cache-control: no-cache
content-length: 14

20:08:03.043 [AsyncHttpClient-1-2] DEBUG o.a.netty.channel.ChannelManager - Adding key: http://localhost:49214 for channel [id: 0x4ab95111, L:/127.0.0.1:53689 - R:localhost/127.0.0.1:49214]
20:08:03.046 [Forwarding findElement on session 335235c0d12ef8d11a67a6a8efe4f74a to remote] DEBUG o.a.netty.request.NettyRequestSender - Using pooled Channel '[id: 0x4ab95111, L:/127.0.0.1:53689 - R:localhost/127.0.0.1:49214]' for 'POST' to 'http://localhost:49214/session/335235c0d12ef8d11a67a6a8efe4f74a/element'
20:08:03.046 [Forwarding findElement on session 335235c0d12ef8d11a67a6a8efe4f74a to remote] DEBUG o.a.netty.request.NettyRequestSender - Using open Channel [id: 0x4ab95111, L:/127.0.0.1:53689 - R:localhost/127.0.0.1:49214] for POST '/session/335235c0d12ef8d11a67a6a8efe4f74a/element'
20:08:03.053 [AsyncHttpClient-1-2] DEBUG o.a.netty.handler.HttpHandler - 

Request DefaultHttpRequest(decodeResult: success, version: HTTP/1.1)
POST /session/335235c0d12ef8d11a67a6a8efe4f74a/element HTTP/1.1
User-Agent: selenium/4.1.4 (java windows)
Content-Length: 64
Content-Type: application/json; charset=utf-8
host: localhost:49214
accept: */*

Response DefaultHttpResponse(decodeResult: success, version: HTTP/1.1)
HTTP/1.1 200 OK
Content-Type: application/json; charset=utf-8
cache-control: no-cache
content-length: 88

20:08:03.053 [AsyncHttpClient-1-2] DEBUG o.a.netty.channel.ChannelManager - Adding key: http://localhost:49214 for channel [id: 0x4ab95111, L:/127.0.0.1:53689 - R:localhost/127.0.0.1:49214]
20:08:03.057 [Forwarding getElementAttribute on session 335235c0d12ef8d11a67a6a8efe4f74a to remote] DEBUG o.a.netty.request.NettyRequestSender - Using pooled Channel '[id: 0x4ab95111, L:/127.0.0.1:53689 - R:localhost/127.0.0.1:49214]' for 'POST' to 'http://localhost:49214/session/335235c0d12ef8d11a67a6a8efe4f74a/execute/sync'
20:08:03.057 [Forwarding getElementAttribute on session 335235c0d12ef8d11a67a6a8efe4f74a to remote] DEBUG o.a.netty.request.NettyRequestSender - Using open Channel [id: 0x4ab95111, L:/127.0.0.1:53689 - R:localhost/127.0.0.1:49214] for POST '/session/335235c0d12ef8d11a67a6a8efe4f74a/execute/sync'
20:08:03.068 [AsyncHttpClient-1-2] DEBUG o.a.netty.handler.HttpHandler - 

Request DefaultHttpRequest(decodeResult: success, version: HTTP/1.1)
POST /session/335235c0d12ef8d11a67a6a8efe4f74a/execute/sync HTTP/1.1
User-Agent: selenium/4.1.4 (java windows)
Content-Length: 47340
Content-Type: application/json; charset=utf-8
host: localhost:49214
accept: */*

Response DefaultHttpResponse(decodeResult: success, version: HTTP/1.1)
HTTP/1.1 200 OK
Content-Type: application/json; charset=utf-8
cache-control: no-cache
content-length: 12

20:08:03.068 [AsyncHttpClient-1-2] DEBUG o.a.netty.channel.ChannelManager - Adding key: http://localhost:49214 for channel [id: 0x4ab95111, L:/127.0.0.1:53689 - R:localhost/127.0.0.1:49214]
20:08:03.069 [Forwarding findElement on session 335235c0d12ef8d11a67a6a8efe4f74a to remote] DEBUG o.a.netty.request.NettyRequestSender - Using pooled Channel '[id: 0x4ab95111, L:/127.0.0.1:53689 - R:localhost/127.0.0.1:49214]' for 'POST' to 'http://localhost:49214/session/335235c0d12ef8d11a67a6a8efe4f74a/element'
20:08:03.069 [Forwarding findElement on session 335235c0d12ef8d11a67a6a8efe4f74a to remote] DEBUG o.a.netty.request.NettyRequestSender - Using open Channel [id: 0x4ab95111, L:/127.0.0.1:53689 - R:localhost/127.0.0.1:49214] for POST '/session/335235c0d12ef8d11a67a6a8efe4f74a/element'
20:08:03.073 [AsyncHttpClient-1-2] DEBUG o.a.netty.handler.HttpHandler - 

Request DefaultHttpRequest(decodeResult: success, version: HTTP/1.1)
POST /session/335235c0d12ef8d11a67a6a8efe4f74a/element HTTP/1.1
User-Agent: selenium/4.1.4 (java windows)
Content-Length: 64
Content-Type: application/json; charset=utf-8
host: localhost:49214
accept: */*

Response DefaultHttpResponse(decodeResult: success, version: HTTP/1.1)
HTTP/1.1 200 OK
Content-Type: application/json; charset=utf-8
cache-control: no-cache
content-length: 88

20:08:03.073 [AsyncHttpClient-1-2] DEBUG o.a.netty.channel.ChannelManager - Adding key: http://localhost:49214 for channel [id: 0x4ab95111, L:/127.0.0.1:53689 - R:localhost/127.0.0.1:49214]
20:08:03.074 [Forwarding clearElement on session 335235c0d12ef8d11a67a6a8efe4f74a to remote] DEBUG o.a.netty.request.NettyRequestSender - Using pooled Channel '[id: 0x4ab95111, L:/127.0.0.1:53689 - R:localhost/127.0.0.1:49214]' for 'POST' to 'http://localhost:49214/session/335235c0d12ef8d11a67a6a8efe4f74a/element/80ee3029-9a2b-4e61-bd97-d009d8ec9d39/clear'
20:08:03.074 [Forwarding clearElement on session 335235c0d12ef8d11a67a6a8efe4f74a to remote] DEBUG o.a.netty.request.NettyRequestSender - Using open Channel [id: 0x4ab95111, L:/127.0.0.1:53689 - R:localhost/127.0.0.1:49214] for POST '/session/335235c0d12ef8d11a67a6a8efe4f74a/element/80ee3029-9a2b-4e61-bd97-d009d8ec9d39/clear'
20:08:03.095 [AsyncHttpClient-1-2] DEBUG o.a.netty.handler.HttpHandler - 

Request DefaultHttpRequest(decodeResult: success, version: HTTP/1.1)
POST /session/335235c0d12ef8d11a67a6a8efe4f74a/element/80ee3029-9a2b-4e61-bd97-d009d8ec9d39/clear HTTP/1.1
User-Agent: selenium/4.1.4 (java windows)
Content-Length: 50
Content-Type: application/json; charset=utf-8
host: localhost:49214
accept: */*

Response DefaultHttpResponse(decodeResult: success, version: HTTP/1.1)
HTTP/1.1 200 OK
Content-Type: application/json; charset=utf-8
cache-control: no-cache
content-length: 14

20:08:03.095 [AsyncHttpClient-1-2] DEBUG o.a.netty.channel.ChannelManager - Adding key: http://localhost:49214 for channel [id: 0x4ab95111, L:/127.0.0.1:53689 - R:localhost/127.0.0.1:49214]
20:08:03.097 [Forwarding findElement on session 335235c0d12ef8d11a67a6a8efe4f74a to remote] DEBUG o.a.netty.request.NettyRequestSender - Using pooled Channel '[id: 0x4ab95111, L:/127.0.0.1:53689 - R:localhost/127.0.0.1:49214]' for 'POST' to 'http://localhost:49214/session/335235c0d12ef8d11a67a6a8efe4f74a/element'
20:08:03.097 [Forwarding findElement on session 335235c0d12ef8d11a67a6a8efe4f74a to remote] DEBUG o.a.netty.request.NettyRequestSender - Using open Channel [id: 0x4ab95111, L:/127.0.0.1:53689 - R:localhost/127.0.0.1:49214] for POST '/session/335235c0d12ef8d11a67a6a8efe4f74a/element'
20:08:03.102 [AsyncHttpClient-1-2] DEBUG o.a.netty.handler.HttpHandler - 

Request DefaultHttpRequest(decodeResult: success, version: HTTP/1.1)
POST /session/335235c0d12ef8d11a67a6a8efe4f74a/element HTTP/1.1
User-Agent: selenium/4.1.4 (java windows)
Content-Length: 64
Content-Type: application/json; charset=utf-8
host: localhost:49214
accept: */*

Response DefaultHttpResponse(decodeResult: success, version: HTTP/1.1)
HTTP/1.1 200 OK
Content-Type: application/json; charset=utf-8
cache-control: no-cache
content-length: 88

20:08:03.102 [AsyncHttpClient-1-2] DEBUG o.a.netty.channel.ChannelManager - Adding key: http://localhost:49214 for channel [id: 0x4ab95111, L:/127.0.0.1:53689 - R:localhost/127.0.0.1:49214]
20:08:03.103 [Forwarding sendKeysToElement on session 335235c0d12ef8d11a67a6a8efe4f74a to remote] DEBUG o.a.netty.request.NettyRequestSender - Using pooled Channel '[id: 0x4ab95111, L:/127.0.0.1:53689 - R:localhost/127.0.0.1:49214]' for 'POST' to 'http://localhost:49214/session/335235c0d12ef8d11a67a6a8efe4f74a/element/80ee3029-9a2b-4e61-bd97-d009d8ec9d39/value'
20:08:03.103 [Forwarding sendKeysToElement on session 335235c0d12ef8d11a67a6a8efe4f74a to remote] DEBUG o.a.netty.request.NettyRequestSender - Using open Channel [id: 0x4ab95111, L:/127.0.0.1:53689 - R:localhost/127.0.0.1:49214] for POST '/session/335235c0d12ef8d11a67a6a8efe4f74a/element/80ee3029-9a2b-4e61-bd97-d009d8ec9d39/value'
20:08:03.125 [AsyncHttpClient-1-2] DEBUG o.a.netty.handler.HttpHandler - 

Request DefaultHttpRequest(decodeResult: success, version: HTTP/1.1)
POST /session/335235c0d12ef8d11a67a6a8efe4f74a/element/80ee3029-9a2b-4e61-bd97-d009d8ec9d39/value HTTP/1.1
User-Agent: selenium/4.1.4 (java windows)
Content-Length: 181
Content-Type: application/json; charset=utf-8
host: localhost:49214
accept: */*

Response DefaultHttpResponse(decodeResult: success, version: HTTP/1.1)
HTTP/1.1 200 OK
Content-Type: application/json; charset=utf-8
cache-control: no-cache
content-length: 14

20:08:03.125 [AsyncHttpClient-1-2] DEBUG o.a.netty.channel.ChannelManager - Adding key: http://localhost:49214 for channel [id: 0x4ab95111, L:/127.0.0.1:53689 - R:localhost/127.0.0.1:49214]
20:08:03.126 [Forwarding findElement on session 335235c0d12ef8d11a67a6a8efe4f74a to remote] DEBUG o.a.netty.request.NettyRequestSender - Using pooled Channel '[id: 0x4ab95111, L:/127.0.0.1:53689 - R:localhost/127.0.0.1:49214]' for 'POST' to 'http://localhost:49214/session/335235c0d12ef8d11a67a6a8efe4f74a/element'
20:08:03.126 [Forwarding findElement on session 335235c0d12ef8d11a67a6a8efe4f74a to remote] DEBUG o.a.netty.request.NettyRequestSender - Using open Channel [id: 0x4ab95111, L:/127.0.0.1:53689 - R:localhost/127.0.0.1:49214] for POST '/session/335235c0d12ef8d11a67a6a8efe4f74a/element'
20:08:03.135 [AsyncHttpClient-1-2] DEBUG o.a.netty.handler.HttpHandler - 

Request DefaultHttpRequest(decodeResult: success, version: HTTP/1.1)
POST /session/335235c0d12ef8d11a67a6a8efe4f74a/element HTTP/1.1
User-Agent: selenium/4.1.4 (java windows)
Content-Length: 66
Content-Type: application/json; charset=utf-8
host: localhost:49214
accept: */*

Response DefaultHttpResponse(decodeResult: success, version: HTTP/1.1)
HTTP/1.1 200 OK
Content-Type: application/json; charset=utf-8
cache-control: no-cache
content-length: 88

20:08:03.135 [AsyncHttpClient-1-2] DEBUG o.a.netty.channel.ChannelManager - Adding key: http://localhost:49214 for channel [id: 0x4ab95111, L:/127.0.0.1:53689 - R:localhost/127.0.0.1:49214]
20:08:03.136 [Forwarding clickElement on session 335235c0d12ef8d11a67a6a8efe4f74a to remote] DEBUG o.a.netty.request.NettyRequestSender - Using pooled Channel '[id: 0x4ab95111, L:/127.0.0.1:53689 - R:localhost/127.0.0.1:49214]' for 'POST' to 'http://localhost:49214/session/335235c0d12ef8d11a67a6a8efe4f74a/element/68c97cf3-020e-4f1e-9fa1-39296108a02f/click'
20:08:03.136 [Forwarding clickElement on session 335235c0d12ef8d11a67a6a8efe4f74a to remote] DEBUG o.a.netty.request.NettyRequestSender - Using open Channel [id: 0x4ab95111, L:/127.0.0.1:53689 - R:localhost/127.0.0.1:49214] for POST '/session/335235c0d12ef8d11a67a6a8efe4f74a/element/68c97cf3-020e-4f1e-9fa1-39296108a02f/click'
20:08:03.158 [AsyncHttpClient-1-2] DEBUG o.a.netty.handler.HttpHandler - 

Request DefaultHttpRequest(decodeResult: success, version: HTTP/1.1)
POST /session/335235c0d12ef8d11a67a6a8efe4f74a/element/68c97cf3-020e-4f1e-9fa1-39296108a02f/click HTTP/1.1
User-Agent: selenium/4.1.4 (java windows)
Content-Length: 50
Content-Type: application/json; charset=utf-8
host: localhost:49214
accept: */*

Response DefaultHttpResponse(decodeResult: success, version: HTTP/1.1)
HTTP/1.1 200 OK
Content-Type: application/json; charset=utf-8
cache-control: no-cache
content-length: 14

20:08:03.158 [AsyncHttpClient-1-2] DEBUG o.a.netty.channel.ChannelManager - Adding key: http://localhost:49214 for channel [id: 0x4ab95111, L:/127.0.0.1:53689 - R:localhost/127.0.0.1:49214]
20:08:03.159 [Forwarding findElement on session 335235c0d12ef8d11a67a6a8efe4f74a to remote] DEBUG o.a.netty.request.NettyRequestSender - Using pooled Channel '[id: 0x4ab95111, L:/127.0.0.1:53689 - R:localhost/127.0.0.1:49214]' for 'POST' to 'http://localhost:49214/session/335235c0d12ef8d11a67a6a8efe4f74a/element'
20:08:03.159 [Forwarding findElement on session 335235c0d12ef8d11a67a6a8efe4f74a to remote] DEBUG o.a.netty.request.NettyRequestSender - Using open Channel [id: 0x4ab95111, L:/127.0.0.1:53689 - R:localhost/127.0.0.1:49214] for POST '/session/335235c0d12ef8d11a67a6a8efe4f74a/element'
20:08:03.165 [AsyncHttpClient-1-2] DEBUG o.a.netty.handler.HttpHandler - 

Request DefaultHttpRequest(decodeResult: success, version: HTTP/1.1)
POST /session/335235c0d12ef8d11a67a6a8efe4f74a/element HTTP/1.1
User-Agent: selenium/4.1.4 (java windows)
Content-Length: 66
Content-Type: application/json; charset=utf-8
host: localhost:49214
accept: */*

Response DefaultHttpResponse(decodeResult: success, version: HTTP/1.1)
HTTP/1.1 200 OK
Content-Type: application/json; charset=utf-8
cache-control: no-cache
content-length: 88

20:08:03.165 [AsyncHttpClient-1-2] DEBUG o.a.netty.channel.ChannelManager - Adding key: http://localhost:49214 for channel [id: 0x4ab95111, L:/127.0.0.1:53689 - R:localhost/127.0.0.1:49214]
20:08:03.168 [Forwarding getElementAttribute on session 335235c0d12ef8d11a67a6a8efe4f74a to remote] DEBUG o.a.netty.request.NettyRequestSender - Using pooled Channel '[id: 0x4ab95111, L:/127.0.0.1:53689 - R:localhost/127.0.0.1:49214]' for 'POST' to 'http://localhost:49214/session/335235c0d12ef8d11a67a6a8efe4f74a/execute/sync'
20:08:03.168 [Forwarding getElementAttribute on session 335235c0d12ef8d11a67a6a8efe4f74a to remote] DEBUG o.a.netty.request.NettyRequestSender - Using open Channel [id: 0x4ab95111, L:/127.0.0.1:53689 - R:localhost/127.0.0.1:49214] for POST '/session/335235c0d12ef8d11a67a6a8efe4f74a/execute/sync'
20:08:03.175 [AsyncHttpClient-1-2] DEBUG o.a.netty.handler.HttpHandler - 

Request DefaultHttpRequest(decodeResult: success, version: HTTP/1.1)
POST /session/335235c0d12ef8d11a67a6a8efe4f74a/execute/sync HTTP/1.1
User-Agent: selenium/4.1.4 (java windows)
Content-Length: 47340
Content-Type: application/json; charset=utf-8
host: localhost:49214
accept: */*

Response DefaultHttpResponse(decodeResult: success, version: HTTP/1.1)
HTTP/1.1 200 OK
Content-Type: application/json; charset=utf-8
cache-control: no-cache
content-length: 12

20:08:03.175 [AsyncHttpClient-1-2] DEBUG o.a.netty.channel.ChannelManager - Adding key: http://localhost:49214 for channel [id: 0x4ab95111, L:/127.0.0.1:53689 - R:localhost/127.0.0.1:49214]
20:08:03.177 [Forwarding findElement on session 335235c0d12ef8d11a67a6a8efe4f74a to remote] DEBUG o.a.netty.request.NettyRequestSender - Using pooled Channel '[id: 0x4ab95111, L:/127.0.0.1:53689 - R:localhost/127.0.0.1:49214]' for 'POST' to 'http://localhost:49214/session/335235c0d12ef8d11a67a6a8efe4f74a/element'
20:08:03.177 [Forwarding findElement on session 335235c0d12ef8d11a67a6a8efe4f74a to remote] DEBUG o.a.netty.request.NettyRequestSender - Using open Channel [id: 0x4ab95111, L:/127.0.0.1:53689 - R:localhost/127.0.0.1:49214] for POST '/session/335235c0d12ef8d11a67a6a8efe4f74a/element'
20:08:03.184 [AsyncHttpClient-1-2] DEBUG o.a.netty.handler.HttpHandler - 

Request DefaultHttpRequest(decodeResult: success, version: HTTP/1.1)
POST /session/335235c0d12ef8d11a67a6a8efe4f74a/element HTTP/1.1
User-Agent: selenium/4.1.4 (java windows)
Content-Length: 66
Content-Type: application/json; charset=utf-8
host: localhost:49214
accept: */*

Response DefaultHttpResponse(decodeResult: success, version: HTTP/1.1)
HTTP/1.1 200 OK
Content-Type: application/json; charset=utf-8
cache-control: no-cache
content-length: 88

20:08:03.185 [AsyncHttpClient-1-2] DEBUG o.a.netty.channel.ChannelManager - Adding key: http://localhost:49214 for channel [id: 0x4ab95111, L:/127.0.0.1:53689 - R:localhost/127.0.0.1:49214]
20:08:03.185 [Forwarding clearElement on session 335235c0d12ef8d11a67a6a8efe4f74a to remote] DEBUG o.a.netty.request.NettyRequestSender - Using pooled Channel '[id: 0x4ab95111, L:/127.0.0.1:53689 - R:localhost/127.0.0.1:49214]' for 'POST' to 'http://localhost:49214/session/335235c0d12ef8d11a67a6a8efe4f74a/element/68c97cf3-020e-4f1e-9fa1-39296108a02f/clear'
20:08:03.185 [Forwarding clearElement on session 335235c0d12ef8d11a67a6a8efe4f74a to remote] DEBUG o.a.netty.request.NettyRequestSender - Using open Channel [id: 0x4ab95111, L:/127.0.0.1:53689 - R:localhost/127.0.0.1:49214] for POST '/session/335235c0d12ef8d11a67a6a8efe4f74a/element/68c97cf3-020e-4f1e-9fa1-39296108a02f/clear'
20:08:03.201 [AsyncHttpClient-1-2] DEBUG o.a.netty.handler.HttpHandler - 

Request DefaultHttpRequest(decodeResult: success, version: HTTP/1.1)
POST /session/335235c0d12ef8d11a67a6a8efe4f74a/element/68c97cf3-020e-4f1e-9fa1-39296108a02f/clear HTTP/1.1
User-Agent: selenium/4.1.4 (java windows)
Content-Length: 50
Content-Type: application/json; charset=utf-8
host: localhost:49214
accept: */*

Response DefaultHttpResponse(decodeResult: success, version: HTTP/1.1)
HTTP/1.1 200 OK
Content-Type: application/json; charset=utf-8
cache-control: no-cache
content-length: 14

20:08:03.201 [AsyncHttpClient-1-2] DEBUG o.a.netty.channel.ChannelManager - Adding key: http://localhost:49214 for channel [id: 0x4ab95111, L:/127.0.0.1:53689 - R:localhost/127.0.0.1:49214]
20:08:03.202 [Forwarding findElement on session 335235c0d12ef8d11a67a6a8efe4f74a to remote] DEBUG o.a.netty.request.NettyRequestSender - Using pooled Channel '[id: 0x4ab95111, L:/127.0.0.1:53689 - R:localhost/127.0.0.1:49214]' for 'POST' to 'http://localhost:49214/session/335235c0d12ef8d11a67a6a8efe4f74a/element'
20:08:03.202 [Forwarding findElement on session 335235c0d12ef8d11a67a6a8efe4f74a to remote] DEBUG o.a.netty.request.NettyRequestSender - Using open Channel [id: 0x4ab95111, L:/127.0.0.1:53689 - R:localhost/127.0.0.1:49214] for POST '/session/335235c0d12ef8d11a67a6a8efe4f74a/element'
20:08:03.208 [AsyncHttpClient-1-2] DEBUG o.a.netty.handler.HttpHandler - 

Request DefaultHttpRequest(decodeResult: success, version: HTTP/1.1)
POST /session/335235c0d12ef8d11a67a6a8efe4f74a/element HTTP/1.1
User-Agent: selenium/4.1.4 (java windows)
Content-Length: 66
Content-Type: application/json; charset=utf-8
host: localhost:49214
accept: */*

Response DefaultHttpResponse(decodeResult: success, version: HTTP/1.1)
HTTP/1.1 200 OK
Content-Type: application/json; charset=utf-8
cache-control: no-cache
content-length: 88

20:08:03.208 [AsyncHttpClient-1-2] DEBUG o.a.netty.channel.ChannelManager - Adding key: http://localhost:49214 for channel [id: 0x4ab95111, L:/127.0.0.1:53689 - R:localhost/127.0.0.1:49214]
20:08:03.209 [Forwarding sendKeysToElement on session 335235c0d12ef8d11a67a6a8efe4f74a to remote] DEBUG o.a.netty.request.NettyRequestSender - Using pooled Channel '[id: 0x4ab95111, L:/127.0.0.1:53689 - R:localhost/127.0.0.1:49214]' for 'POST' to 'http://localhost:49214/session/335235c0d12ef8d11a67a6a8efe4f74a/element/68c97cf3-020e-4f1e-9fa1-39296108a02f/value'
20:08:03.209 [Forwarding sendKeysToElement on session 335235c0d12ef8d11a67a6a8efe4f74a to remote] DEBUG o.a.netty.request.NettyRequestSender - Using open Channel [id: 0x4ab95111, L:/127.0.0.1:53689 - R:localhost/127.0.0.1:49214] for POST '/session/335235c0d12ef8d11a67a6a8efe4f74a/element/68c97cf3-020e-4f1e-9fa1-39296108a02f/value'
20:08:03.228 [AsyncHttpClient-1-2] DEBUG o.a.netty.handler.HttpHandler - 

Request DefaultHttpRequest(decodeResult: success, version: HTTP/1.1)
POST /session/335235c0d12ef8d11a67a6a8efe4f74a/element/68c97cf3-020e-4f1e-9fa1-39296108a02f/value HTTP/1.1
User-Agent: selenium/4.1.4 (java windows)
Content-Length: 121
Content-Type: application/json; charset=utf-8
host: localhost:49214
accept: */*

Response DefaultHttpResponse(decodeResult: success, version: HTTP/1.1)
HTTP/1.1 200 OK
Content-Type: application/json; charset=utf-8
cache-control: no-cache
content-length: 14

20:08:03.228 [AsyncHttpClient-1-2] DEBUG o.a.netty.channel.ChannelManager - Adding key: http://localhost:49214 for channel [id: 0x4ab95111, L:/127.0.0.1:53689 - R:localhost/127.0.0.1:49214]
20:08:03.230 [Forwarding findElement on session 335235c0d12ef8d11a67a6a8efe4f74a to remote] DEBUG o.a.netty.request.NettyRequestSender - Using pooled Channel '[id: 0x4ab95111, L:/127.0.0.1:53689 - R:localhost/127.0.0.1:49214]' for 'POST' to 'http://localhost:49214/session/335235c0d12ef8d11a67a6a8efe4f74a/element'
20:08:03.230 [Forwarding findElement on session 335235c0d12ef8d11a67a6a8efe4f74a to remote] DEBUG o.a.netty.request.NettyRequestSender - Using open Channel [id: 0x4ab95111, L:/127.0.0.1:53689 - R:localhost/127.0.0.1:49214] for POST '/session/335235c0d12ef8d11a67a6a8efe4f74a/element'
20:08:03.238 [AsyncHttpClient-1-2] DEBUG o.a.netty.handler.HttpHandler - 

Request DefaultHttpRequest(decodeResult: success, version: HTTP/1.1)
POST /session/335235c0d12ef8d11a67a6a8efe4f74a/element HTTP/1.1
User-Agent: selenium/4.1.4 (java windows)
Content-Length: 66
Content-Type: application/json; charset=utf-8
host: localhost:49214
accept: */*

Response DefaultHttpResponse(decodeResult: success, version: HTTP/1.1)
HTTP/1.1 200 OK
Content-Type: application/json; charset=utf-8
cache-control: no-cache
content-length: 88

20:08:03.238 [AsyncHttpClient-1-2] DEBUG o.a.netty.channel.ChannelManager - Adding key: http://localhost:49214 for channel [id: 0x4ab95111, L:/127.0.0.1:53689 - R:localhost/127.0.0.1:49214]
20:08:03.239 [Forwarding clickElement on session 335235c0d12ef8d11a67a6a8efe4f74a to remote] DEBUG o.a.netty.request.NettyRequestSender - Using pooled Channel '[id: 0x4ab95111, L:/127.0.0.1:53689 - R:localhost/127.0.0.1:49214]' for 'POST' to 'http://localhost:49214/session/335235c0d12ef8d11a67a6a8efe4f74a/element/e6e97aab-862c-4382-b427-5da12509a42b/click'
20:08:03.239 [Forwarding clickElement on session 335235c0d12ef8d11a67a6a8efe4f74a to remote] DEBUG o.a.netty.request.NettyRequestSender - Using open Channel [id: 0x4ab95111, L:/127.0.0.1:53689 - R:localhost/127.0.0.1:49214] for POST '/session/335235c0d12ef8d11a67a6a8efe4f74a/element/e6e97aab-862c-4382-b427-5da12509a42b/click'
20:08:03.263 [AsyncHttpClient-1-2] DEBUG o.a.netty.handler.HttpHandler - 

Request DefaultHttpRequest(decodeResult: success, version: HTTP/1.1)
POST /session/335235c0d12ef8d11a67a6a8efe4f74a/element/e6e97aab-862c-4382-b427-5da12509a42b/click HTTP/1.1
User-Agent: selenium/4.1.4 (java windows)
Content-Length: 50
Content-Type: application/json; charset=utf-8
host: localhost:49214
accept: */*

Response DefaultHttpResponse(decodeResult: success, version: HTTP/1.1)
HTTP/1.1 200 OK
Content-Type: application/json; charset=utf-8
cache-control: no-cache
content-length: 14

20:08:03.263 [AsyncHttpClient-1-2] DEBUG o.a.netty.channel.ChannelManager - Adding key: http://localhost:49214 for channel [id: 0x4ab95111, L:/127.0.0.1:53689 - R:localhost/127.0.0.1:49214]
20:08:03.264 [Forwarding findElement on session 335235c0d12ef8d11a67a6a8efe4f74a to remote] DEBUG o.a.netty.request.NettyRequestSender - Using pooled Channel '[id: 0x4ab95111, L:/127.0.0.1:53689 - R:localhost/127.0.0.1:49214]' for 'POST' to 'http://localhost:49214/session/335235c0d12ef8d11a67a6a8efe4f74a/element'
20:08:03.264 [Forwarding findElement on session 335235c0d12ef8d11a67a6a8efe4f74a to remote] DEBUG o.a.netty.request.NettyRequestSender - Using open Channel [id: 0x4ab95111, L:/127.0.0.1:53689 - R:localhost/127.0.0.1:49214] for POST '/session/335235c0d12ef8d11a67a6a8efe4f74a/element'
20:08:03.269 [AsyncHttpClient-1-2] DEBUG o.a.netty.handler.HttpHandler - 

Request DefaultHttpRequest(decodeResult: success, version: HTTP/1.1)
POST /session/335235c0d12ef8d11a67a6a8efe4f74a/element HTTP/1.1
User-Agent: selenium/4.1.4 (java windows)
Content-Length: 66
Content-Type: application/json; charset=utf-8
host: localhost:49214
accept: */*

Response DefaultHttpResponse(decodeResult: success, version: HTTP/1.1)
HTTP/1.1 200 OK
Content-Type: application/json; charset=utf-8
cache-control: no-cache
content-length: 88

20:08:03.269 [AsyncHttpClient-1-2] DEBUG o.a.netty.channel.ChannelManager - Adding key: http://localhost:49214 for channel [id: 0x4ab95111, L:/127.0.0.1:53689 - R:localhost/127.0.0.1:49214]
20:08:03.272 [Forwarding getElementAttribute on session 335235c0d12ef8d11a67a6a8efe4f74a to remote] DEBUG o.a.netty.request.NettyRequestSender - Using pooled Channel '[id: 0x4ab95111, L:/127.0.0.1:53689 - R:localhost/127.0.0.1:49214]' for 'POST' to 'http://localhost:49214/session/335235c0d12ef8d11a67a6a8efe4f74a/execute/sync'
20:08:03.272 [Forwarding getElementAttribute on session 335235c0d12ef8d11a67a6a8efe4f74a to remote] DEBUG o.a.netty.request.NettyRequestSender - Using open Channel [id: 0x4ab95111, L:/127.0.0.1:53689 - R:localhost/127.0.0.1:49214] for POST '/session/335235c0d12ef8d11a67a6a8efe4f74a/execute/sync'
20:08:03.280 [AsyncHttpClient-1-2] DEBUG o.a.netty.handler.HttpHandler - 

Request DefaultHttpRequest(decodeResult: success, version: HTTP/1.1)
POST /session/335235c0d12ef8d11a67a6a8efe4f74a/execute/sync HTTP/1.1
User-Agent: selenium/4.1.4 (java windows)
Content-Length: 47340
Content-Type: application/json; charset=utf-8
host: localhost:49214
accept: */*

Response DefaultHttpResponse(decodeResult: success, version: HTTP/1.1)
HTTP/1.1 200 OK
Content-Type: application/json; charset=utf-8
cache-control: no-cache
content-length: 12

20:08:03.280 [AsyncHttpClient-1-2] DEBUG o.a.netty.channel.ChannelManager - Adding key: http://localhost:49214 for channel [id: 0x4ab95111, L:/127.0.0.1:53689 - R:localhost/127.0.0.1:49214]
20:08:03.281 [Forwarding findElement on session 335235c0d12ef8d11a67a6a8efe4f74a to remote] DEBUG o.a.netty.request.NettyRequestSender - Using pooled Channel '[id: 0x4ab95111, L:/127.0.0.1:53689 - R:localhost/127.0.0.1:49214]' for 'POST' to 'http://localhost:49214/session/335235c0d12ef8d11a67a6a8efe4f74a/element'
20:08:03.281 [Forwarding findElement on session 335235c0d12ef8d11a67a6a8efe4f74a to remote] DEBUG o.a.netty.request.NettyRequestSender - Using open Channel [id: 0x4ab95111, L:/127.0.0.1:53689 - R:localhost/127.0.0.1:49214] for POST '/session/335235c0d12ef8d11a67a6a8efe4f74a/element'
20:08:03.286 [AsyncHttpClient-1-2] DEBUG o.a.netty.handler.HttpHandler - 

Request DefaultHttpRequest(decodeResult: success, version: HTTP/1.1)
POST /session/335235c0d12ef8d11a67a6a8efe4f74a/element HTTP/1.1
User-Agent: selenium/4.1.4 (java windows)
Content-Length: 66
Content-Type: application/json; charset=utf-8
host: localhost:49214
accept: */*

Response DefaultHttpResponse(decodeResult: success, version: HTTP/1.1)
HTTP/1.1 200 OK
Content-Type: application/json; charset=utf-8
cache-control: no-cache
content-length: 88

20:08:03.286 [AsyncHttpClient-1-2] DEBUG o.a.netty.channel.ChannelManager - Adding key: http://localhost:49214 for channel [id: 0x4ab95111, L:/127.0.0.1:53689 - R:localhost/127.0.0.1:49214]
20:08:03.287 [Forwarding clearElement on session 335235c0d12ef8d11a67a6a8efe4f74a to remote] DEBUG o.a.netty.request.NettyRequestSender - Using pooled Channel '[id: 0x4ab95111, L:/127.0.0.1:53689 - R:localhost/127.0.0.1:49214]' for 'POST' to 'http://localhost:49214/session/335235c0d12ef8d11a67a6a8efe4f74a/element/e6e97aab-862c-4382-b427-5da12509a42b/clear'
20:08:03.287 [Forwarding clearElement on session 335235c0d12ef8d11a67a6a8efe4f74a to remote] DEBUG o.a.netty.request.NettyRequestSender - Using open Channel [id: 0x4ab95111, L:/127.0.0.1:53689 - R:localhost/127.0.0.1:49214] for POST '/session/335235c0d12ef8d11a67a6a8efe4f74a/element/e6e97aab-862c-4382-b427-5da12509a42b/clear'
20:08:03.301 [AsyncHttpClient-1-2] DEBUG o.a.netty.handler.HttpHandler - 

Request DefaultHttpRequest(decodeResult: success, version: HTTP/1.1)
POST /session/335235c0d12ef8d11a67a6a8efe4f74a/element/e6e97aab-862c-4382-b427-5da12509a42b/clear HTTP/1.1
User-Agent: selenium/4.1.4 (java windows)
Content-Length: 50
Content-Type: application/json; charset=utf-8
host: localhost:49214
accept: */*

Response DefaultHttpResponse(decodeResult: success, version: HTTP/1.1)
HTTP/1.1 200 OK
Content-Type: application/json; charset=utf-8
cache-control: no-cache
content-length: 14

20:08:03.301 [AsyncHttpClient-1-2] DEBUG o.a.netty.channel.ChannelManager - Adding key: http://localhost:49214 for channel [id: 0x4ab95111, L:/127.0.0.1:53689 - R:localhost/127.0.0.1:49214]
20:08:03.302 [Forwarding findElement on session 335235c0d12ef8d11a67a6a8efe4f74a to remote] DEBUG o.a.netty.request.NettyRequestSender - Using pooled Channel '[id: 0x4ab95111, L:/127.0.0.1:53689 - R:localhost/127.0.0.1:49214]' for 'POST' to 'http://localhost:49214/session/335235c0d12ef8d11a67a6a8efe4f74a/element'
20:08:03.302 [Forwarding findElement on session 335235c0d12ef8d11a67a6a8efe4f74a to remote] DEBUG o.a.netty.request.NettyRequestSender - Using open Channel [id: 0x4ab95111, L:/127.0.0.1:53689 - R:localhost/127.0.0.1:49214] for POST '/session/335235c0d12ef8d11a67a6a8efe4f74a/element'
20:08:03.307 [AsyncHttpClient-1-2] DEBUG o.a.netty.handler.HttpHandler - 

Request DefaultHttpRequest(decodeResult: success, version: HTTP/1.1)
POST /session/335235c0d12ef8d11a67a6a8efe4f74a/element HTTP/1.1
User-Agent: selenium/4.1.4 (java windows)
Content-Length: 66
Content-Type: application/json; charset=utf-8
host: localhost:49214
accept: */*

Response DefaultHttpResponse(decodeResult: success, version: HTTP/1.1)
HTTP/1.1 200 OK
Content-Type: application/json; charset=utf-8
cache-control: no-cache
content-length: 88

20:08:03.307 [AsyncHttpClient-1-2] DEBUG o.a.netty.channel.ChannelManager - Adding key: http://localhost:49214 for channel [id: 0x4ab95111, L:/127.0.0.1:53689 - R:localhost/127.0.0.1:49214]
20:08:03.308 [Forwarding sendKeysToElement on session 335235c0d12ef8d11a67a6a8efe4f74a to remote] DEBUG o.a.netty.request.NettyRequestSender - Using pooled Channel '[id: 0x4ab95111, L:/127.0.0.1:53689 - R:localhost/127.0.0.1:49214]' for 'POST' to 'http://localhost:49214/session/335235c0d12ef8d11a67a6a8efe4f74a/element/e6e97aab-862c-4382-b427-5da12509a42b/value'
20:08:03.308 [Forwarding sendKeysToElement on session 335235c0d12ef8d11a67a6a8efe4f74a to remote] DEBUG o.a.netty.request.NettyRequestSender - Using open Channel [id: 0x4ab95111, L:/127.0.0.1:53689 - R:localhost/127.0.0.1:49214] for POST '/session/335235c0d12ef8d11a67a6a8efe4f74a/element/e6e97aab-862c-4382-b427-5da12509a42b/value'
20:08:03.328 [AsyncHttpClient-1-2] DEBUG o.a.netty.handler.HttpHandler - 

Request DefaultHttpRequest(decodeResult: success, version: HTTP/1.1)
POST /session/335235c0d12ef8d11a67a6a8efe4f74a/element/e6e97aab-862c-4382-b427-5da12509a42b/value HTTP/1.1
User-Agent: selenium/4.1.4 (java windows)
Content-Length: 121
Content-Type: application/json; charset=utf-8
host: localhost:49214
accept: */*

Response DefaultHttpResponse(decodeResult: success, version: HTTP/1.1)
HTTP/1.1 200 OK
Content-Type: application/json; charset=utf-8
cache-control: no-cache
content-length: 14

20:08:03.328 [AsyncHttpClient-1-2] DEBUG o.a.netty.channel.ChannelManager - Adding key: http://localhost:49214 for channel [id: 0x4ab95111, L:/127.0.0.1:53689 - R:localhost/127.0.0.1:49214]
20:08:03.329 [Forwarding findElement on session 335235c0d12ef8d11a67a6a8efe4f74a to remote] DEBUG o.a.netty.request.NettyRequestSender - Using pooled Channel '[id: 0x4ab95111, L:/127.0.0.1:53689 - R:localhost/127.0.0.1:49214]' for 'POST' to 'http://localhost:49214/session/335235c0d12ef8d11a67a6a8efe4f74a/element'
20:08:03.329 [Forwarding findElement on session 335235c0d12ef8d11a67a6a8efe4f74a to remote] DEBUG o.a.netty.request.NettyRequestSender - Using open Channel [id: 0x4ab95111, L:/127.0.0.1:53689 - R:localhost/127.0.0.1:49214] for POST '/session/335235c0d12ef8d11a67a6a8efe4f74a/element'
20:08:03.337 [AsyncHttpClient-1-2] DEBUG o.a.netty.handler.HttpHandler - 

Request DefaultHttpRequest(decodeResult: success, version: HTTP/1.1)
POST /session/335235c0d12ef8d11a67a6a8efe4f74a/element HTTP/1.1
User-Agent: selenium/4.1.4 (java windows)
Content-Length: 60
Content-Type: application/json; charset=utf-8
host: localhost:49214
accept: */*

Response DefaultHttpResponse(decodeResult: success, version: HTTP/1.1)
HTTP/1.1 200 OK
Content-Type: application/json; charset=utf-8
cache-control: no-cache
content-length: 88

20:08:03.337 [AsyncHttpClient-1-2] DEBUG o.a.netty.channel.ChannelManager - Adding key: http://localhost:49214 for channel [id: 0x4ab95111, L:/127.0.0.1:53689 - R:localhost/127.0.0.1:49214]
20:08:03.338 [Forwarding clickElement on session 335235c0d12ef8d11a67a6a8efe4f74a to remote] DEBUG o.a.netty.request.NettyRequestSender - Using pooled Channel '[id: 0x4ab95111, L:/127.0.0.1:53689 - R:localhost/127.0.0.1:49214]' for 'POST' to 'http://localhost:49214/session/335235c0d12ef8d11a67a6a8efe4f74a/element/09943aed-9302-45cf-83c1-1d0eff80a861/click'
20:08:03.338 [Forwarding clickElement on session 335235c0d12ef8d11a67a6a8efe4f74a to remote] DEBUG o.a.netty.request.NettyRequestSender - Using open Channel [id: 0x4ab95111, L:/127.0.0.1:53689 - R:localhost/127.0.0.1:49214] for POST '/session/335235c0d12ef8d11a67a6a8efe4f74a/element/09943aed-9302-45cf-83c1-1d0eff80a861/click'
20:08:03.476 [AsyncHttpClient-1-2] DEBUG o.a.netty.handler.HttpHandler - 

Request DefaultHttpRequest(decodeResult: success, version: HTTP/1.1)
POST /session/335235c0d12ef8d11a67a6a8efe4f74a/element/09943aed-9302-45cf-83c1-1d0eff80a861/click HTTP/1.1
User-Agent: selenium/4.1.4 (java windows)
Content-Length: 50
Content-Type: application/json; charset=utf-8
host: localhost:49214
accept: */*

Response DefaultHttpResponse(decodeResult: success, version: HTTP/1.1)
HTTP/1.1 200 OK
Content-Type: application/json; charset=utf-8
cache-control: no-cache
content-length: 14

20:08:03.476 [AsyncHttpClient-1-2] DEBUG o.a.netty.channel.ChannelManager - Adding key: http://localhost:49214 for channel [id: 0x4ab95111, L:/127.0.0.1:53689 - R:localhost/127.0.0.1:49214]
20:08:03.478 [Forwarding findElement on session 335235c0d12ef8d11a67a6a8efe4f74a to remote] DEBUG o.a.netty.request.NettyRequestSender - Using pooled Channel '[id: 0x4ab95111, L:/127.0.0.1:53689 - R:localhost/127.0.0.1:49214]' for 'POST' to 'http://localhost:49214/session/335235c0d12ef8d11a67a6a8efe4f74a/element'
20:08:03.478 [Forwarding findElement on session 335235c0d12ef8d11a67a6a8efe4f74a to remote] DEBUG o.a.netty.request.NettyRequestSender - Using open Channel [id: 0x4ab95111, L:/127.0.0.1:53689 - R:localhost/127.0.0.1:49214] for POST '/session/335235c0d12ef8d11a67a6a8efe4f74a/element'
20:08:03.488 [AsyncHttpClient-1-2] DEBUG o.a.netty.handler.HttpHandler - 

Request DefaultHttpRequest(decodeResult: success, version: HTTP/1.1)
POST /session/335235c0d12ef8d11a67a6a8efe4f74a/element HTTP/1.1
User-Agent: selenium/4.1.4 (java windows)
Content-Length: 47
Content-Type: application/json; charset=utf-8
host: localhost:49214
accept: */*

Response DefaultHttpResponse(decodeResult: success, version: HTTP/1.1)
HTTP/1.1 200 OK
Content-Type: application/json; charset=utf-8
cache-control: no-cache
content-length: 88

20:08:03.488 [AsyncHttpClient-1-2] DEBUG o.a.netty.channel.ChannelManager - Adding key: http://localhost:49214 for channel [id: 0x4ab95111, L:/127.0.0.1:53689 - R:localhost/127.0.0.1:49214]
20:08:03.489 [Forwarding clickElement on session 335235c0d12ef8d11a67a6a8efe4f74a to remote] DEBUG o.a.netty.request.NettyRequestSender - Using pooled Channel '[id: 0x4ab95111, L:/127.0.0.1:53689 - R:localhost/127.0.0.1:49214]' for 'POST' to 'http://localhost:49214/session/335235c0d12ef8d11a67a6a8efe4f74a/element/cb45c2e6-7493-44a2-9b72-564990f45c2c/click'
20:08:03.489 [Forwarding clickElement on session 335235c0d12ef8d11a67a6a8efe4f74a to remote] DEBUG o.a.netty.request.NettyRequestSender - Using open Channel [id: 0x4ab95111, L:/127.0.0.1:53689 - R:localhost/127.0.0.1:49214] for POST '/session/335235c0d12ef8d11a67a6a8efe4f74a/element/cb45c2e6-7493-44a2-9b72-564990f45c2c/click'
20:08:03.608 [AsyncHttpClient-1-2] DEBUG o.a.netty.handler.HttpHandler - 

Request DefaultHttpRequest(decodeResult: success, version: HTTP/1.1)
POST /session/335235c0d12ef8d11a67a6a8efe4f74a/element/cb45c2e6-7493-44a2-9b72-564990f45c2c/click HTTP/1.1
User-Agent: selenium/4.1.4 (java windows)
Content-Length: 50
Content-Type: application/json; charset=utf-8
host: localhost:49214
accept: */*

Response DefaultHttpResponse(decodeResult: success, version: HTTP/1.1)
HTTP/1.1 200 OK
Content-Type: application/json; charset=utf-8
cache-control: no-cache
content-length: 14

20:08:03.608 [AsyncHttpClient-1-2] DEBUG o.a.netty.channel.ChannelManager - Adding key: http://localhost:49214 for channel [id: 0x4ab95111, L:/127.0.0.1:53689 - R:localhost/127.0.0.1:49214]
20:08:03.609 [Forwarding findElements on session 335235c0d12ef8d11a67a6a8efe4f74a to remote] DEBUG o.a.netty.request.NettyRequestSender - Using pooled Channel '[id: 0x4ab95111, L:/127.0.0.1:53689 - R:localhost/127.0.0.1:49214]' for 'POST' to 'http://localhost:49214/session/335235c0d12ef8d11a67a6a8efe4f74a/elements'
20:08:03.609 [Forwarding findElements on session 335235c0d12ef8d11a67a6a8efe4f74a to remote] DEBUG o.a.netty.request.NettyRequestSender - Using open Channel [id: 0x4ab95111, L:/127.0.0.1:53689 - R:localhost/127.0.0.1:49214] for POST '/session/335235c0d12ef8d11a67a6a8efe4f74a/elements'
20:08:03.618 [AsyncHttpClient-1-2] DEBUG o.a.netty.handler.HttpHandler - 

Request DefaultHttpRequest(decodeResult: success, version: HTTP/1.1)
POST /session/335235c0d12ef8d11a67a6a8efe4f74a/elements HTTP/1.1
User-Agent: selenium/4.1.4 (java windows)
Content-Length: 64
Content-Type: application/json; charset=utf-8
host: localhost:49214
accept: */*

Response DefaultHttpResponse(decodeResult: success, version: HTTP/1.1)
HTTP/1.1 200 OK
Content-Type: application/json; charset=utf-8
cache-control: no-cache
content-length: 327

20:08:03.618 [AsyncHttpClient-1-2] DEBUG o.a.netty.channel.ChannelManager - Adding key: http://localhost:49214 for channel [id: 0x4ab95111, L:/127.0.0.1:53689 - R:localhost/127.0.0.1:49214]
20:08:03.619 [Forwarding findElements on session 335235c0d12ef8d11a67a6a8efe4f74a to remote] DEBUG o.a.netty.request.NettyRequestSender - Using pooled Channel '[id: 0x4ab95111, L:/127.0.0.1:53689 - R:localhost/127.0.0.1:49214]' for 'POST' to 'http://localhost:49214/session/335235c0d12ef8d11a67a6a8efe4f74a/elements'
20:08:03.619 [Forwarding findElements on session 335235c0d12ef8d11a67a6a8efe4f74a to remote] DEBUG o.a.netty.request.NettyRequestSender - Using open Channel [id: 0x4ab95111, L:/127.0.0.1:53689 - R:localhost/127.0.0.1:49214] for POST '/session/335235c0d12ef8d11a67a6a8efe4f74a/elements'
20:08:03.625 [AsyncHttpClient-1-2] DEBUG o.a.netty.handler.HttpHandler - 

Request DefaultHttpRequest(decodeResult: success, version: HTTP/1.1)
POST /session/335235c0d12ef8d11a67a6a8efe4f74a/elements HTTP/1.1
User-Agent: selenium/4.1.4 (java windows)
Content-Length: 54
Content-Type: application/json; charset=utf-8
host: localhost:49214
accept: */*

Response DefaultHttpResponse(decodeResult: success, version: HTTP/1.1)
HTTP/1.1 200 OK
Content-Type: application/json; charset=utf-8
cache-control: no-cache
content-length: 327

20:08:03.625 [AsyncHttpClient-1-2] DEBUG o.a.netty.channel.ChannelManager - Adding key: http://localhost:49214 for channel [id: 0x4ab95111, L:/127.0.0.1:53689 - R:localhost/127.0.0.1:49214]
20:08:03.626 [Forwarding getElementText on session 335235c0d12ef8d11a67a6a8efe4f74a to remote] DEBUG o.a.netty.request.NettyRequestSender - Using pooled Channel '[id: 0x4ab95111, L:/127.0.0.1:53689 - R:localhost/127.0.0.1:49214]' for 'GET' to 'http://localhost:49214/session/335235c0d12ef8d11a67a6a8efe4f74a/element/aeade14e-8de5-4b75-8e8b-bbcf9391f878/text'
20:08:03.626 [Forwarding getElementText on session 335235c0d12ef8d11a67a6a8efe4f74a to remote] DEBUG o.a.netty.request.NettyRequestSender - Using open Channel [id: 0x4ab95111, L:/127.0.0.1:53689 - R:localhost/127.0.0.1:49214] for GET '/session/335235c0d12ef8d11a67a6a8efe4f74a/element/aeade14e-8de5-4b75-8e8b-bbcf9391f878/text'
20:08:03.642 [AsyncHttpClient-1-2] DEBUG o.a.netty.handler.HttpHandler - 

Request DefaultFullHttpRequest(decodeResult: success, version: HTTP/1.1, content: EmptyByteBufBE)
GET /session/335235c0d12ef8d11a67a6a8efe4f74a/element/aeade14e-8de5-4b75-8e8b-bbcf9391f878/text HTTP/1.1
User-Agent: selenium/4.1.4 (java windows)
Cache-Control: no-cache
Content-Type: application/json; charset=utf-8
host: localhost:49214
accept: */*

Response DefaultHttpResponse(decodeResult: success, version: HTTP/1.1)
HTTP/1.1 200 OK
Content-Type: application/json; charset=utf-8
cache-control: no-cache
content-length: 19

20:08:03.642 [AsyncHttpClient-1-2] DEBUG o.a.netty.channel.ChannelManager - Adding key: http://localhost:49214 for channel [id: 0x4ab95111, L:/127.0.0.1:53689 - R:localhost/127.0.0.1:49214]
20:08:03.643 [Forwarding findChildElement on session 335235c0d12ef8d11a67a6a8efe4f74a to remote] DEBUG o.a.netty.request.NettyRequestSender - Using pooled Channel '[id: 0x4ab95111, L:/127.0.0.1:53689 - R:localhost/127.0.0.1:49214]' for 'POST' to 'http://localhost:49214/session/335235c0d12ef8d11a67a6a8efe4f74a/element/aeade14e-8de5-4b75-8e8b-bbcf9391f878/element'
20:08:03.643 [Forwarding findChildElement on session 335235c0d12ef8d11a67a6a8efe4f74a to remote] DEBUG o.a.netty.request.NettyRequestSender - Using open Channel [id: 0x4ab95111, L:/127.0.0.1:53689 - R:localhost/127.0.0.1:49214] for POST '/session/335235c0d12ef8d11a67a6a8efe4f74a/element/aeade14e-8de5-4b75-8e8b-bbcf9391f878/element'
20:08:03.651 [AsyncHttpClient-1-2] DEBUG o.a.netty.handler.HttpHandler - 

Request DefaultHttpRequest(decodeResult: success, version: HTTP/1.1)
POST /session/335235c0d12ef8d11a67a6a8efe4f74a/element/aeade14e-8de5-4b75-8e8b-bbcf9391f878/element HTTP/1.1
User-Agent: selenium/4.1.4 (java windows)
Content-Length: 93
Content-Type: application/json; charset=utf-8
host: localhost:49214
accept: */*

Response DefaultHttpResponse(decodeResult: success, version: HTTP/1.1)
HTTP/1.1 200 OK
Content-Type: application/json; charset=utf-8
cache-control: no-cache
content-length: 88

20:08:03.651 [AsyncHttpClient-1-2] DEBUG o.a.netty.channel.ChannelManager - Adding key: http://localhost:49214 for channel [id: 0x4ab95111, L:/127.0.0.1:53689 - R:localhost/127.0.0.1:49214]
20:08:03.653 [Forwarding getElementAttribute on session 335235c0d12ef8d11a67a6a8efe4f74a to remote] DEBUG o.a.netty.request.NettyRequestSender - Using pooled Channel '[id: 0x4ab95111, L:/127.0.0.1:53689 - R:localhost/127.0.0.1:49214]' for 'POST' to 'http://localhost:49214/session/335235c0d12ef8d11a67a6a8efe4f74a/execute/sync'
20:08:03.653 [Forwarding getElementAttribute on session 335235c0d12ef8d11a67a6a8efe4f74a to remote] DEBUG o.a.netty.request.NettyRequestSender - Using open Channel [id: 0x4ab95111, L:/127.0.0.1:53689 - R:localhost/127.0.0.1:49214] for POST '/session/335235c0d12ef8d11a67a6a8efe4f74a/execute/sync'
20:08:03.660 [AsyncHttpClient-1-2] DEBUG o.a.netty.handler.HttpHandler - 

Request DefaultHttpRequest(decodeResult: success, version: HTTP/1.1)
POST /session/335235c0d12ef8d11a67a6a8efe4f74a/execute/sync HTTP/1.1
User-Agent: selenium/4.1.4 (java windows)
Content-Length: 47340
Content-Type: application/json; charset=utf-8
host: localhost:49214
accept: */*

Response DefaultHttpResponse(decodeResult: success, version: HTTP/1.1)
HTTP/1.1 200 OK
Content-Type: application/json; charset=utf-8
cache-control: no-cache
content-length: 15

20:08:03.660 [AsyncHttpClient-1-2] DEBUG o.a.netty.channel.ChannelManager - Adding key: http://localhost:49214 for channel [id: 0x4ab95111, L:/127.0.0.1:53689 - R:localhost/127.0.0.1:49214]
20:08:03.661 [Forwarding getElementText on session 335235c0d12ef8d11a67a6a8efe4f74a to remote] DEBUG o.a.netty.request.NettyRequestSender - Using pooled Channel '[id: 0x4ab95111, L:/127.0.0.1:53689 - R:localhost/127.0.0.1:49214]' for 'GET' to 'http://localhost:49214/session/335235c0d12ef8d11a67a6a8efe4f74a/element/c7edc30e-fca2-493c-99d9-837fdf713e12/text'
20:08:03.661 [Forwarding getElementText on session 335235c0d12ef8d11a67a6a8efe4f74a to remote] DEBUG o.a.netty.request.NettyRequestSender - Using open Channel [id: 0x4ab95111, L:/127.0.0.1:53689 - R:localhost/127.0.0.1:49214] for GET '/session/335235c0d12ef8d11a67a6a8efe4f74a/element/c7edc30e-fca2-493c-99d9-837fdf713e12/text'
20:08:03.671 [AsyncHttpClient-1-2] DEBUG o.a.netty.handler.HttpHandler - 

Request DefaultFullHttpRequest(decodeResult: success, version: HTTP/1.1, content: EmptyByteBufBE)
GET /session/335235c0d12ef8d11a67a6a8efe4f74a/element/c7edc30e-fca2-493c-99d9-837fdf713e12/text HTTP/1.1
User-Agent: selenium/4.1.4 (java windows)
Cache-Control: no-cache
Content-Type: application/json; charset=utf-8
host: localhost:49214
accept: */*

Response DefaultHttpResponse(decodeResult: success, version: HTTP/1.1)
HTTP/1.1 200 OK
Content-Type: application/json; charset=utf-8
cache-control: no-cache
content-length: 23

20:08:03.671 [AsyncHttpClient-1-2] DEBUG o.a.netty.channel.ChannelManager - Adding key: http://localhost:49214 for channel [id: 0x4ab95111, L:/127.0.0.1:53689 - R:localhost/127.0.0.1:49214]
20:08:03.671 [Forwarding findChildElement on session 335235c0d12ef8d11a67a6a8efe4f74a to remote] DEBUG o.a.netty.request.NettyRequestSender - Using pooled Channel '[id: 0x4ab95111, L:/127.0.0.1:53689 - R:localhost/127.0.0.1:49214]' for 'POST' to 'http://localhost:49214/session/335235c0d12ef8d11a67a6a8efe4f74a/element/c7edc30e-fca2-493c-99d9-837fdf713e12/element'
20:08:03.672 [Forwarding findChildElement on session 335235c0d12ef8d11a67a6a8efe4f74a to remote] DEBUG o.a.netty.request.NettyRequestSender - Using open Channel [id: 0x4ab95111, L:/127.0.0.1:53689 - R:localhost/127.0.0.1:49214] for POST '/session/335235c0d12ef8d11a67a6a8efe4f74a/element/c7edc30e-fca2-493c-99d9-837fdf713e12/element'
20:08:03.680 [AsyncHttpClient-1-2] DEBUG o.a.netty.handler.HttpHandler - 

Request DefaultHttpRequest(decodeResult: success, version: HTTP/1.1)
POST /session/335235c0d12ef8d11a67a6a8efe4f74a/element/c7edc30e-fca2-493c-99d9-837fdf713e12/element HTTP/1.1
User-Agent: selenium/4.1.4 (java windows)
Content-Length: 93
Content-Type: application/json; charset=utf-8
host: localhost:49214
accept: */*

Response DefaultHttpResponse(decodeResult: success, version: HTTP/1.1)
HTTP/1.1 200 OK
Content-Type: application/json; charset=utf-8
cache-control: no-cache
content-length: 88

20:08:03.680 [AsyncHttpClient-1-2] DEBUG o.a.netty.channel.ChannelManager - Adding key: http://localhost:49214 for channel [id: 0x4ab95111, L:/127.0.0.1:53689 - R:localhost/127.0.0.1:49214]
20:08:03.683 [Forwarding getElementAttribute on session 335235c0d12ef8d11a67a6a8efe4f74a to remote] DEBUG o.a.netty.request.NettyRequestSender - Using pooled Channel '[id: 0x4ab95111, L:/127.0.0.1:53689 - R:localhost/127.0.0.1:49214]' for 'POST' to 'http://localhost:49214/session/335235c0d12ef8d11a67a6a8efe4f74a/execute/sync'
20:08:03.683 [Forwarding getElementAttribute on session 335235c0d12ef8d11a67a6a8efe4f74a to remote] DEBUG o.a.netty.request.NettyRequestSender - Using open Channel [id: 0x4ab95111, L:/127.0.0.1:53689 - R:localhost/127.0.0.1:49214] for POST '/session/335235c0d12ef8d11a67a6a8efe4f74a/execute/sync'
20:08:03.691 [AsyncHttpClient-1-2] DEBUG o.a.netty.handler.HttpHandler - 

Request DefaultHttpRequest(decodeResult: success, version: HTTP/1.1)
POST /session/335235c0d12ef8d11a67a6a8efe4f74a/execute/sync HTTP/1.1
User-Agent: selenium/4.1.4 (java windows)
Content-Length: 47340
Content-Type: application/json; charset=utf-8
host: localhost:49214
accept: */*

Response DefaultHttpResponse(decodeResult: success, version: HTTP/1.1)
HTTP/1.1 200 OK
Content-Type: application/json; charset=utf-8
cache-control: no-cache
content-length: 15

20:08:03.691 [AsyncHttpClient-1-2] DEBUG o.a.netty.channel.ChannelManager - Adding key: http://localhost:49214 for channel [id: 0x4ab95111, L:/127.0.0.1:53689 - R:localhost/127.0.0.1:49214]
20:08:03.691 [Forwarding getElementText on session 335235c0d12ef8d11a67a6a8efe4f74a to remote] DEBUG o.a.netty.request.NettyRequestSender - Using pooled Channel '[id: 0x4ab95111, L:/127.0.0.1:53689 - R:localhost/127.0.0.1:49214]' for 'GET' to 'http://localhost:49214/session/335235c0d12ef8d11a67a6a8efe4f74a/element/6edd98f7-da64-4ab5-bd8e-5899a47bb72e/text'
20:08:03.691 [Forwarding getElementText on session 335235c0d12ef8d11a67a6a8efe4f74a to remote] DEBUG o.a.netty.request.NettyRequestSender - Using open Channel [id: 0x4ab95111, L:/127.0.0.1:53689 - R:localhost/127.0.0.1:49214] for GET '/session/335235c0d12ef8d11a67a6a8efe4f74a/element/6edd98f7-da64-4ab5-bd8e-5899a47bb72e/text'
20:08:03.702 [AsyncHttpClient-1-2] DEBUG o.a.netty.handler.HttpHandler - 

Request DefaultFullHttpRequest(decodeResult: success, version: HTTP/1.1, content: EmptyByteBufBE)
GET /session/335235c0d12ef8d11a67a6a8efe4f74a/element/6edd98f7-da64-4ab5-bd8e-5899a47bb72e/text HTTP/1.1
User-Agent: selenium/4.1.4 (java windows)
Cache-Control: no-cache
Content-Type: application/json; charset=utf-8
host: localhost:49214
accept: */*

Response DefaultHttpResponse(decodeResult: success, version: HTTP/1.1)
HTTP/1.1 200 OK
Content-Type: application/json; charset=utf-8
cache-control: no-cache
content-length: 17

20:08:03.702 [AsyncHttpClient-1-2] DEBUG o.a.netty.channel.ChannelManager - Adding key: http://localhost:49214 for channel [id: 0x4ab95111, L:/127.0.0.1:53689 - R:localhost/127.0.0.1:49214]
20:08:03.703 [Forwarding findChildElement on session 335235c0d12ef8d11a67a6a8efe4f74a to remote] DEBUG o.a.netty.request.NettyRequestSender - Using pooled Channel '[id: 0x4ab95111, L:/127.0.0.1:53689 - R:localhost/127.0.0.1:49214]' for 'POST' to 'http://localhost:49214/session/335235c0d12ef8d11a67a6a8efe4f74a/element/6edd98f7-da64-4ab5-bd8e-5899a47bb72e/element'
20:08:03.703 [Forwarding findChildElement on session 335235c0d12ef8d11a67a6a8efe4f74a to remote] DEBUG o.a.netty.request.NettyRequestSender - Using open Channel [id: 0x4ab95111, L:/127.0.0.1:53689 - R:localhost/127.0.0.1:49214] for POST '/session/335235c0d12ef8d11a67a6a8efe4f74a/element/6edd98f7-da64-4ab5-bd8e-5899a47bb72e/element'
20:08:03.711 [AsyncHttpClient-1-2] DEBUG o.a.netty.handler.HttpHandler - 

Request DefaultHttpRequest(decodeResult: success, version: HTTP/1.1)
POST /session/335235c0d12ef8d11a67a6a8efe4f74a/element/6edd98f7-da64-4ab5-bd8e-5899a47bb72e/element HTTP/1.1
User-Agent: selenium/4.1.4 (java windows)
Content-Length: 93
Content-Type: application/json; charset=utf-8
host: localhost:49214
accept: */*

Response DefaultHttpResponse(decodeResult: success, version: HTTP/1.1)
HTTP/1.1 200 OK
Content-Type: application/json; charset=utf-8
cache-control: no-cache
content-length: 88

20:08:03.711 [AsyncHttpClient-1-2] DEBUG o.a.netty.channel.ChannelManager - Adding key: http://localhost:49214 for channel [id: 0x4ab95111, L:/127.0.0.1:53689 - R:localhost/127.0.0.1:49214]
20:08:03.716 [Forwarding getElementAttribute on session 335235c0d12ef8d11a67a6a8efe4f74a to remote] DEBUG o.a.netty.request.NettyRequestSender - Using pooled Channel '[id: 0x4ab95111, L:/127.0.0.1:53689 - R:localhost/127.0.0.1:49214]' for 'POST' to 'http://localhost:49214/session/335235c0d12ef8d11a67a6a8efe4f74a/execute/sync'
20:08:03.716 [Forwarding getElementAttribute on session 335235c0d12ef8d11a67a6a8efe4f74a to remote] DEBUG o.a.netty.request.NettyRequestSender - Using open Channel [id: 0x4ab95111, L:/127.0.0.1:53689 - R:localhost/127.0.0.1:49214] for POST '/session/335235c0d12ef8d11a67a6a8efe4f74a/execute/sync'
20:08:03.723 [AsyncHttpClient-1-2] DEBUG o.a.netty.handler.HttpHandler - 

Request DefaultHttpRequest(decodeResult: success, version: HTTP/1.1)
POST /session/335235c0d12ef8d11a67a6a8efe4f74a/execute/sync HTTP/1.1
User-Agent: selenium/4.1.4 (java windows)
Content-Length: 47340
Content-Type: application/json; charset=utf-8
host: localhost:49214
accept: */*

Response DefaultHttpResponse(decodeResult: success, version: HTTP/1.1)
HTTP/1.1 200 OK
Content-Type: application/json; charset=utf-8
cache-control: no-cache
content-length: 15

20:08:03.723 [AsyncHttpClient-1-2] DEBUG o.a.netty.channel.ChannelManager - Adding key: http://localhost:49214 for channel [id: 0x4ab95111, L:/127.0.0.1:53689 - R:localhost/127.0.0.1:49214]
20:08:03.724 [Forwarding getElementText on session 335235c0d12ef8d11a67a6a8efe4f74a to remote] DEBUG o.a.netty.request.NettyRequestSender - Using pooled Channel '[id: 0x4ab95111, L:/127.0.0.1:53689 - R:localhost/127.0.0.1:49214]' for 'GET' to 'http://localhost:49214/session/335235c0d12ef8d11a67a6a8efe4f74a/element/f26cb517-d1fb-4a4a-9543-3953fc3c947e/text'
20:08:03.724 [Forwarding getElementText on session 335235c0d12ef8d11a67a6a8efe4f74a to remote] DEBUG o.a.netty.request.NettyRequestSender - Using open Channel [id: 0x4ab95111, L:/127.0.0.1:53689 - R:localhost/127.0.0.1:49214] for GET '/session/335235c0d12ef8d11a67a6a8efe4f74a/element/f26cb517-d1fb-4a4a-9543-3953fc3c947e/text'
20:08:03.734 [AsyncHttpClient-1-2] DEBUG o.a.netty.handler.HttpHandler - 

Request DefaultFullHttpRequest(decodeResult: success, version: HTTP/1.1, content: EmptyByteBufBE)
GET /session/335235c0d12ef8d11a67a6a8efe4f74a/element/f26cb517-d1fb-4a4a-9543-3953fc3c947e/text HTTP/1.1
User-Agent: selenium/4.1.4 (java windows)
Cache-Control: no-cache
Content-Type: application/json; charset=utf-8
host: localhost:49214
accept: */*

Response DefaultHttpResponse(decodeResult: success, version: HTTP/1.1)
HTTP/1.1 200 OK
Content-Type: application/json; charset=utf-8
cache-control: no-cache
content-length: 19

20:08:03.734 [AsyncHttpClient-1-2] DEBUG o.a.netty.channel.ChannelManager - Adding key: http://localhost:49214 for channel [id: 0x4ab95111, L:/127.0.0.1:53689 - R:localhost/127.0.0.1:49214]
20:08:03.735 [Forwarding findChildElement on session 335235c0d12ef8d11a67a6a8efe4f74a to remote] DEBUG o.a.netty.request.NettyRequestSender - Using pooled Channel '[id: 0x4ab95111, L:/127.0.0.1:53689 - R:localhost/127.0.0.1:49214]' for 'POST' to 'http://localhost:49214/session/335235c0d12ef8d11a67a6a8efe4f74a/element/f26cb517-d1fb-4a4a-9543-3953fc3c947e/element'
20:08:03.735 [Forwarding findChildElement on session 335235c0d12ef8d11a67a6a8efe4f74a to remote] DEBUG o.a.netty.request.NettyRequestSender - Using open Channel [id: 0x4ab95111, L:/127.0.0.1:53689 - R:localhost/127.0.0.1:49214] for POST '/session/335235c0d12ef8d11a67a6a8efe4f74a/element/f26cb517-d1fb-4a4a-9543-3953fc3c947e/element'
20:08:03.745 [AsyncHttpClient-1-2] DEBUG o.a.netty.handler.HttpHandler - 

Request DefaultHttpRequest(decodeResult: success, version: HTTP/1.1)
POST /session/335235c0d12ef8d11a67a6a8efe4f74a/element/f26cb517-d1fb-4a4a-9543-3953fc3c947e/element HTTP/1.1
User-Agent: selenium/4.1.4 (java windows)
Content-Length: 93
Content-Type: application/json; charset=utf-8
host: localhost:49214
accept: */*

Response DefaultHttpResponse(decodeResult: success, version: HTTP/1.1)
HTTP/1.1 200 OK
Content-Type: application/json; charset=utf-8
cache-control: no-cache
content-length: 88

20:08:03.745 [AsyncHttpClient-1-2] DEBUG o.a.netty.channel.ChannelManager - Adding key: http://localhost:49214 for channel [id: 0x4ab95111, L:/127.0.0.1:53689 - R:localhost/127.0.0.1:49214]
20:08:03.749 [Forwarding getElementAttribute on session 335235c0d12ef8d11a67a6a8efe4f74a to remote] DEBUG o.a.netty.request.NettyRequestSender - Using pooled Channel '[id: 0x4ab95111, L:/127.0.0.1:53689 - R:localhost/127.0.0.1:49214]' for 'POST' to 'http://localhost:49214/session/335235c0d12ef8d11a67a6a8efe4f74a/execute/sync'
20:08:03.749 [Forwarding getElementAttribute on session 335235c0d12ef8d11a67a6a8efe4f74a to remote] DEBUG o.a.netty.request.NettyRequestSender - Using open Channel [id: 0x4ab95111, L:/127.0.0.1:53689 - R:localhost/127.0.0.1:49214] for POST '/session/335235c0d12ef8d11a67a6a8efe4f74a/execute/sync'
20:08:03.756 [AsyncHttpClient-1-2] DEBUG o.a.netty.handler.HttpHandler - 

Request DefaultHttpRequest(decodeResult: success, version: HTTP/1.1)
POST /session/335235c0d12ef8d11a67a6a8efe4f74a/execute/sync HTTP/1.1
User-Agent: selenium/4.1.4 (java windows)
Content-Length: 47340
Content-Type: application/json; charset=utf-8
host: localhost:49214
accept: */*

Response DefaultHttpResponse(decodeResult: success, version: HTTP/1.1)
HTTP/1.1 200 OK
Content-Type: application/json; charset=utf-8
cache-control: no-cache
content-length: 15

20:08:03.757 [AsyncHttpClient-1-2] DEBUG o.a.netty.channel.ChannelManager - Adding key: http://localhost:49214 for channel [id: 0x4ab95111, L:/127.0.0.1:53689 - R:localhost/127.0.0.1:49214]
20:08:03.762 [Forwarding findElement on session 335235c0d12ef8d11a67a6a8efe4f74a to remote] DEBUG o.a.netty.request.NettyRequestSender - Using pooled Channel '[id: 0x4ab95111, L:/127.0.0.1:53689 - R:localhost/127.0.0.1:49214]' for 'POST' to 'http://localhost:49214/session/335235c0d12ef8d11a67a6a8efe4f74a/element'
20:08:03.762 [Forwarding findElement on session 335235c0d12ef8d11a67a6a8efe4f74a to remote] DEBUG o.a.netty.request.NettyRequestSender - Using open Channel [id: 0x4ab95111, L:/127.0.0.1:53689 - R:localhost/127.0.0.1:49214] for POST '/session/335235c0d12ef8d11a67a6a8efe4f74a/element'
20:08:03.767 [AsyncHttpClient-1-2] DEBUG o.a.netty.handler.HttpHandler - 

Request DefaultHttpRequest(decodeResult: success, version: HTTP/1.1)
POST /session/335235c0d12ef8d11a67a6a8efe4f74a/element HTTP/1.1
User-Agent: selenium/4.1.4 (java windows)
Content-Length: 42
Content-Type: application/json; charset=utf-8
host: localhost:49214
accept: */*

Response DefaultHttpResponse(decodeResult: success, version: HTTP/1.1)
HTTP/1.1 200 OK
Content-Type: application/json; charset=utf-8
cache-control: no-cache
content-length: 88

20:08:03.767 [AsyncHttpClient-1-2] DEBUG o.a.netty.channel.ChannelManager - Adding key: http://localhost:49214 for channel [id: 0x4ab95111, L:/127.0.0.1:53689 - R:localhost/127.0.0.1:49214]
20:08:03.768 [Forwarding findElement on session 335235c0d12ef8d11a67a6a8efe4f74a to remote] DEBUG o.a.netty.request.NettyRequestSender - Using pooled Channel '[id: 0x4ab95111, L:/127.0.0.1:53689 - R:localhost/127.0.0.1:49214]' for 'POST' to 'http://localhost:49214/session/335235c0d12ef8d11a67a6a8efe4f74a/element'
20:08:03.768 [Forwarding findElement on session 335235c0d12ef8d11a67a6a8efe4f74a to remote] DEBUG o.a.netty.request.NettyRequestSender - Using open Channel [id: 0x4ab95111, L:/127.0.0.1:53689 - R:localhost/127.0.0.1:49214] for POST '/session/335235c0d12ef8d11a67a6a8efe4f74a/element'
20:08:03.773 [AsyncHttpClient-1-2] DEBUG o.a.netty.handler.HttpHandler - 

Request DefaultHttpRequest(decodeResult: success, version: HTTP/1.1)
POST /session/335235c0d12ef8d11a67a6a8efe4f74a/element HTTP/1.1
User-Agent: selenium/4.1.4 (java windows)
Content-Length: 42
Content-Type: application/json; charset=utf-8
host: localhost:49214
accept: */*

Response DefaultHttpResponse(decodeResult: success, version: HTTP/1.1)
HTTP/1.1 200 OK
Content-Type: application/json; charset=utf-8
cache-control: no-cache
content-length: 88

20:08:03.773 [AsyncHttpClient-1-2] DEBUG o.a.netty.channel.ChannelManager - Adding key: http://localhost:49214 for channel [id: 0x4ab95111, L:/127.0.0.1:53689 - R:localhost/127.0.0.1:49214]
20:08:03.774 [Forwarding getElementText on session 335235c0d12ef8d11a67a6a8efe4f74a to remote] DEBUG o.a.netty.request.NettyRequestSender - Using pooled Channel '[id: 0x4ab95111, L:/127.0.0.1:53689 - R:localhost/127.0.0.1:49214]' for 'GET' to 'http://localhost:49214/session/335235c0d12ef8d11a67a6a8efe4f74a/element/ff30cefc-2e08-4ea0-b879-898189e375c7/text'
20:08:03.774 [Forwarding getElementText on session 335235c0d12ef8d11a67a6a8efe4f74a to remote] DEBUG o.a.netty.request.NettyRequestSender - Using open Channel [id: 0x4ab95111, L:/127.0.0.1:53689 - R:localhost/127.0.0.1:49214] for GET '/session/335235c0d12ef8d11a67a6a8efe4f74a/element/ff30cefc-2e08-4ea0-b879-898189e375c7/text'
20:08:03.784 [AsyncHttpClient-1-2] DEBUG o.a.netty.handler.HttpHandler - 

Request DefaultFullHttpRequest(decodeResult: success, version: HTTP/1.1, content: EmptyByteBufBE)
GET /session/335235c0d12ef8d11a67a6a8efe4f74a/element/ff30cefc-2e08-4ea0-b879-898189e375c7/text HTTP/1.1
User-Agent: selenium/4.1.4 (java windows)
Cache-Control: no-cache
Content-Type: application/json; charset=utf-8
host: localhost:49214
accept: */*

Response DefaultHttpResponse(decodeResult: success, version: HTTP/1.1)
HTTP/1.1 200 OK
Content-Type: application/json; charset=utf-8
cache-control: no-cache
content-length: 12

20:08:03.784 [AsyncHttpClient-1-2] DEBUG o.a.netty.channel.ChannelManager - Adding key: http://localhost:49214 for channel [id: 0x4ab95111, L:/127.0.0.1:53689 - R:localhost/127.0.0.1:49214]
20:08:03.785 [Forwarding findElement on session 335235c0d12ef8d11a67a6a8efe4f74a to remote] DEBUG o.a.netty.request.NettyRequestSender - Using pooled Channel '[id: 0x4ab95111, L:/127.0.0.1:53689 - R:localhost/127.0.0.1:49214]' for 'POST' to 'http://localhost:49214/session/335235c0d12ef8d11a67a6a8efe4f74a/element'
20:08:03.785 [Forwarding findElement on session 335235c0d12ef8d11a67a6a8efe4f74a to remote] DEBUG o.a.netty.request.NettyRequestSender - Using open Channel [id: 0x4ab95111, L:/127.0.0.1:53689 - R:localhost/127.0.0.1:49214] for POST '/session/335235c0d12ef8d11a67a6a8efe4f74a/element'
20:08:03.791 [AsyncHttpClient-1-2] DEBUG o.a.netty.handler.HttpHandler - 

Request DefaultHttpRequest(decodeResult: success, version: HTTP/1.1)
POST /session/335235c0d12ef8d11a67a6a8efe4f74a/element HTTP/1.1
User-Agent: selenium/4.1.4 (java windows)
Content-Length: 47
Content-Type: application/json; charset=utf-8
host: localhost:49214
accept: */*

Response DefaultHttpResponse(decodeResult: success, version: HTTP/1.1)
HTTP/1.1 200 OK
Content-Type: application/json; charset=utf-8
cache-control: no-cache
content-length: 88

20:08:03.791 [AsyncHttpClient-1-2] DEBUG o.a.netty.channel.ChannelManager - Adding key: http://localhost:49214 for channel [id: 0x4ab95111, L:/127.0.0.1:53689 - R:localhost/127.0.0.1:49214]
20:08:03.791 [Forwarding clickElement on session 335235c0d12ef8d11a67a6a8efe4f74a to remote] DEBUG o.a.netty.request.NettyRequestSender - Using pooled Channel '[id: 0x4ab95111, L:/127.0.0.1:53689 - R:localhost/127.0.0.1:49214]' for 'POST' to 'http://localhost:49214/session/335235c0d12ef8d11a67a6a8efe4f74a/element/dbf6b5ee-ff5a-40a7-a5fd-f92e6a1bb441/click'
20:08:03.791 [Forwarding clickElement on session 335235c0d12ef8d11a67a6a8efe4f74a to remote] DEBUG o.a.netty.request.NettyRequestSender - Using open Channel [id: 0x4ab95111, L:/127.0.0.1:53689 - R:localhost/127.0.0.1:49214] for POST '/session/335235c0d12ef8d11a67a6a8efe4f74a/element/dbf6b5ee-ff5a-40a7-a5fd-f92e6a1bb441/click'
20:08:03.883 [AsyncHttpClient-1-1] DEBUG o.a.netty.channel.DefaultChannelPool - Entry count for : http://localhost:53690 : 1
20:08:03.939 [AsyncHttpClient-1-2] DEBUG o.a.netty.handler.HttpHandler - 

Request DefaultHttpRequest(decodeResult: success, version: HTTP/1.1)
POST /session/335235c0d12ef8d11a67a6a8efe4f74a/element/dbf6b5ee-ff5a-40a7-a5fd-f92e6a1bb441/click HTTP/1.1
User-Agent: selenium/4.1.4 (java windows)
Content-Length: 50
Content-Type: application/json; charset=utf-8
host: localhost:49214
accept: */*

Response DefaultHttpResponse(decodeResult: success, version: HTTP/1.1)
HTTP/1.1 200 OK
Content-Type: application/json; charset=utf-8
cache-control: no-cache
content-length: 14

20:08:03.940 [AsyncHttpClient-1-2] DEBUG o.a.netty.channel.ChannelManager - Adding key: http://localhost:49214 for channel [id: 0x4ab95111, L:/127.0.0.1:53689 - R:localhost/127.0.0.1:49214]
20:08:03.940 [Test worker] DEBUG o.h.e.t.internal.TransactionImpl - On TransactionImpl creation, JpaCompliance#isJpaTransactionComplianceEnabled == false
20:08:03.940 [Test worker] DEBUG o.h.e.t.internal.TransactionImpl - begin
20:08:03.941 [Test worker] DEBUG org.hibernate.SQL - select groupdata0_.group_id as group_id1_2_, groupdata0_.group_footer as group_fo2_2_, groupdata0_.group_header as group_he3_2_, groupdata0_.group_name as group_na4_2_ from group_list groupdata0_
Hibernate: select groupdata0_.group_id as group_id1_2_, groupdata0_.group_footer as group_fo2_2_, groupdata0_.group_header as group_he3_2_, groupdata0_.group_name as group_na4_2_ from group_list groupdata0_
20:08:03.941 [Test worker] DEBUG org.hibernate.loader.Loader - Result set row: 0
20:08:03.941 [Test worker] DEBUG org.hibernate.loader.Loader - Result row: EntityKey[ru.stqa.pft.addressbook.model.GroupData#119]
20:08:03.941 [Test worker] DEBUG org.hibernate.loader.Loader - Result set row: 1
20:08:03.941 [Test worker] DEBUG org.hibernate.loader.Loader - Result row: EntityKey[ru.stqa.pft.addressbook.model.GroupData#120]
20:08:03.941 [Test worker] DEBUG org.hibernate.loader.Loader - Result set row: 2
20:08:03.941 [Test worker] DEBUG org.hibernate.loader.Loader - Result row: EntityKey[ru.stqa.pft.addressbook.model.GroupData#122]
20:08:03.941 [Test worker] DEBUG org.hibernate.loader.Loader - Result set row: 3
20:08:03.941 [Test worker] DEBUG org.hibernate.loader.Loader - Result row: EntityKey[ru.stqa.pft.addressbook.model.GroupData#123]
20:08:03.942 [Test worker] DEBUG o.h.engine.internal.TwoPhaseLoad - Resolving attributes for [ru.stqa.pft.addressbook.model.GroupData#119]
20:08:03.942 [Test worker] DEBUG o.h.engine.internal.TwoPhaseLoad - Processing attribute `contacts` : value = NOT NULL COLLECTION
20:08:03.942 [Test worker] DEBUG o.h.engine.internal.TwoPhaseLoad - Attribute (`contacts`)  - enhanced for lazy-loading? - false
20:08:03.942 [Test worker] DEBUG o.h.engine.internal.TwoPhaseLoad - Processing attribute `footer` : value = new3
20:08:03.942 [Test worker] DEBUG o.h.engine.internal.TwoPhaseLoad - Attribute (`footer`)  - enhanced for lazy-loading? - false
20:08:03.942 [Test worker] DEBUG o.h.engine.internal.TwoPhaseLoad - Processing attribute `header` : value = new2
20:08:03.942 [Test worker] DEBUG o.h.engine.internal.TwoPhaseLoad - Attribute (`header`)  - enhanced for lazy-loading? - false
20:08:03.942 [Test worker] DEBUG o.h.engine.internal.TwoPhaseLoad - Processing attribute `name` : value = HsGyE4c
20:08:03.942 [Test worker] DEBUG o.h.engine.internal.TwoPhaseLoad - Attribute (`name`)  - enhanced for lazy-loading? - false
20:08:03.942 [Test worker] DEBUG o.h.engine.internal.TwoPhaseLoad - Done materializing entity [ru.stqa.pft.addressbook.model.GroupData#119]
20:08:03.942 [Test worker] DEBUG o.h.engine.internal.TwoPhaseLoad - Resolving attributes for [ru.stqa.pft.addressbook.model.GroupData#120]
20:08:03.942 [Test worker] DEBUG o.h.engine.internal.TwoPhaseLoad - Processing attribute `contacts` : value = NOT NULL COLLECTION
20:08:03.942 [Test worker] DEBUG o.h.engine.internal.TwoPhaseLoad - Attribute (`contacts`)  - enhanced for lazy-loading? - false
20:08:03.942 [Test worker] DEBUG o.h.engine.internal.TwoPhaseLoad - Processing attribute `footer` : value = new3
20:08:03.942 [Test worker] DEBUG o.h.engine.internal.TwoPhaseLoad - Attribute (`footer`)  - enhanced for lazy-loading? - false
20:08:03.942 [Test worker] DEBUG o.h.engine.internal.TwoPhaseLoad - Processing attribute `header` : value = new2
20:08:03.942 [Test worker] DEBUG o.h.engine.internal.TwoPhaseLoad - Attribute (`header`)  - enhanced for lazy-loading? - false
20:08:03.942 [Test worker] DEBUG o.h.engine.internal.TwoPhaseLoad - Processing attribute `name` : value = UyvfTeY
20:08:03.942 [Test worker] DEBUG o.h.engine.internal.TwoPhaseLoad - Attribute (`name`)  - enhanced for lazy-loading? - false
20:08:03.942 [Test worker] DEBUG o.h.engine.internal.TwoPhaseLoad - Done materializing entity [ru.stqa.pft.addressbook.model.GroupData#120]
20:08:03.942 [Test worker] DEBUG o.h.engine.internal.TwoPhaseLoad - Resolving attributes for [ru.stqa.pft.addressbook.model.GroupData#122]
20:08:03.942 [Test worker] DEBUG o.h.engine.internal.TwoPhaseLoad - Processing attribute `contacts` : value = NOT NULL COLLECTION
20:08:03.942 [Test worker] DEBUG o.h.engine.internal.TwoPhaseLoad - Attribute (`contacts`)  - enhanced for lazy-loading? - false
20:08:03.942 [Test worker] DEBUG o.h.engine.internal.TwoPhaseLoad - Processing attribute `footer` : value = test3
20:08:03.942 [Test worker] DEBUG o.h.engine.internal.TwoPhaseLoad - Attribute (`footer`)  - enhanced for lazy-loading? - false
20:08:03.942 [Test worker] DEBUG o.h.engine.internal.TwoPhaseLoad - Processing attribute `header` : value = test2
20:08:03.942 [Test worker] DEBUG o.h.engine.internal.TwoPhaseLoad - Attribute (`header`)  - enhanced for lazy-loading? - false
20:08:03.942 [Test worker] DEBUG o.h.engine.internal.TwoPhaseLoad - Processing attribute `name` : value = test1
20:08:03.942 [Test worker] DEBUG o.h.engine.internal.TwoPhaseLoad - Attribute (`name`)  - enhanced for lazy-loading? - false
20:08:03.942 [Test worker] DEBUG o.h.engine.internal.TwoPhaseLoad - Done materializing entity [ru.stqa.pft.addressbook.model.GroupData#122]
20:08:03.942 [Test worker] DEBUG o.h.engine.internal.TwoPhaseLoad - Resolving attributes for [ru.stqa.pft.addressbook.model.GroupData#123]
20:08:03.942 [Test worker] DEBUG o.h.engine.internal.TwoPhaseLoad - Processing attribute `contacts` : value = NOT NULL COLLECTION
20:08:03.942 [Test worker] DEBUG o.h.engine.internal.TwoPhaseLoad - Attribute (`contacts`)  - enhanced for lazy-loading? - false
20:08:03.942 [Test worker] DEBUG o.h.engine.internal.TwoPhaseLoad - Processing attribute `footer` : value = test footer 2
20:08:03.942 [Test worker] DEBUG o.h.engine.internal.TwoPhaseLoad - Attribute (`footer`)  - enhanced for lazy-loading? - false
20:08:03.942 [Test worker] DEBUG o.h.engine.internal.TwoPhaseLoad - Processing attribute `header` : value = test header 2
20:08:03.942 [Test worker] DEBUG o.h.engine.internal.TwoPhaseLoad - Attribute (`header`)  - enhanced for lazy-loading? - false
20:08:03.942 [Test worker] DEBUG o.h.engine.internal.TwoPhaseLoad - Processing attribute `name` : value = test name 2
20:08:03.942 [Test worker] DEBUG o.h.engine.internal.TwoPhaseLoad - Attribute (`name`)  - enhanced for lazy-loading? - false
20:08:03.942 [Test worker] DEBUG o.h.engine.internal.TwoPhaseLoad - Done materializing entity [ru.stqa.pft.addressbook.model.GroupData#123]
20:08:03.942 [Test worker] DEBUG o.h.e.t.internal.TransactionImpl - committing
20:08:03.942 [Test worker] DEBUG o.h.e.i.AbstractFlushingEventListener - Processing flush-time cascades
20:08:03.942 [Test worker] DEBUG o.h.e.i.AbstractFlushingEventListener - Dirty checking collections
20:08:03.942 [Test worker] DEBUG o.h.engine.internal.Collections - Collection found: [ru.stqa.pft.addressbook.model.GroupData.contacts#119], was: [ru.stqa.pft.addressbook.model.GroupData.contacts#119] (uninitialized)
20:08:03.942 [Test worker] DEBUG o.h.engine.internal.Collections - Collection found: [ru.stqa.pft.addressbook.model.GroupData.contacts#120], was: [ru.stqa.pft.addressbook.model.GroupData.contacts#120] (uninitialized)
20:08:03.943 [Test worker] DEBUG o.h.engine.internal.Collections - Collection found: [ru.stqa.pft.addressbook.model.GroupData.contacts#122], was: [ru.stqa.pft.addressbook.model.GroupData.contacts#122] (uninitialized)
20:08:03.943 [Test worker] DEBUG o.h.engine.internal.Collections - Collection found: [ru.stqa.pft.addressbook.model.GroupData.contacts#123], was: [ru.stqa.pft.addressbook.model.GroupData.contacts#123] (uninitialized)
20:08:03.943 [Test worker] DEBUG o.h.e.i.AbstractFlushingEventListener - Flushed: 0 insertions, 0 updates, 0 deletions to 4 objects
20:08:03.943 [Test worker] DEBUG o.h.e.i.AbstractFlushingEventListener - Flushed: 0 (re)creations, 0 updates, 0 removals to 4 collections
20:08:03.943 [Test worker] DEBUG o.h.internal.util.EntityPrinter - Listing entities:
20:08:03.943 [Test worker] DEBUG o.h.internal.util.EntityPrinter - ru.stqa.pft.addressbook.model.GroupData{footer=new3, name=UyvfTeY, header=new2, id=120, contacts=<uninitialized>}
20:08:03.943 [Test worker] DEBUG o.h.internal.util.EntityPrinter - ru.stqa.pft.addressbook.model.GroupData{footer=new3, name=HsGyE4c, header=new2, id=119, contacts=<uninitialized>}
20:08:03.943 [Test worker] DEBUG o.h.internal.util.EntityPrinter - ru.stqa.pft.addressbook.model.GroupData{footer=test3, name=test1, header=test2, id=122, contacts=<uninitialized>}
20:08:03.943 [Test worker] DEBUG o.h.internal.util.EntityPrinter - ru.stqa.pft.addressbook.model.GroupData{footer=test footer 2, name=test name 2, header=test header 2, id=123, contacts=<uninitialized>}
20:08:03.943 [Test worker] DEBUG o.h.r.j.i.LogicalConnectionManagedImpl - Initiating JDBC connection release from afterTransaction
20:08:03.944 [Test worker] DEBUG o.h.r.j.i.LogicalConnectionManagedImpl - Initiating JDBC connection release from afterTransaction
20:08:03.946 [Forwarding findElement on session 335235c0d12ef8d11a67a6a8efe4f74a to remote] DEBUG o.a.netty.request.NettyRequestSender - Using pooled Channel '[id: 0x4ab95111, L:/127.0.0.1:53689 - R:localhost/127.0.0.1:49214]' for 'POST' to 'http://localhost:49214/session/335235c0d12ef8d11a67a6a8efe4f74a/element'
20:08:03.946 [Forwarding findElement on session 335235c0d12ef8d11a67a6a8efe4f74a to remote] DEBUG o.a.netty.request.NettyRequestSender - Using open Channel [id: 0x4ab95111, L:/127.0.0.1:53689 - R:localhost/127.0.0.1:49214] for POST '/session/335235c0d12ef8d11a67a6a8efe4f74a/element'
20:08:03.954 [AsyncHttpClient-1-2] DEBUG o.a.netty.handler.HttpHandler - 

Request DefaultHttpRequest(decodeResult: success, version: HTTP/1.1)
POST /session/335235c0d12ef8d11a67a6a8efe4f74a/element HTTP/1.1
User-Agent: selenium/4.1.4 (java windows)
Content-Length: 57
Content-Type: application/json; charset=utf-8
host: localhost:49214
accept: */*

Response DefaultHttpResponse(decodeResult: success, version: HTTP/1.1)
HTTP/1.1 200 OK
Content-Type: application/json; charset=utf-8
cache-control: no-cache
content-length: 88

20:08:03.954 [AsyncHttpClient-1-2] DEBUG o.a.netty.channel.ChannelManager - Adding key: http://localhost:49214 for channel [id: 0x4ab95111, L:/127.0.0.1:53689 - R:localhost/127.0.0.1:49214]
20:08:03.955 [Forwarding clickElement on session 335235c0d12ef8d11a67a6a8efe4f74a to remote] DEBUG o.a.netty.request.NettyRequestSender - Using pooled Channel '[id: 0x4ab95111, L:/127.0.0.1:53689 - R:localhost/127.0.0.1:49214]' for 'POST' to 'http://localhost:49214/session/335235c0d12ef8d11a67a6a8efe4f74a/element/2446a3df-4912-4bab-9ad2-e09d327f998c/click'
20:08:03.955 [Forwarding clickElement on session 335235c0d12ef8d11a67a6a8efe4f74a to remote] DEBUG o.a.netty.request.NettyRequestSender - Using open Channel [id: 0x4ab95111, L:/127.0.0.1:53689 - R:localhost/127.0.0.1:49214] for POST '/session/335235c0d12ef8d11a67a6a8efe4f74a/element/2446a3df-4912-4bab-9ad2-e09d327f998c/click'
20:08:04.093 [AsyncHttpClient-1-2] DEBUG o.a.netty.handler.HttpHandler - 

Request DefaultHttpRequest(decodeResult: success, version: HTTP/1.1)
POST /session/335235c0d12ef8d11a67a6a8efe4f74a/element/2446a3df-4912-4bab-9ad2-e09d327f998c/click HTTP/1.1
User-Agent: selenium/4.1.4 (java windows)
Content-Length: 50
Content-Type: application/json; charset=utf-8
host: localhost:49214
accept: */*

Response DefaultHttpResponse(decodeResult: success, version: HTTP/1.1)
HTTP/1.1 200 OK
Content-Type: application/json; charset=utf-8
cache-control: no-cache
content-length: 14

20:08:04.093 [AsyncHttpClient-1-2] DEBUG o.a.netty.channel.ChannelManager - Adding key: http://localhost:49214 for channel [id: 0x4ab95111, L:/127.0.0.1:53689 - R:localhost/127.0.0.1:49214]
20:08:04.096 [Forwarding findElement on session 335235c0d12ef8d11a67a6a8efe4f74a to remote] DEBUG o.a.netty.request.NettyRequestSender - Using pooled Channel '[id: 0x4ab95111, L:/127.0.0.1:53689 - R:localhost/127.0.0.1:49214]' for 'POST' to 'http://localhost:49214/session/335235c0d12ef8d11a67a6a8efe4f74a/element'
20:08:04.096 [Forwarding findElement on session 335235c0d12ef8d11a67a6a8efe4f74a to remote] DEBUG o.a.netty.request.NettyRequestSender - Using open Channel [id: 0x4ab95111, L:/127.0.0.1:53689 - R:localhost/127.0.0.1:49214] for POST '/session/335235c0d12ef8d11a67a6a8efe4f74a/element'
20:08:04.104 [AsyncHttpClient-1-2] DEBUG o.a.netty.handler.HttpHandler - 

Request DefaultHttpRequest(decodeResult: success, version: HTTP/1.1)
POST /session/335235c0d12ef8d11a67a6a8efe4f74a/element HTTP/1.1
User-Agent: selenium/4.1.4 (java windows)
Content-Length: 64
Content-Type: application/json; charset=utf-8
host: localhost:49214
accept: */*

Response DefaultHttpResponse(decodeResult: success, version: HTTP/1.1)
HTTP/1.1 200 OK
Content-Type: application/json; charset=utf-8
cache-control: no-cache
content-length: 88

20:08:04.104 [AsyncHttpClient-1-2] DEBUG o.a.netty.channel.ChannelManager - Adding key: http://localhost:49214 for channel [id: 0x4ab95111, L:/127.0.0.1:53689 - R:localhost/127.0.0.1:49214]
20:08:04.105 [Forwarding clickElement on session 335235c0d12ef8d11a67a6a8efe4f74a to remote] DEBUG o.a.netty.request.NettyRequestSender - Using pooled Channel '[id: 0x4ab95111, L:/127.0.0.1:53689 - R:localhost/127.0.0.1:49214]' for 'POST' to 'http://localhost:49214/session/335235c0d12ef8d11a67a6a8efe4f74a/element/4af8afbd-0085-42d8-8cd7-f3cae1115aa0/click'
20:08:04.105 [Forwarding clickElement on session 335235c0d12ef8d11a67a6a8efe4f74a to remote] DEBUG o.a.netty.request.NettyRequestSender - Using open Channel [id: 0x4ab95111, L:/127.0.0.1:53689 - R:localhost/127.0.0.1:49214] for POST '/session/335235c0d12ef8d11a67a6a8efe4f74a/element/4af8afbd-0085-42d8-8cd7-f3cae1115aa0/click'
20:08:04.136 [AsyncHttpClient-1-2] DEBUG o.a.netty.handler.HttpHandler - 

Request DefaultHttpRequest(decodeResult: success, version: HTTP/1.1)
POST /session/335235c0d12ef8d11a67a6a8efe4f74a/element/4af8afbd-0085-42d8-8cd7-f3cae1115aa0/click HTTP/1.1
User-Agent: selenium/4.1.4 (java windows)
Content-Length: 50
Content-Type: application/json; charset=utf-8
host: localhost:49214
accept: */*

Response DefaultHttpResponse(decodeResult: success, version: HTTP/1.1)
HTTP/1.1 200 OK
Content-Type: application/json; charset=utf-8
cache-control: no-cache
content-length: 14

20:08:04.137 [AsyncHttpClient-1-2] DEBUG o.a.netty.channel.ChannelManager - Adding key: http://localhost:49214 for channel [id: 0x4ab95111, L:/127.0.0.1:53689 - R:localhost/127.0.0.1:49214]
20:08:04.137 [Forwarding findElement on session 335235c0d12ef8d11a67a6a8efe4f74a to remote] DEBUG o.a.netty.request.NettyRequestSender - Using pooled Channel '[id: 0x4ab95111, L:/127.0.0.1:53689 - R:localhost/127.0.0.1:49214]' for 'POST' to 'http://localhost:49214/session/335235c0d12ef8d11a67a6a8efe4f74a/element'
20:08:04.137 [Forwarding findElement on session 335235c0d12ef8d11a67a6a8efe4f74a to remote] DEBUG o.a.netty.request.NettyRequestSender - Using open Channel [id: 0x4ab95111, L:/127.0.0.1:53689 - R:localhost/127.0.0.1:49214] for POST '/session/335235c0d12ef8d11a67a6a8efe4f74a/element'
20:08:04.143 [AsyncHttpClient-1-2] DEBUG o.a.netty.handler.HttpHandler - 

Request DefaultHttpRequest(decodeResult: success, version: HTTP/1.1)
POST /session/335235c0d12ef8d11a67a6a8efe4f74a/element HTTP/1.1
User-Agent: selenium/4.1.4 (java windows)
Content-Length: 64
Content-Type: application/json; charset=utf-8
host: localhost:49214
accept: */*

Response DefaultHttpResponse(decodeResult: success, version: HTTP/1.1)
HTTP/1.1 200 OK
Content-Type: application/json; charset=utf-8
cache-control: no-cache
content-length: 88

20:08:04.143 [AsyncHttpClient-1-2] DEBUG o.a.netty.channel.ChannelManager - Adding key: http://localhost:49214 for channel [id: 0x4ab95111, L:/127.0.0.1:53689 - R:localhost/127.0.0.1:49214]
20:08:04.146 [Forwarding getElementAttribute on session 335235c0d12ef8d11a67a6a8efe4f74a to remote] DEBUG o.a.netty.request.NettyRequestSender - Using pooled Channel '[id: 0x4ab95111, L:/127.0.0.1:53689 - R:localhost/127.0.0.1:49214]' for 'POST' to 'http://localhost:49214/session/335235c0d12ef8d11a67a6a8efe4f74a/execute/sync'
20:08:04.146 [Forwarding getElementAttribute on session 335235c0d12ef8d11a67a6a8efe4f74a to remote] DEBUG o.a.netty.request.NettyRequestSender - Using open Channel [id: 0x4ab95111, L:/127.0.0.1:53689 - R:localhost/127.0.0.1:49214] for POST '/session/335235c0d12ef8d11a67a6a8efe4f74a/execute/sync'
20:08:04.153 [AsyncHttpClient-1-2] DEBUG o.a.netty.handler.HttpHandler - 

Request DefaultHttpRequest(decodeResult: success, version: HTTP/1.1)
POST /session/335235c0d12ef8d11a67a6a8efe4f74a/execute/sync HTTP/1.1
User-Agent: selenium/4.1.4 (java windows)
Content-Length: 47340
Content-Type: application/json; charset=utf-8
host: localhost:49214
accept: */*

Response DefaultHttpResponse(decodeResult: success, version: HTTP/1.1)
HTTP/1.1 200 OK
Content-Type: application/json; charset=utf-8
cache-control: no-cache
content-length: 12

20:08:04.153 [AsyncHttpClient-1-2] DEBUG o.a.netty.channel.ChannelManager - Adding key: http://localhost:49214 for channel [id: 0x4ab95111, L:/127.0.0.1:53689 - R:localhost/127.0.0.1:49214]
20:08:04.154 [Forwarding findElement on session 335235c0d12ef8d11a67a6a8efe4f74a to remote] DEBUG o.a.netty.request.NettyRequestSender - Using pooled Channel '[id: 0x4ab95111, L:/127.0.0.1:53689 - R:localhost/127.0.0.1:49214]' for 'POST' to 'http://localhost:49214/session/335235c0d12ef8d11a67a6a8efe4f74a/element'
20:08:04.154 [Forwarding findElement on session 335235c0d12ef8d11a67a6a8efe4f74a to remote] DEBUG o.a.netty.request.NettyRequestSender - Using open Channel [id: 0x4ab95111, L:/127.0.0.1:53689 - R:localhost/127.0.0.1:49214] for POST '/session/335235c0d12ef8d11a67a6a8efe4f74a/element'
20:08:04.160 [AsyncHttpClient-1-2] DEBUG o.a.netty.handler.HttpHandler - 

Request DefaultHttpRequest(decodeResult: success, version: HTTP/1.1)
POST /session/335235c0d12ef8d11a67a6a8efe4f74a/element HTTP/1.1
User-Agent: selenium/4.1.4 (java windows)
Content-Length: 64
Content-Type: application/json; charset=utf-8
host: localhost:49214
accept: */*

Response DefaultHttpResponse(decodeResult: success, version: HTTP/1.1)
HTTP/1.1 200 OK
Content-Type: application/json; charset=utf-8
cache-control: no-cache
content-length: 88

20:08:04.160 [AsyncHttpClient-1-2] DEBUG o.a.netty.channel.ChannelManager - Adding key: http://localhost:49214 for channel [id: 0x4ab95111, L:/127.0.0.1:53689 - R:localhost/127.0.0.1:49214]
20:08:04.162 [Forwarding clearElement on session 335235c0d12ef8d11a67a6a8efe4f74a to remote] DEBUG o.a.netty.request.NettyRequestSender - Using pooled Channel '[id: 0x4ab95111, L:/127.0.0.1:53689 - R:localhost/127.0.0.1:49214]' for 'POST' to 'http://localhost:49214/session/335235c0d12ef8d11a67a6a8efe4f74a/element/4af8afbd-0085-42d8-8cd7-f3cae1115aa0/clear'
20:08:04.162 [Forwarding clearElement on session 335235c0d12ef8d11a67a6a8efe4f74a to remote] DEBUG o.a.netty.request.NettyRequestSender - Using open Channel [id: 0x4ab95111, L:/127.0.0.1:53689 - R:localhost/127.0.0.1:49214] for POST '/session/335235c0d12ef8d11a67a6a8efe4f74a/element/4af8afbd-0085-42d8-8cd7-f3cae1115aa0/clear'
20:08:04.181 [AsyncHttpClient-1-2] DEBUG o.a.netty.handler.HttpHandler - 

Request DefaultHttpRequest(decodeResult: success, version: HTTP/1.1)
POST /session/335235c0d12ef8d11a67a6a8efe4f74a/element/4af8afbd-0085-42d8-8cd7-f3cae1115aa0/clear HTTP/1.1
User-Agent: selenium/4.1.4 (java windows)
Content-Length: 50
Content-Type: application/json; charset=utf-8
host: localhost:49214
accept: */*

Response DefaultHttpResponse(decodeResult: success, version: HTTP/1.1)
HTTP/1.1 200 OK
Content-Type: application/json; charset=utf-8
cache-control: no-cache
content-length: 14

20:08:04.181 [AsyncHttpClient-1-2] DEBUG o.a.netty.channel.ChannelManager - Adding key: http://localhost:49214 for channel [id: 0x4ab95111, L:/127.0.0.1:53689 - R:localhost/127.0.0.1:49214]
20:08:04.182 [Forwarding findElement on session 335235c0d12ef8d11a67a6a8efe4f74a to remote] DEBUG o.a.netty.request.NettyRequestSender - Using pooled Channel '[id: 0x4ab95111, L:/127.0.0.1:53689 - R:localhost/127.0.0.1:49214]' for 'POST' to 'http://localhost:49214/session/335235c0d12ef8d11a67a6a8efe4f74a/element'
20:08:04.182 [Forwarding findElement on session 335235c0d12ef8d11a67a6a8efe4f74a to remote] DEBUG o.a.netty.request.NettyRequestSender - Using open Channel [id: 0x4ab95111, L:/127.0.0.1:53689 - R:localhost/127.0.0.1:49214] for POST '/session/335235c0d12ef8d11a67a6a8efe4f74a/element'
20:08:04.187 [AsyncHttpClient-1-2] DEBUG o.a.netty.handler.HttpHandler - 

Request DefaultHttpRequest(decodeResult: success, version: HTTP/1.1)
POST /session/335235c0d12ef8d11a67a6a8efe4f74a/element HTTP/1.1
User-Agent: selenium/4.1.4 (java windows)
Content-Length: 64
Content-Type: application/json; charset=utf-8
host: localhost:49214
accept: */*

Response DefaultHttpResponse(decodeResult: success, version: HTTP/1.1)
HTTP/1.1 200 OK
Content-Type: application/json; charset=utf-8
cache-control: no-cache
content-length: 88

20:08:04.188 [AsyncHttpClient-1-2] DEBUG o.a.netty.channel.ChannelManager - Adding key: http://localhost:49214 for channel [id: 0x4ab95111, L:/127.0.0.1:53689 - R:localhost/127.0.0.1:49214]
20:08:04.189 [Forwarding sendKeysToElement on session 335235c0d12ef8d11a67a6a8efe4f74a to remote] DEBUG o.a.netty.request.NettyRequestSender - Using pooled Channel '[id: 0x4ab95111, L:/127.0.0.1:53689 - R:localhost/127.0.0.1:49214]' for 'POST' to 'http://localhost:49214/session/335235c0d12ef8d11a67a6a8efe4f74a/element/4af8afbd-0085-42d8-8cd7-f3cae1115aa0/value'
20:08:04.189 [Forwarding sendKeysToElement on session 335235c0d12ef8d11a67a6a8efe4f74a to remote] DEBUG o.a.netty.request.NettyRequestSender - Using open Channel [id: 0x4ab95111, L:/127.0.0.1:53689 - R:localhost/127.0.0.1:49214] for POST '/session/335235c0d12ef8d11a67a6a8efe4f74a/element/4af8afbd-0085-42d8-8cd7-f3cae1115aa0/value'
20:08:04.211 [AsyncHttpClient-1-2] DEBUG o.a.netty.handler.HttpHandler - 

Request DefaultHttpRequest(decodeResult: success, version: HTTP/1.1)
POST /session/335235c0d12ef8d11a67a6a8efe4f74a/element/4af8afbd-0085-42d8-8cd7-f3cae1115aa0/value HTTP/1.1
User-Agent: selenium/4.1.4 (java windows)
Content-Length: 191
Content-Type: application/json; charset=utf-8
host: localhost:49214
accept: */*

Response DefaultHttpResponse(decodeResult: success, version: HTTP/1.1)
HTTP/1.1 200 OK
Content-Type: application/json; charset=utf-8
cache-control: no-cache
content-length: 14

20:08:04.211 [AsyncHttpClient-1-2] DEBUG o.a.netty.channel.ChannelManager - Adding key: http://localhost:49214 for channel [id: 0x4ab95111, L:/127.0.0.1:53689 - R:localhost/127.0.0.1:49214]
20:08:04.213 [Forwarding findElement on session 335235c0d12ef8d11a67a6a8efe4f74a to remote] DEBUG o.a.netty.request.NettyRequestSender - Using pooled Channel '[id: 0x4ab95111, L:/127.0.0.1:53689 - R:localhost/127.0.0.1:49214]' for 'POST' to 'http://localhost:49214/session/335235c0d12ef8d11a67a6a8efe4f74a/element'
20:08:04.213 [Forwarding findElement on session 335235c0d12ef8d11a67a6a8efe4f74a to remote] DEBUG o.a.netty.request.NettyRequestSender - Using open Channel [id: 0x4ab95111, L:/127.0.0.1:53689 - R:localhost/127.0.0.1:49214] for POST '/session/335235c0d12ef8d11a67a6a8efe4f74a/element'
20:08:04.218 [AsyncHttpClient-1-2] DEBUG o.a.netty.handler.HttpHandler - 

Request DefaultHttpRequest(decodeResult: success, version: HTTP/1.1)
POST /session/335235c0d12ef8d11a67a6a8efe4f74a/element HTTP/1.1
User-Agent: selenium/4.1.4 (java windows)
Content-Length: 66
Content-Type: application/json; charset=utf-8
host: localhost:49214
accept: */*

Response DefaultHttpResponse(decodeResult: success, version: HTTP/1.1)
HTTP/1.1 200 OK
Content-Type: application/json; charset=utf-8
cache-control: no-cache
content-length: 88

20:08:04.218 [AsyncHttpClient-1-2] DEBUG o.a.netty.channel.ChannelManager - Adding key: http://localhost:49214 for channel [id: 0x4ab95111, L:/127.0.0.1:53689 - R:localhost/127.0.0.1:49214]
20:08:04.219 [Forwarding clickElement on session 335235c0d12ef8d11a67a6a8efe4f74a to remote] DEBUG o.a.netty.request.NettyRequestSender - Using pooled Channel '[id: 0x4ab95111, L:/127.0.0.1:53689 - R:localhost/127.0.0.1:49214]' for 'POST' to 'http://localhost:49214/session/335235c0d12ef8d11a67a6a8efe4f74a/element/3d87f436-05fa-4776-93fe-11476ea40719/click'
20:08:04.219 [Forwarding clickElement on session 335235c0d12ef8d11a67a6a8efe4f74a to remote] DEBUG o.a.netty.request.NettyRequestSender - Using open Channel [id: 0x4ab95111, L:/127.0.0.1:53689 - R:localhost/127.0.0.1:49214] for POST '/session/335235c0d12ef8d11a67a6a8efe4f74a/element/3d87f436-05fa-4776-93fe-11476ea40719/click'
20:08:04.241 [AsyncHttpClient-1-2] DEBUG o.a.netty.handler.HttpHandler - 

Request DefaultHttpRequest(decodeResult: success, version: HTTP/1.1)
POST /session/335235c0d12ef8d11a67a6a8efe4f74a/element/3d87f436-05fa-4776-93fe-11476ea40719/click HTTP/1.1
User-Agent: selenium/4.1.4 (java windows)
Content-Length: 50
Content-Type: application/json; charset=utf-8
host: localhost:49214
accept: */*

Response DefaultHttpResponse(decodeResult: success, version: HTTP/1.1)
HTTP/1.1 200 OK
Content-Type: application/json; charset=utf-8
cache-control: no-cache
content-length: 14

20:08:04.241 [AsyncHttpClient-1-2] DEBUG o.a.netty.channel.ChannelManager - Adding key: http://localhost:49214 for channel [id: 0x4ab95111, L:/127.0.0.1:53689 - R:localhost/127.0.0.1:49214]
20:08:04.242 [Forwarding findElement on session 335235c0d12ef8d11a67a6a8efe4f74a to remote] DEBUG o.a.netty.request.NettyRequestSender - Using pooled Channel '[id: 0x4ab95111, L:/127.0.0.1:53689 - R:localhost/127.0.0.1:49214]' for 'POST' to 'http://localhost:49214/session/335235c0d12ef8d11a67a6a8efe4f74a/element'
20:08:04.242 [Forwarding findElement on session 335235c0d12ef8d11a67a6a8efe4f74a to remote] DEBUG o.a.netty.request.NettyRequestSender - Using open Channel [id: 0x4ab95111, L:/127.0.0.1:53689 - R:localhost/127.0.0.1:49214] for POST '/session/335235c0d12ef8d11a67a6a8efe4f74a/element'
20:08:04.247 [AsyncHttpClient-1-2] DEBUG o.a.netty.handler.HttpHandler - 

Request DefaultHttpRequest(decodeResult: success, version: HTTP/1.1)
POST /session/335235c0d12ef8d11a67a6a8efe4f74a/element HTTP/1.1
User-Agent: selenium/4.1.4 (java windows)
Content-Length: 66
Content-Type: application/json; charset=utf-8
host: localhost:49214
accept: */*

Response DefaultHttpResponse(decodeResult: success, version: HTTP/1.1)
HTTP/1.1 200 OK
Content-Type: application/json; charset=utf-8
cache-control: no-cache
content-length: 88

20:08:04.247 [AsyncHttpClient-1-2] DEBUG o.a.netty.channel.ChannelManager - Adding key: http://localhost:49214 for channel [id: 0x4ab95111, L:/127.0.0.1:53689 - R:localhost/127.0.0.1:49214]
20:08:04.249 [Forwarding getElementAttribute on session 335235c0d12ef8d11a67a6a8efe4f74a to remote] DEBUG o.a.netty.request.NettyRequestSender - Using pooled Channel '[id: 0x4ab95111, L:/127.0.0.1:53689 - R:localhost/127.0.0.1:49214]' for 'POST' to 'http://localhost:49214/session/335235c0d12ef8d11a67a6a8efe4f74a/execute/sync'
20:08:04.249 [Forwarding getElementAttribute on session 335235c0d12ef8d11a67a6a8efe4f74a to remote] DEBUG o.a.netty.request.NettyRequestSender - Using open Channel [id: 0x4ab95111, L:/127.0.0.1:53689 - R:localhost/127.0.0.1:49214] for POST '/session/335235c0d12ef8d11a67a6a8efe4f74a/execute/sync'
20:08:04.257 [AsyncHttpClient-1-2] DEBUG o.a.netty.handler.HttpHandler - 

Request DefaultHttpRequest(decodeResult: success, version: HTTP/1.1)
POST /session/335235c0d12ef8d11a67a6a8efe4f74a/execute/sync HTTP/1.1
User-Agent: selenium/4.1.4 (java windows)
Content-Length: 47340
Content-Type: application/json; charset=utf-8
host: localhost:49214
accept: */*

Response DefaultHttpResponse(decodeResult: success, version: HTTP/1.1)
HTTP/1.1 200 OK
Content-Type: application/json; charset=utf-8
cache-control: no-cache
content-length: 12

20:08:04.257 [AsyncHttpClient-1-2] DEBUG o.a.netty.channel.ChannelManager - Adding key: http://localhost:49214 for channel [id: 0x4ab95111, L:/127.0.0.1:53689 - R:localhost/127.0.0.1:49214]
20:08:04.258 [Forwarding findElement on session 335235c0d12ef8d11a67a6a8efe4f74a to remote] DEBUG o.a.netty.request.NettyRequestSender - Using pooled Channel '[id: 0x4ab95111, L:/127.0.0.1:53689 - R:localhost/127.0.0.1:49214]' for 'POST' to 'http://localhost:49214/session/335235c0d12ef8d11a67a6a8efe4f74a/element'
20:08:04.258 [Forwarding findElement on session 335235c0d12ef8d11a67a6a8efe4f74a to remote] DEBUG o.a.netty.request.NettyRequestSender - Using open Channel [id: 0x4ab95111, L:/127.0.0.1:53689 - R:localhost/127.0.0.1:49214] for POST '/session/335235c0d12ef8d11a67a6a8efe4f74a/element'
20:08:04.263 [AsyncHttpClient-1-2] DEBUG o.a.netty.handler.HttpHandler - 

Request DefaultHttpRequest(decodeResult: success, version: HTTP/1.1)
POST /session/335235c0d12ef8d11a67a6a8efe4f74a/element HTTP/1.1
User-Agent: selenium/4.1.4 (java windows)
Content-Length: 66
Content-Type: application/json; charset=utf-8
host: localhost:49214
accept: */*

Response DefaultHttpResponse(decodeResult: success, version: HTTP/1.1)
HTTP/1.1 200 OK
Content-Type: application/json; charset=utf-8
cache-control: no-cache
content-length: 88

20:08:04.263 [AsyncHttpClient-1-2] DEBUG o.a.netty.channel.ChannelManager - Adding key: http://localhost:49214 for channel [id: 0x4ab95111, L:/127.0.0.1:53689 - R:localhost/127.0.0.1:49214]
20:08:04.264 [Forwarding clearElement on session 335235c0d12ef8d11a67a6a8efe4f74a to remote] DEBUG o.a.netty.request.NettyRequestSender - Using pooled Channel '[id: 0x4ab95111, L:/127.0.0.1:53689 - R:localhost/127.0.0.1:49214]' for 'POST' to 'http://localhost:49214/session/335235c0d12ef8d11a67a6a8efe4f74a/element/3d87f436-05fa-4776-93fe-11476ea40719/clear'
20:08:04.264 [Forwarding clearElement on session 335235c0d12ef8d11a67a6a8efe4f74a to remote] DEBUG o.a.netty.request.NettyRequestSender - Using open Channel [id: 0x4ab95111, L:/127.0.0.1:53689 - R:localhost/127.0.0.1:49214] for POST '/session/335235c0d12ef8d11a67a6a8efe4f74a/element/3d87f436-05fa-4776-93fe-11476ea40719/clear'
20:08:04.278 [AsyncHttpClient-1-2] DEBUG o.a.netty.handler.HttpHandler - 

Request DefaultHttpRequest(decodeResult: success, version: HTTP/1.1)
POST /session/335235c0d12ef8d11a67a6a8efe4f74a/element/3d87f436-05fa-4776-93fe-11476ea40719/clear HTTP/1.1
User-Agent: selenium/4.1.4 (java windows)
Content-Length: 50
Content-Type: application/json; charset=utf-8
host: localhost:49214
accept: */*

Response DefaultHttpResponse(decodeResult: success, version: HTTP/1.1)
HTTP/1.1 200 OK
Content-Type: application/json; charset=utf-8
cache-control: no-cache
content-length: 14

20:08:04.282 [AsyncHttpClient-1-2] DEBUG o.a.netty.channel.ChannelManager - Adding key: http://localhost:49214 for channel [id: 0x4ab95111, L:/127.0.0.1:53689 - R:localhost/127.0.0.1:49214]
20:08:04.287 [Forwarding findElement on session 335235c0d12ef8d11a67a6a8efe4f74a to remote] DEBUG o.a.netty.request.NettyRequestSender - Using pooled Channel '[id: 0x4ab95111, L:/127.0.0.1:53689 - R:localhost/127.0.0.1:49214]' for 'POST' to 'http://localhost:49214/session/335235c0d12ef8d11a67a6a8efe4f74a/element'
20:08:04.287 [Forwarding findElement on session 335235c0d12ef8d11a67a6a8efe4f74a to remote] DEBUG o.a.netty.request.NettyRequestSender - Using open Channel [id: 0x4ab95111, L:/127.0.0.1:53689 - R:localhost/127.0.0.1:49214] for POST '/session/335235c0d12ef8d11a67a6a8efe4f74a/element'
20:08:04.298 [AsyncHttpClient-1-2] DEBUG o.a.netty.handler.HttpHandler - 

Request DefaultHttpRequest(decodeResult: success, version: HTTP/1.1)
POST /session/335235c0d12ef8d11a67a6a8efe4f74a/element HTTP/1.1
User-Agent: selenium/4.1.4 (java windows)
Content-Length: 66
Content-Type: application/json; charset=utf-8
host: localhost:49214
accept: */*

Response DefaultHttpResponse(decodeResult: success, version: HTTP/1.1)
HTTP/1.1 200 OK
Content-Type: application/json; charset=utf-8
cache-control: no-cache
content-length: 88

20:08:04.298 [AsyncHttpClient-1-2] DEBUG o.a.netty.channel.ChannelManager - Adding key: http://localhost:49214 for channel [id: 0x4ab95111, L:/127.0.0.1:53689 - R:localhost/127.0.0.1:49214]
20:08:04.301 [Forwarding sendKeysToElement on session 335235c0d12ef8d11a67a6a8efe4f74a to remote] DEBUG o.a.netty.request.NettyRequestSender - Using pooled Channel '[id: 0x4ab95111, L:/127.0.0.1:53689 - R:localhost/127.0.0.1:49214]' for 'POST' to 'http://localhost:49214/session/335235c0d12ef8d11a67a6a8efe4f74a/element/3d87f436-05fa-4776-93fe-11476ea40719/value'
20:08:04.301 [Forwarding sendKeysToElement on session 335235c0d12ef8d11a67a6a8efe4f74a to remote] DEBUG o.a.netty.request.NettyRequestSender - Using open Channel [id: 0x4ab95111, L:/127.0.0.1:53689 - R:localhost/127.0.0.1:49214] for POST '/session/335235c0d12ef8d11a67a6a8efe4f74a/element/3d87f436-05fa-4776-93fe-11476ea40719/value'
20:08:04.331 [AsyncHttpClient-1-2] DEBUG o.a.netty.handler.HttpHandler - 

Request DefaultHttpRequest(decodeResult: success, version: HTTP/1.1)
POST /session/335235c0d12ef8d11a67a6a8efe4f74a/element/3d87f436-05fa-4776-93fe-11476ea40719/value HTTP/1.1
User-Agent: selenium/4.1.4 (java windows)
Content-Length: 211
Content-Type: application/json; charset=utf-8
host: localhost:49214
accept: */*

Response DefaultHttpResponse(decodeResult: success, version: HTTP/1.1)
HTTP/1.1 200 OK
Content-Type: application/json; charset=utf-8
cache-control: no-cache
content-length: 14

20:08:04.331 [AsyncHttpClient-1-2] DEBUG o.a.netty.channel.ChannelManager - Adding key: http://localhost:49214 for channel [id: 0x4ab95111, L:/127.0.0.1:53689 - R:localhost/127.0.0.1:49214]
20:08:04.332 [Forwarding findElement on session 335235c0d12ef8d11a67a6a8efe4f74a to remote] DEBUG o.a.netty.request.NettyRequestSender - Using pooled Channel '[id: 0x4ab95111, L:/127.0.0.1:53689 - R:localhost/127.0.0.1:49214]' for 'POST' to 'http://localhost:49214/session/335235c0d12ef8d11a67a6a8efe4f74a/element'
20:08:04.332 [Forwarding findElement on session 335235c0d12ef8d11a67a6a8efe4f74a to remote] DEBUG o.a.netty.request.NettyRequestSender - Using open Channel [id: 0x4ab95111, L:/127.0.0.1:53689 - R:localhost/127.0.0.1:49214] for POST '/session/335235c0d12ef8d11a67a6a8efe4f74a/element'
20:08:04.337 [AsyncHttpClient-1-2] DEBUG o.a.netty.handler.HttpHandler - 

Request DefaultHttpRequest(decodeResult: success, version: HTTP/1.1)
POST /session/335235c0d12ef8d11a67a6a8efe4f74a/element HTTP/1.1
User-Agent: selenium/4.1.4 (java windows)
Content-Length: 66
Content-Type: application/json; charset=utf-8
host: localhost:49214
accept: */*

Response DefaultHttpResponse(decodeResult: success, version: HTTP/1.1)
HTTP/1.1 200 OK
Content-Type: application/json; charset=utf-8
cache-control: no-cache
content-length: 88

20:08:04.337 [AsyncHttpClient-1-2] DEBUG o.a.netty.channel.ChannelManager - Adding key: http://localhost:49214 for channel [id: 0x4ab95111, L:/127.0.0.1:53689 - R:localhost/127.0.0.1:49214]
20:08:04.338 [Forwarding clickElement on session 335235c0d12ef8d11a67a6a8efe4f74a to remote] DEBUG o.a.netty.request.NettyRequestSender - Using pooled Channel '[id: 0x4ab95111, L:/127.0.0.1:53689 - R:localhost/127.0.0.1:49214]' for 'POST' to 'http://localhost:49214/session/335235c0d12ef8d11a67a6a8efe4f74a/element/71018a9a-2eca-430d-8bff-1b1e2a0f9c4c/click'
20:08:04.338 [Forwarding clickElement on session 335235c0d12ef8d11a67a6a8efe4f74a to remote] DEBUG o.a.netty.request.NettyRequestSender - Using open Channel [id: 0x4ab95111, L:/127.0.0.1:53689 - R:localhost/127.0.0.1:49214] for POST '/session/335235c0d12ef8d11a67a6a8efe4f74a/element/71018a9a-2eca-430d-8bff-1b1e2a0f9c4c/click'
20:08:04.368 [AsyncHttpClient-1-2] DEBUG o.a.netty.handler.HttpHandler - 

Request DefaultHttpRequest(decodeResult: success, version: HTTP/1.1)
POST /session/335235c0d12ef8d11a67a6a8efe4f74a/element/71018a9a-2eca-430d-8bff-1b1e2a0f9c4c/click HTTP/1.1
User-Agent: selenium/4.1.4 (java windows)
Content-Length: 50
Content-Type: application/json; charset=utf-8
host: localhost:49214
accept: */*

Response DefaultHttpResponse(decodeResult: success, version: HTTP/1.1)
HTTP/1.1 200 OK
Content-Type: application/json; charset=utf-8
cache-control: no-cache
content-length: 14

20:08:04.368 [AsyncHttpClient-1-2] DEBUG o.a.netty.channel.ChannelManager - Adding key: http://localhost:49214 for channel [id: 0x4ab95111, L:/127.0.0.1:53689 - R:localhost/127.0.0.1:49214]
20:08:04.369 [Forwarding findElement on session 335235c0d12ef8d11a67a6a8efe4f74a to remote] DEBUG o.a.netty.request.NettyRequestSender - Using pooled Channel '[id: 0x4ab95111, L:/127.0.0.1:53689 - R:localhost/127.0.0.1:49214]' for 'POST' to 'http://localhost:49214/session/335235c0d12ef8d11a67a6a8efe4f74a/element'
20:08:04.369 [Forwarding findElement on session 335235c0d12ef8d11a67a6a8efe4f74a to remote] DEBUG o.a.netty.request.NettyRequestSender - Using open Channel [id: 0x4ab95111, L:/127.0.0.1:53689 - R:localhost/127.0.0.1:49214] for POST '/session/335235c0d12ef8d11a67a6a8efe4f74a/element'
20:08:04.375 [AsyncHttpClient-1-2] DEBUG o.a.netty.handler.HttpHandler - 

Request DefaultHttpRequest(decodeResult: success, version: HTTP/1.1)
POST /session/335235c0d12ef8d11a67a6a8efe4f74a/element HTTP/1.1
User-Agent: selenium/4.1.4 (java windows)
Content-Length: 66
Content-Type: application/json; charset=utf-8
host: localhost:49214
accept: */*

Response DefaultHttpResponse(decodeResult: success, version: HTTP/1.1)
HTTP/1.1 200 OK
Content-Type: application/json; charset=utf-8
cache-control: no-cache
content-length: 88

20:08:04.375 [AsyncHttpClient-1-2] DEBUG o.a.netty.channel.ChannelManager - Adding key: http://localhost:49214 for channel [id: 0x4ab95111, L:/127.0.0.1:53689 - R:localhost/127.0.0.1:49214]
20:08:04.381 [Forwarding getElementAttribute on session 335235c0d12ef8d11a67a6a8efe4f74a to remote] DEBUG o.a.netty.request.NettyRequestSender - Using pooled Channel '[id: 0x4ab95111, L:/127.0.0.1:53689 - R:localhost/127.0.0.1:49214]' for 'POST' to 'http://localhost:49214/session/335235c0d12ef8d11a67a6a8efe4f74a/execute/sync'
20:08:04.381 [Forwarding getElementAttribute on session 335235c0d12ef8d11a67a6a8efe4f74a to remote] DEBUG o.a.netty.request.NettyRequestSender - Using open Channel [id: 0x4ab95111, L:/127.0.0.1:53689 - R:localhost/127.0.0.1:49214] for POST '/session/335235c0d12ef8d11a67a6a8efe4f74a/execute/sync'
20:08:04.390 [AsyncHttpClient-1-2] DEBUG o.a.netty.handler.HttpHandler - 

Request DefaultHttpRequest(decodeResult: success, version: HTTP/1.1)
POST /session/335235c0d12ef8d11a67a6a8efe4f74a/execute/sync HTTP/1.1
User-Agent: selenium/4.1.4 (java windows)
Content-Length: 47340
Content-Type: application/json; charset=utf-8
host: localhost:49214
accept: */*

Response DefaultHttpResponse(decodeResult: success, version: HTTP/1.1)
HTTP/1.1 200 OK
Content-Type: application/json; charset=utf-8
cache-control: no-cache
content-length: 12

20:08:04.391 [AsyncHttpClient-1-2] DEBUG o.a.netty.channel.ChannelManager - Adding key: http://localhost:49214 for channel [id: 0x4ab95111, L:/127.0.0.1:53689 - R:localhost/127.0.0.1:49214]
20:08:04.392 [Forwarding findElement on session 335235c0d12ef8d11a67a6a8efe4f74a to remote] DEBUG o.a.netty.request.NettyRequestSender - Using pooled Channel '[id: 0x4ab95111, L:/127.0.0.1:53689 - R:localhost/127.0.0.1:49214]' for 'POST' to 'http://localhost:49214/session/335235c0d12ef8d11a67a6a8efe4f74a/element'
20:08:04.392 [Forwarding findElement on session 335235c0d12ef8d11a67a6a8efe4f74a to remote] DEBUG o.a.netty.request.NettyRequestSender - Using open Channel [id: 0x4ab95111, L:/127.0.0.1:53689 - R:localhost/127.0.0.1:49214] for POST '/session/335235c0d12ef8d11a67a6a8efe4f74a/element'
20:08:04.397 [AsyncHttpClient-1-2] DEBUG o.a.netty.handler.HttpHandler - 

Request DefaultHttpRequest(decodeResult: success, version: HTTP/1.1)
POST /session/335235c0d12ef8d11a67a6a8efe4f74a/element HTTP/1.1
User-Agent: selenium/4.1.4 (java windows)
Content-Length: 66
Content-Type: application/json; charset=utf-8
host: localhost:49214
accept: */*

Response DefaultHttpResponse(decodeResult: success, version: HTTP/1.1)
HTTP/1.1 200 OK
Content-Type: application/json; charset=utf-8
cache-control: no-cache
content-length: 88

20:08:04.397 [AsyncHttpClient-1-2] DEBUG o.a.netty.channel.ChannelManager - Adding key: http://localhost:49214 for channel [id: 0x4ab95111, L:/127.0.0.1:53689 - R:localhost/127.0.0.1:49214]
20:08:04.398 [Forwarding clearElement on session 335235c0d12ef8d11a67a6a8efe4f74a to remote] DEBUG o.a.netty.request.NettyRequestSender - Using pooled Channel '[id: 0x4ab95111, L:/127.0.0.1:53689 - R:localhost/127.0.0.1:49214]' for 'POST' to 'http://localhost:49214/session/335235c0d12ef8d11a67a6a8efe4f74a/element/71018a9a-2eca-430d-8bff-1b1e2a0f9c4c/clear'
20:08:04.398 [Forwarding clearElement on session 335235c0d12ef8d11a67a6a8efe4f74a to remote] DEBUG o.a.netty.request.NettyRequestSender - Using open Channel [id: 0x4ab95111, L:/127.0.0.1:53689 - R:localhost/127.0.0.1:49214] for POST '/session/335235c0d12ef8d11a67a6a8efe4f74a/element/71018a9a-2eca-430d-8bff-1b1e2a0f9c4c/clear'
20:08:04.416 [AsyncHttpClient-1-2] DEBUG o.a.netty.handler.HttpHandler - 

Request DefaultHttpRequest(decodeResult: success, version: HTTP/1.1)
POST /session/335235c0d12ef8d11a67a6a8efe4f74a/element/71018a9a-2eca-430d-8bff-1b1e2a0f9c4c/clear HTTP/1.1
User-Agent: selenium/4.1.4 (java windows)
Content-Length: 50
Content-Type: application/json; charset=utf-8
host: localhost:49214
accept: */*

Response DefaultHttpResponse(decodeResult: success, version: HTTP/1.1)
HTTP/1.1 200 OK
Content-Type: application/json; charset=utf-8
cache-control: no-cache
content-length: 14

20:08:04.416 [AsyncHttpClient-1-2] DEBUG o.a.netty.channel.ChannelManager - Adding key: http://localhost:49214 for channel [id: 0x4ab95111, L:/127.0.0.1:53689 - R:localhost/127.0.0.1:49214]
20:08:04.417 [Forwarding findElement on session 335235c0d12ef8d11a67a6a8efe4f74a to remote] DEBUG o.a.netty.request.NettyRequestSender - Using pooled Channel '[id: 0x4ab95111, L:/127.0.0.1:53689 - R:localhost/127.0.0.1:49214]' for 'POST' to 'http://localhost:49214/session/335235c0d12ef8d11a67a6a8efe4f74a/element'
20:08:04.417 [Forwarding findElement on session 335235c0d12ef8d11a67a6a8efe4f74a to remote] DEBUG o.a.netty.request.NettyRequestSender - Using open Channel [id: 0x4ab95111, L:/127.0.0.1:53689 - R:localhost/127.0.0.1:49214] for POST '/session/335235c0d12ef8d11a67a6a8efe4f74a/element'
20:08:04.423 [AsyncHttpClient-1-2] DEBUG o.a.netty.handler.HttpHandler - 

Request DefaultHttpRequest(decodeResult: success, version: HTTP/1.1)
POST /session/335235c0d12ef8d11a67a6a8efe4f74a/element HTTP/1.1
User-Agent: selenium/4.1.4 (java windows)
Content-Length: 66
Content-Type: application/json; charset=utf-8
host: localhost:49214
accept: */*

Response DefaultHttpResponse(decodeResult: success, version: HTTP/1.1)
HTTP/1.1 200 OK
Content-Type: application/json; charset=utf-8
cache-control: no-cache
content-length: 88

20:08:04.423 [AsyncHttpClient-1-2] DEBUG o.a.netty.channel.ChannelManager - Adding key: http://localhost:49214 for channel [id: 0x4ab95111, L:/127.0.0.1:53689 - R:localhost/127.0.0.1:49214]
20:08:04.424 [Forwarding sendKeysToElement on session 335235c0d12ef8d11a67a6a8efe4f74a to remote] DEBUG o.a.netty.request.NettyRequestSender - Using pooled Channel '[id: 0x4ab95111, L:/127.0.0.1:53689 - R:localhost/127.0.0.1:49214]' for 'POST' to 'http://localhost:49214/session/335235c0d12ef8d11a67a6a8efe4f74a/element/71018a9a-2eca-430d-8bff-1b1e2a0f9c4c/value'
20:08:04.424 [Forwarding sendKeysToElement on session 335235c0d12ef8d11a67a6a8efe4f74a to remote] DEBUG o.a.netty.request.NettyRequestSender - Using open Channel [id: 0x4ab95111, L:/127.0.0.1:53689 - R:localhost/127.0.0.1:49214] for POST '/session/335235c0d12ef8d11a67a6a8efe4f74a/element/71018a9a-2eca-430d-8bff-1b1e2a0f9c4c/value'
20:08:04.467 [AsyncHttpClient-1-2] DEBUG o.a.netty.handler.HttpHandler - 

Request DefaultHttpRequest(decodeResult: success, version: HTTP/1.1)
POST /session/335235c0d12ef8d11a67a6a8efe4f74a/element/71018a9a-2eca-430d-8bff-1b1e2a0f9c4c/value HTTP/1.1
User-Agent: selenium/4.1.4 (java windows)
Content-Length: 211
Content-Type: application/json; charset=utf-8
host: localhost:49214
accept: */*

Response DefaultHttpResponse(decodeResult: success, version: HTTP/1.1)
HTTP/1.1 200 OK
Content-Type: application/json; charset=utf-8
cache-control: no-cache
content-length: 14

20:08:04.467 [AsyncHttpClient-1-2] DEBUG o.a.netty.channel.ChannelManager - Adding key: http://localhost:49214 for channel [id: 0x4ab95111, L:/127.0.0.1:53689 - R:localhost/127.0.0.1:49214]
20:08:04.468 [Forwarding findElement on session 335235c0d12ef8d11a67a6a8efe4f74a to remote] DEBUG o.a.netty.request.NettyRequestSender - Using pooled Channel '[id: 0x4ab95111, L:/127.0.0.1:53689 - R:localhost/127.0.0.1:49214]' for 'POST' to 'http://localhost:49214/session/335235c0d12ef8d11a67a6a8efe4f74a/element'
20:08:04.468 [Forwarding findElement on session 335235c0d12ef8d11a67a6a8efe4f74a to remote] DEBUG o.a.netty.request.NettyRequestSender - Using open Channel [id: 0x4ab95111, L:/127.0.0.1:53689 - R:localhost/127.0.0.1:49214] for POST '/session/335235c0d12ef8d11a67a6a8efe4f74a/element'
20:08:04.472 [AsyncHttpClient-1-2] DEBUG o.a.netty.handler.HttpHandler - 

Request DefaultHttpRequest(decodeResult: success, version: HTTP/1.1)
POST /session/335235c0d12ef8d11a67a6a8efe4f74a/element HTTP/1.1
User-Agent: selenium/4.1.4 (java windows)
Content-Length: 60
Content-Type: application/json; charset=utf-8
host: localhost:49214
accept: */*

Response DefaultHttpResponse(decodeResult: success, version: HTTP/1.1)
HTTP/1.1 200 OK
Content-Type: application/json; charset=utf-8
cache-control: no-cache
content-length: 88

20:08:04.472 [AsyncHttpClient-1-2] DEBUG o.a.netty.channel.ChannelManager - Adding key: http://localhost:49214 for channel [id: 0x4ab95111, L:/127.0.0.1:53689 - R:localhost/127.0.0.1:49214]
20:08:04.473 [Forwarding clickElement on session 335235c0d12ef8d11a67a6a8efe4f74a to remote] DEBUG o.a.netty.request.NettyRequestSender - Using pooled Channel '[id: 0x4ab95111, L:/127.0.0.1:53689 - R:localhost/127.0.0.1:49214]' for 'POST' to 'http://localhost:49214/session/335235c0d12ef8d11a67a6a8efe4f74a/element/b376cf70-278f-43ac-88fd-d8a464eacb10/click'
20:08:04.473 [Forwarding clickElement on session 335235c0d12ef8d11a67a6a8efe4f74a to remote] DEBUG o.a.netty.request.NettyRequestSender - Using open Channel [id: 0x4ab95111, L:/127.0.0.1:53689 - R:localhost/127.0.0.1:49214] for POST '/session/335235c0d12ef8d11a67a6a8efe4f74a/element/b376cf70-278f-43ac-88fd-d8a464eacb10/click'
20:08:04.620 [AsyncHttpClient-1-2] DEBUG o.a.netty.handler.HttpHandler - 

Request DefaultHttpRequest(decodeResult: success, version: HTTP/1.1)
POST /session/335235c0d12ef8d11a67a6a8efe4f74a/element/b376cf70-278f-43ac-88fd-d8a464eacb10/click HTTP/1.1
User-Agent: selenium/4.1.4 (java windows)
Content-Length: 50
Content-Type: application/json; charset=utf-8
host: localhost:49214
accept: */*

Response DefaultHttpResponse(decodeResult: success, version: HTTP/1.1)
HTTP/1.1 200 OK
Content-Type: application/json; charset=utf-8
cache-control: no-cache
content-length: 14

20:08:04.620 [AsyncHttpClient-1-2] DEBUG o.a.netty.channel.ChannelManager - Adding key: http://localhost:49214 for channel [id: 0x4ab95111, L:/127.0.0.1:53689 - R:localhost/127.0.0.1:49214]
20:08:04.621 [Forwarding findElement on session 335235c0d12ef8d11a67a6a8efe4f74a to remote] DEBUG o.a.netty.request.NettyRequestSender - Using pooled Channel '[id: 0x4ab95111, L:/127.0.0.1:53689 - R:localhost/127.0.0.1:49214]' for 'POST' to 'http://localhost:49214/session/335235c0d12ef8d11a67a6a8efe4f74a/element'
20:08:04.621 [Forwarding findElement on session 335235c0d12ef8d11a67a6a8efe4f74a to remote] DEBUG o.a.netty.request.NettyRequestSender - Using open Channel [id: 0x4ab95111, L:/127.0.0.1:53689 - R:localhost/127.0.0.1:49214] for POST '/session/335235c0d12ef8d11a67a6a8efe4f74a/element'
20:08:04.638 [AsyncHttpClient-1-2] DEBUG o.a.netty.handler.HttpHandler - 

Request DefaultHttpRequest(decodeResult: success, version: HTTP/1.1)
POST /session/335235c0d12ef8d11a67a6a8efe4f74a/element HTTP/1.1
User-Agent: selenium/4.1.4 (java windows)
Content-Length: 47
Content-Type: application/json; charset=utf-8
host: localhost:49214
accept: */*

Response DefaultHttpResponse(decodeResult: success, version: HTTP/1.1)
HTTP/1.1 200 OK
Content-Type: application/json; charset=utf-8
cache-control: no-cache
content-length: 88

20:08:04.638 [AsyncHttpClient-1-2] DEBUG o.a.netty.channel.ChannelManager - Adding key: http://localhost:49214 for channel [id: 0x4ab95111, L:/127.0.0.1:53689 - R:localhost/127.0.0.1:49214]
20:08:04.639 [Forwarding clickElement on session 335235c0d12ef8d11a67a6a8efe4f74a to remote] DEBUG o.a.netty.request.NettyRequestSender - Using pooled Channel '[id: 0x4ab95111, L:/127.0.0.1:53689 - R:localhost/127.0.0.1:49214]' for 'POST' to 'http://localhost:49214/session/335235c0d12ef8d11a67a6a8efe4f74a/element/f297d4b1-3717-4122-8353-e1f1bce19212/click'
20:08:04.639 [Forwarding clickElement on session 335235c0d12ef8d11a67a6a8efe4f74a to remote] DEBUG o.a.netty.request.NettyRequestSender - Using open Channel [id: 0x4ab95111, L:/127.0.0.1:53689 - R:localhost/127.0.0.1:49214] for POST '/session/335235c0d12ef8d11a67a6a8efe4f74a/element/f297d4b1-3717-4122-8353-e1f1bce19212/click'
20:08:04.768 [AsyncHttpClient-1-2] DEBUG o.a.netty.handler.HttpHandler - 

Request DefaultHttpRequest(decodeResult: success, version: HTTP/1.1)
POST /session/335235c0d12ef8d11a67a6a8efe4f74a/element/f297d4b1-3717-4122-8353-e1f1bce19212/click HTTP/1.1
User-Agent: selenium/4.1.4 (java windows)
Content-Length: 50
Content-Type: application/json; charset=utf-8
host: localhost:49214
accept: */*

Response DefaultHttpResponse(decodeResult: success, version: HTTP/1.1)
HTTP/1.1 200 OK
Content-Type: application/json; charset=utf-8
cache-control: no-cache
content-length: 14

20:08:04.768 [AsyncHttpClient-1-2] DEBUG o.a.netty.channel.ChannelManager - Adding key: http://localhost:49214 for channel [id: 0x4ab95111, L:/127.0.0.1:53689 - R:localhost/127.0.0.1:49214]
20:08:04.769 [Forwarding findElements on session 335235c0d12ef8d11a67a6a8efe4f74a to remote] DEBUG o.a.netty.request.NettyRequestSender - Using pooled Channel '[id: 0x4ab95111, L:/127.0.0.1:53689 - R:localhost/127.0.0.1:49214]' for 'POST' to 'http://localhost:49214/session/335235c0d12ef8d11a67a6a8efe4f74a/elements'
20:08:04.769 [Forwarding findElements on session 335235c0d12ef8d11a67a6a8efe4f74a to remote] DEBUG o.a.netty.request.NettyRequestSender - Using open Channel [id: 0x4ab95111, L:/127.0.0.1:53689 - R:localhost/127.0.0.1:49214] for POST '/session/335235c0d12ef8d11a67a6a8efe4f74a/elements'
20:08:04.775 [AsyncHttpClient-1-2] DEBUG o.a.netty.handler.HttpHandler - 

Request DefaultHttpRequest(decodeResult: success, version: HTTP/1.1)
POST /session/335235c0d12ef8d11a67a6a8efe4f74a/elements HTTP/1.1
User-Agent: selenium/4.1.4 (java windows)
Content-Length: 64
Content-Type: application/json; charset=utf-8
host: localhost:49214
accept: */*

Response DefaultHttpResponse(decodeResult: success, version: HTTP/1.1)
HTTP/1.1 200 OK
Content-Type: application/json; charset=utf-8
cache-control: no-cache
content-length: 406

20:08:04.775 [AsyncHttpClient-1-2] DEBUG o.a.netty.channel.ChannelManager - Adding key: http://localhost:49214 for channel [id: 0x4ab95111, L:/127.0.0.1:53689 - R:localhost/127.0.0.1:49214]
20:08:04.775 [Test worker] DEBUG o.h.e.t.internal.TransactionImpl - On TransactionImpl creation, JpaCompliance#isJpaTransactionComplianceEnabled == false
20:08:04.775 [Test worker] DEBUG o.h.e.t.internal.TransactionImpl - begin
20:08:04.776 [Test worker] DEBUG org.hibernate.SQL - select groupdata0_.group_id as group_id1_2_, groupdata0_.group_footer as group_fo2_2_, groupdata0_.group_header as group_he3_2_, groupdata0_.group_name as group_na4_2_ from group_list groupdata0_
Hibernate: select groupdata0_.group_id as group_id1_2_, groupdata0_.group_footer as group_fo2_2_, groupdata0_.group_header as group_he3_2_, groupdata0_.group_name as group_na4_2_ from group_list groupdata0_
20:08:04.777 [Test worker] DEBUG org.hibernate.loader.Loader - Result set row: 0
20:08:04.777 [Test worker] DEBUG org.hibernate.loader.Loader - Result row: EntityKey[ru.stqa.pft.addressbook.model.GroupData#119]
20:08:04.778 [Test worker] DEBUG org.hibernate.loader.Loader - Result set row: 1
20:08:04.778 [Test worker] DEBUG org.hibernate.loader.Loader - Result row: EntityKey[ru.stqa.pft.addressbook.model.GroupData#120]
20:08:04.779 [Test worker] DEBUG org.hibernate.loader.Loader - Result set row: 2
20:08:04.779 [Test worker] DEBUG org.hibernate.loader.Loader - Result row: EntityKey[ru.stqa.pft.addressbook.model.GroupData#122]
20:08:04.779 [Test worker] DEBUG org.hibernate.loader.Loader - Result set row: 3
20:08:04.779 [Test worker] DEBUG org.hibernate.loader.Loader - Result row: EntityKey[ru.stqa.pft.addressbook.model.GroupData#123]
20:08:04.779 [Test worker] DEBUG org.hibernate.loader.Loader - Result set row: 4
20:08:04.779 [Test worker] DEBUG org.hibernate.loader.Loader - Result row: EntityKey[ru.stqa.pft.addressbook.model.GroupData#124]
20:08:04.779 [Test worker] DEBUG o.h.engine.internal.TwoPhaseLoad - Resolving attributes for [ru.stqa.pft.addressbook.model.GroupData#119]
20:08:04.779 [Test worker] DEBUG o.h.engine.internal.TwoPhaseLoad - Processing attribute `contacts` : value = NOT NULL COLLECTION
20:08:04.779 [Test worker] DEBUG o.h.engine.internal.TwoPhaseLoad - Attribute (`contacts`)  - enhanced for lazy-loading? - false
20:08:04.779 [Test worker] DEBUG o.h.engine.internal.TwoPhaseLoad - Processing attribute `footer` : value = new3
20:08:04.779 [Test worker] DEBUG o.h.engine.internal.TwoPhaseLoad - Attribute (`footer`)  - enhanced for lazy-loading? - false
20:08:04.779 [Test worker] DEBUG o.h.engine.internal.TwoPhaseLoad - Processing attribute `header` : value = new2
20:08:04.779 [Test worker] DEBUG o.h.engine.internal.TwoPhaseLoad - Attribute (`header`)  - enhanced for lazy-loading? - false
20:08:04.779 [Test worker] DEBUG o.h.engine.internal.TwoPhaseLoad - Processing attribute `name` : value = HsGyE4c
20:08:04.779 [Test worker] DEBUG o.h.engine.internal.TwoPhaseLoad - Attribute (`name`)  - enhanced for lazy-loading? - false
20:08:04.779 [Test worker] DEBUG o.h.engine.internal.TwoPhaseLoad - Done materializing entity [ru.stqa.pft.addressbook.model.GroupData#119]
20:08:04.779 [Test worker] DEBUG o.h.engine.internal.TwoPhaseLoad - Resolving attributes for [ru.stqa.pft.addressbook.model.GroupData#120]
20:08:04.779 [Test worker] DEBUG o.h.engine.internal.TwoPhaseLoad - Processing attribute `contacts` : value = NOT NULL COLLECTION
20:08:04.779 [Test worker] DEBUG o.h.engine.internal.TwoPhaseLoad - Attribute (`contacts`)  - enhanced for lazy-loading? - false
20:08:04.779 [Test worker] DEBUG o.h.engine.internal.TwoPhaseLoad - Processing attribute `footer` : value = new3
20:08:04.779 [Test worker] DEBUG o.h.engine.internal.TwoPhaseLoad - Attribute (`footer`)  - enhanced for lazy-loading? - false
20:08:04.780 [Test worker] DEBUG o.h.engine.internal.TwoPhaseLoad - Processing attribute `header` : value = new2
20:08:04.780 [Test worker] DEBUG o.h.engine.internal.TwoPhaseLoad - Attribute (`header`)  - enhanced for lazy-loading? - false
20:08:04.780 [Test worker] DEBUG o.h.engine.internal.TwoPhaseLoad - Processing attribute `name` : value = UyvfTeY
20:08:04.780 [Test worker] DEBUG o.h.engine.internal.TwoPhaseLoad - Attribute (`name`)  - enhanced for lazy-loading? - false
20:08:04.780 [Test worker] DEBUG o.h.engine.internal.TwoPhaseLoad - Done materializing entity [ru.stqa.pft.addressbook.model.GroupData#120]
20:08:04.780 [Test worker] DEBUG o.h.engine.internal.TwoPhaseLoad - Resolving attributes for [ru.stqa.pft.addressbook.model.GroupData#122]
20:08:04.780 [Test worker] DEBUG o.h.engine.internal.TwoPhaseLoad - Processing attribute `contacts` : value = NOT NULL COLLECTION
20:08:04.780 [Test worker] DEBUG o.h.engine.internal.TwoPhaseLoad - Attribute (`contacts`)  - enhanced for lazy-loading? - false
20:08:04.780 [Test worker] DEBUG o.h.engine.internal.TwoPhaseLoad - Processing attribute `footer` : value = test3
20:08:04.780 [Test worker] DEBUG o.h.engine.internal.TwoPhaseLoad - Attribute (`footer`)  - enhanced for lazy-loading? - false
20:08:04.780 [Test worker] DEBUG o.h.engine.internal.TwoPhaseLoad - Processing attribute `header` : value = test2
20:08:04.780 [Test worker] DEBUG o.h.engine.internal.TwoPhaseLoad - Attribute (`header`)  - enhanced for lazy-loading? - false
20:08:04.780 [Test worker] DEBUG o.h.engine.internal.TwoPhaseLoad - Processing attribute `name` : value = test1
20:08:04.780 [Test worker] DEBUG o.h.engine.internal.TwoPhaseLoad - Attribute (`name`)  - enhanced for lazy-loading? - false
20:08:04.780 [Test worker] DEBUG o.h.engine.internal.TwoPhaseLoad - Done materializing entity [ru.stqa.pft.addressbook.model.GroupData#122]
20:08:04.780 [Test worker] DEBUG o.h.engine.internal.TwoPhaseLoad - Resolving attributes for [ru.stqa.pft.addressbook.model.GroupData#123]
20:08:04.780 [Test worker] DEBUG o.h.engine.internal.TwoPhaseLoad - Processing attribute `contacts` : value = NOT NULL COLLECTION
20:08:04.780 [Test worker] DEBUG o.h.engine.internal.TwoPhaseLoad - Attribute (`contacts`)  - enhanced for lazy-loading? - false
20:08:04.780 [Test worker] DEBUG o.h.engine.internal.TwoPhaseLoad - Processing attribute `footer` : value = test footer 2
20:08:04.780 [Test worker] DEBUG o.h.engine.internal.TwoPhaseLoad - Attribute (`footer`)  - enhanced for lazy-loading? - false
20:08:04.780 [Test worker] DEBUG o.h.engine.internal.TwoPhaseLoad - Processing attribute `header` : value = test header 2
20:08:04.780 [Test worker] DEBUG o.h.engine.internal.TwoPhaseLoad - Attribute (`header`)  - enhanced for lazy-loading? - false
20:08:04.780 [Test worker] DEBUG o.h.engine.internal.TwoPhaseLoad - Processing attribute `name` : value = test name 2
20:08:04.780 [Test worker] DEBUG o.h.engine.internal.TwoPhaseLoad - Attribute (`name`)  - enhanced for lazy-loading? - false
20:08:04.780 [Test worker] DEBUG o.h.engine.internal.TwoPhaseLoad - Done materializing entity [ru.stqa.pft.addressbook.model.GroupData#123]
20:08:04.780 [Test worker] DEBUG o.h.engine.internal.TwoPhaseLoad - Resolving attributes for [ru.stqa.pft.addressbook.model.GroupData#124]
20:08:04.780 [Test worker] DEBUG o.h.engine.internal.TwoPhaseLoad - Processing attribute `contacts` : value = NOT NULL COLLECTION
20:08:04.780 [Test worker] DEBUG o.h.engine.internal.TwoPhaseLoad - Attribute (`contacts`)  - enhanced for lazy-loading? - false
20:08:04.780 [Test worker] DEBUG o.h.engine.internal.TwoPhaseLoad - Processing attribute `footer` : value = test footer 0
20:08:04.780 [Test worker] DEBUG o.h.engine.internal.TwoPhaseLoad - Attribute (`footer`)  - enhanced for lazy-loading? - false
20:08:04.780 [Test worker] DEBUG o.h.engine.internal.TwoPhaseLoad - Processing attribute `header` : value = test header 0
20:08:04.780 [Test worker] DEBUG o.h.engine.internal.TwoPhaseLoad - Attribute (`header`)  - enhanced for lazy-loading? - false
20:08:04.780 [Test worker] DEBUG o.h.engine.internal.TwoPhaseLoad - Processing attribute `name` : value = test name 0
20:08:04.780 [Test worker] DEBUG o.h.engine.internal.TwoPhaseLoad - Attribute (`name`)  - enhanced for lazy-loading? - false
20:08:04.780 [Test worker] DEBUG o.h.engine.internal.TwoPhaseLoad - Done materializing entity [ru.stqa.pft.addressbook.model.GroupData#124]
20:08:04.780 [Test worker] DEBUG o.h.e.t.internal.TransactionImpl - committing
20:08:04.780 [Test worker] DEBUG o.h.e.i.AbstractFlushingEventListener - Processing flush-time cascades
20:08:04.780 [Test worker] DEBUG o.h.e.i.AbstractFlushingEventListener - Dirty checking collections
20:08:04.780 [Test worker] DEBUG o.h.engine.internal.Collections - Collection found: [ru.stqa.pft.addressbook.model.GroupData.contacts#119], was: [ru.stqa.pft.addressbook.model.GroupData.contacts#119] (uninitialized)
20:08:04.780 [Test worker] DEBUG o.h.engine.internal.Collections - Collection found: [ru.stqa.pft.addressbook.model.GroupData.contacts#120], was: [ru.stqa.pft.addressbook.model.GroupData.contacts#120] (uninitialized)
20:08:04.781 [Test worker] DEBUG o.h.engine.internal.Collections - Collection found: [ru.stqa.pft.addressbook.model.GroupData.contacts#122], was: [ru.stqa.pft.addressbook.model.GroupData.contacts#122] (uninitialized)
20:08:04.781 [Test worker] DEBUG o.h.engine.internal.Collections - Collection found: [ru.stqa.pft.addressbook.model.GroupData.contacts#123], was: [ru.stqa.pft.addressbook.model.GroupData.contacts#123] (uninitialized)
20:08:04.781 [Test worker] DEBUG o.h.engine.internal.Collections - Collection found: [ru.stqa.pft.addressbook.model.GroupData.contacts#124], was: [ru.stqa.pft.addressbook.model.GroupData.contacts#124] (uninitialized)
20:08:04.781 [Test worker] DEBUG o.h.e.i.AbstractFlushingEventListener - Flushed: 0 insertions, 0 updates, 0 deletions to 5 objects
20:08:04.781 [Test worker] DEBUG o.h.e.i.AbstractFlushingEventListener - Flushed: 0 (re)creations, 0 updates, 0 removals to 5 collections
20:08:04.781 [Test worker] DEBUG o.h.internal.util.EntityPrinter - Listing entities:
20:08:04.781 [Test worker] DEBUG o.h.internal.util.EntityPrinter - ru.stqa.pft.addressbook.model.GroupData{footer=new3, name=UyvfTeY, header=new2, id=120, contacts=<uninitialized>}
20:08:04.781 [Test worker] DEBUG o.h.internal.util.EntityPrinter - ru.stqa.pft.addressbook.model.GroupData{footer=new3, name=HsGyE4c, header=new2, id=119, contacts=<uninitialized>}
20:08:04.781 [Test worker] DEBUG o.h.internal.util.EntityPrinter - ru.stqa.pft.addressbook.model.GroupData{footer=test footer 0, name=test name 0, header=test header 0, id=124, contacts=<uninitialized>}
20:08:04.781 [Test worker] DEBUG o.h.internal.util.EntityPrinter - ru.stqa.pft.addressbook.model.GroupData{footer=test3, name=test1, header=test2, id=122, contacts=<uninitialized>}
20:08:04.781 [Test worker] DEBUG o.h.internal.util.EntityPrinter - ru.stqa.pft.addressbook.model.GroupData{footer=test footer 2, name=test name 2, header=test header 2, id=123, contacts=<uninitialized>}
20:08:04.781 [Test worker] DEBUG o.h.r.j.i.LogicalConnectionManagedImpl - Initiating JDBC connection release from afterTransaction
20:08:04.781 [Test worker] DEBUG o.h.r.j.i.LogicalConnectionManagedImpl - Initiating JDBC connection release from afterTransaction
20:08:04.784 [Forwarding findElement on session 335235c0d12ef8d11a67a6a8efe4f74a to remote] DEBUG o.a.netty.request.NettyRequestSender - Using pooled Channel '[id: 0x4ab95111, L:/127.0.0.1:53689 - R:localhost/127.0.0.1:49214]' for 'POST' to 'http://localhost:49214/session/335235c0d12ef8d11a67a6a8efe4f74a/element'
20:08:04.784 [Forwarding findElement on session 335235c0d12ef8d11a67a6a8efe4f74a to remote] DEBUG o.a.netty.request.NettyRequestSender - Using open Channel [id: 0x4ab95111, L:/127.0.0.1:53689 - R:localhost/127.0.0.1:49214] for POST '/session/335235c0d12ef8d11a67a6a8efe4f74a/element'
20:08:04.789 [AsyncHttpClient-1-2] DEBUG o.a.netty.handler.HttpHandler - 

Request DefaultHttpRequest(decodeResult: success, version: HTTP/1.1)
POST /session/335235c0d12ef8d11a67a6a8efe4f74a/element HTTP/1.1
User-Agent: selenium/4.1.4 (java windows)
Content-Length: 42
Content-Type: application/json; charset=utf-8
host: localhost:49214
accept: */*

Response DefaultHttpResponse(decodeResult: success, version: HTTP/1.1)
HTTP/1.1 200 OK
Content-Type: application/json; charset=utf-8
cache-control: no-cache
content-length: 88

20:08:04.789 [AsyncHttpClient-1-2] DEBUG o.a.netty.channel.ChannelManager - Adding key: http://localhost:49214 for channel [id: 0x4ab95111, L:/127.0.0.1:53689 - R:localhost/127.0.0.1:49214]
20:08:04.790 [Forwarding findElement on session 335235c0d12ef8d11a67a6a8efe4f74a to remote] DEBUG o.a.netty.request.NettyRequestSender - Using pooled Channel '[id: 0x4ab95111, L:/127.0.0.1:53689 - R:localhost/127.0.0.1:49214]' for 'POST' to 'http://localhost:49214/session/335235c0d12ef8d11a67a6a8efe4f74a/element'
20:08:04.790 [Forwarding findElement on session 335235c0d12ef8d11a67a6a8efe4f74a to remote] DEBUG o.a.netty.request.NettyRequestSender - Using open Channel [id: 0x4ab95111, L:/127.0.0.1:53689 - R:localhost/127.0.0.1:49214] for POST '/session/335235c0d12ef8d11a67a6a8efe4f74a/element'
20:08:04.796 [AsyncHttpClient-1-2] DEBUG o.a.netty.handler.HttpHandler - 

Request DefaultHttpRequest(decodeResult: success, version: HTTP/1.1)
POST /session/335235c0d12ef8d11a67a6a8efe4f74a/element HTTP/1.1
User-Agent: selenium/4.1.4 (java windows)
Content-Length: 42
Content-Type: application/json; charset=utf-8
host: localhost:49214
accept: */*

Response DefaultHttpResponse(decodeResult: success, version: HTTP/1.1)
HTTP/1.1 200 OK
Content-Type: application/json; charset=utf-8
cache-control: no-cache
content-length: 88

20:08:04.796 [AsyncHttpClient-1-2] DEBUG o.a.netty.channel.ChannelManager - Adding key: http://localhost:49214 for channel [id: 0x4ab95111, L:/127.0.0.1:53689 - R:localhost/127.0.0.1:49214]
20:08:04.797 [Forwarding getElementText on session 335235c0d12ef8d11a67a6a8efe4f74a to remote] DEBUG o.a.netty.request.NettyRequestSender - Using pooled Channel '[id: 0x4ab95111, L:/127.0.0.1:53689 - R:localhost/127.0.0.1:49214]' for 'GET' to 'http://localhost:49214/session/335235c0d12ef8d11a67a6a8efe4f74a/element/401eb7d4-9002-46a8-9896-10f91a5d950c/text'
20:08:04.797 [Forwarding getElementText on session 335235c0d12ef8d11a67a6a8efe4f74a to remote] DEBUG o.a.netty.request.NettyRequestSender - Using open Channel [id: 0x4ab95111, L:/127.0.0.1:53689 - R:localhost/127.0.0.1:49214] for GET '/session/335235c0d12ef8d11a67a6a8efe4f74a/element/401eb7d4-9002-46a8-9896-10f91a5d950c/text'
20:08:04.811 [AsyncHttpClient-1-2] DEBUG o.a.netty.handler.HttpHandler - 

Request DefaultFullHttpRequest(decodeResult: success, version: HTTP/1.1, content: EmptyByteBufBE)
GET /session/335235c0d12ef8d11a67a6a8efe4f74a/element/401eb7d4-9002-46a8-9896-10f91a5d950c/text HTTP/1.1
User-Agent: selenium/4.1.4 (java windows)
Cache-Control: no-cache
Content-Type: application/json; charset=utf-8
host: localhost:49214
accept: */*

Response DefaultHttpResponse(decodeResult: success, version: HTTP/1.1)
HTTP/1.1 200 OK
Content-Type: application/json; charset=utf-8
cache-control: no-cache
content-length: 12

20:08:04.811 [AsyncHttpClient-1-2] DEBUG o.a.netty.channel.ChannelManager - Adding key: http://localhost:49214 for channel [id: 0x4ab95111, L:/127.0.0.1:53689 - R:localhost/127.0.0.1:49214]
20:08:04.811 [Forwarding findElement on session 335235c0d12ef8d11a67a6a8efe4f74a to remote] DEBUG o.a.netty.request.NettyRequestSender - Using pooled Channel '[id: 0x4ab95111, L:/127.0.0.1:53689 - R:localhost/127.0.0.1:49214]' for 'POST' to 'http://localhost:49214/session/335235c0d12ef8d11a67a6a8efe4f74a/element'
20:08:04.811 [Forwarding findElement on session 335235c0d12ef8d11a67a6a8efe4f74a to remote] DEBUG o.a.netty.request.NettyRequestSender - Using open Channel [id: 0x4ab95111, L:/127.0.0.1:53689 - R:localhost/127.0.0.1:49214] for POST '/session/335235c0d12ef8d11a67a6a8efe4f74a/element'
20:08:04.819 [AsyncHttpClient-1-2] DEBUG o.a.netty.handler.HttpHandler - 

Request DefaultHttpRequest(decodeResult: success, version: HTTP/1.1)
POST /session/335235c0d12ef8d11a67a6a8efe4f74a/element HTTP/1.1
User-Agent: selenium/4.1.4 (java windows)
Content-Length: 47
Content-Type: application/json; charset=utf-8
host: localhost:49214
accept: */*

Response DefaultHttpResponse(decodeResult: success, version: HTTP/1.1)
HTTP/1.1 200 OK
Content-Type: application/json; charset=utf-8
cache-control: no-cache
content-length: 88

20:08:04.819 [AsyncHttpClient-1-2] DEBUG o.a.netty.channel.ChannelManager - Adding key: http://localhost:49214 for channel [id: 0x4ab95111, L:/127.0.0.1:53689 - R:localhost/127.0.0.1:49214]
20:08:04.820 [Forwarding clickElement on session 335235c0d12ef8d11a67a6a8efe4f74a to remote] DEBUG o.a.netty.request.NettyRequestSender - Using pooled Channel '[id: 0x4ab95111, L:/127.0.0.1:53689 - R:localhost/127.0.0.1:49214]' for 'POST' to 'http://localhost:49214/session/335235c0d12ef8d11a67a6a8efe4f74a/element/2d2adcad-c0ed-4485-9789-26216ff14028/click'
20:08:04.820 [Forwarding clickElement on session 335235c0d12ef8d11a67a6a8efe4f74a to remote] DEBUG o.a.netty.request.NettyRequestSender - Using open Channel [id: 0x4ab95111, L:/127.0.0.1:53689 - R:localhost/127.0.0.1:49214] for POST '/session/335235c0d12ef8d11a67a6a8efe4f74a/element/2d2adcad-c0ed-4485-9789-26216ff14028/click'
20:08:04.984 [AsyncHttpClient-1-2] DEBUG o.a.netty.handler.HttpHandler - 

Request DefaultHttpRequest(decodeResult: success, version: HTTP/1.1)
POST /session/335235c0d12ef8d11a67a6a8efe4f74a/element/2d2adcad-c0ed-4485-9789-26216ff14028/click HTTP/1.1
User-Agent: selenium/4.1.4 (java windows)
Content-Length: 50
Content-Type: application/json; charset=utf-8
host: localhost:49214
accept: */*

Response DefaultHttpResponse(decodeResult: success, version: HTTP/1.1)
HTTP/1.1 200 OK
Content-Type: application/json; charset=utf-8
cache-control: no-cache
content-length: 14

20:08:04.984 [AsyncHttpClient-1-2] DEBUG o.a.netty.channel.ChannelManager - Adding key: http://localhost:49214 for channel [id: 0x4ab95111, L:/127.0.0.1:53689 - R:localhost/127.0.0.1:49214]
20:08:04.984 [Test worker] DEBUG o.h.e.t.internal.TransactionImpl - On TransactionImpl creation, JpaCompliance#isJpaTransactionComplianceEnabled == false
20:08:04.984 [Test worker] DEBUG o.h.e.t.internal.TransactionImpl - begin
20:08:04.985 [Test worker] DEBUG org.hibernate.SQL - select groupdata0_.group_id as group_id1_2_, groupdata0_.group_footer as group_fo2_2_, groupdata0_.group_header as group_he3_2_, groupdata0_.group_name as group_na4_2_ from group_list groupdata0_
Hibernate: select groupdata0_.group_id as group_id1_2_, groupdata0_.group_footer as group_fo2_2_, groupdata0_.group_header as group_he3_2_, groupdata0_.group_name as group_na4_2_ from group_list groupdata0_
20:08:04.985 [Test worker] DEBUG org.hibernate.loader.Loader - Result set row: 0
20:08:04.985 [Test worker] DEBUG org.hibernate.loader.Loader - Result row: EntityKey[ru.stqa.pft.addressbook.model.GroupData#119]
20:08:04.986 [Test worker] DEBUG org.hibernate.loader.Loader - Result set row: 1
20:08:04.986 [Test worker] DEBUG org.hibernate.loader.Loader - Result row: EntityKey[ru.stqa.pft.addressbook.model.GroupData#120]
20:08:04.986 [Test worker] DEBUG org.hibernate.loader.Loader - Result set row: 2
20:08:04.986 [Test worker] DEBUG org.hibernate.loader.Loader - Result row: EntityKey[ru.stqa.pft.addressbook.model.GroupData#122]
20:08:04.986 [Test worker] DEBUG org.hibernate.loader.Loader - Result set row: 3
20:08:04.986 [Test worker] DEBUG org.hibernate.loader.Loader - Result row: EntityKey[ru.stqa.pft.addressbook.model.GroupData#123]
20:08:04.986 [Test worker] DEBUG org.hibernate.loader.Loader - Result set row: 4
20:08:04.986 [Test worker] DEBUG org.hibernate.loader.Loader - Result row: EntityKey[ru.stqa.pft.addressbook.model.GroupData#124]
20:08:04.986 [Test worker] DEBUG o.h.engine.internal.TwoPhaseLoad - Resolving attributes for [ru.stqa.pft.addressbook.model.GroupData#119]
20:08:04.986 [Test worker] DEBUG o.h.engine.internal.TwoPhaseLoad - Processing attribute `contacts` : value = NOT NULL COLLECTION
20:08:04.986 [Test worker] DEBUG o.h.engine.internal.TwoPhaseLoad - Attribute (`contacts`)  - enhanced for lazy-loading? - false
20:08:04.986 [Test worker] DEBUG o.h.engine.internal.TwoPhaseLoad - Processing attribute `footer` : value = new3
20:08:04.986 [Test worker] DEBUG o.h.engine.internal.TwoPhaseLoad - Attribute (`footer`)  - enhanced for lazy-loading? - false
20:08:04.986 [Test worker] DEBUG o.h.engine.internal.TwoPhaseLoad - Processing attribute `header` : value = new2
20:08:04.986 [Test worker] DEBUG o.h.engine.internal.TwoPhaseLoad - Attribute (`header`)  - enhanced for lazy-loading? - false
20:08:04.986 [Test worker] DEBUG o.h.engine.internal.TwoPhaseLoad - Processing attribute `name` : value = HsGyE4c
20:08:04.986 [Test worker] DEBUG o.h.engine.internal.TwoPhaseLoad - Attribute (`name`)  - enhanced for lazy-loading? - false
20:08:04.986 [Test worker] DEBUG o.h.engine.internal.TwoPhaseLoad - Done materializing entity [ru.stqa.pft.addressbook.model.GroupData#119]
20:08:04.986 [Test worker] DEBUG o.h.engine.internal.TwoPhaseLoad - Resolving attributes for [ru.stqa.pft.addressbook.model.GroupData#120]
20:08:04.986 [Test worker] DEBUG o.h.engine.internal.TwoPhaseLoad - Processing attribute `contacts` : value = NOT NULL COLLECTION
20:08:04.986 [Test worker] DEBUG o.h.engine.internal.TwoPhaseLoad - Attribute (`contacts`)  - enhanced for lazy-loading? - false
20:08:04.986 [Test worker] DEBUG o.h.engine.internal.TwoPhaseLoad - Processing attribute `footer` : value = new3
20:08:04.986 [Test worker] DEBUG o.h.engine.internal.TwoPhaseLoad - Attribute (`footer`)  - enhanced for lazy-loading? - false
20:08:04.986 [Test worker] DEBUG o.h.engine.internal.TwoPhaseLoad - Processing attribute `header` : value = new2
20:08:04.986 [Test worker] DEBUG o.h.engine.internal.TwoPhaseLoad - Attribute (`header`)  - enhanced for lazy-loading? - false
20:08:04.986 [Test worker] DEBUG o.h.engine.internal.TwoPhaseLoad - Processing attribute `name` : value = UyvfTeY
20:08:04.986 [Test worker] DEBUG o.h.engine.internal.TwoPhaseLoad - Attribute (`name`)  - enhanced for lazy-loading? - false
20:08:04.986 [Test worker] DEBUG o.h.engine.internal.TwoPhaseLoad - Done materializing entity [ru.stqa.pft.addressbook.model.GroupData#120]
20:08:04.986 [Test worker] DEBUG o.h.engine.internal.TwoPhaseLoad - Resolving attributes for [ru.stqa.pft.addressbook.model.GroupData#122]
20:08:04.986 [Test worker] DEBUG o.h.engine.internal.TwoPhaseLoad - Processing attribute `contacts` : value = NOT NULL COLLECTION
20:08:04.986 [Test worker] DEBUG o.h.engine.internal.TwoPhaseLoad - Attribute (`contacts`)  - enhanced for lazy-loading? - false
20:08:04.986 [Test worker] DEBUG o.h.engine.internal.TwoPhaseLoad - Processing attribute `footer` : value = test3
20:08:04.986 [Test worker] DEBUG o.h.engine.internal.TwoPhaseLoad - Attribute (`footer`)  - enhanced for lazy-loading? - false
20:08:04.986 [Test worker] DEBUG o.h.engine.internal.TwoPhaseLoad - Processing attribute `header` : value = test2
20:08:04.986 [Test worker] DEBUG o.h.engine.internal.TwoPhaseLoad - Attribute (`header`)  - enhanced for lazy-loading? - false
20:08:04.986 [Test worker] DEBUG o.h.engine.internal.TwoPhaseLoad - Processing attribute `name` : value = test1
20:08:04.986 [Test worker] DEBUG o.h.engine.internal.TwoPhaseLoad - Attribute (`name`)  - enhanced for lazy-loading? - false
20:08:04.987 [Test worker] DEBUG o.h.engine.internal.TwoPhaseLoad - Done materializing entity [ru.stqa.pft.addressbook.model.GroupData#122]
20:08:04.987 [Test worker] DEBUG o.h.engine.internal.TwoPhaseLoad - Resolving attributes for [ru.stqa.pft.addressbook.model.GroupData#123]
20:08:04.987 [Test worker] DEBUG o.h.engine.internal.TwoPhaseLoad - Processing attribute `contacts` : value = NOT NULL COLLECTION
20:08:04.987 [Test worker] DEBUG o.h.engine.internal.TwoPhaseLoad - Attribute (`contacts`)  - enhanced for lazy-loading? - false
20:08:04.987 [Test worker] DEBUG o.h.engine.internal.TwoPhaseLoad - Processing attribute `footer` : value = test footer 2
20:08:04.987 [Test worker] DEBUG o.h.engine.internal.TwoPhaseLoad - Attribute (`footer`)  - enhanced for lazy-loading? - false
20:08:04.987 [Test worker] DEBUG o.h.engine.internal.TwoPhaseLoad - Processing attribute `header` : value = test header 2
20:08:04.987 [Test worker] DEBUG o.h.engine.internal.TwoPhaseLoad - Attribute (`header`)  - enhanced for lazy-loading? - false
20:08:04.987 [Test worker] DEBUG o.h.engine.internal.TwoPhaseLoad - Processing attribute `name` : value = test name 2
20:08:04.987 [Test worker] DEBUG o.h.engine.internal.TwoPhaseLoad - Attribute (`name`)  - enhanced for lazy-loading? - false
20:08:04.987 [Test worker] DEBUG o.h.engine.internal.TwoPhaseLoad - Done materializing entity [ru.stqa.pft.addressbook.model.GroupData#123]
20:08:04.987 [Test worker] DEBUG o.h.engine.internal.TwoPhaseLoad - Resolving attributes for [ru.stqa.pft.addressbook.model.GroupData#124]
20:08:04.987 [Test worker] DEBUG o.h.engine.internal.TwoPhaseLoad - Processing attribute `contacts` : value = NOT NULL COLLECTION
20:08:04.987 [Test worker] DEBUG o.h.engine.internal.TwoPhaseLoad - Attribute (`contacts`)  - enhanced for lazy-loading? - false
20:08:04.987 [Test worker] DEBUG o.h.engine.internal.TwoPhaseLoad - Processing attribute `footer` : value = test footer 0
20:08:04.987 [Test worker] DEBUG o.h.engine.internal.TwoPhaseLoad - Attribute (`footer`)  - enhanced for lazy-loading? - false
20:08:04.987 [Test worker] DEBUG o.h.engine.internal.TwoPhaseLoad - Processing attribute `header` : value = test header 0
20:08:04.987 [Test worker] DEBUG o.h.engine.internal.TwoPhaseLoad - Attribute (`header`)  - enhanced for lazy-loading? - false
20:08:04.987 [Test worker] DEBUG o.h.engine.internal.TwoPhaseLoad - Processing attribute `name` : value = test name 0
20:08:04.987 [Test worker] DEBUG o.h.engine.internal.TwoPhaseLoad - Attribute (`name`)  - enhanced for lazy-loading? - false
20:08:04.987 [Test worker] DEBUG o.h.engine.internal.TwoPhaseLoad - Done materializing entity [ru.stqa.pft.addressbook.model.GroupData#124]
20:08:04.987 [Test worker] DEBUG o.h.e.t.internal.TransactionImpl - committing
20:08:04.987 [Test worker] DEBUG o.h.e.i.AbstractFlushingEventListener - Processing flush-time cascades
20:08:04.987 [Test worker] DEBUG o.h.e.i.AbstractFlushingEventListener - Dirty checking collections
20:08:04.987 [Test worker] DEBUG o.h.engine.internal.Collections - Collection found: [ru.stqa.pft.addressbook.model.GroupData.contacts#119], was: [ru.stqa.pft.addressbook.model.GroupData.contacts#119] (uninitialized)
20:08:04.987 [Test worker] DEBUG o.h.engine.internal.Collections - Collection found: [ru.stqa.pft.addressbook.model.GroupData.contacts#120], was: [ru.stqa.pft.addressbook.model.GroupData.contacts#120] (uninitialized)
20:08:04.987 [Test worker] DEBUG o.h.engine.internal.Collections - Collection found: [ru.stqa.pft.addressbook.model.GroupData.contacts#122], was: [ru.stqa.pft.addressbook.model.GroupData.contacts#122] (uninitialized)
20:08:04.987 [Test worker] DEBUG o.h.engine.internal.Collections - Collection found: [ru.stqa.pft.addressbook.model.GroupData.contacts#123], was: [ru.stqa.pft.addressbook.model.GroupData.contacts#123] (uninitialized)
20:08:04.987 [Test worker] DEBUG o.h.engine.internal.Collections - Collection found: [ru.stqa.pft.addressbook.model.GroupData.contacts#124], was: [ru.stqa.pft.addressbook.model.GroupData.contacts#124] (uninitialized)
20:08:04.987 [Test worker] DEBUG o.h.e.i.AbstractFlushingEventListener - Flushed: 0 insertions, 0 updates, 0 deletions to 5 objects
20:08:04.987 [Test worker] DEBUG o.h.e.i.AbstractFlushingEventListener - Flushed: 0 (re)creations, 0 updates, 0 removals to 5 collections
20:08:04.987 [Test worker] DEBUG o.h.internal.util.EntityPrinter - Listing entities:
20:08:04.987 [Test worker] DEBUG o.h.internal.util.EntityPrinter - ru.stqa.pft.addressbook.model.GroupData{footer=new3, name=UyvfTeY, header=new2, id=120, contacts=<uninitialized>}
20:08:04.987 [Test worker] DEBUG o.h.internal.util.EntityPrinter - ru.stqa.pft.addressbook.model.GroupData{footer=new3, name=HsGyE4c, header=new2, id=119, contacts=<uninitialized>}
20:08:04.987 [Test worker] DEBUG o.h.internal.util.EntityPrinter - ru.stqa.pft.addressbook.model.GroupData{footer=test footer 0, name=test name 0, header=test header 0, id=124, contacts=<uninitialized>}
20:08:04.988 [Test worker] DEBUG o.h.internal.util.EntityPrinter - ru.stqa.pft.addressbook.model.GroupData{footer=test3, name=test1, header=test2, id=122, contacts=<uninitialized>}
20:08:04.988 [Test worker] DEBUG o.h.internal.util.EntityPrinter - ru.stqa.pft.addressbook.model.GroupData{footer=test footer 2, name=test name 2, header=test header 2, id=123, contacts=<uninitialized>}
20:08:04.988 [Test worker] DEBUG o.h.r.j.i.LogicalConnectionManagedImpl - Initiating JDBC connection release from afterTransaction
20:08:04.988 [Test worker] DEBUG o.h.r.j.i.LogicalConnectionManagedImpl - Initiating JDBC connection release from afterTransaction
20:08:04.989 [Forwarding findElement on session 335235c0d12ef8d11a67a6a8efe4f74a to remote] DEBUG o.a.netty.request.NettyRequestSender - Using pooled Channel '[id: 0x4ab95111, L:/127.0.0.1:53689 - R:localhost/127.0.0.1:49214]' for 'POST' to 'http://localhost:49214/session/335235c0d12ef8d11a67a6a8efe4f74a/element'
20:08:04.989 [Forwarding findElement on session 335235c0d12ef8d11a67a6a8efe4f74a to remote] DEBUG o.a.netty.request.NettyRequestSender - Using open Channel [id: 0x4ab95111, L:/127.0.0.1:53689 - R:localhost/127.0.0.1:49214] for POST '/session/335235c0d12ef8d11a67a6a8efe4f74a/element'
20:08:04.993 [AsyncHttpClient-1-1] DEBUG o.a.netty.channel.DefaultChannelPool - Entry count for : http://localhost:53690 : 1
20:08:04.996 [AsyncHttpClient-1-2] DEBUG o.a.netty.handler.HttpHandler - 

Request DefaultHttpRequest(decodeResult: success, version: HTTP/1.1)
POST /session/335235c0d12ef8d11a67a6a8efe4f74a/element HTTP/1.1
User-Agent: selenium/4.1.4 (java windows)
Content-Length: 57
Content-Type: application/json; charset=utf-8
host: localhost:49214
accept: */*

Response DefaultHttpResponse(decodeResult: success, version: HTTP/1.1)
HTTP/1.1 200 OK
Content-Type: application/json; charset=utf-8
cache-control: no-cache
content-length: 88

20:08:04.997 [AsyncHttpClient-1-2] DEBUG o.a.netty.channel.ChannelManager - Adding key: http://localhost:49214 for channel [id: 0x4ab95111, L:/127.0.0.1:53689 - R:localhost/127.0.0.1:49214]
20:08:04.998 [Forwarding clickElement on session 335235c0d12ef8d11a67a6a8efe4f74a to remote] DEBUG o.a.netty.request.NettyRequestSender - Using pooled Channel '[id: 0x4ab95111, L:/127.0.0.1:53689 - R:localhost/127.0.0.1:49214]' for 'POST' to 'http://localhost:49214/session/335235c0d12ef8d11a67a6a8efe4f74a/element/78ce3803-8b2d-440c-bd55-68596fe1c4a5/click'
20:08:04.998 [Forwarding clickElement on session 335235c0d12ef8d11a67a6a8efe4f74a to remote] DEBUG o.a.netty.request.NettyRequestSender - Using open Channel [id: 0x4ab95111, L:/127.0.0.1:53689 - R:localhost/127.0.0.1:49214] for POST '/session/335235c0d12ef8d11a67a6a8efe4f74a/element/78ce3803-8b2d-440c-bd55-68596fe1c4a5/click'
20:08:05.126 [AsyncHttpClient-1-2] DEBUG o.a.netty.handler.HttpHandler - 

Request DefaultHttpRequest(decodeResult: success, version: HTTP/1.1)
POST /session/335235c0d12ef8d11a67a6a8efe4f74a/element/78ce3803-8b2d-440c-bd55-68596fe1c4a5/click HTTP/1.1
User-Agent: selenium/4.1.4 (java windows)
Content-Length: 50
Content-Type: application/json; charset=utf-8
host: localhost:49214
accept: */*

Response DefaultHttpResponse(decodeResult: success, version: HTTP/1.1)
HTTP/1.1 200 OK
Content-Type: application/json; charset=utf-8
cache-control: no-cache
content-length: 14

20:08:05.126 [AsyncHttpClient-1-2] DEBUG o.a.netty.channel.ChannelManager - Adding key: http://localhost:49214 for channel [id: 0x4ab95111, L:/127.0.0.1:53689 - R:localhost/127.0.0.1:49214]
20:08:05.127 [Forwarding findElement on session 335235c0d12ef8d11a67a6a8efe4f74a to remote] DEBUG o.a.netty.request.NettyRequestSender - Using pooled Channel '[id: 0x4ab95111, L:/127.0.0.1:53689 - R:localhost/127.0.0.1:49214]' for 'POST' to 'http://localhost:49214/session/335235c0d12ef8d11a67a6a8efe4f74a/element'
20:08:05.127 [Forwarding findElement on session 335235c0d12ef8d11a67a6a8efe4f74a to remote] DEBUG o.a.netty.request.NettyRequestSender - Using open Channel [id: 0x4ab95111, L:/127.0.0.1:53689 - R:localhost/127.0.0.1:49214] for POST '/session/335235c0d12ef8d11a67a6a8efe4f74a/element'
20:08:05.137 [AsyncHttpClient-1-2] DEBUG o.a.netty.handler.HttpHandler - 

Request DefaultHttpRequest(decodeResult: success, version: HTTP/1.1)
POST /session/335235c0d12ef8d11a67a6a8efe4f74a/element HTTP/1.1
User-Agent: selenium/4.1.4 (java windows)
Content-Length: 64
Content-Type: application/json; charset=utf-8
host: localhost:49214
accept: */*

Response DefaultHttpResponse(decodeResult: success, version: HTTP/1.1)
HTTP/1.1 200 OK
Content-Type: application/json; charset=utf-8
cache-control: no-cache
content-length: 88

20:08:05.137 [AsyncHttpClient-1-2] DEBUG o.a.netty.channel.ChannelManager - Adding key: http://localhost:49214 for channel [id: 0x4ab95111, L:/127.0.0.1:53689 - R:localhost/127.0.0.1:49214]
20:08:05.137 [Forwarding clickElement on session 335235c0d12ef8d11a67a6a8efe4f74a to remote] DEBUG o.a.netty.request.NettyRequestSender - Using pooled Channel '[id: 0x4ab95111, L:/127.0.0.1:53689 - R:localhost/127.0.0.1:49214]' for 'POST' to 'http://localhost:49214/session/335235c0d12ef8d11a67a6a8efe4f74a/element/62ace699-b8c6-450e-8a19-d29585f68109/click'
20:08:05.137 [Forwarding clickElement on session 335235c0d12ef8d11a67a6a8efe4f74a to remote] DEBUG o.a.netty.request.NettyRequestSender - Using open Channel [id: 0x4ab95111, L:/127.0.0.1:53689 - R:localhost/127.0.0.1:49214] for POST '/session/335235c0d12ef8d11a67a6a8efe4f74a/element/62ace699-b8c6-450e-8a19-d29585f68109/click'
20:08:05.169 [AsyncHttpClient-1-2] DEBUG o.a.netty.handler.HttpHandler - 

Request DefaultHttpRequest(decodeResult: success, version: HTTP/1.1)
POST /session/335235c0d12ef8d11a67a6a8efe4f74a/element/62ace699-b8c6-450e-8a19-d29585f68109/click HTTP/1.1
User-Agent: selenium/4.1.4 (java windows)
Content-Length: 50
Content-Type: application/json; charset=utf-8
host: localhost:49214
accept: */*

Response DefaultHttpResponse(decodeResult: success, version: HTTP/1.1)
HTTP/1.1 200 OK
Content-Type: application/json; charset=utf-8
cache-control: no-cache
content-length: 14

20:08:05.169 [AsyncHttpClient-1-2] DEBUG o.a.netty.channel.ChannelManager - Adding key: http://localhost:49214 for channel [id: 0x4ab95111, L:/127.0.0.1:53689 - R:localhost/127.0.0.1:49214]
20:08:05.170 [Forwarding findElement on session 335235c0d12ef8d11a67a6a8efe4f74a to remote] DEBUG o.a.netty.request.NettyRequestSender - Using pooled Channel '[id: 0x4ab95111, L:/127.0.0.1:53689 - R:localhost/127.0.0.1:49214]' for 'POST' to 'http://localhost:49214/session/335235c0d12ef8d11a67a6a8efe4f74a/element'
20:08:05.170 [Forwarding findElement on session 335235c0d12ef8d11a67a6a8efe4f74a to remote] DEBUG o.a.netty.request.NettyRequestSender - Using open Channel [id: 0x4ab95111, L:/127.0.0.1:53689 - R:localhost/127.0.0.1:49214] for POST '/session/335235c0d12ef8d11a67a6a8efe4f74a/element'
20:08:05.182 [AsyncHttpClient-1-2] DEBUG o.a.netty.handler.HttpHandler - 

Request DefaultHttpRequest(decodeResult: success, version: HTTP/1.1)
POST /session/335235c0d12ef8d11a67a6a8efe4f74a/element HTTP/1.1
User-Agent: selenium/4.1.4 (java windows)
Content-Length: 64
Content-Type: application/json; charset=utf-8
host: localhost:49214
accept: */*

Response DefaultHttpResponse(decodeResult: success, version: HTTP/1.1)
HTTP/1.1 200 OK
Content-Type: application/json; charset=utf-8
cache-control: no-cache
content-length: 88

20:08:05.183 [AsyncHttpClient-1-2] DEBUG o.a.netty.channel.ChannelManager - Adding key: http://localhost:49214 for channel [id: 0x4ab95111, L:/127.0.0.1:53689 - R:localhost/127.0.0.1:49214]
20:08:05.185 [Forwarding getElementAttribute on session 335235c0d12ef8d11a67a6a8efe4f74a to remote] DEBUG o.a.netty.request.NettyRequestSender - Using pooled Channel '[id: 0x4ab95111, L:/127.0.0.1:53689 - R:localhost/127.0.0.1:49214]' for 'POST' to 'http://localhost:49214/session/335235c0d12ef8d11a67a6a8efe4f74a/execute/sync'
20:08:05.185 [Forwarding getElementAttribute on session 335235c0d12ef8d11a67a6a8efe4f74a to remote] DEBUG o.a.netty.request.NettyRequestSender - Using open Channel [id: 0x4ab95111, L:/127.0.0.1:53689 - R:localhost/127.0.0.1:49214] for POST '/session/335235c0d12ef8d11a67a6a8efe4f74a/execute/sync'
20:08:05.193 [AsyncHttpClient-1-2] DEBUG o.a.netty.handler.HttpHandler - 

Request DefaultHttpRequest(decodeResult: success, version: HTTP/1.1)
POST /session/335235c0d12ef8d11a67a6a8efe4f74a/execute/sync HTTP/1.1
User-Agent: selenium/4.1.4 (java windows)
Content-Length: 47340
Content-Type: application/json; charset=utf-8
host: localhost:49214
accept: */*

Response DefaultHttpResponse(decodeResult: success, version: HTTP/1.1)
HTTP/1.1 200 OK
Content-Type: application/json; charset=utf-8
cache-control: no-cache
content-length: 12

20:08:05.193 [AsyncHttpClient-1-2] DEBUG o.a.netty.channel.ChannelManager - Adding key: http://localhost:49214 for channel [id: 0x4ab95111, L:/127.0.0.1:53689 - R:localhost/127.0.0.1:49214]
20:08:05.194 [Forwarding findElement on session 335235c0d12ef8d11a67a6a8efe4f74a to remote] DEBUG o.a.netty.request.NettyRequestSender - Using pooled Channel '[id: 0x4ab95111, L:/127.0.0.1:53689 - R:localhost/127.0.0.1:49214]' for 'POST' to 'http://localhost:49214/session/335235c0d12ef8d11a67a6a8efe4f74a/element'
20:08:05.194 [Forwarding findElement on session 335235c0d12ef8d11a67a6a8efe4f74a to remote] DEBUG o.a.netty.request.NettyRequestSender - Using open Channel [id: 0x4ab95111, L:/127.0.0.1:53689 - R:localhost/127.0.0.1:49214] for POST '/session/335235c0d12ef8d11a67a6a8efe4f74a/element'
20:08:05.200 [AsyncHttpClient-1-2] DEBUG o.a.netty.handler.HttpHandler - 

Request DefaultHttpRequest(decodeResult: success, version: HTTP/1.1)
POST /session/335235c0d12ef8d11a67a6a8efe4f74a/element HTTP/1.1
User-Agent: selenium/4.1.4 (java windows)
Content-Length: 64
Content-Type: application/json; charset=utf-8
host: localhost:49214
accept: */*

Response DefaultHttpResponse(decodeResult: success, version: HTTP/1.1)
HTTP/1.1 200 OK
Content-Type: application/json; charset=utf-8
cache-control: no-cache
content-length: 88

20:08:05.200 [AsyncHttpClient-1-2] DEBUG o.a.netty.channel.ChannelManager - Adding key: http://localhost:49214 for channel [id: 0x4ab95111, L:/127.0.0.1:53689 - R:localhost/127.0.0.1:49214]
20:08:05.201 [Forwarding clearElement on session 335235c0d12ef8d11a67a6a8efe4f74a to remote] DEBUG o.a.netty.request.NettyRequestSender - Using pooled Channel '[id: 0x4ab95111, L:/127.0.0.1:53689 - R:localhost/127.0.0.1:49214]' for 'POST' to 'http://localhost:49214/session/335235c0d12ef8d11a67a6a8efe4f74a/element/62ace699-b8c6-450e-8a19-d29585f68109/clear'
20:08:05.201 [Forwarding clearElement on session 335235c0d12ef8d11a67a6a8efe4f74a to remote] DEBUG o.a.netty.request.NettyRequestSender - Using open Channel [id: 0x4ab95111, L:/127.0.0.1:53689 - R:localhost/127.0.0.1:49214] for POST '/session/335235c0d12ef8d11a67a6a8efe4f74a/element/62ace699-b8c6-450e-8a19-d29585f68109/clear'
20:08:05.218 [AsyncHttpClient-1-2] DEBUG o.a.netty.handler.HttpHandler - 

Request DefaultHttpRequest(decodeResult: success, version: HTTP/1.1)
POST /session/335235c0d12ef8d11a67a6a8efe4f74a/element/62ace699-b8c6-450e-8a19-d29585f68109/clear HTTP/1.1
User-Agent: selenium/4.1.4 (java windows)
Content-Length: 50
Content-Type: application/json; charset=utf-8
host: localhost:49214
accept: */*

Response DefaultHttpResponse(decodeResult: success, version: HTTP/1.1)
HTTP/1.1 200 OK
Content-Type: application/json; charset=utf-8
cache-control: no-cache
content-length: 14

20:08:05.218 [AsyncHttpClient-1-2] DEBUG o.a.netty.channel.ChannelManager - Adding key: http://localhost:49214 for channel [id: 0x4ab95111, L:/127.0.0.1:53689 - R:localhost/127.0.0.1:49214]
20:08:05.219 [Forwarding findElement on session 335235c0d12ef8d11a67a6a8efe4f74a to remote] DEBUG o.a.netty.request.NettyRequestSender - Using pooled Channel '[id: 0x4ab95111, L:/127.0.0.1:53689 - R:localhost/127.0.0.1:49214]' for 'POST' to 'http://localhost:49214/session/335235c0d12ef8d11a67a6a8efe4f74a/element'
20:08:05.219 [Forwarding findElement on session 335235c0d12ef8d11a67a6a8efe4f74a to remote] DEBUG o.a.netty.request.NettyRequestSender - Using open Channel [id: 0x4ab95111, L:/127.0.0.1:53689 - R:localhost/127.0.0.1:49214] for POST '/session/335235c0d12ef8d11a67a6a8efe4f74a/element'
20:08:05.224 [AsyncHttpClient-1-2] DEBUG o.a.netty.handler.HttpHandler - 

Request DefaultHttpRequest(decodeResult: success, version: HTTP/1.1)
POST /session/335235c0d12ef8d11a67a6a8efe4f74a/element HTTP/1.1
User-Agent: selenium/4.1.4 (java windows)
Content-Length: 64
Content-Type: application/json; charset=utf-8
host: localhost:49214
accept: */*

Response DefaultHttpResponse(decodeResult: success, version: HTTP/1.1)
HTTP/1.1 200 OK
Content-Type: application/json; charset=utf-8
cache-control: no-cache
content-length: 88

20:08:05.224 [AsyncHttpClient-1-2] DEBUG o.a.netty.channel.ChannelManager - Adding key: http://localhost:49214 for channel [id: 0x4ab95111, L:/127.0.0.1:53689 - R:localhost/127.0.0.1:49214]
20:08:05.225 [Forwarding sendKeysToElement on session 335235c0d12ef8d11a67a6a8efe4f74a to remote] DEBUG o.a.netty.request.NettyRequestSender - Using pooled Channel '[id: 0x4ab95111, L:/127.0.0.1:53689 - R:localhost/127.0.0.1:49214]' for 'POST' to 'http://localhost:49214/session/335235c0d12ef8d11a67a6a8efe4f74a/element/62ace699-b8c6-450e-8a19-d29585f68109/value'
20:08:05.225 [Forwarding sendKeysToElement on session 335235c0d12ef8d11a67a6a8efe4f74a to remote] DEBUG o.a.netty.request.NettyRequestSender - Using open Channel [id: 0x4ab95111, L:/127.0.0.1:53689 - R:localhost/127.0.0.1:49214] for POST '/session/335235c0d12ef8d11a67a6a8efe4f74a/element/62ace699-b8c6-450e-8a19-d29585f68109/value'
20:08:05.245 [AsyncHttpClient-1-2] DEBUG o.a.netty.handler.HttpHandler - 

Request DefaultHttpRequest(decodeResult: success, version: HTTP/1.1)
POST /session/335235c0d12ef8d11a67a6a8efe4f74a/element/62ace699-b8c6-450e-8a19-d29585f68109/value HTTP/1.1
User-Agent: selenium/4.1.4 (java windows)
Content-Length: 191
Content-Type: application/json; charset=utf-8
host: localhost:49214
accept: */*

Response DefaultHttpResponse(decodeResult: success, version: HTTP/1.1)
HTTP/1.1 200 OK
Content-Type: application/json; charset=utf-8
cache-control: no-cache
content-length: 14

20:08:05.246 [AsyncHttpClient-1-2] DEBUG o.a.netty.channel.ChannelManager - Adding key: http://localhost:49214 for channel [id: 0x4ab95111, L:/127.0.0.1:53689 - R:localhost/127.0.0.1:49214]
20:08:05.246 [Forwarding findElement on session 335235c0d12ef8d11a67a6a8efe4f74a to remote] DEBUG o.a.netty.request.NettyRequestSender - Using pooled Channel '[id: 0x4ab95111, L:/127.0.0.1:53689 - R:localhost/127.0.0.1:49214]' for 'POST' to 'http://localhost:49214/session/335235c0d12ef8d11a67a6a8efe4f74a/element'
20:08:05.246 [Forwarding findElement on session 335235c0d12ef8d11a67a6a8efe4f74a to remote] DEBUG o.a.netty.request.NettyRequestSender - Using open Channel [id: 0x4ab95111, L:/127.0.0.1:53689 - R:localhost/127.0.0.1:49214] for POST '/session/335235c0d12ef8d11a67a6a8efe4f74a/element'
20:08:05.252 [AsyncHttpClient-1-2] DEBUG o.a.netty.handler.HttpHandler - 

Request DefaultHttpRequest(decodeResult: success, version: HTTP/1.1)
POST /session/335235c0d12ef8d11a67a6a8efe4f74a/element HTTP/1.1
User-Agent: selenium/4.1.4 (java windows)
Content-Length: 66
Content-Type: application/json; charset=utf-8
host: localhost:49214
accept: */*

Response DefaultHttpResponse(decodeResult: success, version: HTTP/1.1)
HTTP/1.1 200 OK
Content-Type: application/json; charset=utf-8
cache-control: no-cache
content-length: 88

20:08:05.252 [AsyncHttpClient-1-2] DEBUG o.a.netty.channel.ChannelManager - Adding key: http://localhost:49214 for channel [id: 0x4ab95111, L:/127.0.0.1:53689 - R:localhost/127.0.0.1:49214]
20:08:05.253 [Forwarding clickElement on session 335235c0d12ef8d11a67a6a8efe4f74a to remote] DEBUG o.a.netty.request.NettyRequestSender - Using pooled Channel '[id: 0x4ab95111, L:/127.0.0.1:53689 - R:localhost/127.0.0.1:49214]' for 'POST' to 'http://localhost:49214/session/335235c0d12ef8d11a67a6a8efe4f74a/element/61b48ae8-f213-448f-8d2c-28838503a9da/click'
20:08:05.253 [Forwarding clickElement on session 335235c0d12ef8d11a67a6a8efe4f74a to remote] DEBUG o.a.netty.request.NettyRequestSender - Using open Channel [id: 0x4ab95111, L:/127.0.0.1:53689 - R:localhost/127.0.0.1:49214] for POST '/session/335235c0d12ef8d11a67a6a8efe4f74a/element/61b48ae8-f213-448f-8d2c-28838503a9da/click'
20:08:05.275 [AsyncHttpClient-1-2] DEBUG o.a.netty.handler.HttpHandler - 

Request DefaultHttpRequest(decodeResult: success, version: HTTP/1.1)
POST /session/335235c0d12ef8d11a67a6a8efe4f74a/element/61b48ae8-f213-448f-8d2c-28838503a9da/click HTTP/1.1
User-Agent: selenium/4.1.4 (java windows)
Content-Length: 50
Content-Type: application/json; charset=utf-8
host: localhost:49214
accept: */*

Response DefaultHttpResponse(decodeResult: success, version: HTTP/1.1)
HTTP/1.1 200 OK
Content-Type: application/json; charset=utf-8
cache-control: no-cache
content-length: 14

20:08:05.275 [AsyncHttpClient-1-2] DEBUG o.a.netty.channel.ChannelManager - Adding key: http://localhost:49214 for channel [id: 0x4ab95111, L:/127.0.0.1:53689 - R:localhost/127.0.0.1:49214]
20:08:05.277 [Forwarding findElement on session 335235c0d12ef8d11a67a6a8efe4f74a to remote] DEBUG o.a.netty.request.NettyRequestSender - Using pooled Channel '[id: 0x4ab95111, L:/127.0.0.1:53689 - R:localhost/127.0.0.1:49214]' for 'POST' to 'http://localhost:49214/session/335235c0d12ef8d11a67a6a8efe4f74a/element'
20:08:05.277 [Forwarding findElement on session 335235c0d12ef8d11a67a6a8efe4f74a to remote] DEBUG o.a.netty.request.NettyRequestSender - Using open Channel [id: 0x4ab95111, L:/127.0.0.1:53689 - R:localhost/127.0.0.1:49214] for POST '/session/335235c0d12ef8d11a67a6a8efe4f74a/element'
20:08:05.283 [AsyncHttpClient-1-2] DEBUG o.a.netty.handler.HttpHandler - 

Request DefaultHttpRequest(decodeResult: success, version: HTTP/1.1)
POST /session/335235c0d12ef8d11a67a6a8efe4f74a/element HTTP/1.1
User-Agent: selenium/4.1.4 (java windows)
Content-Length: 66
Content-Type: application/json; charset=utf-8
host: localhost:49214
accept: */*

Response DefaultHttpResponse(decodeResult: success, version: HTTP/1.1)
HTTP/1.1 200 OK
Content-Type: application/json; charset=utf-8
cache-control: no-cache
content-length: 88

20:08:05.283 [AsyncHttpClient-1-2] DEBUG o.a.netty.channel.ChannelManager - Adding key: http://localhost:49214 for channel [id: 0x4ab95111, L:/127.0.0.1:53689 - R:localhost/127.0.0.1:49214]
20:08:05.285 [Forwarding getElementAttribute on session 335235c0d12ef8d11a67a6a8efe4f74a to remote] DEBUG o.a.netty.request.NettyRequestSender - Using pooled Channel '[id: 0x4ab95111, L:/127.0.0.1:53689 - R:localhost/127.0.0.1:49214]' for 'POST' to 'http://localhost:49214/session/335235c0d12ef8d11a67a6a8efe4f74a/execute/sync'
20:08:05.285 [Forwarding getElementAttribute on session 335235c0d12ef8d11a67a6a8efe4f74a to remote] DEBUG o.a.netty.request.NettyRequestSender - Using open Channel [id: 0x4ab95111, L:/127.0.0.1:53689 - R:localhost/127.0.0.1:49214] for POST '/session/335235c0d12ef8d11a67a6a8efe4f74a/execute/sync'
20:08:05.294 [AsyncHttpClient-1-2] DEBUG o.a.netty.handler.HttpHandler - 

Request DefaultHttpRequest(decodeResult: success, version: HTTP/1.1)
POST /session/335235c0d12ef8d11a67a6a8efe4f74a/execute/sync HTTP/1.1
User-Agent: selenium/4.1.4 (java windows)
Content-Length: 47340
Content-Type: application/json; charset=utf-8
host: localhost:49214
accept: */*

Response DefaultHttpResponse(decodeResult: success, version: HTTP/1.1)
HTTP/1.1 200 OK
Content-Type: application/json; charset=utf-8
cache-control: no-cache
content-length: 12

20:08:05.294 [AsyncHttpClient-1-2] DEBUG o.a.netty.channel.ChannelManager - Adding key: http://localhost:49214 for channel [id: 0x4ab95111, L:/127.0.0.1:53689 - R:localhost/127.0.0.1:49214]
20:08:05.295 [Forwarding findElement on session 335235c0d12ef8d11a67a6a8efe4f74a to remote] DEBUG o.a.netty.request.NettyRequestSender - Using pooled Channel '[id: 0x4ab95111, L:/127.0.0.1:53689 - R:localhost/127.0.0.1:49214]' for 'POST' to 'http://localhost:49214/session/335235c0d12ef8d11a67a6a8efe4f74a/element'
20:08:05.295 [Forwarding findElement on session 335235c0d12ef8d11a67a6a8efe4f74a to remote] DEBUG o.a.netty.request.NettyRequestSender - Using open Channel [id: 0x4ab95111, L:/127.0.0.1:53689 - R:localhost/127.0.0.1:49214] for POST '/session/335235c0d12ef8d11a67a6a8efe4f74a/element'
20:08:05.301 [AsyncHttpClient-1-2] DEBUG o.a.netty.handler.HttpHandler - 

Request DefaultHttpRequest(decodeResult: success, version: HTTP/1.1)
POST /session/335235c0d12ef8d11a67a6a8efe4f74a/element HTTP/1.1
User-Agent: selenium/4.1.4 (java windows)
Content-Length: 66
Content-Type: application/json; charset=utf-8
host: localhost:49214
accept: */*

Response DefaultHttpResponse(decodeResult: success, version: HTTP/1.1)
HTTP/1.1 200 OK
Content-Type: application/json; charset=utf-8
cache-control: no-cache
content-length: 88

20:08:05.301 [AsyncHttpClient-1-2] DEBUG o.a.netty.channel.ChannelManager - Adding key: http://localhost:49214 for channel [id: 0x4ab95111, L:/127.0.0.1:53689 - R:localhost/127.0.0.1:49214]
20:08:05.301 [Forwarding clearElement on session 335235c0d12ef8d11a67a6a8efe4f74a to remote] DEBUG o.a.netty.request.NettyRequestSender - Using pooled Channel '[id: 0x4ab95111, L:/127.0.0.1:53689 - R:localhost/127.0.0.1:49214]' for 'POST' to 'http://localhost:49214/session/335235c0d12ef8d11a67a6a8efe4f74a/element/61b48ae8-f213-448f-8d2c-28838503a9da/clear'
20:08:05.301 [Forwarding clearElement on session 335235c0d12ef8d11a67a6a8efe4f74a to remote] DEBUG o.a.netty.request.NettyRequestSender - Using open Channel [id: 0x4ab95111, L:/127.0.0.1:53689 - R:localhost/127.0.0.1:49214] for POST '/session/335235c0d12ef8d11a67a6a8efe4f74a/element/61b48ae8-f213-448f-8d2c-28838503a9da/clear'
20:08:05.318 [AsyncHttpClient-1-2] DEBUG o.a.netty.handler.HttpHandler - 

Request DefaultHttpRequest(decodeResult: success, version: HTTP/1.1)
POST /session/335235c0d12ef8d11a67a6a8efe4f74a/element/61b48ae8-f213-448f-8d2c-28838503a9da/clear HTTP/1.1
User-Agent: selenium/4.1.4 (java windows)
Content-Length: 50
Content-Type: application/json; charset=utf-8
host: localhost:49214
accept: */*

Response DefaultHttpResponse(decodeResult: success, version: HTTP/1.1)
HTTP/1.1 200 OK
Content-Type: application/json; charset=utf-8
cache-control: no-cache
content-length: 14

20:08:05.318 [AsyncHttpClient-1-2] DEBUG o.a.netty.channel.ChannelManager - Adding key: http://localhost:49214 for channel [id: 0x4ab95111, L:/127.0.0.1:53689 - R:localhost/127.0.0.1:49214]
20:08:05.318 [Forwarding findElement on session 335235c0d12ef8d11a67a6a8efe4f74a to remote] DEBUG o.a.netty.request.NettyRequestSender - Using pooled Channel '[id: 0x4ab95111, L:/127.0.0.1:53689 - R:localhost/127.0.0.1:49214]' for 'POST' to 'http://localhost:49214/session/335235c0d12ef8d11a67a6a8efe4f74a/element'
20:08:05.319 [Forwarding findElement on session 335235c0d12ef8d11a67a6a8efe4f74a to remote] DEBUG o.a.netty.request.NettyRequestSender - Using open Channel [id: 0x4ab95111, L:/127.0.0.1:53689 - R:localhost/127.0.0.1:49214] for POST '/session/335235c0d12ef8d11a67a6a8efe4f74a/element'
20:08:05.324 [AsyncHttpClient-1-2] DEBUG o.a.netty.handler.HttpHandler - 

Request DefaultHttpRequest(decodeResult: success, version: HTTP/1.1)
POST /session/335235c0d12ef8d11a67a6a8efe4f74a/element HTTP/1.1
User-Agent: selenium/4.1.4 (java windows)
Content-Length: 66
Content-Type: application/json; charset=utf-8
host: localhost:49214
accept: */*

Response DefaultHttpResponse(decodeResult: success, version: HTTP/1.1)
HTTP/1.1 200 OK
Content-Type: application/json; charset=utf-8
cache-control: no-cache
content-length: 88

20:08:05.324 [AsyncHttpClient-1-2] DEBUG o.a.netty.channel.ChannelManager - Adding key: http://localhost:49214 for channel [id: 0x4ab95111, L:/127.0.0.1:53689 - R:localhost/127.0.0.1:49214]
20:08:05.325 [Forwarding sendKeysToElement on session 335235c0d12ef8d11a67a6a8efe4f74a to remote] DEBUG o.a.netty.request.NettyRequestSender - Using pooled Channel '[id: 0x4ab95111, L:/127.0.0.1:53689 - R:localhost/127.0.0.1:49214]' for 'POST' to 'http://localhost:49214/session/335235c0d12ef8d11a67a6a8efe4f74a/element/61b48ae8-f213-448f-8d2c-28838503a9da/value'
20:08:05.325 [Forwarding sendKeysToElement on session 335235c0d12ef8d11a67a6a8efe4f74a to remote] DEBUG o.a.netty.request.NettyRequestSender - Using open Channel [id: 0x4ab95111, L:/127.0.0.1:53689 - R:localhost/127.0.0.1:49214] for POST '/session/335235c0d12ef8d11a67a6a8efe4f74a/element/61b48ae8-f213-448f-8d2c-28838503a9da/value'
20:08:05.352 [AsyncHttpClient-1-2] DEBUG o.a.netty.handler.HttpHandler - 

Request DefaultHttpRequest(decodeResult: success, version: HTTP/1.1)
POST /session/335235c0d12ef8d11a67a6a8efe4f74a/element/61b48ae8-f213-448f-8d2c-28838503a9da/value HTTP/1.1
User-Agent: selenium/4.1.4 (java windows)
Content-Length: 211
Content-Type: application/json; charset=utf-8
host: localhost:49214
accept: */*

Response DefaultHttpResponse(decodeResult: success, version: HTTP/1.1)
HTTP/1.1 200 OK
Content-Type: application/json; charset=utf-8
cache-control: no-cache
content-length: 14

20:08:05.352 [AsyncHttpClient-1-2] DEBUG o.a.netty.channel.ChannelManager - Adding key: http://localhost:49214 for channel [id: 0x4ab95111, L:/127.0.0.1:53689 - R:localhost/127.0.0.1:49214]
20:08:05.352 [Forwarding findElement on session 335235c0d12ef8d11a67a6a8efe4f74a to remote] DEBUG o.a.netty.request.NettyRequestSender - Using pooled Channel '[id: 0x4ab95111, L:/127.0.0.1:53689 - R:localhost/127.0.0.1:49214]' for 'POST' to 'http://localhost:49214/session/335235c0d12ef8d11a67a6a8efe4f74a/element'
20:08:05.352 [Forwarding findElement on session 335235c0d12ef8d11a67a6a8efe4f74a to remote] DEBUG o.a.netty.request.NettyRequestSender - Using open Channel [id: 0x4ab95111, L:/127.0.0.1:53689 - R:localhost/127.0.0.1:49214] for POST '/session/335235c0d12ef8d11a67a6a8efe4f74a/element'
20:08:05.358 [AsyncHttpClient-1-2] DEBUG o.a.netty.handler.HttpHandler - 

Request DefaultHttpRequest(decodeResult: success, version: HTTP/1.1)
POST /session/335235c0d12ef8d11a67a6a8efe4f74a/element HTTP/1.1
User-Agent: selenium/4.1.4 (java windows)
Content-Length: 66
Content-Type: application/json; charset=utf-8
host: localhost:49214
accept: */*

Response DefaultHttpResponse(decodeResult: success, version: HTTP/1.1)
HTTP/1.1 200 OK
Content-Type: application/json; charset=utf-8
cache-control: no-cache
content-length: 88

20:08:05.358 [AsyncHttpClient-1-2] DEBUG o.a.netty.channel.ChannelManager - Adding key: http://localhost:49214 for channel [id: 0x4ab95111, L:/127.0.0.1:53689 - R:localhost/127.0.0.1:49214]
20:08:05.358 [Forwarding clickElement on session 335235c0d12ef8d11a67a6a8efe4f74a to remote] DEBUG o.a.netty.request.NettyRequestSender - Using pooled Channel '[id: 0x4ab95111, L:/127.0.0.1:53689 - R:localhost/127.0.0.1:49214]' for 'POST' to 'http://localhost:49214/session/335235c0d12ef8d11a67a6a8efe4f74a/element/00633b6d-bd75-49de-bb44-c75396d53234/click'
20:08:05.358 [Forwarding clickElement on session 335235c0d12ef8d11a67a6a8efe4f74a to remote] DEBUG o.a.netty.request.NettyRequestSender - Using open Channel [id: 0x4ab95111, L:/127.0.0.1:53689 - R:localhost/127.0.0.1:49214] for POST '/session/335235c0d12ef8d11a67a6a8efe4f74a/element/00633b6d-bd75-49de-bb44-c75396d53234/click'
20:08:05.383 [AsyncHttpClient-1-2] DEBUG o.a.netty.handler.HttpHandler - 

Request DefaultHttpRequest(decodeResult: success, version: HTTP/1.1)
POST /session/335235c0d12ef8d11a67a6a8efe4f74a/element/00633b6d-bd75-49de-bb44-c75396d53234/click HTTP/1.1
User-Agent: selenium/4.1.4 (java windows)
Content-Length: 50
Content-Type: application/json; charset=utf-8
host: localhost:49214
accept: */*

Response DefaultHttpResponse(decodeResult: success, version: HTTP/1.1)
HTTP/1.1 200 OK
Content-Type: application/json; charset=utf-8
cache-control: no-cache
content-length: 14

20:08:05.383 [AsyncHttpClient-1-2] DEBUG o.a.netty.channel.ChannelManager - Adding key: http://localhost:49214 for channel [id: 0x4ab95111, L:/127.0.0.1:53689 - R:localhost/127.0.0.1:49214]
20:08:05.383 [Forwarding findElement on session 335235c0d12ef8d11a67a6a8efe4f74a to remote] DEBUG o.a.netty.request.NettyRequestSender - Using pooled Channel '[id: 0x4ab95111, L:/127.0.0.1:53689 - R:localhost/127.0.0.1:49214]' for 'POST' to 'http://localhost:49214/session/335235c0d12ef8d11a67a6a8efe4f74a/element'
20:08:05.383 [Forwarding findElement on session 335235c0d12ef8d11a67a6a8efe4f74a to remote] DEBUG o.a.netty.request.NettyRequestSender - Using open Channel [id: 0x4ab95111, L:/127.0.0.1:53689 - R:localhost/127.0.0.1:49214] for POST '/session/335235c0d12ef8d11a67a6a8efe4f74a/element'
20:08:05.389 [AsyncHttpClient-1-2] DEBUG o.a.netty.handler.HttpHandler - 

Request DefaultHttpRequest(decodeResult: success, version: HTTP/1.1)
POST /session/335235c0d12ef8d11a67a6a8efe4f74a/element HTTP/1.1
User-Agent: selenium/4.1.4 (java windows)
Content-Length: 66
Content-Type: application/json; charset=utf-8
host: localhost:49214
accept: */*

Response DefaultHttpResponse(decodeResult: success, version: HTTP/1.1)
HTTP/1.1 200 OK
Content-Type: application/json; charset=utf-8
cache-control: no-cache
content-length: 88

20:08:05.389 [AsyncHttpClient-1-2] DEBUG o.a.netty.channel.ChannelManager - Adding key: http://localhost:49214 for channel [id: 0x4ab95111, L:/127.0.0.1:53689 - R:localhost/127.0.0.1:49214]
20:08:05.392 [Forwarding getElementAttribute on session 335235c0d12ef8d11a67a6a8efe4f74a to remote] DEBUG o.a.netty.request.NettyRequestSender - Using pooled Channel '[id: 0x4ab95111, L:/127.0.0.1:53689 - R:localhost/127.0.0.1:49214]' for 'POST' to 'http://localhost:49214/session/335235c0d12ef8d11a67a6a8efe4f74a/execute/sync'
20:08:05.392 [Forwarding getElementAttribute on session 335235c0d12ef8d11a67a6a8efe4f74a to remote] DEBUG o.a.netty.request.NettyRequestSender - Using open Channel [id: 0x4ab95111, L:/127.0.0.1:53689 - R:localhost/127.0.0.1:49214] for POST '/session/335235c0d12ef8d11a67a6a8efe4f74a/execute/sync'
20:08:05.400 [AsyncHttpClient-1-2] DEBUG o.a.netty.handler.HttpHandler - 

Request DefaultHttpRequest(decodeResult: success, version: HTTP/1.1)
POST /session/335235c0d12ef8d11a67a6a8efe4f74a/execute/sync HTTP/1.1
User-Agent: selenium/4.1.4 (java windows)
Content-Length: 47340
Content-Type: application/json; charset=utf-8
host: localhost:49214
accept: */*

Response DefaultHttpResponse(decodeResult: success, version: HTTP/1.1)
HTTP/1.1 200 OK
Content-Type: application/json; charset=utf-8
cache-control: no-cache
content-length: 12

20:08:05.400 [AsyncHttpClient-1-2] DEBUG o.a.netty.channel.ChannelManager - Adding key: http://localhost:49214 for channel [id: 0x4ab95111, L:/127.0.0.1:53689 - R:localhost/127.0.0.1:49214]
20:08:05.401 [Forwarding findElement on session 335235c0d12ef8d11a67a6a8efe4f74a to remote] DEBUG o.a.netty.request.NettyRequestSender - Using pooled Channel '[id: 0x4ab95111, L:/127.0.0.1:53689 - R:localhost/127.0.0.1:49214]' for 'POST' to 'http://localhost:49214/session/335235c0d12ef8d11a67a6a8efe4f74a/element'
20:08:05.401 [Forwarding findElement on session 335235c0d12ef8d11a67a6a8efe4f74a to remote] DEBUG o.a.netty.request.NettyRequestSender - Using open Channel [id: 0x4ab95111, L:/127.0.0.1:53689 - R:localhost/127.0.0.1:49214] for POST '/session/335235c0d12ef8d11a67a6a8efe4f74a/element'
20:08:05.406 [AsyncHttpClient-1-2] DEBUG o.a.netty.handler.HttpHandler - 

Request DefaultHttpRequest(decodeResult: success, version: HTTP/1.1)
POST /session/335235c0d12ef8d11a67a6a8efe4f74a/element HTTP/1.1
User-Agent: selenium/4.1.4 (java windows)
Content-Length: 66
Content-Type: application/json; charset=utf-8
host: localhost:49214
accept: */*

Response DefaultHttpResponse(decodeResult: success, version: HTTP/1.1)
HTTP/1.1 200 OK
Content-Type: application/json; charset=utf-8
cache-control: no-cache
content-length: 88

20:08:05.406 [AsyncHttpClient-1-2] DEBUG o.a.netty.channel.ChannelManager - Adding key: http://localhost:49214 for channel [id: 0x4ab95111, L:/127.0.0.1:53689 - R:localhost/127.0.0.1:49214]
20:08:05.406 [Forwarding clearElement on session 335235c0d12ef8d11a67a6a8efe4f74a to remote] DEBUG o.a.netty.request.NettyRequestSender - Using pooled Channel '[id: 0x4ab95111, L:/127.0.0.1:53689 - R:localhost/127.0.0.1:49214]' for 'POST' to 'http://localhost:49214/session/335235c0d12ef8d11a67a6a8efe4f74a/element/00633b6d-bd75-49de-bb44-c75396d53234/clear'
20:08:05.406 [Forwarding clearElement on session 335235c0d12ef8d11a67a6a8efe4f74a to remote] DEBUG o.a.netty.request.NettyRequestSender - Using open Channel [id: 0x4ab95111, L:/127.0.0.1:53689 - R:localhost/127.0.0.1:49214] for POST '/session/335235c0d12ef8d11a67a6a8efe4f74a/element/00633b6d-bd75-49de-bb44-c75396d53234/clear'
20:08:05.422 [AsyncHttpClient-1-2] DEBUG o.a.netty.handler.HttpHandler - 

Request DefaultHttpRequest(decodeResult: success, version: HTTP/1.1)
POST /session/335235c0d12ef8d11a67a6a8efe4f74a/element/00633b6d-bd75-49de-bb44-c75396d53234/clear HTTP/1.1
User-Agent: selenium/4.1.4 (java windows)
Content-Length: 50
Content-Type: application/json; charset=utf-8
host: localhost:49214
accept: */*

Response DefaultHttpResponse(decodeResult: success, version: HTTP/1.1)
HTTP/1.1 200 OK
Content-Type: application/json; charset=utf-8
cache-control: no-cache
content-length: 14

20:08:05.422 [AsyncHttpClient-1-2] DEBUG o.a.netty.channel.ChannelManager - Adding key: http://localhost:49214 for channel [id: 0x4ab95111, L:/127.0.0.1:53689 - R:localhost/127.0.0.1:49214]
20:08:05.423 [Forwarding findElement on session 335235c0d12ef8d11a67a6a8efe4f74a to remote] DEBUG o.a.netty.request.NettyRequestSender - Using pooled Channel '[id: 0x4ab95111, L:/127.0.0.1:53689 - R:localhost/127.0.0.1:49214]' for 'POST' to 'http://localhost:49214/session/335235c0d12ef8d11a67a6a8efe4f74a/element'
20:08:05.423 [Forwarding findElement on session 335235c0d12ef8d11a67a6a8efe4f74a to remote] DEBUG o.a.netty.request.NettyRequestSender - Using open Channel [id: 0x4ab95111, L:/127.0.0.1:53689 - R:localhost/127.0.0.1:49214] for POST '/session/335235c0d12ef8d11a67a6a8efe4f74a/element'
20:08:05.429 [AsyncHttpClient-1-2] DEBUG o.a.netty.handler.HttpHandler - 

Request DefaultHttpRequest(decodeResult: success, version: HTTP/1.1)
POST /session/335235c0d12ef8d11a67a6a8efe4f74a/element HTTP/1.1
User-Agent: selenium/4.1.4 (java windows)
Content-Length: 66
Content-Type: application/json; charset=utf-8
host: localhost:49214
accept: */*

Response DefaultHttpResponse(decodeResult: success, version: HTTP/1.1)
HTTP/1.1 200 OK
Content-Type: application/json; charset=utf-8
cache-control: no-cache
content-length: 88

20:08:05.429 [AsyncHttpClient-1-2] DEBUG o.a.netty.channel.ChannelManager - Adding key: http://localhost:49214 for channel [id: 0x4ab95111, L:/127.0.0.1:53689 - R:localhost/127.0.0.1:49214]
20:08:05.430 [Forwarding sendKeysToElement on session 335235c0d12ef8d11a67a6a8efe4f74a to remote] DEBUG o.a.netty.request.NettyRequestSender - Using pooled Channel '[id: 0x4ab95111, L:/127.0.0.1:53689 - R:localhost/127.0.0.1:49214]' for 'POST' to 'http://localhost:49214/session/335235c0d12ef8d11a67a6a8efe4f74a/element/00633b6d-bd75-49de-bb44-c75396d53234/value'
20:08:05.430 [Forwarding sendKeysToElement on session 335235c0d12ef8d11a67a6a8efe4f74a to remote] DEBUG o.a.netty.request.NettyRequestSender - Using open Channel [id: 0x4ab95111, L:/127.0.0.1:53689 - R:localhost/127.0.0.1:49214] for POST '/session/335235c0d12ef8d11a67a6a8efe4f74a/element/00633b6d-bd75-49de-bb44-c75396d53234/value'
20:08:05.454 [AsyncHttpClient-1-2] DEBUG o.a.netty.handler.HttpHandler - 

Request DefaultHttpRequest(decodeResult: success, version: HTTP/1.1)
POST /session/335235c0d12ef8d11a67a6a8efe4f74a/element/00633b6d-bd75-49de-bb44-c75396d53234/value HTTP/1.1
User-Agent: selenium/4.1.4 (java windows)
Content-Length: 211
Content-Type: application/json; charset=utf-8
host: localhost:49214
accept: */*

Response DefaultHttpResponse(decodeResult: success, version: HTTP/1.1)
HTTP/1.1 200 OK
Content-Type: application/json; charset=utf-8
cache-control: no-cache
content-length: 14

20:08:05.455 [AsyncHttpClient-1-2] DEBUG o.a.netty.channel.ChannelManager - Adding key: http://localhost:49214 for channel [id: 0x4ab95111, L:/127.0.0.1:53689 - R:localhost/127.0.0.1:49214]
20:08:05.455 [Forwarding findElement on session 335235c0d12ef8d11a67a6a8efe4f74a to remote] DEBUG o.a.netty.request.NettyRequestSender - Using pooled Channel '[id: 0x4ab95111, L:/127.0.0.1:53689 - R:localhost/127.0.0.1:49214]' for 'POST' to 'http://localhost:49214/session/335235c0d12ef8d11a67a6a8efe4f74a/element'
20:08:05.455 [Forwarding findElement on session 335235c0d12ef8d11a67a6a8efe4f74a to remote] DEBUG o.a.netty.request.NettyRequestSender - Using open Channel [id: 0x4ab95111, L:/127.0.0.1:53689 - R:localhost/127.0.0.1:49214] for POST '/session/335235c0d12ef8d11a67a6a8efe4f74a/element'
20:08:05.461 [AsyncHttpClient-1-2] DEBUG o.a.netty.handler.HttpHandler - 

Request DefaultHttpRequest(decodeResult: success, version: HTTP/1.1)
POST /session/335235c0d12ef8d11a67a6a8efe4f74a/element HTTP/1.1
User-Agent: selenium/4.1.4 (java windows)
Content-Length: 60
Content-Type: application/json; charset=utf-8
host: localhost:49214
accept: */*

Response DefaultHttpResponse(decodeResult: success, version: HTTP/1.1)
HTTP/1.1 200 OK
Content-Type: application/json; charset=utf-8
cache-control: no-cache
content-length: 88

20:08:05.461 [AsyncHttpClient-1-2] DEBUG o.a.netty.channel.ChannelManager - Adding key: http://localhost:49214 for channel [id: 0x4ab95111, L:/127.0.0.1:53689 - R:localhost/127.0.0.1:49214]
20:08:05.463 [Forwarding clickElement on session 335235c0d12ef8d11a67a6a8efe4f74a to remote] DEBUG o.a.netty.request.NettyRequestSender - Using pooled Channel '[id: 0x4ab95111, L:/127.0.0.1:53689 - R:localhost/127.0.0.1:49214]' for 'POST' to 'http://localhost:49214/session/335235c0d12ef8d11a67a6a8efe4f74a/element/b39729ab-f1f0-4b83-a69e-0e3d768ab103/click'
20:08:05.463 [Forwarding clickElement on session 335235c0d12ef8d11a67a6a8efe4f74a to remote] DEBUG o.a.netty.request.NettyRequestSender - Using open Channel [id: 0x4ab95111, L:/127.0.0.1:53689 - R:localhost/127.0.0.1:49214] for POST '/session/335235c0d12ef8d11a67a6a8efe4f74a/element/b39729ab-f1f0-4b83-a69e-0e3d768ab103/click'
20:08:05.597 [AsyncHttpClient-1-2] DEBUG o.a.netty.handler.HttpHandler - 

Request DefaultHttpRequest(decodeResult: success, version: HTTP/1.1)
POST /session/335235c0d12ef8d11a67a6a8efe4f74a/element/b39729ab-f1f0-4b83-a69e-0e3d768ab103/click HTTP/1.1
User-Agent: selenium/4.1.4 (java windows)
Content-Length: 50
Content-Type: application/json; charset=utf-8
host: localhost:49214
accept: */*

Response DefaultHttpResponse(decodeResult: success, version: HTTP/1.1)
HTTP/1.1 200 OK
Content-Type: application/json; charset=utf-8
cache-control: no-cache
content-length: 14

20:08:05.597 [AsyncHttpClient-1-2] DEBUG o.a.netty.channel.ChannelManager - Adding key: http://localhost:49214 for channel [id: 0x4ab95111, L:/127.0.0.1:53689 - R:localhost/127.0.0.1:49214]
20:08:05.598 [Forwarding findElement on session 335235c0d12ef8d11a67a6a8efe4f74a to remote] DEBUG o.a.netty.request.NettyRequestSender - Using pooled Channel '[id: 0x4ab95111, L:/127.0.0.1:53689 - R:localhost/127.0.0.1:49214]' for 'POST' to 'http://localhost:49214/session/335235c0d12ef8d11a67a6a8efe4f74a/element'
20:08:05.598 [Forwarding findElement on session 335235c0d12ef8d11a67a6a8efe4f74a to remote] DEBUG o.a.netty.request.NettyRequestSender - Using open Channel [id: 0x4ab95111, L:/127.0.0.1:53689 - R:localhost/127.0.0.1:49214] for POST '/session/335235c0d12ef8d11a67a6a8efe4f74a/element'
20:08:05.606 [AsyncHttpClient-1-2] DEBUG o.a.netty.handler.HttpHandler - 

Request DefaultHttpRequest(decodeResult: success, version: HTTP/1.1)
POST /session/335235c0d12ef8d11a67a6a8efe4f74a/element HTTP/1.1
User-Agent: selenium/4.1.4 (java windows)
Content-Length: 47
Content-Type: application/json; charset=utf-8
host: localhost:49214
accept: */*

Response DefaultHttpResponse(decodeResult: success, version: HTTP/1.1)
HTTP/1.1 200 OK
Content-Type: application/json; charset=utf-8
cache-control: no-cache
content-length: 88

20:08:05.606 [AsyncHttpClient-1-2] DEBUG o.a.netty.channel.ChannelManager - Adding key: http://localhost:49214 for channel [id: 0x4ab95111, L:/127.0.0.1:53689 - R:localhost/127.0.0.1:49214]
20:08:05.606 [Forwarding clickElement on session 335235c0d12ef8d11a67a6a8efe4f74a to remote] DEBUG o.a.netty.request.NettyRequestSender - Using pooled Channel '[id: 0x4ab95111, L:/127.0.0.1:53689 - R:localhost/127.0.0.1:49214]' for 'POST' to 'http://localhost:49214/session/335235c0d12ef8d11a67a6a8efe4f74a/element/40f5c582-80ee-4776-ad56-a50e9b52f7b2/click'
20:08:05.606 [Forwarding clickElement on session 335235c0d12ef8d11a67a6a8efe4f74a to remote] DEBUG o.a.netty.request.NettyRequestSender - Using open Channel [id: 0x4ab95111, L:/127.0.0.1:53689 - R:localhost/127.0.0.1:49214] for POST '/session/335235c0d12ef8d11a67a6a8efe4f74a/element/40f5c582-80ee-4776-ad56-a50e9b52f7b2/click'
20:08:05.733 [AsyncHttpClient-1-2] DEBUG o.a.netty.handler.HttpHandler - 

Request DefaultHttpRequest(decodeResult: success, version: HTTP/1.1)
POST /session/335235c0d12ef8d11a67a6a8efe4f74a/element/40f5c582-80ee-4776-ad56-a50e9b52f7b2/click HTTP/1.1
User-Agent: selenium/4.1.4 (java windows)
Content-Length: 50
Content-Type: application/json; charset=utf-8
host: localhost:49214
accept: */*

Response DefaultHttpResponse(decodeResult: success, version: HTTP/1.1)
HTTP/1.1 200 OK
Content-Type: application/json; charset=utf-8
cache-control: no-cache
content-length: 14

20:08:05.733 [AsyncHttpClient-1-2] DEBUG o.a.netty.channel.ChannelManager - Adding key: http://localhost:49214 for channel [id: 0x4ab95111, L:/127.0.0.1:53689 - R:localhost/127.0.0.1:49214]
20:08:05.734 [Forwarding findElements on session 335235c0d12ef8d11a67a6a8efe4f74a to remote] DEBUG o.a.netty.request.NettyRequestSender - Using pooled Channel '[id: 0x4ab95111, L:/127.0.0.1:53689 - R:localhost/127.0.0.1:49214]' for 'POST' to 'http://localhost:49214/session/335235c0d12ef8d11a67a6a8efe4f74a/elements'
20:08:05.734 [Forwarding findElements on session 335235c0d12ef8d11a67a6a8efe4f74a to remote] DEBUG o.a.netty.request.NettyRequestSender - Using open Channel [id: 0x4ab95111, L:/127.0.0.1:53689 - R:localhost/127.0.0.1:49214] for POST '/session/335235c0d12ef8d11a67a6a8efe4f74a/elements'
20:08:05.741 [AsyncHttpClient-1-2] DEBUG o.a.netty.handler.HttpHandler - 

Request DefaultHttpRequest(decodeResult: success, version: HTTP/1.1)
POST /session/335235c0d12ef8d11a67a6a8efe4f74a/elements HTTP/1.1
User-Agent: selenium/4.1.4 (java windows)
Content-Length: 64
Content-Type: application/json; charset=utf-8
host: localhost:49214
accept: */*

Response DefaultHttpResponse(decodeResult: success, version: HTTP/1.1)
HTTP/1.1 200 OK
Content-Type: application/json; charset=utf-8
cache-control: no-cache
content-length: 485

20:08:05.741 [AsyncHttpClient-1-2] DEBUG o.a.netty.channel.ChannelManager - Adding key: http://localhost:49214 for channel [id: 0x4ab95111, L:/127.0.0.1:53689 - R:localhost/127.0.0.1:49214]
20:08:05.741 [Test worker] DEBUG o.h.e.t.internal.TransactionImpl - On TransactionImpl creation, JpaCompliance#isJpaTransactionComplianceEnabled == false
20:08:05.741 [Test worker] DEBUG o.h.e.t.internal.TransactionImpl - begin
20:08:05.742 [Test worker] DEBUG org.hibernate.SQL - select groupdata0_.group_id as group_id1_2_, groupdata0_.group_footer as group_fo2_2_, groupdata0_.group_header as group_he3_2_, groupdata0_.group_name as group_na4_2_ from group_list groupdata0_
Hibernate: select groupdata0_.group_id as group_id1_2_, groupdata0_.group_footer as group_fo2_2_, groupdata0_.group_header as group_he3_2_, groupdata0_.group_name as group_na4_2_ from group_list groupdata0_
20:08:05.743 [Test worker] DEBUG org.hibernate.loader.Loader - Result set row: 0
20:08:05.743 [Test worker] DEBUG org.hibernate.loader.Loader - Result row: EntityKey[ru.stqa.pft.addressbook.model.GroupData#119]
20:08:05.743 [Test worker] DEBUG org.hibernate.loader.Loader - Result set row: 1
20:08:05.743 [Test worker] DEBUG org.hibernate.loader.Loader - Result row: EntityKey[ru.stqa.pft.addressbook.model.GroupData#120]
20:08:05.743 [Test worker] DEBUG org.hibernate.loader.Loader - Result set row: 2
20:08:05.743 [Test worker] DEBUG org.hibernate.loader.Loader - Result row: EntityKey[ru.stqa.pft.addressbook.model.GroupData#122]
20:08:05.743 [Test worker] DEBUG org.hibernate.loader.Loader - Result set row: 3
20:08:05.743 [Test worker] DEBUG org.hibernate.loader.Loader - Result row: EntityKey[ru.stqa.pft.addressbook.model.GroupData#123]
20:08:05.743 [Test worker] DEBUG org.hibernate.loader.Loader - Result set row: 4
20:08:05.743 [Test worker] DEBUG org.hibernate.loader.Loader - Result row: EntityKey[ru.stqa.pft.addressbook.model.GroupData#124]
20:08:05.743 [Test worker] DEBUG org.hibernate.loader.Loader - Result set row: 5
20:08:05.743 [Test worker] DEBUG org.hibernate.loader.Loader - Result row: EntityKey[ru.stqa.pft.addressbook.model.GroupData#125]
20:08:05.744 [Test worker] DEBUG o.h.engine.internal.TwoPhaseLoad - Resolving attributes for [ru.stqa.pft.addressbook.model.GroupData#119]
20:08:05.744 [Test worker] DEBUG o.h.engine.internal.TwoPhaseLoad - Processing attribute `contacts` : value = NOT NULL COLLECTION
20:08:05.744 [Test worker] DEBUG o.h.engine.internal.TwoPhaseLoad - Attribute (`contacts`)  - enhanced for lazy-loading? - false
20:08:05.744 [Test worker] DEBUG o.h.engine.internal.TwoPhaseLoad - Processing attribute `footer` : value = new3
20:08:05.744 [Test worker] DEBUG o.h.engine.internal.TwoPhaseLoad - Attribute (`footer`)  - enhanced for lazy-loading? - false
20:08:05.744 [Test worker] DEBUG o.h.engine.internal.TwoPhaseLoad - Processing attribute `header` : value = new2
20:08:05.744 [Test worker] DEBUG o.h.engine.internal.TwoPhaseLoad - Attribute (`header`)  - enhanced for lazy-loading? - false
20:08:05.744 [Test worker] DEBUG o.h.engine.internal.TwoPhaseLoad - Processing attribute `name` : value = HsGyE4c
20:08:05.744 [Test worker] DEBUG o.h.engine.internal.TwoPhaseLoad - Attribute (`name`)  - enhanced for lazy-loading? - false
20:08:05.744 [Test worker] DEBUG o.h.engine.internal.TwoPhaseLoad - Done materializing entity [ru.stqa.pft.addressbook.model.GroupData#119]
20:08:05.744 [Test worker] DEBUG o.h.engine.internal.TwoPhaseLoad - Resolving attributes for [ru.stqa.pft.addressbook.model.GroupData#120]
20:08:05.744 [Test worker] DEBUG o.h.engine.internal.TwoPhaseLoad - Processing attribute `contacts` : value = NOT NULL COLLECTION
20:08:05.744 [Test worker] DEBUG o.h.engine.internal.TwoPhaseLoad - Attribute (`contacts`)  - enhanced for lazy-loading? - false
20:08:05.744 [Test worker] DEBUG o.h.engine.internal.TwoPhaseLoad - Processing attribute `footer` : value = new3
20:08:05.744 [Test worker] DEBUG o.h.engine.internal.TwoPhaseLoad - Attribute (`footer`)  - enhanced for lazy-loading? - false
20:08:05.744 [Test worker] DEBUG o.h.engine.internal.TwoPhaseLoad - Processing attribute `header` : value = new2
20:08:05.744 [Test worker] DEBUG o.h.engine.internal.TwoPhaseLoad - Attribute (`header`)  - enhanced for lazy-loading? - false
20:08:05.744 [Test worker] DEBUG o.h.engine.internal.TwoPhaseLoad - Processing attribute `name` : value = UyvfTeY
20:08:05.744 [Test worker] DEBUG o.h.engine.internal.TwoPhaseLoad - Attribute (`name`)  - enhanced for lazy-loading? - false
20:08:05.744 [Test worker] DEBUG o.h.engine.internal.TwoPhaseLoad - Done materializing entity [ru.stqa.pft.addressbook.model.GroupData#120]
20:08:05.744 [Test worker] DEBUG o.h.engine.internal.TwoPhaseLoad - Resolving attributes for [ru.stqa.pft.addressbook.model.GroupData#122]
20:08:05.744 [Test worker] DEBUG o.h.engine.internal.TwoPhaseLoad - Processing attribute `contacts` : value = NOT NULL COLLECTION
20:08:05.744 [Test worker] DEBUG o.h.engine.internal.TwoPhaseLoad - Attribute (`contacts`)  - enhanced for lazy-loading? - false
20:08:05.744 [Test worker] DEBUG o.h.engine.internal.TwoPhaseLoad - Processing attribute `footer` : value = test3
20:08:05.744 [Test worker] DEBUG o.h.engine.internal.TwoPhaseLoad - Attribute (`footer`)  - enhanced for lazy-loading? - false
20:08:05.744 [Test worker] DEBUG o.h.engine.internal.TwoPhaseLoad - Processing attribute `header` : value = test2
20:08:05.744 [Test worker] DEBUG o.h.engine.internal.TwoPhaseLoad - Attribute (`header`)  - enhanced for lazy-loading? - false
20:08:05.744 [Test worker] DEBUG o.h.engine.internal.TwoPhaseLoad - Processing attribute `name` : value = test1
20:08:05.744 [Test worker] DEBUG o.h.engine.internal.TwoPhaseLoad - Attribute (`name`)  - enhanced for lazy-loading? - false
20:08:05.744 [Test worker] DEBUG o.h.engine.internal.TwoPhaseLoad - Done materializing entity [ru.stqa.pft.addressbook.model.GroupData#122]
20:08:05.744 [Test worker] DEBUG o.h.engine.internal.TwoPhaseLoad - Resolving attributes for [ru.stqa.pft.addressbook.model.GroupData#123]
20:08:05.744 [Test worker] DEBUG o.h.engine.internal.TwoPhaseLoad - Processing attribute `contacts` : value = NOT NULL COLLECTION
20:08:05.744 [Test worker] DEBUG o.h.engine.internal.TwoPhaseLoad - Attribute (`contacts`)  - enhanced for lazy-loading? - false
20:08:05.744 [Test worker] DEBUG o.h.engine.internal.TwoPhaseLoad - Processing attribute `footer` : value = test footer 2
20:08:05.744 [Test worker] DEBUG o.h.engine.internal.TwoPhaseLoad - Attribute (`footer`)  - enhanced for lazy-loading? - false
20:08:05.744 [Test worker] DEBUG o.h.engine.internal.TwoPhaseLoad - Processing attribute `header` : value = test header 2
20:08:05.744 [Test worker] DEBUG o.h.engine.internal.TwoPhaseLoad - Attribute (`header`)  - enhanced for lazy-loading? - false
20:08:05.744 [Test worker] DEBUG o.h.engine.internal.TwoPhaseLoad - Processing attribute `name` : value = test name 2
20:08:05.744 [Test worker] DEBUG o.h.engine.internal.TwoPhaseLoad - Attribute (`name`)  - enhanced for lazy-loading? - false
20:08:05.744 [Test worker] DEBUG o.h.engine.internal.TwoPhaseLoad - Done materializing entity [ru.stqa.pft.addressbook.model.GroupData#123]
20:08:05.744 [Test worker] DEBUG o.h.engine.internal.TwoPhaseLoad - Resolving attributes for [ru.stqa.pft.addressbook.model.GroupData#124]
20:08:05.744 [Test worker] DEBUG o.h.engine.internal.TwoPhaseLoad - Processing attribute `contacts` : value = NOT NULL COLLECTION
20:08:05.744 [Test worker] DEBUG o.h.engine.internal.TwoPhaseLoad - Attribute (`contacts`)  - enhanced for lazy-loading? - false
20:08:05.745 [Test worker] DEBUG o.h.engine.internal.TwoPhaseLoad - Processing attribute `footer` : value = test footer 0
20:08:05.745 [Test worker] DEBUG o.h.engine.internal.TwoPhaseLoad - Attribute (`footer`)  - enhanced for lazy-loading? - false
20:08:05.745 [Test worker] DEBUG o.h.engine.internal.TwoPhaseLoad - Processing attribute `header` : value = test header 0
20:08:05.745 [Test worker] DEBUG o.h.engine.internal.TwoPhaseLoad - Attribute (`header`)  - enhanced for lazy-loading? - false
20:08:05.745 [Test worker] DEBUG o.h.engine.internal.TwoPhaseLoad - Processing attribute `name` : value = test name 0
20:08:05.745 [Test worker] DEBUG o.h.engine.internal.TwoPhaseLoad - Attribute (`name`)  - enhanced for lazy-loading? - false
20:08:05.745 [Test worker] DEBUG o.h.engine.internal.TwoPhaseLoad - Done materializing entity [ru.stqa.pft.addressbook.model.GroupData#124]
20:08:05.745 [Test worker] DEBUG o.h.engine.internal.TwoPhaseLoad - Resolving attributes for [ru.stqa.pft.addressbook.model.GroupData#125]
20:08:05.745 [Test worker] DEBUG o.h.engine.internal.TwoPhaseLoad - Processing attribute `contacts` : value = NOT NULL COLLECTION
20:08:05.745 [Test worker] DEBUG o.h.engine.internal.TwoPhaseLoad - Attribute (`contacts`)  - enhanced for lazy-loading? - false
20:08:05.745 [Test worker] DEBUG o.h.engine.internal.TwoPhaseLoad - Processing attribute `footer` : value = test footer 1
20:08:05.745 [Test worker] DEBUG o.h.engine.internal.TwoPhaseLoad - Attribute (`footer`)  - enhanced for lazy-loading? - false
20:08:05.745 [Test worker] DEBUG o.h.engine.internal.TwoPhaseLoad - Processing attribute `header` : value = test header 1
20:08:05.745 [Test worker] DEBUG o.h.engine.internal.TwoPhaseLoad - Attribute (`header`)  - enhanced for lazy-loading? - false
20:08:05.745 [Test worker] DEBUG o.h.engine.internal.TwoPhaseLoad - Processing attribute `name` : value = test name 1
20:08:05.745 [Test worker] DEBUG o.h.engine.internal.TwoPhaseLoad - Attribute (`name`)  - enhanced for lazy-loading? - false
20:08:05.745 [Test worker] DEBUG o.h.engine.internal.TwoPhaseLoad - Done materializing entity [ru.stqa.pft.addressbook.model.GroupData#125]
20:08:05.745 [Test worker] DEBUG o.h.e.t.internal.TransactionImpl - committing
20:08:05.745 [Test worker] DEBUG o.h.e.i.AbstractFlushingEventListener - Processing flush-time cascades
20:08:05.745 [Test worker] DEBUG o.h.e.i.AbstractFlushingEventListener - Dirty checking collections
20:08:05.745 [Test worker] DEBUG o.h.engine.internal.Collections - Collection found: [ru.stqa.pft.addressbook.model.GroupData.contacts#119], was: [ru.stqa.pft.addressbook.model.GroupData.contacts#119] (uninitialized)
20:08:05.746 [Test worker] DEBUG o.h.engine.internal.Collections - Collection found: [ru.stqa.pft.addressbook.model.GroupData.contacts#120], was: [ru.stqa.pft.addressbook.model.GroupData.contacts#120] (uninitialized)
20:08:05.746 [Test worker] DEBUG o.h.engine.internal.Collections - Collection found: [ru.stqa.pft.addressbook.model.GroupData.contacts#122], was: [ru.stqa.pft.addressbook.model.GroupData.contacts#122] (uninitialized)
20:08:05.746 [Test worker] DEBUG o.h.engine.internal.Collections - Collection found: [ru.stqa.pft.addressbook.model.GroupData.contacts#123], was: [ru.stqa.pft.addressbook.model.GroupData.contacts#123] (uninitialized)
20:08:05.746 [Test worker] DEBUG o.h.engine.internal.Collections - Collection found: [ru.stqa.pft.addressbook.model.GroupData.contacts#124], was: [ru.stqa.pft.addressbook.model.GroupData.contacts#124] (uninitialized)
20:08:05.747 [Test worker] DEBUG o.h.engine.internal.Collections - Collection found: [ru.stqa.pft.addressbook.model.GroupData.contacts#125], was: [ru.stqa.pft.addressbook.model.GroupData.contacts#125] (uninitialized)
20:08:05.747 [Test worker] DEBUG o.h.e.i.AbstractFlushingEventListener - Flushed: 0 insertions, 0 updates, 0 deletions to 6 objects
20:08:05.747 [Test worker] DEBUG o.h.e.i.AbstractFlushingEventListener - Flushed: 0 (re)creations, 0 updates, 0 removals to 6 collections
20:08:05.747 [Test worker] DEBUG o.h.internal.util.EntityPrinter - Listing entities:
20:08:05.747 [Test worker] DEBUG o.h.internal.util.EntityPrinter - ru.stqa.pft.addressbook.model.GroupData{footer=new3, name=UyvfTeY, header=new2, id=120, contacts=<uninitialized>}
20:08:05.747 [Test worker] DEBUG o.h.internal.util.EntityPrinter - ru.stqa.pft.addressbook.model.GroupData{footer=new3, name=HsGyE4c, header=new2, id=119, contacts=<uninitialized>}
20:08:05.747 [Test worker] DEBUG o.h.internal.util.EntityPrinter - ru.stqa.pft.addressbook.model.GroupData{footer=test footer 0, name=test name 0, header=test header 0, id=124, contacts=<uninitialized>}
20:08:05.747 [Test worker] DEBUG o.h.internal.util.EntityPrinter - ru.stqa.pft.addressbook.model.GroupData{footer=test footer 1, name=test name 1, header=test header 1, id=125, contacts=<uninitialized>}
20:08:05.747 [Test worker] DEBUG o.h.internal.util.EntityPrinter - ru.stqa.pft.addressbook.model.GroupData{footer=test3, name=test1, header=test2, id=122, contacts=<uninitialized>}
20:08:05.747 [Test worker] DEBUG o.h.internal.util.EntityPrinter - ru.stqa.pft.addressbook.model.GroupData{footer=test footer 2, name=test name 2, header=test header 2, id=123, contacts=<uninitialized>}
20:08:05.748 [Test worker] DEBUG o.h.r.j.i.LogicalConnectionManagedImpl - Initiating JDBC connection release from afterTransaction
20:08:05.748 [Test worker] DEBUG o.h.r.j.i.LogicalConnectionManagedImpl - Initiating JDBC connection release from afterTransaction
20:08:05.749 [Forwarding findElement on session 335235c0d12ef8d11a67a6a8efe4f74a to remote] DEBUG o.a.netty.request.NettyRequestSender - Using pooled Channel '[id: 0x4ab95111, L:/127.0.0.1:53689 - R:localhost/127.0.0.1:49214]' for 'POST' to 'http://localhost:49214/session/335235c0d12ef8d11a67a6a8efe4f74a/element'
20:08:05.749 [Forwarding findElement on session 335235c0d12ef8d11a67a6a8efe4f74a to remote] DEBUG o.a.netty.request.NettyRequestSender - Using open Channel [id: 0x4ab95111, L:/127.0.0.1:53689 - R:localhost/127.0.0.1:49214] for POST '/session/335235c0d12ef8d11a67a6a8efe4f74a/element'
20:08:05.755 [AsyncHttpClient-1-2] DEBUG o.a.netty.handler.HttpHandler - 

Request DefaultHttpRequest(decodeResult: success, version: HTTP/1.1)
POST /session/335235c0d12ef8d11a67a6a8efe4f74a/element HTTP/1.1
User-Agent: selenium/4.1.4 (java windows)
Content-Length: 42
Content-Type: application/json; charset=utf-8
host: localhost:49214
accept: */*

Response DefaultHttpResponse(decodeResult: success, version: HTTP/1.1)
HTTP/1.1 200 OK
Content-Type: application/json; charset=utf-8
cache-control: no-cache
content-length: 88

20:08:05.755 [AsyncHttpClient-1-2] DEBUG o.a.netty.channel.ChannelManager - Adding key: http://localhost:49214 for channel [id: 0x4ab95111, L:/127.0.0.1:53689 - R:localhost/127.0.0.1:49214]
20:08:05.755 [Forwarding findElement on session 335235c0d12ef8d11a67a6a8efe4f74a to remote] DEBUG o.a.netty.request.NettyRequestSender - Using pooled Channel '[id: 0x4ab95111, L:/127.0.0.1:53689 - R:localhost/127.0.0.1:49214]' for 'POST' to 'http://localhost:49214/session/335235c0d12ef8d11a67a6a8efe4f74a/element'
20:08:05.755 [Forwarding findElement on session 335235c0d12ef8d11a67a6a8efe4f74a to remote] DEBUG o.a.netty.request.NettyRequestSender - Using open Channel [id: 0x4ab95111, L:/127.0.0.1:53689 - R:localhost/127.0.0.1:49214] for POST '/session/335235c0d12ef8d11a67a6a8efe4f74a/element'
20:08:05.761 [AsyncHttpClient-1-2] DEBUG o.a.netty.handler.HttpHandler - 

Request DefaultHttpRequest(decodeResult: success, version: HTTP/1.1)
POST /session/335235c0d12ef8d11a67a6a8efe4f74a/element HTTP/1.1
User-Agent: selenium/4.1.4 (java windows)
Content-Length: 42
Content-Type: application/json; charset=utf-8
host: localhost:49214
accept: */*

Response DefaultHttpResponse(decodeResult: success, version: HTTP/1.1)
HTTP/1.1 200 OK
Content-Type: application/json; charset=utf-8
cache-control: no-cache
content-length: 88

20:08:05.761 [AsyncHttpClient-1-2] DEBUG o.a.netty.channel.ChannelManager - Adding key: http://localhost:49214 for channel [id: 0x4ab95111, L:/127.0.0.1:53689 - R:localhost/127.0.0.1:49214]
20:08:05.762 [Forwarding getElementText on session 335235c0d12ef8d11a67a6a8efe4f74a to remote] DEBUG o.a.netty.request.NettyRequestSender - Using pooled Channel '[id: 0x4ab95111, L:/127.0.0.1:53689 - R:localhost/127.0.0.1:49214]' for 'GET' to 'http://localhost:49214/session/335235c0d12ef8d11a67a6a8efe4f74a/element/0840f0c0-3767-4334-b2fa-e012434aca17/text'
20:08:05.762 [Forwarding getElementText on session 335235c0d12ef8d11a67a6a8efe4f74a to remote] DEBUG o.a.netty.request.NettyRequestSender - Using open Channel [id: 0x4ab95111, L:/127.0.0.1:53689 - R:localhost/127.0.0.1:49214] for GET '/session/335235c0d12ef8d11a67a6a8efe4f74a/element/0840f0c0-3767-4334-b2fa-e012434aca17/text'
20:08:05.775 [AsyncHttpClient-1-2] DEBUG o.a.netty.handler.HttpHandler - 

Request DefaultFullHttpRequest(decodeResult: success, version: HTTP/1.1, content: EmptyByteBufBE)
GET /session/335235c0d12ef8d11a67a6a8efe4f74a/element/0840f0c0-3767-4334-b2fa-e012434aca17/text HTTP/1.1
User-Agent: selenium/4.1.4 (java windows)
Cache-Control: no-cache
Content-Type: application/json; charset=utf-8
host: localhost:49214
accept: */*

Response DefaultHttpResponse(decodeResult: success, version: HTTP/1.1)
HTTP/1.1 200 OK
Content-Type: application/json; charset=utf-8
cache-control: no-cache
content-length: 12

20:08:05.775 [AsyncHttpClient-1-2] DEBUG o.a.netty.channel.ChannelManager - Adding key: http://localhost:49214 for channel [id: 0x4ab95111, L:/127.0.0.1:53689 - R:localhost/127.0.0.1:49214]
20:08:05.776 [Forwarding findElement on session 335235c0d12ef8d11a67a6a8efe4f74a to remote] DEBUG o.a.netty.request.NettyRequestSender - Using pooled Channel '[id: 0x4ab95111, L:/127.0.0.1:53689 - R:localhost/127.0.0.1:49214]' for 'POST' to 'http://localhost:49214/session/335235c0d12ef8d11a67a6a8efe4f74a/element'
20:08:05.776 [Forwarding findElement on session 335235c0d12ef8d11a67a6a8efe4f74a to remote] DEBUG o.a.netty.request.NettyRequestSender - Using open Channel [id: 0x4ab95111, L:/127.0.0.1:53689 - R:localhost/127.0.0.1:49214] for POST '/session/335235c0d12ef8d11a67a6a8efe4f74a/element'
20:08:05.783 [AsyncHttpClient-1-2] DEBUG o.a.netty.handler.HttpHandler - 

Request DefaultHttpRequest(decodeResult: success, version: HTTP/1.1)
POST /session/335235c0d12ef8d11a67a6a8efe4f74a/element HTTP/1.1
User-Agent: selenium/4.1.4 (java windows)
Content-Length: 47
Content-Type: application/json; charset=utf-8
host: localhost:49214
accept: */*

Response DefaultHttpResponse(decodeResult: success, version: HTTP/1.1)
HTTP/1.1 200 OK
Content-Type: application/json; charset=utf-8
cache-control: no-cache
content-length: 88

20:08:05.784 [AsyncHttpClient-1-2] DEBUG o.a.netty.channel.ChannelManager - Adding key: http://localhost:49214 for channel [id: 0x4ab95111, L:/127.0.0.1:53689 - R:localhost/127.0.0.1:49214]
20:08:05.784 [Forwarding clickElement on session 335235c0d12ef8d11a67a6a8efe4f74a to remote] DEBUG o.a.netty.request.NettyRequestSender - Using pooled Channel '[id: 0x4ab95111, L:/127.0.0.1:53689 - R:localhost/127.0.0.1:49214]' for 'POST' to 'http://localhost:49214/session/335235c0d12ef8d11a67a6a8efe4f74a/element/16ccba78-e36a-4888-b53f-cdefcae4739f/click'
20:08:05.784 [Forwarding clickElement on session 335235c0d12ef8d11a67a6a8efe4f74a to remote] DEBUG o.a.netty.request.NettyRequestSender - Using open Channel [id: 0x4ab95111, L:/127.0.0.1:53689 - R:localhost/127.0.0.1:49214] for POST '/session/335235c0d12ef8d11a67a6a8efe4f74a/element/16ccba78-e36a-4888-b53f-cdefcae4739f/click'
20:08:05.904 [AsyncHttpClient-1-2] DEBUG o.a.netty.handler.HttpHandler - 

Request DefaultHttpRequest(decodeResult: success, version: HTTP/1.1)
POST /session/335235c0d12ef8d11a67a6a8efe4f74a/element/16ccba78-e36a-4888-b53f-cdefcae4739f/click HTTP/1.1
User-Agent: selenium/4.1.4 (java windows)
Content-Length: 50
Content-Type: application/json; charset=utf-8
host: localhost:49214
accept: */*

Response DefaultHttpResponse(decodeResult: success, version: HTTP/1.1)
HTTP/1.1 200 OK
Content-Type: application/json; charset=utf-8
cache-control: no-cache
content-length: 14

20:08:05.905 [AsyncHttpClient-1-2] DEBUG o.a.netty.channel.ChannelManager - Adding key: http://localhost:49214 for channel [id: 0x4ab95111, L:/127.0.0.1:53689 - R:localhost/127.0.0.1:49214]
20:08:05.905 [Test worker] DEBUG o.h.e.t.internal.TransactionImpl - On TransactionImpl creation, JpaCompliance#isJpaTransactionComplianceEnabled == false
20:08:05.905 [Test worker] DEBUG o.h.e.t.internal.TransactionImpl - begin
20:08:05.906 [Test worker] DEBUG org.hibernate.SQL - select groupdata0_.group_id as group_id1_2_, groupdata0_.group_footer as group_fo2_2_, groupdata0_.group_header as group_he3_2_, groupdata0_.group_name as group_na4_2_ from group_list groupdata0_
Hibernate: select groupdata0_.group_id as group_id1_2_, groupdata0_.group_footer as group_fo2_2_, groupdata0_.group_header as group_he3_2_, groupdata0_.group_name as group_na4_2_ from group_list groupdata0_
20:08:05.906 [Test worker] DEBUG org.hibernate.loader.Loader - Result set row: 0
20:08:05.906 [Test worker] DEBUG org.hibernate.loader.Loader - Result row: EntityKey[ru.stqa.pft.addressbook.model.GroupData#119]
20:08:05.906 [Test worker] DEBUG org.hibernate.loader.Loader - Result set row: 1
20:08:05.906 [Test worker] DEBUG org.hibernate.loader.Loader - Result row: EntityKey[ru.stqa.pft.addressbook.model.GroupData#120]
20:08:05.906 [Test worker] DEBUG org.hibernate.loader.Loader - Result set row: 2
20:08:05.906 [Test worker] DEBUG org.hibernate.loader.Loader - Result row: EntityKey[ru.stqa.pft.addressbook.model.GroupData#122]
20:08:05.907 [Test worker] DEBUG org.hibernate.loader.Loader - Result set row: 3
20:08:05.907 [Test worker] DEBUG org.hibernate.loader.Loader - Result row: EntityKey[ru.stqa.pft.addressbook.model.GroupData#123]
20:08:05.907 [Test worker] DEBUG org.hibernate.loader.Loader - Result set row: 4
20:08:05.907 [Test worker] DEBUG org.hibernate.loader.Loader - Result row: EntityKey[ru.stqa.pft.addressbook.model.GroupData#124]
20:08:05.907 [Test worker] DEBUG org.hibernate.loader.Loader - Result set row: 5
20:08:05.907 [Test worker] DEBUG org.hibernate.loader.Loader - Result row: EntityKey[ru.stqa.pft.addressbook.model.GroupData#125]
20:08:05.907 [Test worker] DEBUG o.h.engine.internal.TwoPhaseLoad - Resolving attributes for [ru.stqa.pft.addressbook.model.GroupData#119]
20:08:05.907 [Test worker] DEBUG o.h.engine.internal.TwoPhaseLoad - Processing attribute `contacts` : value = NOT NULL COLLECTION
20:08:05.907 [Test worker] DEBUG o.h.engine.internal.TwoPhaseLoad - Attribute (`contacts`)  - enhanced for lazy-loading? - false
20:08:05.907 [Test worker] DEBUG o.h.engine.internal.TwoPhaseLoad - Processing attribute `footer` : value = new3
20:08:05.907 [Test worker] DEBUG o.h.engine.internal.TwoPhaseLoad - Attribute (`footer`)  - enhanced for lazy-loading? - false
20:08:05.907 [Test worker] DEBUG o.h.engine.internal.TwoPhaseLoad - Processing attribute `header` : value = new2
20:08:05.907 [Test worker] DEBUG o.h.engine.internal.TwoPhaseLoad - Attribute (`header`)  - enhanced for lazy-loading? - false
20:08:05.907 [Test worker] DEBUG o.h.engine.internal.TwoPhaseLoad - Processing attribute `name` : value = HsGyE4c
20:08:05.907 [Test worker] DEBUG o.h.engine.internal.TwoPhaseLoad - Attribute (`name`)  - enhanced for lazy-loading? - false
20:08:05.907 [Test worker] DEBUG o.h.engine.internal.TwoPhaseLoad - Done materializing entity [ru.stqa.pft.addressbook.model.GroupData#119]
20:08:05.907 [Test worker] DEBUG o.h.engine.internal.TwoPhaseLoad - Resolving attributes for [ru.stqa.pft.addressbook.model.GroupData#120]
20:08:05.907 [Test worker] DEBUG o.h.engine.internal.TwoPhaseLoad - Processing attribute `contacts` : value = NOT NULL COLLECTION
20:08:05.907 [Test worker] DEBUG o.h.engine.internal.TwoPhaseLoad - Attribute (`contacts`)  - enhanced for lazy-loading? - false
20:08:05.907 [Test worker] DEBUG o.h.engine.internal.TwoPhaseLoad - Processing attribute `footer` : value = new3
20:08:05.907 [Test worker] DEBUG o.h.engine.internal.TwoPhaseLoad - Attribute (`footer`)  - enhanced for lazy-loading? - false
20:08:05.907 [Test worker] DEBUG o.h.engine.internal.TwoPhaseLoad - Processing attribute `header` : value = new2
20:08:05.907 [Test worker] DEBUG o.h.engine.internal.TwoPhaseLoad - Attribute (`header`)  - enhanced for lazy-loading? - false
20:08:05.907 [Test worker] DEBUG o.h.engine.internal.TwoPhaseLoad - Processing attribute `name` : value = UyvfTeY
20:08:05.907 [Test worker] DEBUG o.h.engine.internal.TwoPhaseLoad - Attribute (`name`)  - enhanced for lazy-loading? - false
20:08:05.907 [Test worker] DEBUG o.h.engine.internal.TwoPhaseLoad - Done materializing entity [ru.stqa.pft.addressbook.model.GroupData#120]
20:08:05.907 [Test worker] DEBUG o.h.engine.internal.TwoPhaseLoad - Resolving attributes for [ru.stqa.pft.addressbook.model.GroupData#122]
20:08:05.907 [Test worker] DEBUG o.h.engine.internal.TwoPhaseLoad - Processing attribute `contacts` : value = NOT NULL COLLECTION
20:08:05.907 [Test worker] DEBUG o.h.engine.internal.TwoPhaseLoad - Attribute (`contacts`)  - enhanced for lazy-loading? - false
20:08:05.907 [Test worker] DEBUG o.h.engine.internal.TwoPhaseLoad - Processing attribute `footer` : value = test3
20:08:05.907 [Test worker] DEBUG o.h.engine.internal.TwoPhaseLoad - Attribute (`footer`)  - enhanced for lazy-loading? - false
20:08:05.907 [Test worker] DEBUG o.h.engine.internal.TwoPhaseLoad - Processing attribute `header` : value = test2
20:08:05.907 [Test worker] DEBUG o.h.engine.internal.TwoPhaseLoad - Attribute (`header`)  - enhanced for lazy-loading? - false
20:08:05.907 [Test worker] DEBUG o.h.engine.internal.TwoPhaseLoad - Processing attribute `name` : value = test1
20:08:05.907 [Test worker] DEBUG o.h.engine.internal.TwoPhaseLoad - Attribute (`name`)  - enhanced for lazy-loading? - false
20:08:05.907 [Test worker] DEBUG o.h.engine.internal.TwoPhaseLoad - Done materializing entity [ru.stqa.pft.addressbook.model.GroupData#122]
20:08:05.907 [Test worker] DEBUG o.h.engine.internal.TwoPhaseLoad - Resolving attributes for [ru.stqa.pft.addressbook.model.GroupData#123]
20:08:05.907 [Test worker] DEBUG o.h.engine.internal.TwoPhaseLoad - Processing attribute `contacts` : value = NOT NULL COLLECTION
20:08:05.907 [Test worker] DEBUG o.h.engine.internal.TwoPhaseLoad - Attribute (`contacts`)  - enhanced for lazy-loading? - false
20:08:05.907 [Test worker] DEBUG o.h.engine.internal.TwoPhaseLoad - Processing attribute `footer` : value = test footer 2
20:08:05.907 [Test worker] DEBUG o.h.engine.internal.TwoPhaseLoad - Attribute (`footer`)  - enhanced for lazy-loading? - false
20:08:05.907 [Test worker] DEBUG o.h.engine.internal.TwoPhaseLoad - Processing attribute `header` : value = test header 2
20:08:05.907 [Test worker] DEBUG o.h.engine.internal.TwoPhaseLoad - Attribute (`header`)  - enhanced for lazy-loading? - false
20:08:05.907 [Test worker] DEBUG o.h.engine.internal.TwoPhaseLoad - Processing attribute `name` : value = test name 2
20:08:05.907 [Test worker] DEBUG o.h.engine.internal.TwoPhaseLoad - Attribute (`name`)  - enhanced for lazy-loading? - false
20:08:05.907 [Test worker] DEBUG o.h.engine.internal.TwoPhaseLoad - Done materializing entity [ru.stqa.pft.addressbook.model.GroupData#123]
20:08:05.907 [Test worker] DEBUG o.h.engine.internal.TwoPhaseLoad - Resolving attributes for [ru.stqa.pft.addressbook.model.GroupData#124]
20:08:05.907 [Test worker] DEBUG o.h.engine.internal.TwoPhaseLoad - Processing attribute `contacts` : value = NOT NULL COLLECTION
20:08:05.907 [Test worker] DEBUG o.h.engine.internal.TwoPhaseLoad - Attribute (`contacts`)  - enhanced for lazy-loading? - false
20:08:05.907 [Test worker] DEBUG o.h.engine.internal.TwoPhaseLoad - Processing attribute `footer` : value = test footer 0
20:08:05.907 [Test worker] DEBUG o.h.engine.internal.TwoPhaseLoad - Attribute (`footer`)  - enhanced for lazy-loading? - false
20:08:05.907 [Test worker] DEBUG o.h.engine.internal.TwoPhaseLoad - Processing attribute `header` : value = test header 0
20:08:05.907 [Test worker] DEBUG o.h.engine.internal.TwoPhaseLoad - Attribute (`header`)  - enhanced for lazy-loading? - false
20:08:05.908 [Test worker] DEBUG o.h.engine.internal.TwoPhaseLoad - Processing attribute `name` : value = test name 0
20:08:05.908 [Test worker] DEBUG o.h.engine.internal.TwoPhaseLoad - Attribute (`name`)  - enhanced for lazy-loading? - false
20:08:05.908 [Test worker] DEBUG o.h.engine.internal.TwoPhaseLoad - Done materializing entity [ru.stqa.pft.addressbook.model.GroupData#124]
20:08:05.908 [Test worker] DEBUG o.h.engine.internal.TwoPhaseLoad - Resolving attributes for [ru.stqa.pft.addressbook.model.GroupData#125]
20:08:05.908 [Test worker] DEBUG o.h.engine.internal.TwoPhaseLoad - Processing attribute `contacts` : value = NOT NULL COLLECTION
20:08:05.908 [Test worker] DEBUG o.h.engine.internal.TwoPhaseLoad - Attribute (`contacts`)  - enhanced for lazy-loading? - false
20:08:05.908 [Test worker] DEBUG o.h.engine.internal.TwoPhaseLoad - Processing attribute `footer` : value = test footer 1
20:08:05.908 [Test worker] DEBUG o.h.engine.internal.TwoPhaseLoad - Attribute (`footer`)  - enhanced for lazy-loading? - false
20:08:05.908 [Test worker] DEBUG o.h.engine.internal.TwoPhaseLoad - Processing attribute `header` : value = test header 1
20:08:05.908 [Test worker] DEBUG o.h.engine.internal.TwoPhaseLoad - Attribute (`header`)  - enhanced for lazy-loading? - false
20:08:05.908 [Test worker] DEBUG o.h.engine.internal.TwoPhaseLoad - Processing attribute `name` : value = test name 1
20:08:05.908 [Test worker] DEBUG o.h.engine.internal.TwoPhaseLoad - Attribute (`name`)  - enhanced for lazy-loading? - false
20:08:05.908 [Test worker] DEBUG o.h.engine.internal.TwoPhaseLoad - Done materializing entity [ru.stqa.pft.addressbook.model.GroupData#125]
20:08:05.908 [Test worker] DEBUG o.h.e.t.internal.TransactionImpl - committing
20:08:05.908 [Test worker] DEBUG o.h.e.i.AbstractFlushingEventListener - Processing flush-time cascades
20:08:05.908 [Test worker] DEBUG o.h.e.i.AbstractFlushingEventListener - Dirty checking collections
20:08:05.908 [Test worker] DEBUG o.h.engine.internal.Collections - Collection found: [ru.stqa.pft.addressbook.model.GroupData.contacts#119], was: [ru.stqa.pft.addressbook.model.GroupData.contacts#119] (uninitialized)
20:08:05.908 [Test worker] DEBUG o.h.engine.internal.Collections - Collection found: [ru.stqa.pft.addressbook.model.GroupData.contacts#120], was: [ru.stqa.pft.addressbook.model.GroupData.contacts#120] (uninitialized)
20:08:05.908 [Test worker] DEBUG o.h.engine.internal.Collections - Collection found: [ru.stqa.pft.addressbook.model.GroupData.contacts#122], was: [ru.stqa.pft.addressbook.model.GroupData.contacts#122] (uninitialized)
20:08:05.908 [Test worker] DEBUG o.h.engine.internal.Collections - Collection found: [ru.stqa.pft.addressbook.model.GroupData.contacts#123], was: [ru.stqa.pft.addressbook.model.GroupData.contacts#123] (uninitialized)
20:08:05.908 [Test worker] DEBUG o.h.engine.internal.Collections - Collection found: [ru.stqa.pft.addressbook.model.GroupData.contacts#124], was: [ru.stqa.pft.addressbook.model.GroupData.contacts#124] (uninitialized)
20:08:05.908 [Test worker] DEBUG o.h.engine.internal.Collections - Collection found: [ru.stqa.pft.addressbook.model.GroupData.contacts#125], was: [ru.stqa.pft.addressbook.model.GroupData.contacts#125] (uninitialized)
20:08:05.908 [Test worker] DEBUG o.h.e.i.AbstractFlushingEventListener - Flushed: 0 insertions, 0 updates, 0 deletions to 6 objects
20:08:05.908 [Test worker] DEBUG o.h.e.i.AbstractFlushingEventListener - Flushed: 0 (re)creations, 0 updates, 0 removals to 6 collections
20:08:05.908 [Test worker] DEBUG o.h.internal.util.EntityPrinter - Listing entities:
20:08:05.908 [Test worker] DEBUG o.h.internal.util.EntityPrinter - ru.stqa.pft.addressbook.model.GroupData{footer=new3, name=UyvfTeY, header=new2, id=120, contacts=<uninitialized>}
20:08:05.909 [Test worker] DEBUG o.h.internal.util.EntityPrinter - ru.stqa.pft.addressbook.model.GroupData{footer=new3, name=HsGyE4c, header=new2, id=119, contacts=<uninitialized>}
20:08:05.909 [Test worker] DEBUG o.h.internal.util.EntityPrinter - ru.stqa.pft.addressbook.model.GroupData{footer=test footer 0, name=test name 0, header=test header 0, id=124, contacts=<uninitialized>}
20:08:05.909 [Test worker] DEBUG o.h.internal.util.EntityPrinter - ru.stqa.pft.addressbook.model.GroupData{footer=test footer 1, name=test name 1, header=test header 1, id=125, contacts=<uninitialized>}
20:08:05.909 [Test worker] DEBUG o.h.internal.util.EntityPrinter - ru.stqa.pft.addressbook.model.GroupData{footer=test3, name=test1, header=test2, id=122, contacts=<uninitialized>}
20:08:05.909 [Test worker] DEBUG o.h.internal.util.EntityPrinter - ru.stqa.pft.addressbook.model.GroupData{footer=test footer 2, name=test name 2, header=test header 2, id=123, contacts=<uninitialized>}
20:08:05.909 [Test worker] DEBUG o.h.r.j.i.LogicalConnectionManagedImpl - Initiating JDBC connection release from afterTransaction
20:08:05.910 [Test worker] DEBUG o.h.r.j.i.LogicalConnectionManagedImpl - Initiating JDBC connection release from afterTransaction
20:08:05.911 [Forwarding findElement on session 335235c0d12ef8d11a67a6a8efe4f74a to remote] DEBUG o.a.netty.request.NettyRequestSender - Using pooled Channel '[id: 0x4ab95111, L:/127.0.0.1:53689 - R:localhost/127.0.0.1:49214]' for 'POST' to 'http://localhost:49214/session/335235c0d12ef8d11a67a6a8efe4f74a/element'
20:08:05.911 [Forwarding findElement on session 335235c0d12ef8d11a67a6a8efe4f74a to remote] DEBUG o.a.netty.request.NettyRequestSender - Using open Channel [id: 0x4ab95111, L:/127.0.0.1:53689 - R:localhost/127.0.0.1:49214] for POST '/session/335235c0d12ef8d11a67a6a8efe4f74a/element'
20:08:05.917 [AsyncHttpClient-1-2] DEBUG o.a.netty.handler.HttpHandler - 

Request DefaultHttpRequest(decodeResult: success, version: HTTP/1.1)
POST /session/335235c0d12ef8d11a67a6a8efe4f74a/element HTTP/1.1
User-Agent: selenium/4.1.4 (java windows)
Content-Length: 57
Content-Type: application/json; charset=utf-8
host: localhost:49214
accept: */*

Response DefaultHttpResponse(decodeResult: success, version: HTTP/1.1)
HTTP/1.1 200 OK
Content-Type: application/json; charset=utf-8
cache-control: no-cache
content-length: 88

20:08:05.917 [AsyncHttpClient-1-2] DEBUG o.a.netty.channel.ChannelManager - Adding key: http://localhost:49214 for channel [id: 0x4ab95111, L:/127.0.0.1:53689 - R:localhost/127.0.0.1:49214]
20:08:05.918 [Forwarding clickElement on session 335235c0d12ef8d11a67a6a8efe4f74a to remote] DEBUG o.a.netty.request.NettyRequestSender - Using pooled Channel '[id: 0x4ab95111, L:/127.0.0.1:53689 - R:localhost/127.0.0.1:49214]' for 'POST' to 'http://localhost:49214/session/335235c0d12ef8d11a67a6a8efe4f74a/element/f03191d3-cc50-48c2-8650-336b5a35bb62/click'
20:08:05.918 [Forwarding clickElement on session 335235c0d12ef8d11a67a6a8efe4f74a to remote] DEBUG o.a.netty.request.NettyRequestSender - Using open Channel [id: 0x4ab95111, L:/127.0.0.1:53689 - R:localhost/127.0.0.1:49214] for POST '/session/335235c0d12ef8d11a67a6a8efe4f74a/element/f03191d3-cc50-48c2-8650-336b5a35bb62/click'
20:08:06.039 [AsyncHttpClient-1-2] DEBUG o.a.netty.handler.HttpHandler - 

Request DefaultHttpRequest(decodeResult: success, version: HTTP/1.1)
POST /session/335235c0d12ef8d11a67a6a8efe4f74a/element/f03191d3-cc50-48c2-8650-336b5a35bb62/click HTTP/1.1
User-Agent: selenium/4.1.4 (java windows)
Content-Length: 50
Content-Type: application/json; charset=utf-8
host: localhost:49214
accept: */*

Response DefaultHttpResponse(decodeResult: success, version: HTTP/1.1)
HTTP/1.1 200 OK
Content-Type: application/json; charset=utf-8
cache-control: no-cache
content-length: 14

20:08:06.039 [AsyncHttpClient-1-2] DEBUG o.a.netty.channel.ChannelManager - Adding key: http://localhost:49214 for channel [id: 0x4ab95111, L:/127.0.0.1:53689 - R:localhost/127.0.0.1:49214]
20:08:06.039 [Forwarding findElement on session 335235c0d12ef8d11a67a6a8efe4f74a to remote] DEBUG o.a.netty.request.NettyRequestSender - Using pooled Channel '[id: 0x4ab95111, L:/127.0.0.1:53689 - R:localhost/127.0.0.1:49214]' for 'POST' to 'http://localhost:49214/session/335235c0d12ef8d11a67a6a8efe4f74a/element'
20:08:06.039 [Forwarding findElement on session 335235c0d12ef8d11a67a6a8efe4f74a to remote] DEBUG o.a.netty.request.NettyRequestSender - Using open Channel [id: 0x4ab95111, L:/127.0.0.1:53689 - R:localhost/127.0.0.1:49214] for POST '/session/335235c0d12ef8d11a67a6a8efe4f74a/element'
20:08:06.047 [AsyncHttpClient-1-2] DEBUG o.a.netty.handler.HttpHandler - 

Request DefaultHttpRequest(decodeResult: success, version: HTTP/1.1)
POST /session/335235c0d12ef8d11a67a6a8efe4f74a/element HTTP/1.1
User-Agent: selenium/4.1.4 (java windows)
Content-Length: 64
Content-Type: application/json; charset=utf-8
host: localhost:49214
accept: */*

Response DefaultHttpResponse(decodeResult: success, version: HTTP/1.1)
HTTP/1.1 200 OK
Content-Type: application/json; charset=utf-8
cache-control: no-cache
content-length: 88

20:08:06.047 [AsyncHttpClient-1-2] DEBUG o.a.netty.channel.ChannelManager - Adding key: http://localhost:49214 for channel [id: 0x4ab95111, L:/127.0.0.1:53689 - R:localhost/127.0.0.1:49214]
20:08:06.049 [Forwarding clickElement on session 335235c0d12ef8d11a67a6a8efe4f74a to remote] DEBUG o.a.netty.request.NettyRequestSender - Using pooled Channel '[id: 0x4ab95111, L:/127.0.0.1:53689 - R:localhost/127.0.0.1:49214]' for 'POST' to 'http://localhost:49214/session/335235c0d12ef8d11a67a6a8efe4f74a/element/af82690d-19d4-45ff-8b39-d81633e15e43/click'
20:08:06.049 [Forwarding clickElement on session 335235c0d12ef8d11a67a6a8efe4f74a to remote] DEBUG o.a.netty.request.NettyRequestSender - Using open Channel [id: 0x4ab95111, L:/127.0.0.1:53689 - R:localhost/127.0.0.1:49214] for POST '/session/335235c0d12ef8d11a67a6a8efe4f74a/element/af82690d-19d4-45ff-8b39-d81633e15e43/click'
20:08:06.081 [AsyncHttpClient-1-2] DEBUG o.a.netty.handler.HttpHandler - 

Request DefaultHttpRequest(decodeResult: success, version: HTTP/1.1)
POST /session/335235c0d12ef8d11a67a6a8efe4f74a/element/af82690d-19d4-45ff-8b39-d81633e15e43/click HTTP/1.1
User-Agent: selenium/4.1.4 (java windows)
Content-Length: 50
Content-Type: application/json; charset=utf-8
host: localhost:49214
accept: */*

Response DefaultHttpResponse(decodeResult: success, version: HTTP/1.1)
HTTP/1.1 200 OK
Content-Type: application/json; charset=utf-8
cache-control: no-cache
content-length: 14

20:08:06.081 [AsyncHttpClient-1-2] DEBUG o.a.netty.channel.ChannelManager - Adding key: http://localhost:49214 for channel [id: 0x4ab95111, L:/127.0.0.1:53689 - R:localhost/127.0.0.1:49214]
20:08:06.083 [Forwarding findElement on session 335235c0d12ef8d11a67a6a8efe4f74a to remote] DEBUG o.a.netty.request.NettyRequestSender - Using pooled Channel '[id: 0x4ab95111, L:/127.0.0.1:53689 - R:localhost/127.0.0.1:49214]' for 'POST' to 'http://localhost:49214/session/335235c0d12ef8d11a67a6a8efe4f74a/element'
20:08:06.083 [Forwarding findElement on session 335235c0d12ef8d11a67a6a8efe4f74a to remote] DEBUG o.a.netty.request.NettyRequestSender - Using open Channel [id: 0x4ab95111, L:/127.0.0.1:53689 - R:localhost/127.0.0.1:49214] for POST '/session/335235c0d12ef8d11a67a6a8efe4f74a/element'
20:08:06.085 [AsyncHttpClient-1-1] DEBUG o.a.netty.channel.DefaultChannelPool - Entry count for : http://localhost:53690 : 1
20:08:06.089 [AsyncHttpClient-1-2] DEBUG o.a.netty.handler.HttpHandler - 

Request DefaultHttpRequest(decodeResult: success, version: HTTP/1.1)
POST /session/335235c0d12ef8d11a67a6a8efe4f74a/element HTTP/1.1
User-Agent: selenium/4.1.4 (java windows)
Content-Length: 64
Content-Type: application/json; charset=utf-8
host: localhost:49214
accept: */*

Response DefaultHttpResponse(decodeResult: success, version: HTTP/1.1)
HTTP/1.1 200 OK
Content-Type: application/json; charset=utf-8
cache-control: no-cache
content-length: 88

20:08:06.089 [AsyncHttpClient-1-2] DEBUG o.a.netty.channel.ChannelManager - Adding key: http://localhost:49214 for channel [id: 0x4ab95111, L:/127.0.0.1:53689 - R:localhost/127.0.0.1:49214]
20:08:06.093 [Forwarding getElementAttribute on session 335235c0d12ef8d11a67a6a8efe4f74a to remote] DEBUG o.a.netty.request.NettyRequestSender - Using pooled Channel '[id: 0x4ab95111, L:/127.0.0.1:53689 - R:localhost/127.0.0.1:49214]' for 'POST' to 'http://localhost:49214/session/335235c0d12ef8d11a67a6a8efe4f74a/execute/sync'
20:08:06.093 [Forwarding getElementAttribute on session 335235c0d12ef8d11a67a6a8efe4f74a to remote] DEBUG o.a.netty.request.NettyRequestSender - Using open Channel [id: 0x4ab95111, L:/127.0.0.1:53689 - R:localhost/127.0.0.1:49214] for POST '/session/335235c0d12ef8d11a67a6a8efe4f74a/execute/sync'
20:08:06.102 [AsyncHttpClient-1-2] DEBUG o.a.netty.handler.HttpHandler - 

Request DefaultHttpRequest(decodeResult: success, version: HTTP/1.1)
POST /session/335235c0d12ef8d11a67a6a8efe4f74a/execute/sync HTTP/1.1
User-Agent: selenium/4.1.4 (java windows)
Content-Length: 47340
Content-Type: application/json; charset=utf-8
host: localhost:49214
accept: */*

Response DefaultHttpResponse(decodeResult: success, version: HTTP/1.1)
HTTP/1.1 200 OK
Content-Type: application/json; charset=utf-8
cache-control: no-cache
content-length: 12

20:08:06.102 [AsyncHttpClient-1-2] DEBUG o.a.netty.channel.ChannelManager - Adding key: http://localhost:49214 for channel [id: 0x4ab95111, L:/127.0.0.1:53689 - R:localhost/127.0.0.1:49214]
20:08:06.103 [Forwarding findElement on session 335235c0d12ef8d11a67a6a8efe4f74a to remote] DEBUG o.a.netty.request.NettyRequestSender - Using pooled Channel '[id: 0x4ab95111, L:/127.0.0.1:53689 - R:localhost/127.0.0.1:49214]' for 'POST' to 'http://localhost:49214/session/335235c0d12ef8d11a67a6a8efe4f74a/element'
20:08:06.103 [Forwarding findElement on session 335235c0d12ef8d11a67a6a8efe4f74a to remote] DEBUG o.a.netty.request.NettyRequestSender - Using open Channel [id: 0x4ab95111, L:/127.0.0.1:53689 - R:localhost/127.0.0.1:49214] for POST '/session/335235c0d12ef8d11a67a6a8efe4f74a/element'
20:08:06.108 [AsyncHttpClient-1-2] DEBUG o.a.netty.handler.HttpHandler - 

Request DefaultHttpRequest(decodeResult: success, version: HTTP/1.1)
POST /session/335235c0d12ef8d11a67a6a8efe4f74a/element HTTP/1.1
User-Agent: selenium/4.1.4 (java windows)
Content-Length: 64
Content-Type: application/json; charset=utf-8
host: localhost:49214
accept: */*

Response DefaultHttpResponse(decodeResult: success, version: HTTP/1.1)
HTTP/1.1 200 OK
Content-Type: application/json; charset=utf-8
cache-control: no-cache
content-length: 88

20:08:06.108 [AsyncHttpClient-1-2] DEBUG o.a.netty.channel.ChannelManager - Adding key: http://localhost:49214 for channel [id: 0x4ab95111, L:/127.0.0.1:53689 - R:localhost/127.0.0.1:49214]
20:08:06.109 [Forwarding clearElement on session 335235c0d12ef8d11a67a6a8efe4f74a to remote] DEBUG o.a.netty.request.NettyRequestSender - Using pooled Channel '[id: 0x4ab95111, L:/127.0.0.1:53689 - R:localhost/127.0.0.1:49214]' for 'POST' to 'http://localhost:49214/session/335235c0d12ef8d11a67a6a8efe4f74a/element/af82690d-19d4-45ff-8b39-d81633e15e43/clear'
20:08:06.109 [Forwarding clearElement on session 335235c0d12ef8d11a67a6a8efe4f74a to remote] DEBUG o.a.netty.request.NettyRequestSender - Using open Channel [id: 0x4ab95111, L:/127.0.0.1:53689 - R:localhost/127.0.0.1:49214] for POST '/session/335235c0d12ef8d11a67a6a8efe4f74a/element/af82690d-19d4-45ff-8b39-d81633e15e43/clear'
20:08:06.127 [AsyncHttpClient-1-2] DEBUG o.a.netty.handler.HttpHandler - 

Request DefaultHttpRequest(decodeResult: success, version: HTTP/1.1)
POST /session/335235c0d12ef8d11a67a6a8efe4f74a/element/af82690d-19d4-45ff-8b39-d81633e15e43/clear HTTP/1.1
User-Agent: selenium/4.1.4 (java windows)
Content-Length: 50
Content-Type: application/json; charset=utf-8
host: localhost:49214
accept: */*

Response DefaultHttpResponse(decodeResult: success, version: HTTP/1.1)
HTTP/1.1 200 OK
Content-Type: application/json; charset=utf-8
cache-control: no-cache
content-length: 14

20:08:06.127 [AsyncHttpClient-1-2] DEBUG o.a.netty.channel.ChannelManager - Adding key: http://localhost:49214 for channel [id: 0x4ab95111, L:/127.0.0.1:53689 - R:localhost/127.0.0.1:49214]
20:08:06.128 [Forwarding findElement on session 335235c0d12ef8d11a67a6a8efe4f74a to remote] DEBUG o.a.netty.request.NettyRequestSender - Using pooled Channel '[id: 0x4ab95111, L:/127.0.0.1:53689 - R:localhost/127.0.0.1:49214]' for 'POST' to 'http://localhost:49214/session/335235c0d12ef8d11a67a6a8efe4f74a/element'
20:08:06.128 [Forwarding findElement on session 335235c0d12ef8d11a67a6a8efe4f74a to remote] DEBUG o.a.netty.request.NettyRequestSender - Using open Channel [id: 0x4ab95111, L:/127.0.0.1:53689 - R:localhost/127.0.0.1:49214] for POST '/session/335235c0d12ef8d11a67a6a8efe4f74a/element'
20:08:06.133 [AsyncHttpClient-1-2] DEBUG o.a.netty.handler.HttpHandler - 

Request DefaultHttpRequest(decodeResult: success, version: HTTP/1.1)
POST /session/335235c0d12ef8d11a67a6a8efe4f74a/element HTTP/1.1
User-Agent: selenium/4.1.4 (java windows)
Content-Length: 64
Content-Type: application/json; charset=utf-8
host: localhost:49214
accept: */*

Response DefaultHttpResponse(decodeResult: success, version: HTTP/1.1)
HTTP/1.1 200 OK
Content-Type: application/json; charset=utf-8
cache-control: no-cache
content-length: 88

20:08:06.133 [AsyncHttpClient-1-2] DEBUG o.a.netty.channel.ChannelManager - Adding key: http://localhost:49214 for channel [id: 0x4ab95111, L:/127.0.0.1:53689 - R:localhost/127.0.0.1:49214]
20:08:06.134 [Forwarding sendKeysToElement on session 335235c0d12ef8d11a67a6a8efe4f74a to remote] DEBUG o.a.netty.request.NettyRequestSender - Using pooled Channel '[id: 0x4ab95111, L:/127.0.0.1:53689 - R:localhost/127.0.0.1:49214]' for 'POST' to 'http://localhost:49214/session/335235c0d12ef8d11a67a6a8efe4f74a/element/af82690d-19d4-45ff-8b39-d81633e15e43/value'
20:08:06.134 [Forwarding sendKeysToElement on session 335235c0d12ef8d11a67a6a8efe4f74a to remote] DEBUG o.a.netty.request.NettyRequestSender - Using open Channel [id: 0x4ab95111, L:/127.0.0.1:53689 - R:localhost/127.0.0.1:49214] for POST '/session/335235c0d12ef8d11a67a6a8efe4f74a/element/af82690d-19d4-45ff-8b39-d81633e15e43/value'
20:08:06.154 [AsyncHttpClient-1-2] DEBUG o.a.netty.handler.HttpHandler - 

Request DefaultHttpRequest(decodeResult: success, version: HTTP/1.1)
POST /session/335235c0d12ef8d11a67a6a8efe4f74a/element/af82690d-19d4-45ff-8b39-d81633e15e43/value HTTP/1.1
User-Agent: selenium/4.1.4 (java windows)
Content-Length: 191
Content-Type: application/json; charset=utf-8
host: localhost:49214
accept: */*

Response DefaultHttpResponse(decodeResult: success, version: HTTP/1.1)
HTTP/1.1 200 OK
Content-Type: application/json; charset=utf-8
cache-control: no-cache
content-length: 14

20:08:06.154 [AsyncHttpClient-1-2] DEBUG o.a.netty.channel.ChannelManager - Adding key: http://localhost:49214 for channel [id: 0x4ab95111, L:/127.0.0.1:53689 - R:localhost/127.0.0.1:49214]
20:08:06.155 [Forwarding findElement on session 335235c0d12ef8d11a67a6a8efe4f74a to remote] DEBUG o.a.netty.request.NettyRequestSender - Using pooled Channel '[id: 0x4ab95111, L:/127.0.0.1:53689 - R:localhost/127.0.0.1:49214]' for 'POST' to 'http://localhost:49214/session/335235c0d12ef8d11a67a6a8efe4f74a/element'
20:08:06.155 [Forwarding findElement on session 335235c0d12ef8d11a67a6a8efe4f74a to remote] DEBUG o.a.netty.request.NettyRequestSender - Using open Channel [id: 0x4ab95111, L:/127.0.0.1:53689 - R:localhost/127.0.0.1:49214] for POST '/session/335235c0d12ef8d11a67a6a8efe4f74a/element'
20:08:06.160 [AsyncHttpClient-1-2] DEBUG o.a.netty.handler.HttpHandler - 

Request DefaultHttpRequest(decodeResult: success, version: HTTP/1.1)
POST /session/335235c0d12ef8d11a67a6a8efe4f74a/element HTTP/1.1
User-Agent: selenium/4.1.4 (java windows)
Content-Length: 66
Content-Type: application/json; charset=utf-8
host: localhost:49214
accept: */*

Response DefaultHttpResponse(decodeResult: success, version: HTTP/1.1)
HTTP/1.1 200 OK
Content-Type: application/json; charset=utf-8
cache-control: no-cache
content-length: 88

20:08:06.160 [AsyncHttpClient-1-2] DEBUG o.a.netty.channel.ChannelManager - Adding key: http://localhost:49214 for channel [id: 0x4ab95111, L:/127.0.0.1:53689 - R:localhost/127.0.0.1:49214]
20:08:06.162 [Forwarding clickElement on session 335235c0d12ef8d11a67a6a8efe4f74a to remote] DEBUG o.a.netty.request.NettyRequestSender - Using pooled Channel '[id: 0x4ab95111, L:/127.0.0.1:53689 - R:localhost/127.0.0.1:49214]' for 'POST' to 'http://localhost:49214/session/335235c0d12ef8d11a67a6a8efe4f74a/element/a1e7f689-8fe2-41c2-adad-50150999d838/click'
20:08:06.162 [Forwarding clickElement on session 335235c0d12ef8d11a67a6a8efe4f74a to remote] DEBUG o.a.netty.request.NettyRequestSender - Using open Channel [id: 0x4ab95111, L:/127.0.0.1:53689 - R:localhost/127.0.0.1:49214] for POST '/session/335235c0d12ef8d11a67a6a8efe4f74a/element/a1e7f689-8fe2-41c2-adad-50150999d838/click'
20:08:06.184 [AsyncHttpClient-1-2] DEBUG o.a.netty.handler.HttpHandler - 

Request DefaultHttpRequest(decodeResult: success, version: HTTP/1.1)
POST /session/335235c0d12ef8d11a67a6a8efe4f74a/element/a1e7f689-8fe2-41c2-adad-50150999d838/click HTTP/1.1
User-Agent: selenium/4.1.4 (java windows)
Content-Length: 50
Content-Type: application/json; charset=utf-8
host: localhost:49214
accept: */*

Response DefaultHttpResponse(decodeResult: success, version: HTTP/1.1)
HTTP/1.1 200 OK
Content-Type: application/json; charset=utf-8
cache-control: no-cache
content-length: 14

20:08:06.184 [AsyncHttpClient-1-2] DEBUG o.a.netty.channel.ChannelManager - Adding key: http://localhost:49214 for channel [id: 0x4ab95111, L:/127.0.0.1:53689 - R:localhost/127.0.0.1:49214]
20:08:06.184 [Forwarding findElement on session 335235c0d12ef8d11a67a6a8efe4f74a to remote] DEBUG o.a.netty.request.NettyRequestSender - Using pooled Channel '[id: 0x4ab95111, L:/127.0.0.1:53689 - R:localhost/127.0.0.1:49214]' for 'POST' to 'http://localhost:49214/session/335235c0d12ef8d11a67a6a8efe4f74a/element'
20:08:06.184 [Forwarding findElement on session 335235c0d12ef8d11a67a6a8efe4f74a to remote] DEBUG o.a.netty.request.NettyRequestSender - Using open Channel [id: 0x4ab95111, L:/127.0.0.1:53689 - R:localhost/127.0.0.1:49214] for POST '/session/335235c0d12ef8d11a67a6a8efe4f74a/element'
20:08:06.190 [AsyncHttpClient-1-2] DEBUG o.a.netty.handler.HttpHandler - 

Request DefaultHttpRequest(decodeResult: success, version: HTTP/1.1)
POST /session/335235c0d12ef8d11a67a6a8efe4f74a/element HTTP/1.1
User-Agent: selenium/4.1.4 (java windows)
Content-Length: 66
Content-Type: application/json; charset=utf-8
host: localhost:49214
accept: */*

Response DefaultHttpResponse(decodeResult: success, version: HTTP/1.1)
HTTP/1.1 200 OK
Content-Type: application/json; charset=utf-8
cache-control: no-cache
content-length: 88

20:08:06.190 [AsyncHttpClient-1-2] DEBUG o.a.netty.channel.ChannelManager - Adding key: http://localhost:49214 for channel [id: 0x4ab95111, L:/127.0.0.1:53689 - R:localhost/127.0.0.1:49214]
20:08:06.193 [Forwarding getElementAttribute on session 335235c0d12ef8d11a67a6a8efe4f74a to remote] DEBUG o.a.netty.request.NettyRequestSender - Using pooled Channel '[id: 0x4ab95111, L:/127.0.0.1:53689 - R:localhost/127.0.0.1:49214]' for 'POST' to 'http://localhost:49214/session/335235c0d12ef8d11a67a6a8efe4f74a/execute/sync'
20:08:06.193 [Forwarding getElementAttribute on session 335235c0d12ef8d11a67a6a8efe4f74a to remote] DEBUG o.a.netty.request.NettyRequestSender - Using open Channel [id: 0x4ab95111, L:/127.0.0.1:53689 - R:localhost/127.0.0.1:49214] for POST '/session/335235c0d12ef8d11a67a6a8efe4f74a/execute/sync'
20:08:06.200 [AsyncHttpClient-1-2] DEBUG o.a.netty.handler.HttpHandler - 

Request DefaultHttpRequest(decodeResult: success, version: HTTP/1.1)
POST /session/335235c0d12ef8d11a67a6a8efe4f74a/execute/sync HTTP/1.1
User-Agent: selenium/4.1.4 (java windows)
Content-Length: 47340
Content-Type: application/json; charset=utf-8
host: localhost:49214
accept: */*

Response DefaultHttpResponse(decodeResult: success, version: HTTP/1.1)
HTTP/1.1 200 OK
Content-Type: application/json; charset=utf-8
cache-control: no-cache
content-length: 12

20:08:06.200 [AsyncHttpClient-1-2] DEBUG o.a.netty.channel.ChannelManager - Adding key: http://localhost:49214 for channel [id: 0x4ab95111, L:/127.0.0.1:53689 - R:localhost/127.0.0.1:49214]
20:08:06.201 [Forwarding findElement on session 335235c0d12ef8d11a67a6a8efe4f74a to remote] DEBUG o.a.netty.request.NettyRequestSender - Using pooled Channel '[id: 0x4ab95111, L:/127.0.0.1:53689 - R:localhost/127.0.0.1:49214]' for 'POST' to 'http://localhost:49214/session/335235c0d12ef8d11a67a6a8efe4f74a/element'
20:08:06.201 [Forwarding findElement on session 335235c0d12ef8d11a67a6a8efe4f74a to remote] DEBUG o.a.netty.request.NettyRequestSender - Using open Channel [id: 0x4ab95111, L:/127.0.0.1:53689 - R:localhost/127.0.0.1:49214] for POST '/session/335235c0d12ef8d11a67a6a8efe4f74a/element'
20:08:06.206 [AsyncHttpClient-1-2] DEBUG o.a.netty.handler.HttpHandler - 

Request DefaultHttpRequest(decodeResult: success, version: HTTP/1.1)
POST /session/335235c0d12ef8d11a67a6a8efe4f74a/element HTTP/1.1
User-Agent: selenium/4.1.4 (java windows)
Content-Length: 66
Content-Type: application/json; charset=utf-8
host: localhost:49214
accept: */*

Response DefaultHttpResponse(decodeResult: success, version: HTTP/1.1)
HTTP/1.1 200 OK
Content-Type: application/json; charset=utf-8
cache-control: no-cache
content-length: 88

20:08:06.206 [AsyncHttpClient-1-2] DEBUG o.a.netty.channel.ChannelManager - Adding key: http://localhost:49214 for channel [id: 0x4ab95111, L:/127.0.0.1:53689 - R:localhost/127.0.0.1:49214]
20:08:06.207 [Forwarding clearElement on session 335235c0d12ef8d11a67a6a8efe4f74a to remote] DEBUG o.a.netty.request.NettyRequestSender - Using pooled Channel '[id: 0x4ab95111, L:/127.0.0.1:53689 - R:localhost/127.0.0.1:49214]' for 'POST' to 'http://localhost:49214/session/335235c0d12ef8d11a67a6a8efe4f74a/element/a1e7f689-8fe2-41c2-adad-50150999d838/clear'
20:08:06.207 [Forwarding clearElement on session 335235c0d12ef8d11a67a6a8efe4f74a to remote] DEBUG o.a.netty.request.NettyRequestSender - Using open Channel [id: 0x4ab95111, L:/127.0.0.1:53689 - R:localhost/127.0.0.1:49214] for POST '/session/335235c0d12ef8d11a67a6a8efe4f74a/element/a1e7f689-8fe2-41c2-adad-50150999d838/clear'
20:08:06.221 [AsyncHttpClient-1-2] DEBUG o.a.netty.handler.HttpHandler - 

Request DefaultHttpRequest(decodeResult: success, version: HTTP/1.1)
POST /session/335235c0d12ef8d11a67a6a8efe4f74a/element/a1e7f689-8fe2-41c2-adad-50150999d838/clear HTTP/1.1
User-Agent: selenium/4.1.4 (java windows)
Content-Length: 50
Content-Type: application/json; charset=utf-8
host: localhost:49214
accept: */*

Response DefaultHttpResponse(decodeResult: success, version: HTTP/1.1)
HTTP/1.1 200 OK
Content-Type: application/json; charset=utf-8
cache-control: no-cache
content-length: 14

20:08:06.221 [AsyncHttpClient-1-2] DEBUG o.a.netty.channel.ChannelManager - Adding key: http://localhost:49214 for channel [id: 0x4ab95111, L:/127.0.0.1:53689 - R:localhost/127.0.0.1:49214]
20:08:06.222 [Forwarding findElement on session 335235c0d12ef8d11a67a6a8efe4f74a to remote] DEBUG o.a.netty.request.NettyRequestSender - Using pooled Channel '[id: 0x4ab95111, L:/127.0.0.1:53689 - R:localhost/127.0.0.1:49214]' for 'POST' to 'http://localhost:49214/session/335235c0d12ef8d11a67a6a8efe4f74a/element'
20:08:06.222 [Forwarding findElement on session 335235c0d12ef8d11a67a6a8efe4f74a to remote] DEBUG o.a.netty.request.NettyRequestSender - Using open Channel [id: 0x4ab95111, L:/127.0.0.1:53689 - R:localhost/127.0.0.1:49214] for POST '/session/335235c0d12ef8d11a67a6a8efe4f74a/element'
20:08:06.228 [AsyncHttpClient-1-2] DEBUG o.a.netty.handler.HttpHandler - 

Request DefaultHttpRequest(decodeResult: success, version: HTTP/1.1)
POST /session/335235c0d12ef8d11a67a6a8efe4f74a/element HTTP/1.1
User-Agent: selenium/4.1.4 (java windows)
Content-Length: 66
Content-Type: application/json; charset=utf-8
host: localhost:49214
accept: */*

Response DefaultHttpResponse(decodeResult: success, version: HTTP/1.1)
HTTP/1.1 200 OK
Content-Type: application/json; charset=utf-8
cache-control: no-cache
content-length: 88

20:08:06.228 [AsyncHttpClient-1-2] DEBUG o.a.netty.channel.ChannelManager - Adding key: http://localhost:49214 for channel [id: 0x4ab95111, L:/127.0.0.1:53689 - R:localhost/127.0.0.1:49214]
20:08:06.229 [Forwarding sendKeysToElement on session 335235c0d12ef8d11a67a6a8efe4f74a to remote] DEBUG o.a.netty.request.NettyRequestSender - Using pooled Channel '[id: 0x4ab95111, L:/127.0.0.1:53689 - R:localhost/127.0.0.1:49214]' for 'POST' to 'http://localhost:49214/session/335235c0d12ef8d11a67a6a8efe4f74a/element/a1e7f689-8fe2-41c2-adad-50150999d838/value'
20:08:06.229 [Forwarding sendKeysToElement on session 335235c0d12ef8d11a67a6a8efe4f74a to remote] DEBUG o.a.netty.request.NettyRequestSender - Using open Channel [id: 0x4ab95111, L:/127.0.0.1:53689 - R:localhost/127.0.0.1:49214] for POST '/session/335235c0d12ef8d11a67a6a8efe4f74a/element/a1e7f689-8fe2-41c2-adad-50150999d838/value'
20:08:06.251 [AsyncHttpClient-1-2] DEBUG o.a.netty.handler.HttpHandler - 

Request DefaultHttpRequest(decodeResult: success, version: HTTP/1.1)
POST /session/335235c0d12ef8d11a67a6a8efe4f74a/element/a1e7f689-8fe2-41c2-adad-50150999d838/value HTTP/1.1
User-Agent: selenium/4.1.4 (java windows)
Content-Length: 211
Content-Type: application/json; charset=utf-8
host: localhost:49214
accept: */*

Response DefaultHttpResponse(decodeResult: success, version: HTTP/1.1)
HTTP/1.1 200 OK
Content-Type: application/json; charset=utf-8
cache-control: no-cache
content-length: 14

20:08:06.251 [AsyncHttpClient-1-2] DEBUG o.a.netty.channel.ChannelManager - Adding key: http://localhost:49214 for channel [id: 0x4ab95111, L:/127.0.0.1:53689 - R:localhost/127.0.0.1:49214]
20:08:06.251 [Forwarding findElement on session 335235c0d12ef8d11a67a6a8efe4f74a to remote] DEBUG o.a.netty.request.NettyRequestSender - Using pooled Channel '[id: 0x4ab95111, L:/127.0.0.1:53689 - R:localhost/127.0.0.1:49214]' for 'POST' to 'http://localhost:49214/session/335235c0d12ef8d11a67a6a8efe4f74a/element'
20:08:06.251 [Forwarding findElement on session 335235c0d12ef8d11a67a6a8efe4f74a to remote] DEBUG o.a.netty.request.NettyRequestSender - Using open Channel [id: 0x4ab95111, L:/127.0.0.1:53689 - R:localhost/127.0.0.1:49214] for POST '/session/335235c0d12ef8d11a67a6a8efe4f74a/element'
20:08:06.257 [AsyncHttpClient-1-2] DEBUG o.a.netty.handler.HttpHandler - 

Request DefaultHttpRequest(decodeResult: success, version: HTTP/1.1)
POST /session/335235c0d12ef8d11a67a6a8efe4f74a/element HTTP/1.1
User-Agent: selenium/4.1.4 (java windows)
Content-Length: 66
Content-Type: application/json; charset=utf-8
host: localhost:49214
accept: */*

Response DefaultHttpResponse(decodeResult: success, version: HTTP/1.1)
HTTP/1.1 200 OK
Content-Type: application/json; charset=utf-8
cache-control: no-cache
content-length: 88

20:08:06.257 [AsyncHttpClient-1-2] DEBUG o.a.netty.channel.ChannelManager - Adding key: http://localhost:49214 for channel [id: 0x4ab95111, L:/127.0.0.1:53689 - R:localhost/127.0.0.1:49214]
20:08:06.258 [Forwarding clickElement on session 335235c0d12ef8d11a67a6a8efe4f74a to remote] DEBUG o.a.netty.request.NettyRequestSender - Using pooled Channel '[id: 0x4ab95111, L:/127.0.0.1:53689 - R:localhost/127.0.0.1:49214]' for 'POST' to 'http://localhost:49214/session/335235c0d12ef8d11a67a6a8efe4f74a/element/a7ef5e39-d4b8-41b5-b822-33384ac4839a/click'
20:08:06.258 [Forwarding clickElement on session 335235c0d12ef8d11a67a6a8efe4f74a to remote] DEBUG o.a.netty.request.NettyRequestSender - Using open Channel [id: 0x4ab95111, L:/127.0.0.1:53689 - R:localhost/127.0.0.1:49214] for POST '/session/335235c0d12ef8d11a67a6a8efe4f74a/element/a7ef5e39-d4b8-41b5-b822-33384ac4839a/click'
20:08:06.279 [AsyncHttpClient-1-2] DEBUG o.a.netty.handler.HttpHandler - 

Request DefaultHttpRequest(decodeResult: success, version: HTTP/1.1)
POST /session/335235c0d12ef8d11a67a6a8efe4f74a/element/a7ef5e39-d4b8-41b5-b822-33384ac4839a/click HTTP/1.1
User-Agent: selenium/4.1.4 (java windows)
Content-Length: 50
Content-Type: application/json; charset=utf-8
host: localhost:49214
accept: */*

Response DefaultHttpResponse(decodeResult: success, version: HTTP/1.1)
HTTP/1.1 200 OK
Content-Type: application/json; charset=utf-8
cache-control: no-cache
content-length: 14

20:08:06.280 [AsyncHttpClient-1-2] DEBUG o.a.netty.channel.ChannelManager - Adding key: http://localhost:49214 for channel [id: 0x4ab95111, L:/127.0.0.1:53689 - R:localhost/127.0.0.1:49214]
20:08:06.280 [Forwarding findElement on session 335235c0d12ef8d11a67a6a8efe4f74a to remote] DEBUG o.a.netty.request.NettyRequestSender - Using pooled Channel '[id: 0x4ab95111, L:/127.0.0.1:53689 - R:localhost/127.0.0.1:49214]' for 'POST' to 'http://localhost:49214/session/335235c0d12ef8d11a67a6a8efe4f74a/element'
20:08:06.280 [Forwarding findElement on session 335235c0d12ef8d11a67a6a8efe4f74a to remote] DEBUG o.a.netty.request.NettyRequestSender - Using open Channel [id: 0x4ab95111, L:/127.0.0.1:53689 - R:localhost/127.0.0.1:49214] for POST '/session/335235c0d12ef8d11a67a6a8efe4f74a/element'
20:08:06.286 [AsyncHttpClient-1-2] DEBUG o.a.netty.handler.HttpHandler - 

Request DefaultHttpRequest(decodeResult: success, version: HTTP/1.1)
POST /session/335235c0d12ef8d11a67a6a8efe4f74a/element HTTP/1.1
User-Agent: selenium/4.1.4 (java windows)
Content-Length: 66
Content-Type: application/json; charset=utf-8
host: localhost:49214
accept: */*

Response DefaultHttpResponse(decodeResult: success, version: HTTP/1.1)
HTTP/1.1 200 OK
Content-Type: application/json; charset=utf-8
cache-control: no-cache
content-length: 88

20:08:06.286 [AsyncHttpClient-1-2] DEBUG o.a.netty.channel.ChannelManager - Adding key: http://localhost:49214 for channel [id: 0x4ab95111, L:/127.0.0.1:53689 - R:localhost/127.0.0.1:49214]
20:08:06.289 [Forwarding getElementAttribute on session 335235c0d12ef8d11a67a6a8efe4f74a to remote] DEBUG o.a.netty.request.NettyRequestSender - Using pooled Channel '[id: 0x4ab95111, L:/127.0.0.1:53689 - R:localhost/127.0.0.1:49214]' for 'POST' to 'http://localhost:49214/session/335235c0d12ef8d11a67a6a8efe4f74a/execute/sync'
20:08:06.289 [Forwarding getElementAttribute on session 335235c0d12ef8d11a67a6a8efe4f74a to remote] DEBUG o.a.netty.request.NettyRequestSender - Using open Channel [id: 0x4ab95111, L:/127.0.0.1:53689 - R:localhost/127.0.0.1:49214] for POST '/session/335235c0d12ef8d11a67a6a8efe4f74a/execute/sync'
20:08:06.297 [AsyncHttpClient-1-2] DEBUG o.a.netty.handler.HttpHandler - 

Request DefaultHttpRequest(decodeResult: success, version: HTTP/1.1)
POST /session/335235c0d12ef8d11a67a6a8efe4f74a/execute/sync HTTP/1.1
User-Agent: selenium/4.1.4 (java windows)
Content-Length: 47340
Content-Type: application/json; charset=utf-8
host: localhost:49214
accept: */*

Response DefaultHttpResponse(decodeResult: success, version: HTTP/1.1)
HTTP/1.1 200 OK
Content-Type: application/json; charset=utf-8
cache-control: no-cache
content-length: 12

20:08:06.297 [AsyncHttpClient-1-2] DEBUG o.a.netty.channel.ChannelManager - Adding key: http://localhost:49214 for channel [id: 0x4ab95111, L:/127.0.0.1:53689 - R:localhost/127.0.0.1:49214]
20:08:06.297 [Forwarding findElement on session 335235c0d12ef8d11a67a6a8efe4f74a to remote] DEBUG o.a.netty.request.NettyRequestSender - Using pooled Channel '[id: 0x4ab95111, L:/127.0.0.1:53689 - R:localhost/127.0.0.1:49214]' for 'POST' to 'http://localhost:49214/session/335235c0d12ef8d11a67a6a8efe4f74a/element'
20:08:06.298 [Forwarding findElement on session 335235c0d12ef8d11a67a6a8efe4f74a to remote] DEBUG o.a.netty.request.NettyRequestSender - Using open Channel [id: 0x4ab95111, L:/127.0.0.1:53689 - R:localhost/127.0.0.1:49214] for POST '/session/335235c0d12ef8d11a67a6a8efe4f74a/element'
20:08:06.302 [AsyncHttpClient-1-2] DEBUG o.a.netty.handler.HttpHandler - 

Request DefaultHttpRequest(decodeResult: success, version: HTTP/1.1)
POST /session/335235c0d12ef8d11a67a6a8efe4f74a/element HTTP/1.1
User-Agent: selenium/4.1.4 (java windows)
Content-Length: 66
Content-Type: application/json; charset=utf-8
host: localhost:49214
accept: */*

Response DefaultHttpResponse(decodeResult: success, version: HTTP/1.1)
HTTP/1.1 200 OK
Content-Type: application/json; charset=utf-8
cache-control: no-cache
content-length: 88

20:08:06.302 [AsyncHttpClient-1-2] DEBUG o.a.netty.channel.ChannelManager - Adding key: http://localhost:49214 for channel [id: 0x4ab95111, L:/127.0.0.1:53689 - R:localhost/127.0.0.1:49214]
20:08:06.303 [Forwarding clearElement on session 335235c0d12ef8d11a67a6a8efe4f74a to remote] DEBUG o.a.netty.request.NettyRequestSender - Using pooled Channel '[id: 0x4ab95111, L:/127.0.0.1:53689 - R:localhost/127.0.0.1:49214]' for 'POST' to 'http://localhost:49214/session/335235c0d12ef8d11a67a6a8efe4f74a/element/a7ef5e39-d4b8-41b5-b822-33384ac4839a/clear'
20:08:06.303 [Forwarding clearElement on session 335235c0d12ef8d11a67a6a8efe4f74a to remote] DEBUG o.a.netty.request.NettyRequestSender - Using open Channel [id: 0x4ab95111, L:/127.0.0.1:53689 - R:localhost/127.0.0.1:49214] for POST '/session/335235c0d12ef8d11a67a6a8efe4f74a/element/a7ef5e39-d4b8-41b5-b822-33384ac4839a/clear'
20:08:06.318 [AsyncHttpClient-1-2] DEBUG o.a.netty.handler.HttpHandler - 

Request DefaultHttpRequest(decodeResult: success, version: HTTP/1.1)
POST /session/335235c0d12ef8d11a67a6a8efe4f74a/element/a7ef5e39-d4b8-41b5-b822-33384ac4839a/clear HTTP/1.1
User-Agent: selenium/4.1.4 (java windows)
Content-Length: 50
Content-Type: application/json; charset=utf-8
host: localhost:49214
accept: */*

Response DefaultHttpResponse(decodeResult: success, version: HTTP/1.1)
HTTP/1.1 200 OK
Content-Type: application/json; charset=utf-8
cache-control: no-cache
content-length: 14

20:08:06.318 [AsyncHttpClient-1-2] DEBUG o.a.netty.channel.ChannelManager - Adding key: http://localhost:49214 for channel [id: 0x4ab95111, L:/127.0.0.1:53689 - R:localhost/127.0.0.1:49214]
20:08:06.319 [Forwarding findElement on session 335235c0d12ef8d11a67a6a8efe4f74a to remote] DEBUG o.a.netty.request.NettyRequestSender - Using pooled Channel '[id: 0x4ab95111, L:/127.0.0.1:53689 - R:localhost/127.0.0.1:49214]' for 'POST' to 'http://localhost:49214/session/335235c0d12ef8d11a67a6a8efe4f74a/element'
20:08:06.319 [Forwarding findElement on session 335235c0d12ef8d11a67a6a8efe4f74a to remote] DEBUG o.a.netty.request.NettyRequestSender - Using open Channel [id: 0x4ab95111, L:/127.0.0.1:53689 - R:localhost/127.0.0.1:49214] for POST '/session/335235c0d12ef8d11a67a6a8efe4f74a/element'
20:08:06.324 [AsyncHttpClient-1-2] DEBUG o.a.netty.handler.HttpHandler - 

Request DefaultHttpRequest(decodeResult: success, version: HTTP/1.1)
POST /session/335235c0d12ef8d11a67a6a8efe4f74a/element HTTP/1.1
User-Agent: selenium/4.1.4 (java windows)
Content-Length: 66
Content-Type: application/json; charset=utf-8
host: localhost:49214
accept: */*

Response DefaultHttpResponse(decodeResult: success, version: HTTP/1.1)
HTTP/1.1 200 OK
Content-Type: application/json; charset=utf-8
cache-control: no-cache
content-length: 88

20:08:06.324 [AsyncHttpClient-1-2] DEBUG o.a.netty.channel.ChannelManager - Adding key: http://localhost:49214 for channel [id: 0x4ab95111, L:/127.0.0.1:53689 - R:localhost/127.0.0.1:49214]
20:08:06.325 [Forwarding sendKeysToElement on session 335235c0d12ef8d11a67a6a8efe4f74a to remote] DEBUG o.a.netty.request.NettyRequestSender - Using pooled Channel '[id: 0x4ab95111, L:/127.0.0.1:53689 - R:localhost/127.0.0.1:49214]' for 'POST' to 'http://localhost:49214/session/335235c0d12ef8d11a67a6a8efe4f74a/element/a7ef5e39-d4b8-41b5-b822-33384ac4839a/value'
20:08:06.325 [Forwarding sendKeysToElement on session 335235c0d12ef8d11a67a6a8efe4f74a to remote] DEBUG o.a.netty.request.NettyRequestSender - Using open Channel [id: 0x4ab95111, L:/127.0.0.1:53689 - R:localhost/127.0.0.1:49214] for POST '/session/335235c0d12ef8d11a67a6a8efe4f74a/element/a7ef5e39-d4b8-41b5-b822-33384ac4839a/value'
20:08:06.348 [AsyncHttpClient-1-2] DEBUG o.a.netty.handler.HttpHandler - 

Request DefaultHttpRequest(decodeResult: success, version: HTTP/1.1)
POST /session/335235c0d12ef8d11a67a6a8efe4f74a/element/a7ef5e39-d4b8-41b5-b822-33384ac4839a/value HTTP/1.1
User-Agent: selenium/4.1.4 (java windows)
Content-Length: 211
Content-Type: application/json; charset=utf-8
host: localhost:49214
accept: */*

Response DefaultHttpResponse(decodeResult: success, version: HTTP/1.1)
HTTP/1.1 200 OK
Content-Type: application/json; charset=utf-8
cache-control: no-cache
content-length: 14

20:08:06.348 [AsyncHttpClient-1-2] DEBUG o.a.netty.channel.ChannelManager - Adding key: http://localhost:49214 for channel [id: 0x4ab95111, L:/127.0.0.1:53689 - R:localhost/127.0.0.1:49214]
20:08:06.349 [Forwarding findElement on session 335235c0d12ef8d11a67a6a8efe4f74a to remote] DEBUG o.a.netty.request.NettyRequestSender - Using pooled Channel '[id: 0x4ab95111, L:/127.0.0.1:53689 - R:localhost/127.0.0.1:49214]' for 'POST' to 'http://localhost:49214/session/335235c0d12ef8d11a67a6a8efe4f74a/element'
20:08:06.349 [Forwarding findElement on session 335235c0d12ef8d11a67a6a8efe4f74a to remote] DEBUG o.a.netty.request.NettyRequestSender - Using open Channel [id: 0x4ab95111, L:/127.0.0.1:53689 - R:localhost/127.0.0.1:49214] for POST '/session/335235c0d12ef8d11a67a6a8efe4f74a/element'
20:08:06.353 [AsyncHttpClient-1-2] DEBUG o.a.netty.handler.HttpHandler - 

Request DefaultHttpRequest(decodeResult: success, version: HTTP/1.1)
POST /session/335235c0d12ef8d11a67a6a8efe4f74a/element HTTP/1.1
User-Agent: selenium/4.1.4 (java windows)
Content-Length: 60
Content-Type: application/json; charset=utf-8
host: localhost:49214
accept: */*

Response DefaultHttpResponse(decodeResult: success, version: HTTP/1.1)
HTTP/1.1 200 OK
Content-Type: application/json; charset=utf-8
cache-control: no-cache
content-length: 88

20:08:06.353 [AsyncHttpClient-1-2] DEBUG o.a.netty.channel.ChannelManager - Adding key: http://localhost:49214 for channel [id: 0x4ab95111, L:/127.0.0.1:53689 - R:localhost/127.0.0.1:49214]
20:08:06.355 [Forwarding clickElement on session 335235c0d12ef8d11a67a6a8efe4f74a to remote] DEBUG o.a.netty.request.NettyRequestSender - Using pooled Channel '[id: 0x4ab95111, L:/127.0.0.1:53689 - R:localhost/127.0.0.1:49214]' for 'POST' to 'http://localhost:49214/session/335235c0d12ef8d11a67a6a8efe4f74a/element/61b3966f-58fc-478b-b58f-12d02307fb92/click'
20:08:06.355 [Forwarding clickElement on session 335235c0d12ef8d11a67a6a8efe4f74a to remote] DEBUG o.a.netty.request.NettyRequestSender - Using open Channel [id: 0x4ab95111, L:/127.0.0.1:53689 - R:localhost/127.0.0.1:49214] for POST '/session/335235c0d12ef8d11a67a6a8efe4f74a/element/61b3966f-58fc-478b-b58f-12d02307fb92/click'
20:08:06.509 [AsyncHttpClient-1-2] DEBUG o.a.netty.handler.HttpHandler - 

Request DefaultHttpRequest(decodeResult: success, version: HTTP/1.1)
POST /session/335235c0d12ef8d11a67a6a8efe4f74a/element/61b3966f-58fc-478b-b58f-12d02307fb92/click HTTP/1.1
User-Agent: selenium/4.1.4 (java windows)
Content-Length: 50
Content-Type: application/json; charset=utf-8
host: localhost:49214
accept: */*

Response DefaultHttpResponse(decodeResult: success, version: HTTP/1.1)
HTTP/1.1 200 OK
Content-Type: application/json; charset=utf-8
cache-control: no-cache
content-length: 14

20:08:06.510 [AsyncHttpClient-1-2] DEBUG o.a.netty.channel.ChannelManager - Adding key: http://localhost:49214 for channel [id: 0x4ab95111, L:/127.0.0.1:53689 - R:localhost/127.0.0.1:49214]
20:08:06.511 [Forwarding findElement on session 335235c0d12ef8d11a67a6a8efe4f74a to remote] DEBUG o.a.netty.request.NettyRequestSender - Using pooled Channel '[id: 0x4ab95111, L:/127.0.0.1:53689 - R:localhost/127.0.0.1:49214]' for 'POST' to 'http://localhost:49214/session/335235c0d12ef8d11a67a6a8efe4f74a/element'
20:08:06.511 [Forwarding findElement on session 335235c0d12ef8d11a67a6a8efe4f74a to remote] DEBUG o.a.netty.request.NettyRequestSender - Using open Channel [id: 0x4ab95111, L:/127.0.0.1:53689 - R:localhost/127.0.0.1:49214] for POST '/session/335235c0d12ef8d11a67a6a8efe4f74a/element'
20:08:06.520 [AsyncHttpClient-1-2] DEBUG o.a.netty.handler.HttpHandler - 

Request DefaultHttpRequest(decodeResult: success, version: HTTP/1.1)
POST /session/335235c0d12ef8d11a67a6a8efe4f74a/element HTTP/1.1
User-Agent: selenium/4.1.4 (java windows)
Content-Length: 47
Content-Type: application/json; charset=utf-8
host: localhost:49214
accept: */*

Response DefaultHttpResponse(decodeResult: success, version: HTTP/1.1)
HTTP/1.1 200 OK
Content-Type: application/json; charset=utf-8
cache-control: no-cache
content-length: 88

20:08:06.520 [AsyncHttpClient-1-2] DEBUG o.a.netty.channel.ChannelManager - Adding key: http://localhost:49214 for channel [id: 0x4ab95111, L:/127.0.0.1:53689 - R:localhost/127.0.0.1:49214]
20:08:06.521 [Forwarding clickElement on session 335235c0d12ef8d11a67a6a8efe4f74a to remote] DEBUG o.a.netty.request.NettyRequestSender - Using pooled Channel '[id: 0x4ab95111, L:/127.0.0.1:53689 - R:localhost/127.0.0.1:49214]' for 'POST' to 'http://localhost:49214/session/335235c0d12ef8d11a67a6a8efe4f74a/element/ee1d28c7-08c9-458f-8a45-6dc3ddbddf6d/click'
20:08:06.521 [Forwarding clickElement on session 335235c0d12ef8d11a67a6a8efe4f74a to remote] DEBUG o.a.netty.request.NettyRequestSender - Using open Channel [id: 0x4ab95111, L:/127.0.0.1:53689 - R:localhost/127.0.0.1:49214] for POST '/session/335235c0d12ef8d11a67a6a8efe4f74a/element/ee1d28c7-08c9-458f-8a45-6dc3ddbddf6d/click'
20:08:06.643 [AsyncHttpClient-1-2] DEBUG o.a.netty.handler.HttpHandler - 

Request DefaultHttpRequest(decodeResult: success, version: HTTP/1.1)
POST /session/335235c0d12ef8d11a67a6a8efe4f74a/element/ee1d28c7-08c9-458f-8a45-6dc3ddbddf6d/click HTTP/1.1
User-Agent: selenium/4.1.4 (java windows)
Content-Length: 50
Content-Type: application/json; charset=utf-8
host: localhost:49214
accept: */*

Response DefaultHttpResponse(decodeResult: success, version: HTTP/1.1)
HTTP/1.1 200 OK
Content-Type: application/json; charset=utf-8
cache-control: no-cache
content-length: 14

20:08:06.643 [AsyncHttpClient-1-2] DEBUG o.a.netty.channel.ChannelManager - Adding key: http://localhost:49214 for channel [id: 0x4ab95111, L:/127.0.0.1:53689 - R:localhost/127.0.0.1:49214]
20:08:06.643 [Forwarding findElements on session 335235c0d12ef8d11a67a6a8efe4f74a to remote] DEBUG o.a.netty.request.NettyRequestSender - Using pooled Channel '[id: 0x4ab95111, L:/127.0.0.1:53689 - R:localhost/127.0.0.1:49214]' for 'POST' to 'http://localhost:49214/session/335235c0d12ef8d11a67a6a8efe4f74a/elements'
20:08:06.644 [Forwarding findElements on session 335235c0d12ef8d11a67a6a8efe4f74a to remote] DEBUG o.a.netty.request.NettyRequestSender - Using open Channel [id: 0x4ab95111, L:/127.0.0.1:53689 - R:localhost/127.0.0.1:49214] for POST '/session/335235c0d12ef8d11a67a6a8efe4f74a/elements'
20:08:06.649 [AsyncHttpClient-1-2] DEBUG o.a.netty.handler.HttpHandler - 

Request DefaultHttpRequest(decodeResult: success, version: HTTP/1.1)
POST /session/335235c0d12ef8d11a67a6a8efe4f74a/elements HTTP/1.1
User-Agent: selenium/4.1.4 (java windows)
Content-Length: 64
Content-Type: application/json; charset=utf-8
host: localhost:49214
accept: */*

Response DefaultHttpResponse(decodeResult: success, version: HTTP/1.1)
HTTP/1.1 200 OK
Content-Type: application/json; charset=utf-8
cache-control: no-cache
content-length: 564

20:08:06.649 [AsyncHttpClient-1-2] DEBUG o.a.netty.channel.ChannelManager - Adding key: http://localhost:49214 for channel [id: 0x4ab95111, L:/127.0.0.1:53689 - R:localhost/127.0.0.1:49214]
20:08:06.650 [Test worker] DEBUG o.h.e.t.internal.TransactionImpl - On TransactionImpl creation, JpaCompliance#isJpaTransactionComplianceEnabled == false
20:08:06.650 [Test worker] DEBUG o.h.e.t.internal.TransactionImpl - begin
20:08:06.650 [Test worker] DEBUG org.hibernate.SQL - select groupdata0_.group_id as group_id1_2_, groupdata0_.group_footer as group_fo2_2_, groupdata0_.group_header as group_he3_2_, groupdata0_.group_name as group_na4_2_ from group_list groupdata0_
Hibernate: select groupdata0_.group_id as group_id1_2_, groupdata0_.group_footer as group_fo2_2_, groupdata0_.group_header as group_he3_2_, groupdata0_.group_name as group_na4_2_ from group_list groupdata0_
20:08:06.651 [Test worker] DEBUG org.hibernate.loader.Loader - Result set row: 0
20:08:06.651 [Test worker] DEBUG org.hibernate.loader.Loader - Result row: EntityKey[ru.stqa.pft.addressbook.model.GroupData#119]
20:08:06.651 [Test worker] DEBUG org.hibernate.loader.Loader - Result set row: 1
20:08:06.651 [Test worker] DEBUG org.hibernate.loader.Loader - Result row: EntityKey[ru.stqa.pft.addressbook.model.GroupData#120]
20:08:06.651 [Test worker] DEBUG org.hibernate.loader.Loader - Result set row: 2
20:08:06.651 [Test worker] DEBUG org.hibernate.loader.Loader - Result row: EntityKey[ru.stqa.pft.addressbook.model.GroupData#122]
20:08:06.651 [Test worker] DEBUG org.hibernate.loader.Loader - Result set row: 3
20:08:06.651 [Test worker] DEBUG org.hibernate.loader.Loader - Result row: EntityKey[ru.stqa.pft.addressbook.model.GroupData#123]
20:08:06.651 [Test worker] DEBUG org.hibernate.loader.Loader - Result set row: 4
20:08:06.651 [Test worker] DEBUG org.hibernate.loader.Loader - Result row: EntityKey[ru.stqa.pft.addressbook.model.GroupData#124]
20:08:06.651 [Test worker] DEBUG org.hibernate.loader.Loader - Result set row: 5
20:08:06.651 [Test worker] DEBUG org.hibernate.loader.Loader - Result row: EntityKey[ru.stqa.pft.addressbook.model.GroupData#125]
20:08:06.651 [Test worker] DEBUG org.hibernate.loader.Loader - Result set row: 6
20:08:06.651 [Test worker] DEBUG org.hibernate.loader.Loader - Result row: EntityKey[ru.stqa.pft.addressbook.model.GroupData#126]
20:08:06.651 [Test worker] DEBUG o.h.engine.internal.TwoPhaseLoad - Resolving attributes for [ru.stqa.pft.addressbook.model.GroupData#119]
20:08:06.651 [Test worker] DEBUG o.h.engine.internal.TwoPhaseLoad - Processing attribute `contacts` : value = NOT NULL COLLECTION
20:08:06.651 [Test worker] DEBUG o.h.engine.internal.TwoPhaseLoad - Attribute (`contacts`)  - enhanced for lazy-loading? - false
20:08:06.652 [Test worker] DEBUG o.h.engine.internal.TwoPhaseLoad - Processing attribute `footer` : value = new3
20:08:06.652 [Test worker] DEBUG o.h.engine.internal.TwoPhaseLoad - Attribute (`footer`)  - enhanced for lazy-loading? - false
20:08:06.652 [Test worker] DEBUG o.h.engine.internal.TwoPhaseLoad - Processing attribute `header` : value = new2
20:08:06.652 [Test worker] DEBUG o.h.engine.internal.TwoPhaseLoad - Attribute (`header`)  - enhanced for lazy-loading? - false
20:08:06.652 [Test worker] DEBUG o.h.engine.internal.TwoPhaseLoad - Processing attribute `name` : value = HsGyE4c
20:08:06.652 [Test worker] DEBUG o.h.engine.internal.TwoPhaseLoad - Attribute (`name`)  - enhanced for lazy-loading? - false
20:08:06.652 [Test worker] DEBUG o.h.engine.internal.TwoPhaseLoad - Done materializing entity [ru.stqa.pft.addressbook.model.GroupData#119]
20:08:06.652 [Test worker] DEBUG o.h.engine.internal.TwoPhaseLoad - Resolving attributes for [ru.stqa.pft.addressbook.model.GroupData#120]
20:08:06.652 [Test worker] DEBUG o.h.engine.internal.TwoPhaseLoad - Processing attribute `contacts` : value = NOT NULL COLLECTION
20:08:06.652 [Test worker] DEBUG o.h.engine.internal.TwoPhaseLoad - Attribute (`contacts`)  - enhanced for lazy-loading? - false
20:08:06.652 [Test worker] DEBUG o.h.engine.internal.TwoPhaseLoad - Processing attribute `footer` : value = new3
20:08:06.652 [Test worker] DEBUG o.h.engine.internal.TwoPhaseLoad - Attribute (`footer`)  - enhanced for lazy-loading? - false
20:08:06.652 [Test worker] DEBUG o.h.engine.internal.TwoPhaseLoad - Processing attribute `header` : value = new2
20:08:06.652 [Test worker] DEBUG o.h.engine.internal.TwoPhaseLoad - Attribute (`header`)  - enhanced for lazy-loading? - false
20:08:06.652 [Test worker] DEBUG o.h.engine.internal.TwoPhaseLoad - Processing attribute `name` : value = UyvfTeY
20:08:06.652 [Test worker] DEBUG o.h.engine.internal.TwoPhaseLoad - Attribute (`name`)  - enhanced for lazy-loading? - false
20:08:06.652 [Test worker] DEBUG o.h.engine.internal.TwoPhaseLoad - Done materializing entity [ru.stqa.pft.addressbook.model.GroupData#120]
20:08:06.652 [Test worker] DEBUG o.h.engine.internal.TwoPhaseLoad - Resolving attributes for [ru.stqa.pft.addressbook.model.GroupData#122]
20:08:06.652 [Test worker] DEBUG o.h.engine.internal.TwoPhaseLoad - Processing attribute `contacts` : value = NOT NULL COLLECTION
20:08:06.652 [Test worker] DEBUG o.h.engine.internal.TwoPhaseLoad - Attribute (`contacts`)  - enhanced for lazy-loading? - false
20:08:06.652 [Test worker] DEBUG o.h.engine.internal.TwoPhaseLoad - Processing attribute `footer` : value = test3
20:08:06.652 [Test worker] DEBUG o.h.engine.internal.TwoPhaseLoad - Attribute (`footer`)  - enhanced for lazy-loading? - false
20:08:06.652 [Test worker] DEBUG o.h.engine.internal.TwoPhaseLoad - Processing attribute `header` : value = test2
20:08:06.652 [Test worker] DEBUG o.h.engine.internal.TwoPhaseLoad - Attribute (`header`)  - enhanced for lazy-loading? - false
20:08:06.652 [Test worker] DEBUG o.h.engine.internal.TwoPhaseLoad - Processing attribute `name` : value = test1
20:08:06.652 [Test worker] DEBUG o.h.engine.internal.TwoPhaseLoad - Attribute (`name`)  - enhanced for lazy-loading? - false
20:08:06.652 [Test worker] DEBUG o.h.engine.internal.TwoPhaseLoad - Done materializing entity [ru.stqa.pft.addressbook.model.GroupData#122]
20:08:06.652 [Test worker] DEBUG o.h.engine.internal.TwoPhaseLoad - Resolving attributes for [ru.stqa.pft.addressbook.model.GroupData#123]
20:08:06.652 [Test worker] DEBUG o.h.engine.internal.TwoPhaseLoad - Processing attribute `contacts` : value = NOT NULL COLLECTION
20:08:06.652 [Test worker] DEBUG o.h.engine.internal.TwoPhaseLoad - Attribute (`contacts`)  - enhanced for lazy-loading? - false
20:08:06.652 [Test worker] DEBUG o.h.engine.internal.TwoPhaseLoad - Processing attribute `footer` : value = test footer 2
20:08:06.652 [Test worker] DEBUG o.h.engine.internal.TwoPhaseLoad - Attribute (`footer`)  - enhanced for lazy-loading? - false
20:08:06.652 [Test worker] DEBUG o.h.engine.internal.TwoPhaseLoad - Processing attribute `header` : value = test header 2
20:08:06.652 [Test worker] DEBUG o.h.engine.internal.TwoPhaseLoad - Attribute (`header`)  - enhanced for lazy-loading? - false
20:08:06.652 [Test worker] DEBUG o.h.engine.internal.TwoPhaseLoad - Processing attribute `name` : value = test name 2
20:08:06.652 [Test worker] DEBUG o.h.engine.internal.TwoPhaseLoad - Attribute (`name`)  - enhanced for lazy-loading? - false
20:08:06.652 [Test worker] DEBUG o.h.engine.internal.TwoPhaseLoad - Done materializing entity [ru.stqa.pft.addressbook.model.GroupData#123]
20:08:06.652 [Test worker] DEBUG o.h.engine.internal.TwoPhaseLoad - Resolving attributes for [ru.stqa.pft.addressbook.model.GroupData#124]
20:08:06.652 [Test worker] DEBUG o.h.engine.internal.TwoPhaseLoad - Processing attribute `contacts` : value = NOT NULL COLLECTION
20:08:06.652 [Test worker] DEBUG o.h.engine.internal.TwoPhaseLoad - Attribute (`contacts`)  - enhanced for lazy-loading? - false
20:08:06.652 [Test worker] DEBUG o.h.engine.internal.TwoPhaseLoad - Processing attribute `footer` : value = test footer 0
20:08:06.652 [Test worker] DEBUG o.h.engine.internal.TwoPhaseLoad - Attribute (`footer`)  - enhanced for lazy-loading? - false
20:08:06.652 [Test worker] DEBUG o.h.engine.internal.TwoPhaseLoad - Processing attribute `header` : value = test header 0
20:08:06.652 [Test worker] DEBUG o.h.engine.internal.TwoPhaseLoad - Attribute (`header`)  - enhanced for lazy-loading? - false
20:08:06.652 [Test worker] DEBUG o.h.engine.internal.TwoPhaseLoad - Processing attribute `name` : value = test name 0
20:08:06.652 [Test worker] DEBUG o.h.engine.internal.TwoPhaseLoad - Attribute (`name`)  - enhanced for lazy-loading? - false
20:08:06.652 [Test worker] DEBUG o.h.engine.internal.TwoPhaseLoad - Done materializing entity [ru.stqa.pft.addressbook.model.GroupData#124]
20:08:06.652 [Test worker] DEBUG o.h.engine.internal.TwoPhaseLoad - Resolving attributes for [ru.stqa.pft.addressbook.model.GroupData#125]
20:08:06.652 [Test worker] DEBUG o.h.engine.internal.TwoPhaseLoad - Processing attribute `contacts` : value = NOT NULL COLLECTION
20:08:06.652 [Test worker] DEBUG o.h.engine.internal.TwoPhaseLoad - Attribute (`contacts`)  - enhanced for lazy-loading? - false
20:08:06.652 [Test worker] DEBUG o.h.engine.internal.TwoPhaseLoad - Processing attribute `footer` : value = test footer 1
20:08:06.652 [Test worker] DEBUG o.h.engine.internal.TwoPhaseLoad - Attribute (`footer`)  - enhanced for lazy-loading? - false
20:08:06.652 [Test worker] DEBUG o.h.engine.internal.TwoPhaseLoad - Processing attribute `header` : value = test header 1
20:08:06.652 [Test worker] DEBUG o.h.engine.internal.TwoPhaseLoad - Attribute (`header`)  - enhanced for lazy-loading? - false
20:08:06.652 [Test worker] DEBUG o.h.engine.internal.TwoPhaseLoad - Processing attribute `name` : value = test name 1
20:08:06.652 [Test worker] DEBUG o.h.engine.internal.TwoPhaseLoad - Attribute (`name`)  - enhanced for lazy-loading? - false
20:08:06.652 [Test worker] DEBUG o.h.engine.internal.TwoPhaseLoad - Done materializing entity [ru.stqa.pft.addressbook.model.GroupData#125]
20:08:06.652 [Test worker] DEBUG o.h.engine.internal.TwoPhaseLoad - Resolving attributes for [ru.stqa.pft.addressbook.model.GroupData#126]
20:08:06.652 [Test worker] DEBUG o.h.engine.internal.TwoPhaseLoad - Processing attribute `contacts` : value = NOT NULL COLLECTION
20:08:06.652 [Test worker] DEBUG o.h.engine.internal.TwoPhaseLoad - Attribute (`contacts`)  - enhanced for lazy-loading? - false
20:08:06.652 [Test worker] DEBUG o.h.engine.internal.TwoPhaseLoad - Processing attribute `footer` : value = test footer 2
20:08:06.652 [Test worker] DEBUG o.h.engine.internal.TwoPhaseLoad - Attribute (`footer`)  - enhanced for lazy-loading? - false
20:08:06.652 [Test worker] DEBUG o.h.engine.internal.TwoPhaseLoad - Processing attribute `header` : value = test header 2
20:08:06.652 [Test worker] DEBUG o.h.engine.internal.TwoPhaseLoad - Attribute (`header`)  - enhanced for lazy-loading? - false
20:08:06.652 [Test worker] DEBUG o.h.engine.internal.TwoPhaseLoad - Processing attribute `name` : value = test name 2
20:08:06.652 [Test worker] DEBUG o.h.engine.internal.TwoPhaseLoad - Attribute (`name`)  - enhanced for lazy-loading? - false
20:08:06.652 [Test worker] DEBUG o.h.engine.internal.TwoPhaseLoad - Done materializing entity [ru.stqa.pft.addressbook.model.GroupData#126]
20:08:06.653 [Test worker] DEBUG o.h.e.t.internal.TransactionImpl - committing
20:08:06.653 [Test worker] DEBUG o.h.e.i.AbstractFlushingEventListener - Processing flush-time cascades
20:08:06.653 [Test worker] DEBUG o.h.e.i.AbstractFlushingEventListener - Dirty checking collections
20:08:06.653 [Test worker] DEBUG o.h.engine.internal.Collections - Collection found: [ru.stqa.pft.addressbook.model.GroupData.contacts#119], was: [ru.stqa.pft.addressbook.model.GroupData.contacts#119] (uninitialized)
20:08:06.653 [Test worker] DEBUG o.h.engine.internal.Collections - Collection found: [ru.stqa.pft.addressbook.model.GroupData.contacts#120], was: [ru.stqa.pft.addressbook.model.GroupData.contacts#120] (uninitialized)
20:08:06.653 [Test worker] DEBUG o.h.engine.internal.Collections - Collection found: [ru.stqa.pft.addressbook.model.GroupData.contacts#122], was: [ru.stqa.pft.addressbook.model.GroupData.contacts#122] (uninitialized)
20:08:06.653 [Test worker] DEBUG o.h.engine.internal.Collections - Collection found: [ru.stqa.pft.addressbook.model.GroupData.contacts#123], was: [ru.stqa.pft.addressbook.model.GroupData.contacts#123] (uninitialized)
20:08:06.653 [Test worker] DEBUG o.h.engine.internal.Collections - Collection found: [ru.stqa.pft.addressbook.model.GroupData.contacts#124], was: [ru.stqa.pft.addressbook.model.GroupData.contacts#124] (uninitialized)
20:08:06.653 [Test worker] DEBUG o.h.engine.internal.Collections - Collection found: [ru.stqa.pft.addressbook.model.GroupData.contacts#125], was: [ru.stqa.pft.addressbook.model.GroupData.contacts#125] (uninitialized)
20:08:06.653 [Test worker] DEBUG o.h.engine.internal.Collections - Collection found: [ru.stqa.pft.addressbook.model.GroupData.contacts#126], was: [ru.stqa.pft.addressbook.model.GroupData.contacts#126] (uninitialized)
20:08:06.654 [Test worker] DEBUG o.h.e.i.AbstractFlushingEventListener - Flushed: 0 insertions, 0 updates, 0 deletions to 7 objects
20:08:06.654 [Test worker] DEBUG o.h.e.i.AbstractFlushingEventListener - Flushed: 0 (re)creations, 0 updates, 0 removals to 7 collections
20:08:06.654 [Test worker] DEBUG o.h.internal.util.EntityPrinter - Listing entities:
20:08:06.654 [Test worker] DEBUG o.h.internal.util.EntityPrinter - ru.stqa.pft.addressbook.model.GroupData{footer=test footer 2, name=test name 2, header=test header 2, id=126, contacts=<uninitialized>}
20:08:06.654 [Test worker] DEBUG o.h.internal.util.EntityPrinter - ru.stqa.pft.addressbook.model.GroupData{footer=test footer 0, name=test name 0, header=test header 0, id=124, contacts=<uninitialized>}
20:08:06.654 [Test worker] DEBUG o.h.internal.util.EntityPrinter - ru.stqa.pft.addressbook.model.GroupData{footer=test footer 1, name=test name 1, header=test header 1, id=125, contacts=<uninitialized>}
20:08:06.654 [Test worker] DEBUG o.h.internal.util.EntityPrinter - ru.stqa.pft.addressbook.model.GroupData{footer=test3, name=test1, header=test2, id=122, contacts=<uninitialized>}
20:08:06.654 [Test worker] DEBUG o.h.internal.util.EntityPrinter - ru.stqa.pft.addressbook.model.GroupData{footer=test footer 2, name=test name 2, header=test header 2, id=123, contacts=<uninitialized>}
20:08:06.654 [Test worker] DEBUG o.h.internal.util.EntityPrinter - ru.stqa.pft.addressbook.model.GroupData{footer=new3, name=UyvfTeY, header=new2, id=120, contacts=<uninitialized>}
20:08:06.654 [Test worker] DEBUG o.h.internal.util.EntityPrinter - ru.stqa.pft.addressbook.model.GroupData{footer=new3, name=HsGyE4c, header=new2, id=119, contacts=<uninitialized>}
20:08:06.654 [Test worker] DEBUG o.h.r.j.i.LogicalConnectionManagedImpl - Initiating JDBC connection release from afterTransaction
20:08:06.654 [Test worker] DEBUG o.h.r.j.i.LogicalConnectionManagedImpl - Initiating JDBC connection release from afterTransaction
]]></system-out>
  <system-err><![CDATA[]]></system-err>
</testsuite>
